Wed, 07 Jul 2021 15:08:43-run_all_case.py-run_all_case.py-[line:21]-INFO-[日志信息]: ==================================2021-07-07 15:08:43===================================
Wed, 07 Jul 2021 15:08:43-run_all_case.py-Image_warehouse.py-[line:28]-INFO-[日志信息]: 开始执行脚本test_PublicCreate:
Wed, 07 Jul 2021 15:08:44-run_all_case.py-Image_warehouse.py-[line:64]-INFO-[日志信息]: 开始执行脚本test_PublicList:
Wed, 07 Jul 2021 15:08:44-run_all_case.py-Image_warehouse.py-[line:114]-INFO-[日志信息]: 开始执行脚本test_PublicRemoveCache:
Wed, 07 Jul 2021 15:08:44-run_all_case.py-Image_warehouse.py-[line:64]-INFO-[日志信息]: 开始执行脚本test_PublicList:
Wed, 07 Jul 2021 15:08:44-run_all_case.py-Image_warehouse.py-[line:164]-INFO-[日志信息]: 开始执行脚本test_PublicCreate_Cache:
Wed, 07 Jul 2021 15:08:44-run_all_case.py-Image_warehouse.py-[line:195]-INFO-[日志信息]: 开始执行脚本test_PublicCheckName_False:
Wed, 07 Jul 2021 15:08:44-run_all_case.py-Image_warehouse.py-[line:224]-INFO-[日志信息]: 开始执行脚本test_PublicCheckName_True:
Wed, 07 Jul 2021 15:08:44-run_all_case.py-Image_warehouse.py-[line:253]-INFO-[日志信息]: 开始执行脚本test_PublicUpdate:
Wed, 07 Jul 2021 15:08:44-run_all_case.py-Image_warehouse.py-[line:28]-INFO-[日志信息]: 开始执行脚本test_PublicCreate:
Wed, 07 Jul 2021 15:08:44-run_all_case.py-Image_warehouse.py-[line:284]-INFO-[日志信息]: 开始执行脚本test_PublicUpdate_NotImageName:
Wed, 07 Jul 2021 15:08:44-run_all_case.py-Image_warehouse.py-[line:28]-INFO-[日志信息]: 开始执行脚本test_PublicCreate:
Wed, 07 Jul 2021 15:08:44-run_all_case.py-Image_warehouse.py-[line:315]-INFO-[日志信息]: 开始执行脚本test_PublicUpdate_CacheYes:
Wed, 07 Jul 2021 15:08:44-run_all_case.py-Image_warehouse.py-[line:28]-INFO-[日志信息]: 开始执行脚本test_PublicCreate:
Wed, 07 Jul 2021 15:08:44-run_all_case.py-Image_warehouse.py-[line:346]-INFO-[日志信息]: 开始执行脚本test_PublicUpdate_CacheNo:
Wed, 07 Jul 2021 15:08:44-run_all_case.py-Image_warehouse.py-[line:28]-INFO-[日志信息]: 开始执行脚本test_PublicCreate:
Wed, 07 Jul 2021 15:08:44-run_all_case.py-Image_warehouse.py-[line:376]-INFO-[日志信息]: 开始执行脚本test_PublicStartCache:
Wed, 07 Jul 2021 15:08:44-run_all_case.py-Image_warehouse.py-[line:28]-INFO-[日志信息]: 开始执行脚本test_PublicCreate:
Wed, 07 Jul 2021 15:08:44-run_all_case.py-Image_warehouse.py-[line:406]-INFO-[日志信息]: 开始执行脚本test_PrivateList:
Wed, 07 Jul 2021 15:08:44-run_all_case.py-Image_warehouse.py-[line:435]-INFO-[日志信息]: 开始执行脚本test_PrivateUpdate:
Wed, 07 Jul 2021 15:09:58-run_all_case.py-run_all_case.py-[line:21]-INFO-[日志信息]: ==================================2021-07-07 15:09:58===================================
Wed, 07 Jul 2021 15:09:58-run_all_case.py-Image_warehouse.py-[line:28]-INFO-[日志信息]: 开始执行脚本test_PublicCreate:
Wed, 07 Jul 2021 15:09:59-run_all_case.py-Image_warehouse.py-[line:64]-INFO-[日志信息]: 开始执行脚本test_PublicList:
Wed, 07 Jul 2021 15:09:59-run_all_case.py-Image_warehouse.py-[line:114]-INFO-[日志信息]: 开始执行脚本test_PublicRemoveCache:
Wed, 07 Jul 2021 15:09:59-run_all_case.py-Image_warehouse.py-[line:64]-INFO-[日志信息]: 开始执行脚本test_PublicList:
Wed, 07 Jul 2021 15:09:59-run_all_case.py-Image_warehouse.py-[line:164]-INFO-[日志信息]: 开始执行脚本test_PublicCreate_Cache:
Wed, 07 Jul 2021 15:09:59-run_all_case.py-Image_warehouse.py-[line:195]-INFO-[日志信息]: 开始执行脚本test_PublicCheckName_False:
Wed, 07 Jul 2021 15:09:59-run_all_case.py-Image_warehouse.py-[line:224]-INFO-[日志信息]: 开始执行脚本test_PublicCheckName_True:
Wed, 07 Jul 2021 15:09:59-run_all_case.py-Image_warehouse.py-[line:253]-INFO-[日志信息]: 开始执行脚本test_PublicUpdate:
Wed, 07 Jul 2021 15:09:59-run_all_case.py-Image_warehouse.py-[line:28]-INFO-[日志信息]: 开始执行脚本test_PublicCreate:
Wed, 07 Jul 2021 15:09:59-run_all_case.py-Image_warehouse.py-[line:284]-INFO-[日志信息]: 开始执行脚本test_PublicUpdate_NotImageName:
Wed, 07 Jul 2021 15:09:59-run_all_case.py-Image_warehouse.py-[line:28]-INFO-[日志信息]: 开始执行脚本test_PublicCreate:
Wed, 07 Jul 2021 15:09:59-run_all_case.py-Image_warehouse.py-[line:315]-INFO-[日志信息]: 开始执行脚本test_PublicUpdate_CacheYes:
Wed, 07 Jul 2021 15:09:59-run_all_case.py-Image_warehouse.py-[line:28]-INFO-[日志信息]: 开始执行脚本test_PublicCreate:
Wed, 07 Jul 2021 15:09:59-run_all_case.py-Image_warehouse.py-[line:346]-INFO-[日志信息]: 开始执行脚本test_PublicUpdate_CacheNo:
Wed, 07 Jul 2021 15:09:59-run_all_case.py-Image_warehouse.py-[line:28]-INFO-[日志信息]: 开始执行脚本test_PublicCreate:
Wed, 07 Jul 2021 15:09:59-run_all_case.py-Image_warehouse.py-[line:376]-INFO-[日志信息]: 开始执行脚本test_PublicStartCache:
Wed, 07 Jul 2021 15:09:59-run_all_case.py-Image_warehouse.py-[line:28]-INFO-[日志信息]: 开始执行脚本test_PublicCreate:
Wed, 07 Jul 2021 15:09:59-run_all_case.py-Image_warehouse.py-[line:406]-INFO-[日志信息]: 开始执行脚本test_PrivateList:
Wed, 07 Jul 2021 15:09:59-run_all_case.py-Image_warehouse.py-[line:435]-INFO-[日志信息]: 开始执行脚本test_PrivateUpdate:
Wed, 07 Jul 2021 15:19:09-run_all_case.py-run_all_case.py-[line:21]-INFO-[日志信息]: ==================================2021-07-07 15:19:09===================================
Wed, 07 Jul 2021 15:19:09-run_all_case.py-Image_warehouse.py-[line:28]-INFO-[日志信息]: 开始执行脚本test_PublicCreate:
Wed, 07 Jul 2021 15:19:10-run_all_case.py-Image_warehouse.py-[line:64]-INFO-[日志信息]: 开始执行脚本test_PublicList:
Wed, 07 Jul 2021 15:19:10-run_all_case.py-Image_warehouse.py-[line:114]-INFO-[日志信息]: 开始执行脚本test_PublicRemoveCache:
Wed, 07 Jul 2021 15:19:10-run_all_case.py-Image_warehouse.py-[line:64]-INFO-[日志信息]: 开始执行脚本test_PublicList:
Wed, 07 Jul 2021 15:19:10-run_all_case.py-Image_warehouse.py-[line:164]-INFO-[日志信息]: 开始执行脚本test_PublicCreate_Cache:
Wed, 07 Jul 2021 15:19:10-run_all_case.py-Image_warehouse.py-[line:195]-INFO-[日志信息]: 开始执行脚本test_PublicCheckName_False:
Wed, 07 Jul 2021 15:19:10-run_all_case.py-Image_warehouse.py-[line:224]-INFO-[日志信息]: 开始执行脚本test_PublicCheckName_True:
Wed, 07 Jul 2021 15:19:10-run_all_case.py-Image_warehouse.py-[line:253]-INFO-[日志信息]: 开始执行脚本test_PublicUpdate:
Wed, 07 Jul 2021 15:19:10-run_all_case.py-Image_warehouse.py-[line:28]-INFO-[日志信息]: 开始执行脚本test_PublicCreate:
Wed, 07 Jul 2021 15:19:10-run_all_case.py-Image_warehouse.py-[line:284]-INFO-[日志信息]: 开始执行脚本test_PublicUpdate_NotImageName:
Wed, 07 Jul 2021 15:19:10-run_all_case.py-Image_warehouse.py-[line:28]-INFO-[日志信息]: 开始执行脚本test_PublicCreate:
Wed, 07 Jul 2021 15:19:10-run_all_case.py-Image_warehouse.py-[line:315]-INFO-[日志信息]: 开始执行脚本test_PublicUpdate_CacheYes:
Wed, 07 Jul 2021 15:19:10-run_all_case.py-Image_warehouse.py-[line:28]-INFO-[日志信息]: 开始执行脚本test_PublicCreate:
Wed, 07 Jul 2021 15:19:10-run_all_case.py-Image_warehouse.py-[line:346]-INFO-[日志信息]: 开始执行脚本test_PublicUpdate_CacheNo:
Wed, 07 Jul 2021 15:19:10-run_all_case.py-Image_warehouse.py-[line:28]-INFO-[日志信息]: 开始执行脚本test_PublicCreate:
Wed, 07 Jul 2021 15:19:10-run_all_case.py-Image_warehouse.py-[line:376]-INFO-[日志信息]: 开始执行脚本test_PublicStartCache:
Wed, 07 Jul 2021 15:19:10-run_all_case.py-Image_warehouse.py-[line:28]-INFO-[日志信息]: 开始执行脚本test_PublicCreate:
Wed, 07 Jul 2021 15:19:10-run_all_case.py-Image_warehouse.py-[line:406]-INFO-[日志信息]: 开始执行脚本test_PrivateList:
Wed, 07 Jul 2021 15:19:10-run_all_case.py-Image_warehouse.py-[line:435]-INFO-[日志信息]: 开始执行脚本test_PrivateUpdate:
Wed, 07 Jul 2021 15:27:36-run_all_case.py-run_all_case.py-[line:21]-INFO-[日志信息]: ==================================2021-07-07 15:27:36===================================
Wed, 07 Jul 2021 15:27:36-run_all_case.py-Image_warehouse.py-[line:28]-INFO-[日志信息]: 开始执行脚本test_PublicCreate:
Wed, 07 Jul 2021 15:27:36-run_all_case.py-Image_warehouse.py-[line:64]-INFO-[日志信息]: 开始执行脚本test_PublicList:
Wed, 07 Jul 2021 15:27:36-run_all_case.py-Image_warehouse.py-[line:114]-INFO-[日志信息]: 开始执行脚本test_PublicRemoveCache:
Wed, 07 Jul 2021 15:27:36-run_all_case.py-Image_warehouse.py-[line:64]-INFO-[日志信息]: 开始执行脚本test_PublicList:
Wed, 07 Jul 2021 15:27:36-run_all_case.py-Image_warehouse.py-[line:164]-INFO-[日志信息]: 开始执行脚本test_PublicCreate_Cache:
Wed, 07 Jul 2021 15:27:36-run_all_case.py-Image_warehouse.py-[line:195]-INFO-[日志信息]: 开始执行脚本test_PublicCheckName_False:
Wed, 07 Jul 2021 15:27:36-run_all_case.py-Image_warehouse.py-[line:224]-INFO-[日志信息]: 开始执行脚本test_PublicCheckName_True:
Wed, 07 Jul 2021 15:27:36-run_all_case.py-Image_warehouse.py-[line:253]-INFO-[日志信息]: 开始执行脚本test_PublicUpdate:
Wed, 07 Jul 2021 15:27:36-run_all_case.py-Image_warehouse.py-[line:28]-INFO-[日志信息]: 开始执行脚本test_PublicCreate:
Wed, 07 Jul 2021 15:27:37-run_all_case.py-Image_warehouse.py-[line:284]-INFO-[日志信息]: 开始执行脚本test_PublicUpdate_NotImageName:
Wed, 07 Jul 2021 15:27:37-run_all_case.py-Image_warehouse.py-[line:28]-INFO-[日志信息]: 开始执行脚本test_PublicCreate:
Wed, 07 Jul 2021 15:27:37-run_all_case.py-Image_warehouse.py-[line:315]-INFO-[日志信息]: 开始执行脚本test_PublicUpdate_CacheYes:
Wed, 07 Jul 2021 15:27:37-run_all_case.py-Image_warehouse.py-[line:28]-INFO-[日志信息]: 开始执行脚本test_PublicCreate:
Wed, 07 Jul 2021 15:27:37-run_all_case.py-Image_warehouse.py-[line:346]-INFO-[日志信息]: 开始执行脚本test_PublicUpdate_CacheNo:
Wed, 07 Jul 2021 15:27:37-run_all_case.py-Image_warehouse.py-[line:28]-INFO-[日志信息]: 开始执行脚本test_PublicCreate:
Wed, 07 Jul 2021 15:27:37-run_all_case.py-Image_warehouse.py-[line:376]-INFO-[日志信息]: 开始执行脚本test_PublicStartCache:
Wed, 07 Jul 2021 15:27:37-run_all_case.py-Image_warehouse.py-[line:28]-INFO-[日志信息]: 开始执行脚本test_PublicCreate:
Wed, 07 Jul 2021 15:27:37-run_all_case.py-Image_warehouse.py-[line:406]-INFO-[日志信息]: 开始执行脚本test_PrivateList:
Wed, 07 Jul 2021 15:27:37-run_all_case.py-Image_warehouse.py-[line:435]-INFO-[日志信息]: 开始执行脚本test_PrivateUpdate:
Wed, 07 Jul 2021 15:31:04-run_all_case.py-run_all_case.py-[line:21]-INFO-[日志信息]: ==================================2021-07-07 15:31:04===================================
Wed, 07 Jul 2021 15:31:04-run_all_case.py-Image_warehouse.py-[line:28]-INFO-[日志信息]: 开始执行脚本test_PublicCreate:
Wed, 07 Jul 2021 15:31:05-run_all_case.py-Image_warehouse.py-[line:64]-INFO-[日志信息]: 开始执行脚本test_PublicList:
Wed, 07 Jul 2021 15:31:05-run_all_case.py-Image_warehouse.py-[line:114]-INFO-[日志信息]: 开始执行脚本test_PublicRemoveCache:
Wed, 07 Jul 2021 15:31:05-run_all_case.py-Image_warehouse.py-[line:64]-INFO-[日志信息]: 开始执行脚本test_PublicList:
Wed, 07 Jul 2021 15:31:05-run_all_case.py-Image_warehouse.py-[line:164]-INFO-[日志信息]: 开始执行脚本test_PublicCreate_Cache:
Wed, 07 Jul 2021 15:31:05-run_all_case.py-Image_warehouse.py-[line:195]-INFO-[日志信息]: 开始执行脚本test_PublicCheckName_False:
Wed, 07 Jul 2021 15:31:05-run_all_case.py-Image_warehouse.py-[line:224]-INFO-[日志信息]: 开始执行脚本test_PublicCheckName_True:
Wed, 07 Jul 2021 15:31:05-run_all_case.py-Image_warehouse.py-[line:253]-INFO-[日志信息]: 开始执行脚本test_PublicUpdate:
Wed, 07 Jul 2021 15:31:05-run_all_case.py-Image_warehouse.py-[line:28]-INFO-[日志信息]: 开始执行脚本test_PublicCreate:
Wed, 07 Jul 2021 15:31:05-run_all_case.py-Image_warehouse.py-[line:284]-INFO-[日志信息]: 开始执行脚本test_PublicUpdate_NotImageName:
Wed, 07 Jul 2021 15:31:05-run_all_case.py-Image_warehouse.py-[line:28]-INFO-[日志信息]: 开始执行脚本test_PublicCreate:
Wed, 07 Jul 2021 15:31:05-run_all_case.py-Image_warehouse.py-[line:315]-INFO-[日志信息]: 开始执行脚本test_PublicUpdate_CacheYes:
Wed, 07 Jul 2021 15:31:05-run_all_case.py-Image_warehouse.py-[line:28]-INFO-[日志信息]: 开始执行脚本test_PublicCreate:
Wed, 07 Jul 2021 15:31:05-run_all_case.py-Image_warehouse.py-[line:346]-INFO-[日志信息]: 开始执行脚本test_PublicUpdate_CacheNo:
Wed, 07 Jul 2021 15:31:05-run_all_case.py-Image_warehouse.py-[line:28]-INFO-[日志信息]: 开始执行脚本test_PublicCreate:
Wed, 07 Jul 2021 15:31:05-run_all_case.py-Image_warehouse.py-[line:376]-INFO-[日志信息]: 开始执行脚本test_PublicStartCache:
Wed, 07 Jul 2021 15:31:05-run_all_case.py-Image_warehouse.py-[line:28]-INFO-[日志信息]: 开始执行脚本test_PublicCreate:
Wed, 07 Jul 2021 15:31:05-run_all_case.py-Image_warehouse.py-[line:406]-INFO-[日志信息]: 开始执行脚本test_PrivateList:
Wed, 07 Jul 2021 15:31:05-run_all_case.py-Image_warehouse.py-[line:435]-INFO-[日志信息]: 开始执行脚本test_PrivateUpdate:
Wed, 07 Jul 2021 15:33:42-run_all_case.py-run_all_case.py-[line:21]-INFO-[日志信息]: ==================================2021-07-07 15:33:42===================================
Wed, 07 Jul 2021 15:33:43-run_all_case.py-Image_warehouse.py-[line:28]-INFO-[日志信息]: 开始执行脚本test_PublicCreate:
Wed, 07 Jul 2021 15:33:43-run_all_case.py-Image_warehouse.py-[line:64]-INFO-[日志信息]: 开始执行脚本test_PublicList:
Wed, 07 Jul 2021 15:33:43-run_all_case.py-Image_warehouse.py-[line:114]-INFO-[日志信息]: 开始执行脚本test_PublicRemoveCache:
Wed, 07 Jul 2021 15:33:43-run_all_case.py-Image_warehouse.py-[line:64]-INFO-[日志信息]: 开始执行脚本test_PublicList:
Wed, 07 Jul 2021 15:33:43-run_all_case.py-Image_warehouse.py-[line:164]-INFO-[日志信息]: 开始执行脚本test_PublicCreate_Cache:
Wed, 07 Jul 2021 15:33:43-run_all_case.py-Image_warehouse.py-[line:195]-INFO-[日志信息]: 开始执行脚本test_PublicCheckName_False:
Wed, 07 Jul 2021 15:33:43-run_all_case.py-Image_warehouse.py-[line:224]-INFO-[日志信息]: 开始执行脚本test_PublicCheckName_True:
Wed, 07 Jul 2021 15:33:43-run_all_case.py-Image_warehouse.py-[line:253]-INFO-[日志信息]: 开始执行脚本test_PublicUpdate:
Wed, 07 Jul 2021 15:33:43-run_all_case.py-Image_warehouse.py-[line:28]-INFO-[日志信息]: 开始执行脚本test_PublicCreate:
Wed, 07 Jul 2021 15:33:43-run_all_case.py-Image_warehouse.py-[line:284]-INFO-[日志信息]: 开始执行脚本test_PublicUpdate_NotImageName:
Wed, 07 Jul 2021 15:33:43-run_all_case.py-Image_warehouse.py-[line:28]-INFO-[日志信息]: 开始执行脚本test_PublicCreate:
Wed, 07 Jul 2021 15:33:43-run_all_case.py-Image_warehouse.py-[line:315]-INFO-[日志信息]: 开始执行脚本test_PublicUpdate_CacheYes:
Wed, 07 Jul 2021 15:33:43-run_all_case.py-Image_warehouse.py-[line:28]-INFO-[日志信息]: 开始执行脚本test_PublicCreate:
Wed, 07 Jul 2021 15:33:43-run_all_case.py-Image_warehouse.py-[line:346]-INFO-[日志信息]: 开始执行脚本test_PublicUpdate_CacheNo:
Wed, 07 Jul 2021 15:33:43-run_all_case.py-Image_warehouse.py-[line:28]-INFO-[日志信息]: 开始执行脚本test_PublicCreate:
Wed, 07 Jul 2021 15:33:43-run_all_case.py-Image_warehouse.py-[line:376]-INFO-[日志信息]: 开始执行脚本test_PublicStartCache:
Wed, 07 Jul 2021 15:33:43-run_all_case.py-Image_warehouse.py-[line:28]-INFO-[日志信息]: 开始执行脚本test_PublicCreate:
Wed, 07 Jul 2021 15:33:43-run_all_case.py-Image_warehouse.py-[line:406]-INFO-[日志信息]: 开始执行脚本test_PrivateList:
Wed, 07 Jul 2021 15:33:43-run_all_case.py-Image_warehouse.py-[line:435]-INFO-[日志信息]: 开始执行脚本test_PrivateUpdate:
Wed, 07 Jul 2021 15:58:21-run_all_case.py-run_all_case.py-[line:21]-INFO-[日志信息]: ==================================2021-07-07 15:58:21===================================
Wed, 07 Jul 2021 15:58:22-run_all_case.py-Image_warehouse.py-[line:28]-INFO-[日志信息]: 开始执行脚本test_PublicCreate:
Wed, 07 Jul 2021 15:58:22-run_all_case.py-Image_warehouse.py-[line:64]-INFO-[日志信息]: 开始执行脚本test_PublicList:
Wed, 07 Jul 2021 15:58:22-run_all_case.py-Image_warehouse.py-[line:114]-INFO-[日志信息]: 开始执行脚本test_PublicRemoveCache:
Wed, 07 Jul 2021 15:58:22-run_all_case.py-Image_warehouse.py-[line:64]-INFO-[日志信息]: 开始执行脚本test_PublicList:
Wed, 07 Jul 2021 15:58:22-run_all_case.py-Image_warehouse.py-[line:164]-INFO-[日志信息]: 开始执行脚本test_PublicCreate_Cache:
Wed, 07 Jul 2021 15:58:22-run_all_case.py-Image_warehouse.py-[line:195]-INFO-[日志信息]: 开始执行脚本test_PublicCheckName_False:
Wed, 07 Jul 2021 15:58:22-run_all_case.py-Image_warehouse.py-[line:224]-INFO-[日志信息]: 开始执行脚本test_PublicCheckName_True:
Wed, 07 Jul 2021 15:58:22-run_all_case.py-Image_warehouse.py-[line:253]-INFO-[日志信息]: 开始执行脚本test_PublicUpdate:
Wed, 07 Jul 2021 15:58:22-run_all_case.py-Image_warehouse.py-[line:28]-INFO-[日志信息]: 开始执行脚本test_PublicCreate:
Wed, 07 Jul 2021 15:58:22-run_all_case.py-Image_warehouse.py-[line:284]-INFO-[日志信息]: 开始执行脚本test_PublicUpdate_NotImageName:
Wed, 07 Jul 2021 15:58:22-run_all_case.py-Image_warehouse.py-[line:28]-INFO-[日志信息]: 开始执行脚本test_PublicCreate:
Wed, 07 Jul 2021 15:58:23-run_all_case.py-Image_warehouse.py-[line:315]-INFO-[日志信息]: 开始执行脚本test_PublicUpdate_CacheYes:
Wed, 07 Jul 2021 15:58:23-run_all_case.py-Image_warehouse.py-[line:28]-INFO-[日志信息]: 开始执行脚本test_PublicCreate:
Wed, 07 Jul 2021 15:58:23-run_all_case.py-Image_warehouse.py-[line:346]-INFO-[日志信息]: 开始执行脚本test_PublicUpdate_CacheNo:
Wed, 07 Jul 2021 15:58:23-run_all_case.py-Image_warehouse.py-[line:28]-INFO-[日志信息]: 开始执行脚本test_PublicCreate:
Wed, 07 Jul 2021 15:58:23-run_all_case.py-Image_warehouse.py-[line:376]-INFO-[日志信息]: 开始执行脚本test_PublicStartCache:
Wed, 07 Jul 2021 15:58:23-run_all_case.py-Image_warehouse.py-[line:28]-INFO-[日志信息]: 开始执行脚本test_PublicCreate:
Wed, 07 Jul 2021 15:58:23-run_all_case.py-Image_warehouse.py-[line:406]-INFO-[日志信息]: 开始执行脚本test_PrivateList:
Wed, 07 Jul 2021 15:58:23-run_all_case.py-Image_warehouse.py-[line:435]-INFO-[日志信息]: 开始执行脚本test_PrivateUpdate:
Wed, 07 Jul 2021 16:05:57-run_all_case.py-run_all_case.py-[line:21]-INFO-[日志信息]: ==================================2021-07-07 16:05:57===================================
Wed, 07 Jul 2021 16:05:57-run_all_case.py-Image_warehouse.py-[line:28]-INFO-[日志信息]: 开始执行脚本test_PublicCreate:
Wed, 07 Jul 2021 16:05:58-run_all_case.py-Image_warehouse.py-[line:64]-INFO-[日志信息]: 开始执行脚本test_PublicList:
Wed, 07 Jul 2021 16:05:58-run_all_case.py-Image_warehouse.py-[line:114]-INFO-[日志信息]: 开始执行脚本test_PublicRemoveCache:
Wed, 07 Jul 2021 16:05:58-run_all_case.py-Image_warehouse.py-[line:64]-INFO-[日志信息]: 开始执行脚本test_PublicList:
Wed, 07 Jul 2021 16:05:58-run_all_case.py-Image_warehouse.py-[line:164]-INFO-[日志信息]: 开始执行脚本test_PublicCreate_Cache:
Wed, 07 Jul 2021 16:05:58-run_all_case.py-Image_warehouse.py-[line:195]-INFO-[日志信息]: 开始执行脚本test_PublicCheckName_False:
Wed, 07 Jul 2021 16:05:58-run_all_case.py-Image_warehouse.py-[line:224]-INFO-[日志信息]: 开始执行脚本test_PublicCheckName_True:
Wed, 07 Jul 2021 16:05:58-run_all_case.py-Image_warehouse.py-[line:253]-INFO-[日志信息]: 开始执行脚本test_PublicUpdate:
Wed, 07 Jul 2021 16:05:58-run_all_case.py-Image_warehouse.py-[line:28]-INFO-[日志信息]: 开始执行脚本test_PublicCreate:
Wed, 07 Jul 2021 16:05:58-run_all_case.py-Image_warehouse.py-[line:284]-INFO-[日志信息]: 开始执行脚本test_PublicUpdate_NotImageName:
Wed, 07 Jul 2021 16:05:58-run_all_case.py-Image_warehouse.py-[line:28]-INFO-[日志信息]: 开始执行脚本test_PublicCreate:
Wed, 07 Jul 2021 16:05:58-run_all_case.py-Image_warehouse.py-[line:315]-INFO-[日志信息]: 开始执行脚本test_PublicUpdate_CacheYes:
Wed, 07 Jul 2021 16:05:58-run_all_case.py-Image_warehouse.py-[line:28]-INFO-[日志信息]: 开始执行脚本test_PublicCreate:
Wed, 07 Jul 2021 16:05:58-run_all_case.py-Image_warehouse.py-[line:346]-INFO-[日志信息]: 开始执行脚本test_PublicUpdate_CacheNo:
Wed, 07 Jul 2021 16:05:58-run_all_case.py-Image_warehouse.py-[line:28]-INFO-[日志信息]: 开始执行脚本test_PublicCreate:
Wed, 07 Jul 2021 16:05:58-run_all_case.py-Image_warehouse.py-[line:376]-INFO-[日志信息]: 开始执行脚本test_PublicStartCache:
Wed, 07 Jul 2021 16:05:58-run_all_case.py-Image_warehouse.py-[line:28]-INFO-[日志信息]: 开始执行脚本test_PublicCreate:
Wed, 07 Jul 2021 16:05:58-run_all_case.py-Image_warehouse.py-[line:406]-INFO-[日志信息]: 开始执行脚本test_PrivateList:
Wed, 07 Jul 2021 16:05:58-run_all_case.py-Image_warehouse.py-[line:435]-INFO-[日志信息]: 开始执行脚本test_PrivateUpdate:
Wed, 07 Jul 2021 16:15:20-run_all_case.py-run_all_case.py-[line:21]-INFO-[日志信息]: ==================================2021-07-07 16:15:20===================================
Wed, 07 Jul 2021 16:15:21-run_all_case.py-Image_warehouse.py-[line:28]-INFO-[日志信息]: 开始执行脚本test_PublicCreate:
Wed, 07 Jul 2021 16:15:21-run_all_case.py-Image_warehouse.py-[line:64]-INFO-[日志信息]: 开始执行脚本test_PublicList:
Wed, 07 Jul 2021 16:15:21-run_all_case.py-Image_warehouse.py-[line:114]-INFO-[日志信息]: 开始执行脚本test_PublicRemoveCache:
Wed, 07 Jul 2021 16:15:21-run_all_case.py-Image_warehouse.py-[line:64]-INFO-[日志信息]: 开始执行脚本test_PublicList:
Wed, 07 Jul 2021 16:15:21-run_all_case.py-Image_warehouse.py-[line:164]-INFO-[日志信息]: 开始执行脚本test_PublicCreate_Cache:
Wed, 07 Jul 2021 16:15:21-run_all_case.py-Image_warehouse.py-[line:195]-INFO-[日志信息]: 开始执行脚本test_PublicCheckName_False:
Wed, 07 Jul 2021 16:15:21-run_all_case.py-Image_warehouse.py-[line:224]-INFO-[日志信息]: 开始执行脚本test_PublicCheckName_True:
Wed, 07 Jul 2021 16:15:21-run_all_case.py-Image_warehouse.py-[line:253]-INFO-[日志信息]: 开始执行脚本test_PublicUpdate:
Wed, 07 Jul 2021 16:15:21-run_all_case.py-Image_warehouse.py-[line:28]-INFO-[日志信息]: 开始执行脚本test_PublicCreate:
Wed, 07 Jul 2021 16:15:21-run_all_case.py-Image_warehouse.py-[line:284]-INFO-[日志信息]: 开始执行脚本test_PublicUpdate_NotImageName:
Wed, 07 Jul 2021 16:15:21-run_all_case.py-Image_warehouse.py-[line:28]-INFO-[日志信息]: 开始执行脚本test_PublicCreate:
Wed, 07 Jul 2021 16:15:21-run_all_case.py-Image_warehouse.py-[line:315]-INFO-[日志信息]: 开始执行脚本test_PublicUpdate_CacheYes:
Wed, 07 Jul 2021 16:15:21-run_all_case.py-Image_warehouse.py-[line:28]-INFO-[日志信息]: 开始执行脚本test_PublicCreate:
Wed, 07 Jul 2021 16:15:21-run_all_case.py-Image_warehouse.py-[line:346]-INFO-[日志信息]: 开始执行脚本test_PublicUpdate_CacheNo:
Wed, 07 Jul 2021 16:15:21-run_all_case.py-Image_warehouse.py-[line:28]-INFO-[日志信息]: 开始执行脚本test_PublicCreate:
Wed, 07 Jul 2021 16:15:21-run_all_case.py-Image_warehouse.py-[line:376]-INFO-[日志信息]: 开始执行脚本test_PublicStartCache:
Wed, 07 Jul 2021 16:15:21-run_all_case.py-Image_warehouse.py-[line:28]-INFO-[日志信息]: 开始执行脚本test_PublicCreate:
Wed, 07 Jul 2021 16:15:21-run_all_case.py-Image_warehouse.py-[line:406]-INFO-[日志信息]: 开始执行脚本test_PrivateList:
Wed, 07 Jul 2021 16:15:21-run_all_case.py-Image_warehouse.py-[line:435]-INFO-[日志信息]: 开始执行脚本test_PrivateUpdate:
Wed, 07 Jul 2021 16:17:17-run_all_case.py-run_all_case.py-[line:21]-INFO-[日志信息]: ==================================2021-07-07 16:17:17===================================
Wed, 07 Jul 2021 16:17:38-run_all_case.py-run_all_case.py-[line:21]-INFO-[日志信息]: ==================================2021-07-07 16:17:38===================================
Wed, 07 Jul 2021 16:20:16-run_all_case.py-run_all_case.py-[line:21]-INFO-[日志信息]: ==================================2021-07-07 16:20:16===================================
Wed, 07 Jul 2021 16:20:36-run_all_case.py-run_all_case.py-[line:21]-INFO-[日志信息]: ==================================2021-07-07 16:20:36===================================
Wed, 07 Jul 2021 16:20:36-run_all_case.py-Image_warehouse.py-[line:28]-INFO-[日志信息]: 开始执行脚本test_PublicCreate:
Wed, 07 Jul 2021 16:20:37-run_all_case.py-Image_warehouse.py-[line:64]-INFO-[日志信息]: 开始执行脚本test_PublicList:
Wed, 07 Jul 2021 16:20:37-run_all_case.py-Image_warehouse.py-[line:114]-INFO-[日志信息]: 开始执行脚本test_PublicRemoveCache:
Wed, 07 Jul 2021 16:20:37-run_all_case.py-Image_warehouse.py-[line:64]-INFO-[日志信息]: 开始执行脚本test_PublicList:
Wed, 07 Jul 2021 16:20:37-run_all_case.py-Image_warehouse.py-[line:164]-INFO-[日志信息]: 开始执行脚本test_PublicCreate_Cache:
Wed, 07 Jul 2021 16:20:37-run_all_case.py-Image_warehouse.py-[line:195]-INFO-[日志信息]: 开始执行脚本test_PublicCheckName_False:
Wed, 07 Jul 2021 16:20:37-run_all_case.py-Image_warehouse.py-[line:224]-INFO-[日志信息]: 开始执行脚本test_PublicCheckName_True:
Wed, 07 Jul 2021 16:20:37-run_all_case.py-Image_warehouse.py-[line:253]-INFO-[日志信息]: 开始执行脚本test_PublicUpdate:
Wed, 07 Jul 2021 16:20:37-run_all_case.py-Image_warehouse.py-[line:28]-INFO-[日志信息]: 开始执行脚本test_PublicCreate:
Wed, 07 Jul 2021 16:20:37-run_all_case.py-Image_warehouse.py-[line:284]-INFO-[日志信息]: 开始执行脚本test_PublicUpdate_NotImageName:
Wed, 07 Jul 2021 16:20:37-run_all_case.py-Image_warehouse.py-[line:28]-INFO-[日志信息]: 开始执行脚本test_PublicCreate:
Wed, 07 Jul 2021 16:20:37-run_all_case.py-Image_warehouse.py-[line:315]-INFO-[日志信息]: 开始执行脚本test_PublicUpdate_CacheYes:
Wed, 07 Jul 2021 16:20:37-run_all_case.py-Image_warehouse.py-[line:28]-INFO-[日志信息]: 开始执行脚本test_PublicCreate:
Wed, 07 Jul 2021 16:20:37-run_all_case.py-Image_warehouse.py-[line:346]-INFO-[日志信息]: 开始执行脚本test_PublicUpdate_CacheNo:
Wed, 07 Jul 2021 16:20:37-run_all_case.py-Image_warehouse.py-[line:28]-INFO-[日志信息]: 开始执行脚本test_PublicCreate:
Wed, 07 Jul 2021 16:20:37-run_all_case.py-Image_warehouse.py-[line:376]-INFO-[日志信息]: 开始执行脚本test_PublicStartCache:
Wed, 07 Jul 2021 16:20:37-run_all_case.py-Image_warehouse.py-[line:28]-INFO-[日志信息]: 开始执行脚本test_PublicCreate:
Wed, 07 Jul 2021 16:20:37-run_all_case.py-Image_warehouse.py-[line:406]-INFO-[日志信息]: 开始执行脚本test_PrivateList:
Wed, 07 Jul 2021 16:20:37-run_all_case.py-Image_warehouse.py-[line:435]-INFO-[日志信息]: 开始执行脚本test_PrivateUpdate:
Wed, 07 Jul 2021 16:22:10-run_all_case.py-run_all_case.py-[line:21]-INFO-[日志信息]: ==================================2021-07-07 16:22:10===================================
Wed, 07 Jul 2021 16:22:10-run_all_case.py-Image_warehouse.py-[line:28]-INFO-[日志信息]: 开始执行脚本test_PublicCreate:
Wed, 07 Jul 2021 16:22:11-run_all_case.py-Image_warehouse.py-[line:64]-INFO-[日志信息]: 开始执行脚本test_PublicList:
Wed, 07 Jul 2021 16:22:11-run_all_case.py-Image_warehouse.py-[line:114]-INFO-[日志信息]: 开始执行脚本test_PublicRemoveCache:
Wed, 07 Jul 2021 16:22:11-run_all_case.py-Image_warehouse.py-[line:64]-INFO-[日志信息]: 开始执行脚本test_PublicList:
Wed, 07 Jul 2021 16:22:11-run_all_case.py-Image_warehouse.py-[line:164]-INFO-[日志信息]: 开始执行脚本test_PublicCreate_Cache:
Wed, 07 Jul 2021 16:22:11-run_all_case.py-Image_warehouse.py-[line:195]-INFO-[日志信息]: 开始执行脚本test_PublicCheckName_False:
Wed, 07 Jul 2021 16:22:11-run_all_case.py-Image_warehouse.py-[line:224]-INFO-[日志信息]: 开始执行脚本test_PublicCheckName_True:
Wed, 07 Jul 2021 16:22:11-run_all_case.py-Image_warehouse.py-[line:253]-INFO-[日志信息]: 开始执行脚本test_PublicUpdate:
Wed, 07 Jul 2021 16:22:11-run_all_case.py-Image_warehouse.py-[line:28]-INFO-[日志信息]: 开始执行脚本test_PublicCreate:
Wed, 07 Jul 2021 16:22:11-run_all_case.py-Image_warehouse.py-[line:284]-INFO-[日志信息]: 开始执行脚本test_PublicUpdate_NotImageName:
Wed, 07 Jul 2021 16:22:11-run_all_case.py-Image_warehouse.py-[line:28]-INFO-[日志信息]: 开始执行脚本test_PublicCreate:
Wed, 07 Jul 2021 16:22:11-run_all_case.py-Image_warehouse.py-[line:315]-INFO-[日志信息]: 开始执行脚本test_PublicUpdate_CacheYes:
Wed, 07 Jul 2021 16:22:11-run_all_case.py-Image_warehouse.py-[line:28]-INFO-[日志信息]: 开始执行脚本test_PublicCreate:
Wed, 07 Jul 2021 16:22:11-run_all_case.py-Image_warehouse.py-[line:346]-INFO-[日志信息]: 开始执行脚本test_PublicUpdate_CacheNo:
Wed, 07 Jul 2021 16:22:11-run_all_case.py-Image_warehouse.py-[line:28]-INFO-[日志信息]: 开始执行脚本test_PublicCreate:
Wed, 07 Jul 2021 16:22:11-run_all_case.py-Image_warehouse.py-[line:376]-INFO-[日志信息]: 开始执行脚本test_PublicStartCache:
Wed, 07 Jul 2021 16:22:11-run_all_case.py-Image_warehouse.py-[line:28]-INFO-[日志信息]: 开始执行脚本test_PublicCreate:
Wed, 07 Jul 2021 16:22:11-run_all_case.py-Image_warehouse.py-[line:406]-INFO-[日志信息]: 开始执行脚本test_PrivateList:
Wed, 07 Jul 2021 16:22:11-run_all_case.py-Image_warehouse.py-[line:435]-INFO-[日志信息]: 开始执行脚本test_PrivateUpdate:
Wed, 07 Jul 2021 16:46:10-run_all_case.py-run_all_case.py-[line:21]-INFO-[日志信息]: ==================================2021-07-07 16:46:10===================================
Wed, 07 Jul 2021 16:46:11-run_all_case.py-Image_warehouse.py-[line:28]-INFO-[日志信息]: 开始执行脚本test_PublicCreate:
Wed, 07 Jul 2021 16:46:11-run_all_case.py-Image_warehouse.py-[line:64]-INFO-[日志信息]: 开始执行脚本test_PublicList:
Wed, 07 Jul 2021 16:46:11-run_all_case.py-Image_warehouse.py-[line:114]-INFO-[日志信息]: 开始执行脚本test_PublicRemoveCache:
Wed, 07 Jul 2021 16:46:11-run_all_case.py-Image_warehouse.py-[line:64]-INFO-[日志信息]: 开始执行脚本test_PublicList:
Wed, 07 Jul 2021 16:46:11-run_all_case.py-Image_warehouse.py-[line:164]-INFO-[日志信息]: 开始执行脚本test_PublicCreate_Cache:
Wed, 07 Jul 2021 16:46:11-run_all_case.py-Image_warehouse.py-[line:195]-INFO-[日志信息]: 开始执行脚本test_PublicCheckName_False:
Wed, 07 Jul 2021 16:46:11-run_all_case.py-Image_warehouse.py-[line:224]-INFO-[日志信息]: 开始执行脚本test_PublicCheckName_True:
Wed, 07 Jul 2021 16:46:11-run_all_case.py-Image_warehouse.py-[line:253]-INFO-[日志信息]: 开始执行脚本test_PublicUpdate:
Wed, 07 Jul 2021 16:46:11-run_all_case.py-Image_warehouse.py-[line:28]-INFO-[日志信息]: 开始执行脚本test_PublicCreate:
Wed, 07 Jul 2021 16:46:11-run_all_case.py-Image_warehouse.py-[line:284]-INFO-[日志信息]: 开始执行脚本test_PublicUpdate_NotImageName:
Wed, 07 Jul 2021 16:46:11-run_all_case.py-Image_warehouse.py-[line:28]-INFO-[日志信息]: 开始执行脚本test_PublicCreate:
Wed, 07 Jul 2021 16:46:12-run_all_case.py-Image_warehouse.py-[line:315]-INFO-[日志信息]: 开始执行脚本test_PublicUpdate_CacheYes:
Wed, 07 Jul 2021 16:46:12-run_all_case.py-Image_warehouse.py-[line:28]-INFO-[日志信息]: 开始执行脚本test_PublicCreate:
Wed, 07 Jul 2021 16:46:12-run_all_case.py-Image_warehouse.py-[line:346]-INFO-[日志信息]: 开始执行脚本test_PublicUpdate_CacheNo:
Wed, 07 Jul 2021 16:46:12-run_all_case.py-Image_warehouse.py-[line:28]-INFO-[日志信息]: 开始执行脚本test_PublicCreate:
Wed, 07 Jul 2021 16:46:12-run_all_case.py-Image_warehouse.py-[line:376]-INFO-[日志信息]: 开始执行脚本test_PublicStartCache:
Wed, 07 Jul 2021 16:46:12-run_all_case.py-Image_warehouse.py-[line:28]-INFO-[日志信息]: 开始执行脚本test_PublicCreate:
Wed, 07 Jul 2021 16:46:12-run_all_case.py-Image_warehouse.py-[line:406]-INFO-[日志信息]: 开始执行脚本test_PrivateList:
Wed, 07 Jul 2021 16:46:12-run_all_case.py-Image_warehouse.py-[line:435]-INFO-[日志信息]: 开始执行脚本test_PrivateUpdate:
Wed, 07 Jul 2021 17:06:00-run_all_case.py-run_all_case.py-[line:21]-INFO-[日志信息]: ==================================2021-07-07 17:06:00===================================
Wed, 07 Jul 2021 17:06:00-run_all_case.py-Image_warehouse.py-[line:28]-INFO-[日志信息]: 开始执行脚本test_PublicCreate:
Wed, 07 Jul 2021 17:06:01-run_all_case.py-Image_warehouse.py-[line:64]-INFO-[日志信息]: 开始执行脚本test_PublicList:
Wed, 07 Jul 2021 17:06:01-run_all_case.py-Image_warehouse.py-[line:114]-INFO-[日志信息]: 开始执行脚本test_PublicRemoveCache:
Wed, 07 Jul 2021 17:06:01-run_all_case.py-Image_warehouse.py-[line:64]-INFO-[日志信息]: 开始执行脚本test_PublicList:
Wed, 07 Jul 2021 17:06:01-run_all_case.py-Image_warehouse.py-[line:164]-INFO-[日志信息]: 开始执行脚本test_PublicCreate_Cache:
Wed, 07 Jul 2021 17:06:01-run_all_case.py-Image_warehouse.py-[line:195]-INFO-[日志信息]: 开始执行脚本test_PublicCheckName_False:
Wed, 07 Jul 2021 17:06:01-run_all_case.py-Image_warehouse.py-[line:224]-INFO-[日志信息]: 开始执行脚本test_PublicCheckName_True:
Wed, 07 Jul 2021 17:06:01-run_all_case.py-Image_warehouse.py-[line:253]-INFO-[日志信息]: 开始执行脚本test_PublicUpdate:
Wed, 07 Jul 2021 17:06:01-run_all_case.py-Image_warehouse.py-[line:28]-INFO-[日志信息]: 开始执行脚本test_PublicCreate:
Wed, 07 Jul 2021 17:06:01-run_all_case.py-Image_warehouse.py-[line:284]-INFO-[日志信息]: 开始执行脚本test_PublicUpdate_NotImageName:
Wed, 07 Jul 2021 17:06:01-run_all_case.py-Image_warehouse.py-[line:28]-INFO-[日志信息]: 开始执行脚本test_PublicCreate:
Wed, 07 Jul 2021 17:06:01-run_all_case.py-Image_warehouse.py-[line:315]-INFO-[日志信息]: 开始执行脚本test_PublicUpdate_CacheYes:
Wed, 07 Jul 2021 17:06:01-run_all_case.py-Image_warehouse.py-[line:28]-INFO-[日志信息]: 开始执行脚本test_PublicCreate:
Wed, 07 Jul 2021 17:06:01-run_all_case.py-Image_warehouse.py-[line:346]-INFO-[日志信息]: 开始执行脚本test_PublicUpdate_CacheNo:
Wed, 07 Jul 2021 17:06:01-run_all_case.py-Image_warehouse.py-[line:28]-INFO-[日志信息]: 开始执行脚本test_PublicCreate:
Wed, 07 Jul 2021 17:06:01-run_all_case.py-Image_warehouse.py-[line:376]-INFO-[日志信息]: 开始执行脚本test_PublicStartCache:
Wed, 07 Jul 2021 17:06:01-run_all_case.py-Image_warehouse.py-[line:28]-INFO-[日志信息]: 开始执行脚本test_PublicCreate:
Wed, 07 Jul 2021 17:06:01-run_all_case.py-Image_warehouse.py-[line:406]-INFO-[日志信息]: 开始执行脚本test_PrivateList:
Wed, 07 Jul 2021 17:06:01-run_all_case.py-Image_warehouse.py-[line:435]-INFO-[日志信息]: 开始执行脚本test_PrivateUpdate:
Wed, 07 Jul 2021 17:20:02-run_all_case.py-run_all_case.py-[line:21]-INFO-[日志信息]: ==================================2021-07-07 17:20:02===================================
Wed, 07 Jul 2021 17:20:03-run_all_case.py-Image_warehouse.py-[line:28]-INFO-[日志信息]: 开始执行脚本test_PublicCreate:
Wed, 07 Jul 2021 17:20:03-run_all_case.py-Image_warehouse.py-[line:64]-INFO-[日志信息]: 开始执行脚本test_PublicList:
Wed, 07 Jul 2021 17:20:03-run_all_case.py-Image_warehouse.py-[line:114]-INFO-[日志信息]: 开始执行脚本test_PublicRemoveCache:
Wed, 07 Jul 2021 17:20:03-run_all_case.py-Image_warehouse.py-[line:64]-INFO-[日志信息]: 开始执行脚本test_PublicList:
Wed, 07 Jul 2021 17:20:03-run_all_case.py-Image_warehouse.py-[line:164]-INFO-[日志信息]: 开始执行脚本test_PublicCreate_Cache:
Wed, 07 Jul 2021 17:20:03-run_all_case.py-Image_warehouse.py-[line:195]-INFO-[日志信息]: 开始执行脚本test_PublicCheckName_False:
Wed, 07 Jul 2021 17:20:03-run_all_case.py-Image_warehouse.py-[line:224]-INFO-[日志信息]: 开始执行脚本test_PublicCheckName_True:
Wed, 07 Jul 2021 17:20:03-run_all_case.py-Image_warehouse.py-[line:253]-INFO-[日志信息]: 开始执行脚本test_PublicUpdate:
Wed, 07 Jul 2021 17:20:03-run_all_case.py-Image_warehouse.py-[line:28]-INFO-[日志信息]: 开始执行脚本test_PublicCreate:
Wed, 07 Jul 2021 17:20:03-run_all_case.py-Image_warehouse.py-[line:284]-INFO-[日志信息]: 开始执行脚本test_PublicUpdate_NotImageName:
Wed, 07 Jul 2021 17:20:03-run_all_case.py-Image_warehouse.py-[line:28]-INFO-[日志信息]: 开始执行脚本test_PublicCreate:
Wed, 07 Jul 2021 17:20:03-run_all_case.py-Image_warehouse.py-[line:315]-INFO-[日志信息]: 开始执行脚本test_PublicUpdate_CacheYes:
Wed, 07 Jul 2021 17:20:03-run_all_case.py-Image_warehouse.py-[line:28]-INFO-[日志信息]: 开始执行脚本test_PublicCreate:
Wed, 07 Jul 2021 17:20:03-run_all_case.py-Image_warehouse.py-[line:346]-INFO-[日志信息]: 开始执行脚本test_PublicUpdate_CacheNo:
Wed, 07 Jul 2021 17:20:03-run_all_case.py-Image_warehouse.py-[line:28]-INFO-[日志信息]: 开始执行脚本test_PublicCreate:
Wed, 07 Jul 2021 17:20:04-run_all_case.py-Image_warehouse.py-[line:376]-INFO-[日志信息]: 开始执行脚本test_PublicStartCache:
Wed, 07 Jul 2021 17:20:04-run_all_case.py-Image_warehouse.py-[line:28]-INFO-[日志信息]: 开始执行脚本test_PublicCreate:
Wed, 07 Jul 2021 17:20:04-run_all_case.py-Image_warehouse.py-[line:406]-INFO-[日志信息]: 开始执行脚本test_PrivateList:
Wed, 07 Jul 2021 17:20:04-run_all_case.py-Image_warehouse.py-[line:435]-INFO-[日志信息]: 开始执行脚本test_PrivateUpdate:
Wed, 07 Jul 2021 17:34:03-run_all_case.py-run_all_case.py-[line:21]-INFO-[日志信息]: ==================================2021-07-07 17:34:03===================================
Wed, 07 Jul 2021 17:34:03-run_all_case.py-Image_warehouse.py-[line:28]-INFO-[日志信息]: 开始执行脚本test_PublicCreate:
Wed, 07 Jul 2021 17:34:04-run_all_case.py-Image_warehouse.py-[line:64]-INFO-[日志信息]: 开始执行脚本test_PublicList:
Wed, 07 Jul 2021 17:34:04-run_all_case.py-Image_warehouse.py-[line:114]-INFO-[日志信息]: 开始执行脚本test_PublicRemoveCache:
Wed, 07 Jul 2021 17:34:04-run_all_case.py-Image_warehouse.py-[line:64]-INFO-[日志信息]: 开始执行脚本test_PublicList:
Wed, 07 Jul 2021 17:34:04-run_all_case.py-Image_warehouse.py-[line:164]-INFO-[日志信息]: 开始执行脚本test_PublicCreate_Cache:
Wed, 07 Jul 2021 17:34:04-run_all_case.py-Image_warehouse.py-[line:195]-INFO-[日志信息]: 开始执行脚本test_PublicCheckName_False:
Wed, 07 Jul 2021 17:34:04-run_all_case.py-Image_warehouse.py-[line:224]-INFO-[日志信息]: 开始执行脚本test_PublicCheckName_True:
Wed, 07 Jul 2021 17:34:04-run_all_case.py-Image_warehouse.py-[line:253]-INFO-[日志信息]: 开始执行脚本test_PublicUpdate:
Wed, 07 Jul 2021 17:34:04-run_all_case.py-Image_warehouse.py-[line:28]-INFO-[日志信息]: 开始执行脚本test_PublicCreate:
Wed, 07 Jul 2021 17:34:04-run_all_case.py-Image_warehouse.py-[line:284]-INFO-[日志信息]: 开始执行脚本test_PublicUpdate_NotImageName:
Wed, 07 Jul 2021 17:34:04-run_all_case.py-Image_warehouse.py-[line:28]-INFO-[日志信息]: 开始执行脚本test_PublicCreate:
Wed, 07 Jul 2021 17:34:04-run_all_case.py-Image_warehouse.py-[line:315]-INFO-[日志信息]: 开始执行脚本test_PublicUpdate_CacheYes:
Wed, 07 Jul 2021 17:34:04-run_all_case.py-Image_warehouse.py-[line:28]-INFO-[日志信息]: 开始执行脚本test_PublicCreate:
Wed, 07 Jul 2021 17:34:04-run_all_case.py-Image_warehouse.py-[line:346]-INFO-[日志信息]: 开始执行脚本test_PublicUpdate_CacheNo:
Wed, 07 Jul 2021 17:34:04-run_all_case.py-Image_warehouse.py-[line:28]-INFO-[日志信息]: 开始执行脚本test_PublicCreate:
Wed, 07 Jul 2021 17:34:04-run_all_case.py-Image_warehouse.py-[line:376]-INFO-[日志信息]: 开始执行脚本test_PublicStartCache:
Wed, 07 Jul 2021 17:34:04-run_all_case.py-Image_warehouse.py-[line:28]-INFO-[日志信息]: 开始执行脚本test_PublicCreate:
Wed, 07 Jul 2021 17:34:04-run_all_case.py-Image_warehouse.py-[line:406]-INFO-[日志信息]: 开始执行脚本test_PrivateList:
Wed, 07 Jul 2021 17:34:04-run_all_case.py-Image_warehouse.py-[line:435]-INFO-[日志信息]: 开始执行脚本test_PrivateUpdate:
Wed, 07 Jul 2021 17:38:36-run_all_case.py-run_all_case.py-[line:21]-INFO-[日志信息]: ==================================2021-07-07 17:38:36===================================
Wed, 07 Jul 2021 17:38:36-run_all_case.py-Image_warehouse.py-[line:28]-INFO-[日志信息]: 开始执行脚本test_PublicCreate:
Wed, 07 Jul 2021 17:38:37-run_all_case.py-Image_warehouse.py-[line:64]-INFO-[日志信息]: 开始执行脚本test_PublicList:
Wed, 07 Jul 2021 17:38:37-run_all_case.py-Image_warehouse.py-[line:114]-INFO-[日志信息]: 开始执行脚本test_PublicRemoveCache:
Wed, 07 Jul 2021 17:38:37-run_all_case.py-Image_warehouse.py-[line:64]-INFO-[日志信息]: 开始执行脚本test_PublicList:
Wed, 07 Jul 2021 17:38:37-run_all_case.py-Image_warehouse.py-[line:164]-INFO-[日志信息]: 开始执行脚本test_PublicCreate_Cache:
Wed, 07 Jul 2021 17:38:37-run_all_case.py-Image_warehouse.py-[line:195]-INFO-[日志信息]: 开始执行脚本test_PublicCheckName_False:
Wed, 07 Jul 2021 17:38:37-run_all_case.py-Image_warehouse.py-[line:224]-INFO-[日志信息]: 开始执行脚本test_PublicCheckName_True:
Wed, 07 Jul 2021 17:38:37-run_all_case.py-Image_warehouse.py-[line:253]-INFO-[日志信息]: 开始执行脚本test_PublicUpdate:
Wed, 07 Jul 2021 17:38:37-run_all_case.py-Image_warehouse.py-[line:28]-INFO-[日志信息]: 开始执行脚本test_PublicCreate:
Wed, 07 Jul 2021 17:38:37-run_all_case.py-Image_warehouse.py-[line:284]-INFO-[日志信息]: 开始执行脚本test_PublicUpdate_NotImageName:
Wed, 07 Jul 2021 17:38:37-run_all_case.py-Image_warehouse.py-[line:28]-INFO-[日志信息]: 开始执行脚本test_PublicCreate:
Wed, 07 Jul 2021 17:38:37-run_all_case.py-Image_warehouse.py-[line:315]-INFO-[日志信息]: 开始执行脚本test_PublicUpdate_CacheYes:
Wed, 07 Jul 2021 17:38:37-run_all_case.py-Image_warehouse.py-[line:28]-INFO-[日志信息]: 开始执行脚本test_PublicCreate:
Wed, 07 Jul 2021 17:38:37-run_all_case.py-Image_warehouse.py-[line:346]-INFO-[日志信息]: 开始执行脚本test_PublicUpdate_CacheNo:
Wed, 07 Jul 2021 17:38:37-run_all_case.py-Image_warehouse.py-[line:28]-INFO-[日志信息]: 开始执行脚本test_PublicCreate:
Wed, 07 Jul 2021 17:38:37-run_all_case.py-Image_warehouse.py-[line:376]-INFO-[日志信息]: 开始执行脚本test_PublicStartCache:
Wed, 07 Jul 2021 17:38:37-run_all_case.py-Image_warehouse.py-[line:28]-INFO-[日志信息]: 开始执行脚本test_PublicCreate:
Wed, 07 Jul 2021 17:38:37-run_all_case.py-Image_warehouse.py-[line:406]-INFO-[日志信息]: 开始执行脚本test_PrivateList:
Wed, 07 Jul 2021 17:38:37-run_all_case.py-Image_warehouse.py-[line:435]-INFO-[日志信息]: 开始执行脚本test_PrivateUpdate:
Wed, 07 Jul 2021 17:45:35-run_all_case.py-run_all_case.py-[line:21]-INFO-[日志信息]: ==================================2021-07-07 17:45:35===================================
Wed, 07 Jul 2021 17:45:35-run_all_case.py-Image_warehouse.py-[line:28]-INFO-[日志信息]: 开始执行脚本test_PublicCreate:
Wed, 07 Jul 2021 17:45:36-run_all_case.py-Image_warehouse.py-[line:64]-INFO-[日志信息]: 开始执行脚本test_PublicList:
Wed, 07 Jul 2021 17:45:36-run_all_case.py-Image_warehouse.py-[line:114]-INFO-[日志信息]: 开始执行脚本test_PublicRemoveCache:
Wed, 07 Jul 2021 17:45:36-run_all_case.py-Image_warehouse.py-[line:64]-INFO-[日志信息]: 开始执行脚本test_PublicList:
Wed, 07 Jul 2021 17:45:36-run_all_case.py-Image_warehouse.py-[line:164]-INFO-[日志信息]: 开始执行脚本test_PublicCreate_Cache:
Wed, 07 Jul 2021 17:45:36-run_all_case.py-Image_warehouse.py-[line:195]-INFO-[日志信息]: 开始执行脚本test_PublicCheckName_False:
Wed, 07 Jul 2021 17:45:36-run_all_case.py-Image_warehouse.py-[line:224]-INFO-[日志信息]: 开始执行脚本test_PublicCheckName_True:
Wed, 07 Jul 2021 17:45:36-run_all_case.py-Image_warehouse.py-[line:253]-INFO-[日志信息]: 开始执行脚本test_PublicUpdate:
Wed, 07 Jul 2021 17:45:36-run_all_case.py-Image_warehouse.py-[line:28]-INFO-[日志信息]: 开始执行脚本test_PublicCreate:
Wed, 07 Jul 2021 17:45:36-run_all_case.py-Image_warehouse.py-[line:284]-INFO-[日志信息]: 开始执行脚本test_PublicUpdate_NotImageName:
Wed, 07 Jul 2021 17:45:36-run_all_case.py-Image_warehouse.py-[line:28]-INFO-[日志信息]: 开始执行脚本test_PublicCreate:
Wed, 07 Jul 2021 17:45:36-run_all_case.py-Image_warehouse.py-[line:315]-INFO-[日志信息]: 开始执行脚本test_PublicUpdate_CacheYes:
Wed, 07 Jul 2021 17:45:36-run_all_case.py-Image_warehouse.py-[line:28]-INFO-[日志信息]: 开始执行脚本test_PublicCreate:
Wed, 07 Jul 2021 17:45:36-run_all_case.py-Image_warehouse.py-[line:346]-INFO-[日志信息]: 开始执行脚本test_PublicUpdate_CacheNo:
Wed, 07 Jul 2021 17:45:36-run_all_case.py-Image_warehouse.py-[line:28]-INFO-[日志信息]: 开始执行脚本test_PublicCreate:
Wed, 07 Jul 2021 17:45:36-run_all_case.py-Image_warehouse.py-[line:376]-INFO-[日志信息]: 开始执行脚本test_PublicStartCache:
Wed, 07 Jul 2021 17:45:36-run_all_case.py-Image_warehouse.py-[line:28]-INFO-[日志信息]: 开始执行脚本test_PublicCreate:
Wed, 07 Jul 2021 17:45:36-run_all_case.py-Image_warehouse.py-[line:406]-INFO-[日志信息]: 开始执行脚本test_PrivateList:
Wed, 07 Jul 2021 17:45:36-run_all_case.py-Image_warehouse.py-[line:435]-INFO-[日志信息]: 开始执行脚本test_PrivateUpdate:
Wed, 07 Jul 2021 17:50:43-run_all_case.py-run_all_case.py-[line:21]-INFO-[日志信息]: ==================================2021-07-07 17:50:43===================================
Wed, 07 Jul 2021 17:50:43-run_all_case.py-Image_warehouse.py-[line:28]-INFO-[日志信息]: 开始执行脚本test_PublicCreate:
Wed, 07 Jul 2021 17:50:43-run_all_case.py-Image_warehouse.py-[line:64]-INFO-[日志信息]: 开始执行脚本test_PublicList:
Wed, 07 Jul 2021 17:50:43-run_all_case.py-Image_warehouse.py-[line:114]-INFO-[日志信息]: 开始执行脚本test_PublicRemoveCache:
Wed, 07 Jul 2021 17:50:43-run_all_case.py-Image_warehouse.py-[line:64]-INFO-[日志信息]: 开始执行脚本test_PublicList:
Wed, 07 Jul 2021 17:50:43-run_all_case.py-Image_warehouse.py-[line:164]-INFO-[日志信息]: 开始执行脚本test_PublicCreate_Cache:
Wed, 07 Jul 2021 17:50:43-run_all_case.py-Image_warehouse.py-[line:195]-INFO-[日志信息]: 开始执行脚本test_PublicCheckName_False:
Wed, 07 Jul 2021 17:50:44-run_all_case.py-Image_warehouse.py-[line:224]-INFO-[日志信息]: 开始执行脚本test_PublicCheckName_True:
Wed, 07 Jul 2021 17:50:44-run_all_case.py-Image_warehouse.py-[line:253]-INFO-[日志信息]: 开始执行脚本test_PublicUpdate:
Wed, 07 Jul 2021 17:50:44-run_all_case.py-Image_warehouse.py-[line:28]-INFO-[日志信息]: 开始执行脚本test_PublicCreate:
Wed, 07 Jul 2021 17:50:44-run_all_case.py-Image_warehouse.py-[line:284]-INFO-[日志信息]: 开始执行脚本test_PublicUpdate_NotImageName:
Wed, 07 Jul 2021 17:50:44-run_all_case.py-Image_warehouse.py-[line:28]-INFO-[日志信息]: 开始执行脚本test_PublicCreate:
Wed, 07 Jul 2021 17:50:44-run_all_case.py-Image_warehouse.py-[line:315]-INFO-[日志信息]: 开始执行脚本test_PublicUpdate_CacheYes:
Wed, 07 Jul 2021 17:50:44-run_all_case.py-Image_warehouse.py-[line:28]-INFO-[日志信息]: 开始执行脚本test_PublicCreate:
Wed, 07 Jul 2021 17:50:44-run_all_case.py-Image_warehouse.py-[line:346]-INFO-[日志信息]: 开始执行脚本test_PublicUpdate_CacheNo:
Wed, 07 Jul 2021 17:50:44-run_all_case.py-Image_warehouse.py-[line:28]-INFO-[日志信息]: 开始执行脚本test_PublicCreate:
Wed, 07 Jul 2021 17:50:44-run_all_case.py-Image_warehouse.py-[line:376]-INFO-[日志信息]: 开始执行脚本test_PublicStartCache:
Wed, 07 Jul 2021 17:50:44-run_all_case.py-Image_warehouse.py-[line:28]-INFO-[日志信息]: 开始执行脚本test_PublicCreate:
Wed, 07 Jul 2021 17:50:44-run_all_case.py-Image_warehouse.py-[line:406]-INFO-[日志信息]: 开始执行脚本test_PrivateList:
Wed, 07 Jul 2021 17:50:44-run_all_case.py-Image_warehouse.py-[line:435]-INFO-[日志信息]: 开始执行脚本test_PrivateUpdate:
Wed, 07 Jul 2021 17:57:48-run_all_case.py-run_all_case.py-[line:21]-INFO-[日志信息]: ==================================2021-07-07 17:57:48===================================
Wed, 07 Jul 2021 17:57:48-run_all_case.py-Image_warehouse.py-[line:28]-INFO-[日志信息]: 开始执行脚本test_PublicCreate:
Wed, 07 Jul 2021 17:57:48-run_all_case.py-Image_warehouse.py-[line:64]-INFO-[日志信息]: 开始执行脚本test_PublicList:
Wed, 07 Jul 2021 17:57:48-run_all_case.py-Image_warehouse.py-[line:114]-INFO-[日志信息]: 开始执行脚本test_PublicRemoveCache:
Wed, 07 Jul 2021 17:57:48-run_all_case.py-Image_warehouse.py-[line:64]-INFO-[日志信息]: 开始执行脚本test_PublicList:
Wed, 07 Jul 2021 17:57:48-run_all_case.py-Image_warehouse.py-[line:164]-INFO-[日志信息]: 开始执行脚本test_PublicCreate_Cache:
Wed, 07 Jul 2021 17:57:48-run_all_case.py-Image_warehouse.py-[line:195]-INFO-[日志信息]: 开始执行脚本test_PublicCheckName_False:
Wed, 07 Jul 2021 17:57:49-run_all_case.py-Image_warehouse.py-[line:224]-INFO-[日志信息]: 开始执行脚本test_PublicCheckName_True:
Wed, 07 Jul 2021 17:57:49-run_all_case.py-Image_warehouse.py-[line:253]-INFO-[日志信息]: 开始执行脚本test_PublicUpdate:
Wed, 07 Jul 2021 17:57:49-run_all_case.py-Image_warehouse.py-[line:28]-INFO-[日志信息]: 开始执行脚本test_PublicCreate:
Wed, 07 Jul 2021 17:57:49-run_all_case.py-Image_warehouse.py-[line:284]-INFO-[日志信息]: 开始执行脚本test_PublicUpdate_NotImageName:
Wed, 07 Jul 2021 17:57:49-run_all_case.py-Image_warehouse.py-[line:28]-INFO-[日志信息]: 开始执行脚本test_PublicCreate:
Wed, 07 Jul 2021 17:57:49-run_all_case.py-Image_warehouse.py-[line:315]-INFO-[日志信息]: 开始执行脚本test_PublicUpdate_CacheYes:
Wed, 07 Jul 2021 17:57:49-run_all_case.py-Image_warehouse.py-[line:28]-INFO-[日志信息]: 开始执行脚本test_PublicCreate:
Wed, 07 Jul 2021 17:57:49-run_all_case.py-Image_warehouse.py-[line:346]-INFO-[日志信息]: 开始执行脚本test_PublicUpdate_CacheNo:
Wed, 07 Jul 2021 17:57:49-run_all_case.py-Image_warehouse.py-[line:28]-INFO-[日志信息]: 开始执行脚本test_PublicCreate:
Wed, 07 Jul 2021 17:57:49-run_all_case.py-Image_warehouse.py-[line:376]-INFO-[日志信息]: 开始执行脚本test_PublicStartCache:
Wed, 07 Jul 2021 17:57:49-run_all_case.py-Image_warehouse.py-[line:28]-INFO-[日志信息]: 开始执行脚本test_PublicCreate:
Wed, 07 Jul 2021 17:57:49-run_all_case.py-Image_warehouse.py-[line:406]-INFO-[日志信息]: 开始执行脚本test_PrivateList:
Wed, 07 Jul 2021 17:57:49-run_all_case.py-Image_warehouse.py-[line:435]-INFO-[日志信息]: 开始执行脚本test_PrivateUpdate:
Wed, 07 Jul 2021 18:02:29-run_all_case.py-run_all_case.py-[line:21]-INFO-[日志信息]: ==================================2021-07-07 18:02:29===================================
Wed, 07 Jul 2021 18:02:30-run_all_case.py-Image_warehouse.py-[line:28]-INFO-[日志信息]: 开始执行脚本test_PublicCreate:
Wed, 07 Jul 2021 18:02:30-run_all_case.py-Image_warehouse.py-[line:64]-INFO-[日志信息]: 开始执行脚本test_PublicList:
Wed, 07 Jul 2021 18:02:30-run_all_case.py-Image_warehouse.py-[line:114]-INFO-[日志信息]: 开始执行脚本test_PublicRemoveCache:
Wed, 07 Jul 2021 18:02:30-run_all_case.py-Image_warehouse.py-[line:64]-INFO-[日志信息]: 开始执行脚本test_PublicList:
Wed, 07 Jul 2021 18:02:30-run_all_case.py-Image_warehouse.py-[line:164]-INFO-[日志信息]: 开始执行脚本test_PublicCreate_Cache:
Wed, 07 Jul 2021 18:02:30-run_all_case.py-Image_warehouse.py-[line:195]-INFO-[日志信息]: 开始执行脚本test_PublicCheckName_False:
Wed, 07 Jul 2021 18:02:30-run_all_case.py-Image_warehouse.py-[line:224]-INFO-[日志信息]: 开始执行脚本test_PublicCheckName_True:
Wed, 07 Jul 2021 18:02:30-run_all_case.py-Image_warehouse.py-[line:253]-INFO-[日志信息]: 开始执行脚本test_PublicUpdate:
Wed, 07 Jul 2021 18:02:30-run_all_case.py-Image_warehouse.py-[line:28]-INFO-[日志信息]: 开始执行脚本test_PublicCreate:
Wed, 07 Jul 2021 18:02:30-run_all_case.py-Image_warehouse.py-[line:284]-INFO-[日志信息]: 开始执行脚本test_PublicUpdate_NotImageName:
Wed, 07 Jul 2021 18:02:30-run_all_case.py-Image_warehouse.py-[line:28]-INFO-[日志信息]: 开始执行脚本test_PublicCreate:
Wed, 07 Jul 2021 18:02:30-run_all_case.py-Image_warehouse.py-[line:315]-INFO-[日志信息]: 开始执行脚本test_PublicUpdate_CacheYes:
Wed, 07 Jul 2021 18:02:30-run_all_case.py-Image_warehouse.py-[line:28]-INFO-[日志信息]: 开始执行脚本test_PublicCreate:
Wed, 07 Jul 2021 18:02:30-run_all_case.py-Image_warehouse.py-[line:346]-INFO-[日志信息]: 开始执行脚本test_PublicUpdate_CacheNo:
Wed, 07 Jul 2021 18:02:30-run_all_case.py-Image_warehouse.py-[line:28]-INFO-[日志信息]: 开始执行脚本test_PublicCreate:
Wed, 07 Jul 2021 18:02:30-run_all_case.py-Image_warehouse.py-[line:376]-INFO-[日志信息]: 开始执行脚本test_PublicStartCache:
Wed, 07 Jul 2021 18:02:30-run_all_case.py-Image_warehouse.py-[line:28]-INFO-[日志信息]: 开始执行脚本test_PublicCreate:
Wed, 07 Jul 2021 18:02:30-run_all_case.py-Image_warehouse.py-[line:406]-INFO-[日志信息]: 开始执行脚本test_PrivateList:
Wed, 07 Jul 2021 18:02:31-run_all_case.py-Image_warehouse.py-[line:435]-INFO-[日志信息]: 开始执行脚本test_PrivateUpdate:
Wed, 07 Jul 2021 18:03:17-run_all_case.py-run_all_case.py-[line:21]-INFO-[日志信息]: ==================================2021-07-07 18:03:17===================================
Wed, 07 Jul 2021 18:03:18-run_all_case.py-Image_warehouse.py-[line:28]-INFO-[日志信息]: 开始执行脚本test_PublicCreate:
Wed, 07 Jul 2021 18:03:18-run_all_case.py-Image_warehouse.py-[line:64]-INFO-[日志信息]: 开始执行脚本test_PublicList:
Wed, 07 Jul 2021 18:03:18-run_all_case.py-Image_warehouse.py-[line:114]-INFO-[日志信息]: 开始执行脚本test_PublicRemoveCache:
Wed, 07 Jul 2021 18:03:18-run_all_case.py-Image_warehouse.py-[line:64]-INFO-[日志信息]: 开始执行脚本test_PublicList:
Wed, 07 Jul 2021 18:03:18-run_all_case.py-Image_warehouse.py-[line:164]-INFO-[日志信息]: 开始执行脚本test_PublicCreate_Cache:
Wed, 07 Jul 2021 18:03:18-run_all_case.py-Image_warehouse.py-[line:195]-INFO-[日志信息]: 开始执行脚本test_PublicCheckName_False:
Wed, 07 Jul 2021 18:03:18-run_all_case.py-Image_warehouse.py-[line:224]-INFO-[日志信息]: 开始执行脚本test_PublicCheckName_True:
Wed, 07 Jul 2021 18:03:18-run_all_case.py-Image_warehouse.py-[line:253]-INFO-[日志信息]: 开始执行脚本test_PublicUpdate:
Wed, 07 Jul 2021 18:03:18-run_all_case.py-Image_warehouse.py-[line:28]-INFO-[日志信息]: 开始执行脚本test_PublicCreate:
Wed, 07 Jul 2021 18:03:18-run_all_case.py-Image_warehouse.py-[line:284]-INFO-[日志信息]: 开始执行脚本test_PublicUpdate_NotImageName:
Wed, 07 Jul 2021 18:03:18-run_all_case.py-Image_warehouse.py-[line:28]-INFO-[日志信息]: 开始执行脚本test_PublicCreate:
Wed, 07 Jul 2021 18:03:18-run_all_case.py-Image_warehouse.py-[line:315]-INFO-[日志信息]: 开始执行脚本test_PublicUpdate_CacheYes:
Wed, 07 Jul 2021 18:03:18-run_all_case.py-Image_warehouse.py-[line:28]-INFO-[日志信息]: 开始执行脚本test_PublicCreate:
Wed, 07 Jul 2021 18:03:18-run_all_case.py-Image_warehouse.py-[line:346]-INFO-[日志信息]: 开始执行脚本test_PublicUpdate_CacheNo:
Wed, 07 Jul 2021 18:03:18-run_all_case.py-Image_warehouse.py-[line:28]-INFO-[日志信息]: 开始执行脚本test_PublicCreate:
Wed, 07 Jul 2021 18:03:18-run_all_case.py-Image_warehouse.py-[line:376]-INFO-[日志信息]: 开始执行脚本test_PublicStartCache:
Wed, 07 Jul 2021 18:03:18-run_all_case.py-Image_warehouse.py-[line:28]-INFO-[日志信息]: 开始执行脚本test_PublicCreate:
Wed, 07 Jul 2021 18:03:18-run_all_case.py-Image_warehouse.py-[line:406]-INFO-[日志信息]: 开始执行脚本test_PrivateList:
Wed, 07 Jul 2021 18:03:18-run_all_case.py-Image_warehouse.py-[line:435]-INFO-[日志信息]: 开始执行脚本test_PrivateUpdate:
Wed, 07 Jul 2021 18:05:18-run_all_case.py-run_all_case.py-[line:21]-INFO-[日志信息]: ==================================2021-07-07 18:05:18===================================
Wed, 07 Jul 2021 18:05:19-run_all_case.py-Image_warehouse.py-[line:28]-INFO-[日志信息]: 开始执行脚本test_PublicCreate:
Wed, 07 Jul 2021 18:05:19-run_all_case.py-Image_warehouse.py-[line:64]-INFO-[日志信息]: 开始执行脚本test_PublicList:
Wed, 07 Jul 2021 18:05:19-run_all_case.py-Image_warehouse.py-[line:114]-INFO-[日志信息]: 开始执行脚本test_PublicRemoveCache:
Wed, 07 Jul 2021 18:05:19-run_all_case.py-Image_warehouse.py-[line:64]-INFO-[日志信息]: 开始执行脚本test_PublicList:
Wed, 07 Jul 2021 18:05:19-run_all_case.py-Image_warehouse.py-[line:164]-INFO-[日志信息]: 开始执行脚本test_PublicCreate_Cache:
Wed, 07 Jul 2021 18:05:19-run_all_case.py-Image_warehouse.py-[line:195]-INFO-[日志信息]: 开始执行脚本test_PublicCheckName_False:
Wed, 07 Jul 2021 18:05:19-run_all_case.py-Image_warehouse.py-[line:224]-INFO-[日志信息]: 开始执行脚本test_PublicCheckName_True:
Wed, 07 Jul 2021 18:05:19-run_all_case.py-Image_warehouse.py-[line:253]-INFO-[日志信息]: 开始执行脚本test_PublicUpdate:
Wed, 07 Jul 2021 18:05:19-run_all_case.py-Image_warehouse.py-[line:28]-INFO-[日志信息]: 开始执行脚本test_PublicCreate:
Wed, 07 Jul 2021 18:05:19-run_all_case.py-Image_warehouse.py-[line:284]-INFO-[日志信息]: 开始执行脚本test_PublicUpdate_NotImageName:
Wed, 07 Jul 2021 18:05:19-run_all_case.py-Image_warehouse.py-[line:28]-INFO-[日志信息]: 开始执行脚本test_PublicCreate:
Wed, 07 Jul 2021 18:05:20-run_all_case.py-Image_warehouse.py-[line:315]-INFO-[日志信息]: 开始执行脚本test_PublicUpdate_CacheYes:
Wed, 07 Jul 2021 18:05:20-run_all_case.py-Image_warehouse.py-[line:28]-INFO-[日志信息]: 开始执行脚本test_PublicCreate:
Wed, 07 Jul 2021 18:05:20-run_all_case.py-Image_warehouse.py-[line:346]-INFO-[日志信息]: 开始执行脚本test_PublicUpdate_CacheNo:
Wed, 07 Jul 2021 18:05:20-run_all_case.py-Image_warehouse.py-[line:28]-INFO-[日志信息]: 开始执行脚本test_PublicCreate:
Wed, 07 Jul 2021 18:05:20-run_all_case.py-Image_warehouse.py-[line:376]-INFO-[日志信息]: 开始执行脚本test_PublicStartCache:
Wed, 07 Jul 2021 18:05:20-run_all_case.py-Image_warehouse.py-[line:28]-INFO-[日志信息]: 开始执行脚本test_PublicCreate:
Wed, 07 Jul 2021 18:05:20-run_all_case.py-Image_warehouse.py-[line:406]-INFO-[日志信息]: 开始执行脚本test_PrivateList:
Wed, 07 Jul 2021 18:05:20-run_all_case.py-Image_warehouse.py-[line:435]-INFO-[日志信息]: 开始执行脚本test_PrivateUpdate:
Wed, 07 Jul 2021 18:05:38-run_all_case.py-run_all_case.py-[line:21]-INFO-[日志信息]: ==================================2021-07-07 18:05:38===================================
Wed, 07 Jul 2021 18:05:39-run_all_case.py-Image_warehouse.py-[line:28]-INFO-[日志信息]: 开始执行脚本test_PublicCreate:
Wed, 07 Jul 2021 18:05:39-run_all_case.py-Image_warehouse.py-[line:64]-INFO-[日志信息]: 开始执行脚本test_PublicList:
Wed, 07 Jul 2021 18:05:39-run_all_case.py-Image_warehouse.py-[line:114]-INFO-[日志信息]: 开始执行脚本test_PublicRemoveCache:
Wed, 07 Jul 2021 18:05:39-run_all_case.py-Image_warehouse.py-[line:64]-INFO-[日志信息]: 开始执行脚本test_PublicList:
Wed, 07 Jul 2021 18:05:39-run_all_case.py-Image_warehouse.py-[line:164]-INFO-[日志信息]: 开始执行脚本test_PublicCreate_Cache:
Wed, 07 Jul 2021 18:05:39-run_all_case.py-Image_warehouse.py-[line:195]-INFO-[日志信息]: 开始执行脚本test_PublicCheckName_False:
Wed, 07 Jul 2021 18:05:40-run_all_case.py-Image_warehouse.py-[line:224]-INFO-[日志信息]: 开始执行脚本test_PublicCheckName_True:
Wed, 07 Jul 2021 18:05:40-run_all_case.py-Image_warehouse.py-[line:253]-INFO-[日志信息]: 开始执行脚本test_PublicUpdate:
Wed, 07 Jul 2021 18:05:40-run_all_case.py-Image_warehouse.py-[line:28]-INFO-[日志信息]: 开始执行脚本test_PublicCreate:
Wed, 07 Jul 2021 18:05:41-run_all_case.py-run_all_case.py-[line:21]-INFO-[日志信息]: ==================================2021-07-07 18:05:41===================================
Wed, 07 Jul 2021 18:05:41-run_all_case.py-Image_warehouse.py-[line:28]-INFO-[日志信息]: 开始执行脚本test_PublicCreate:
Wed, 07 Jul 2021 18:05:42-run_all_case.py-Image_warehouse.py-[line:64]-INFO-[日志信息]: 开始执行脚本test_PublicList:
Wed, 07 Jul 2021 18:05:42-run_all_case.py-Image_warehouse.py-[line:114]-INFO-[日志信息]: 开始执行脚本test_PublicRemoveCache:
Wed, 07 Jul 2021 18:05:42-run_all_case.py-Image_warehouse.py-[line:64]-INFO-[日志信息]: 开始执行脚本test_PublicList:
Wed, 07 Jul 2021 18:05:42-run_all_case.py-Image_warehouse.py-[line:164]-INFO-[日志信息]: 开始执行脚本test_PublicCreate_Cache:
Wed, 07 Jul 2021 18:05:42-run_all_case.py-Image_warehouse.py-[line:195]-INFO-[日志信息]: 开始执行脚本test_PublicCheckName_False:
Wed, 07 Jul 2021 18:05:42-run_all_case.py-Image_warehouse.py-[line:224]-INFO-[日志信息]: 开始执行脚本test_PublicCheckName_True:
Wed, 07 Jul 2021 18:05:42-run_all_case.py-Image_warehouse.py-[line:253]-INFO-[日志信息]: 开始执行脚本test_PublicUpdate:
Wed, 07 Jul 2021 18:05:42-run_all_case.py-Image_warehouse.py-[line:28]-INFO-[日志信息]: 开始执行脚本test_PublicCreate:
Wed, 07 Jul 2021 18:05:42-run_all_case.py-Image_warehouse.py-[line:284]-INFO-[日志信息]: 开始执行脚本test_PublicUpdate_NotImageName:
Wed, 07 Jul 2021 18:05:42-run_all_case.py-Image_warehouse.py-[line:28]-INFO-[日志信息]: 开始执行脚本test_PublicCreate:
Wed, 07 Jul 2021 18:05:42-run_all_case.py-Image_warehouse.py-[line:315]-INFO-[日志信息]: 开始执行脚本test_PublicUpdate_CacheYes:
Wed, 07 Jul 2021 18:05:42-run_all_case.py-Image_warehouse.py-[line:28]-INFO-[日志信息]: 开始执行脚本test_PublicCreate:
Wed, 07 Jul 2021 18:05:42-run_all_case.py-Image_warehouse.py-[line:346]-INFO-[日志信息]: 开始执行脚本test_PublicUpdate_CacheNo:
Wed, 07 Jul 2021 18:05:42-run_all_case.py-Image_warehouse.py-[line:28]-INFO-[日志信息]: 开始执行脚本test_PublicCreate:
Wed, 07 Jul 2021 18:05:42-run_all_case.py-Image_warehouse.py-[line:376]-INFO-[日志信息]: 开始执行脚本test_PublicStartCache:
Wed, 07 Jul 2021 18:05:42-run_all_case.py-Image_warehouse.py-[line:28]-INFO-[日志信息]: 开始执行脚本test_PublicCreate:
Wed, 07 Jul 2021 18:05:42-run_all_case.py-Image_warehouse.py-[line:406]-INFO-[日志信息]: 开始执行脚本test_PrivateList:
Wed, 07 Jul 2021 18:05:42-run_all_case.py-Image_warehouse.py-[line:435]-INFO-[日志信息]: 开始执行脚本test_PrivateUpdate:
Wed, 07 Jul 2021 18:44:02-run_all_case.py-run_all_case.py-[line:21]-INFO-[日志信息]: ==================================2021-07-07 18:44:02===================================
Wed, 07 Jul 2021 18:44:02-run_all_case.py-Image_warehouse.py-[line:28]-INFO-[日志信息]: 开始执行脚本test_PublicCreate:
Wed, 07 Jul 2021 18:44:03-run_all_case.py-Image_warehouse.py-[line:64]-INFO-[日志信息]: 开始执行脚本test_PublicList:
Wed, 07 Jul 2021 18:44:03-run_all_case.py-Image_warehouse.py-[line:114]-INFO-[日志信息]: 开始执行脚本test_PublicRemoveCache:
Wed, 07 Jul 2021 18:44:03-run_all_case.py-Image_warehouse.py-[line:64]-INFO-[日志信息]: 开始执行脚本test_PublicList:
Wed, 07 Jul 2021 18:44:03-run_all_case.py-Image_warehouse.py-[line:164]-INFO-[日志信息]: 开始执行脚本test_PublicCreate_Cache:
Wed, 07 Jul 2021 18:44:03-run_all_case.py-Image_warehouse.py-[line:195]-INFO-[日志信息]: 开始执行脚本test_PublicCheckName_False:
Wed, 07 Jul 2021 18:44:03-run_all_case.py-Image_warehouse.py-[line:224]-INFO-[日志信息]: 开始执行脚本test_PublicCheckName_True:
Wed, 07 Jul 2021 18:44:03-run_all_case.py-Image_warehouse.py-[line:253]-INFO-[日志信息]: 开始执行脚本test_PublicUpdate:
Wed, 07 Jul 2021 18:44:03-run_all_case.py-Image_warehouse.py-[line:28]-INFO-[日志信息]: 开始执行脚本test_PublicCreate:
Wed, 07 Jul 2021 18:44:03-run_all_case.py-Image_warehouse.py-[line:284]-INFO-[日志信息]: 开始执行脚本test_PublicUpdate_NotImageName:
Wed, 07 Jul 2021 18:44:03-run_all_case.py-Image_warehouse.py-[line:28]-INFO-[日志信息]: 开始执行脚本test_PublicCreate:
Wed, 07 Jul 2021 18:44:03-run_all_case.py-Image_warehouse.py-[line:315]-INFO-[日志信息]: 开始执行脚本test_PublicUpdate_CacheYes:
Wed, 07 Jul 2021 18:44:03-run_all_case.py-Image_warehouse.py-[line:28]-INFO-[日志信息]: 开始执行脚本test_PublicCreate:
Wed, 07 Jul 2021 18:44:03-run_all_case.py-Image_warehouse.py-[line:346]-INFO-[日志信息]: 开始执行脚本test_PublicUpdate_CacheNo:
Wed, 07 Jul 2021 18:44:03-run_all_case.py-Image_warehouse.py-[line:28]-INFO-[日志信息]: 开始执行脚本test_PublicCreate:
Wed, 07 Jul 2021 18:44:03-run_all_case.py-Image_warehouse.py-[line:376]-INFO-[日志信息]: 开始执行脚本test_PublicStartCache:
Wed, 07 Jul 2021 18:44:03-run_all_case.py-Image_warehouse.py-[line:28]-INFO-[日志信息]: 开始执行脚本test_PublicCreate:
Wed, 07 Jul 2021 18:44:03-run_all_case.py-Image_warehouse.py-[line:406]-INFO-[日志信息]: 开始执行脚本test_PrivateList:
Wed, 07 Jul 2021 18:44:03-run_all_case.py-Image_warehouse.py-[line:435]-INFO-[日志信息]: 开始执行脚本test_PrivateUpdate:
Wed, 07 Jul 2021 18:45:45-run_all_case.py-run_all_case.py-[line:21]-INFO-[日志信息]: ==================================2021-07-07 18:45:45===================================
Wed, 07 Jul 2021 18:45:45-run_all_case.py-Image_warehouse.py-[line:28]-INFO-[日志信息]: 开始执行脚本test_PublicCreate:
Wed, 07 Jul 2021 18:45:46-run_all_case.py-Image_warehouse.py-[line:64]-INFO-[日志信息]: 开始执行脚本test_PublicList:
Wed, 07 Jul 2021 18:45:46-run_all_case.py-Image_warehouse.py-[line:114]-INFO-[日志信息]: 开始执行脚本test_PublicRemoveCache:
Wed, 07 Jul 2021 18:45:46-run_all_case.py-Image_warehouse.py-[line:64]-INFO-[日志信息]: 开始执行脚本test_PublicList:
Wed, 07 Jul 2021 18:45:46-run_all_case.py-Image_warehouse.py-[line:164]-INFO-[日志信息]: 开始执行脚本test_PublicCreate_Cache:
Wed, 07 Jul 2021 18:45:46-run_all_case.py-Image_warehouse.py-[line:195]-INFO-[日志信息]: 开始执行脚本test_PublicCheckName_False:
Wed, 07 Jul 2021 18:45:46-run_all_case.py-Image_warehouse.py-[line:224]-INFO-[日志信息]: 开始执行脚本test_PublicCheckName_True:
Wed, 07 Jul 2021 18:45:46-run_all_case.py-Image_warehouse.py-[line:253]-INFO-[日志信息]: 开始执行脚本test_PublicUpdate:
Wed, 07 Jul 2021 18:45:46-run_all_case.py-Image_warehouse.py-[line:28]-INFO-[日志信息]: 开始执行脚本test_PublicCreate:
Wed, 07 Jul 2021 18:45:46-run_all_case.py-Image_warehouse.py-[line:284]-INFO-[日志信息]: 开始执行脚本test_PublicUpdate_NotImageName:
Wed, 07 Jul 2021 18:45:46-run_all_case.py-Image_warehouse.py-[line:28]-INFO-[日志信息]: 开始执行脚本test_PublicCreate:
Wed, 07 Jul 2021 18:45:46-run_all_case.py-Image_warehouse.py-[line:315]-INFO-[日志信息]: 开始执行脚本test_PublicUpdate_CacheYes:
Wed, 07 Jul 2021 18:45:46-run_all_case.py-Image_warehouse.py-[line:28]-INFO-[日志信息]: 开始执行脚本test_PublicCreate:
Wed, 07 Jul 2021 18:45:46-run_all_case.py-Image_warehouse.py-[line:346]-INFO-[日志信息]: 开始执行脚本test_PublicUpdate_CacheNo:
Wed, 07 Jul 2021 18:45:46-run_all_case.py-Image_warehouse.py-[line:28]-INFO-[日志信息]: 开始执行脚本test_PublicCreate:
Wed, 07 Jul 2021 18:45:46-run_all_case.py-Image_warehouse.py-[line:376]-INFO-[日志信息]: 开始执行脚本test_PublicStartCache:
Wed, 07 Jul 2021 18:45:46-run_all_case.py-Image_warehouse.py-[line:28]-INFO-[日志信息]: 开始执行脚本test_PublicCreate:
Wed, 07 Jul 2021 18:45:46-run_all_case.py-Image_warehouse.py-[line:406]-INFO-[日志信息]: 开始执行脚本test_PrivateList:
Wed, 07 Jul 2021 18:45:46-run_all_case.py-Image_warehouse.py-[line:435]-INFO-[日志信息]: 开始执行脚本test_PrivateUpdate:
Wed, 07 Jul 2021 18:50:38-run_all_case.py-run_all_case.py-[line:21]-INFO-[日志信息]: ==================================2021-07-07 18:50:38===================================
Wed, 07 Jul 2021 18:50:39-run_all_case.py-Image_warehouse.py-[line:28]-INFO-[日志信息]: 开始执行脚本test_PublicCreate:
Wed, 07 Jul 2021 18:50:39-run_all_case.py-Image_warehouse.py-[line:64]-INFO-[日志信息]: 开始执行脚本test_PublicList:
Wed, 07 Jul 2021 18:50:39-run_all_case.py-Image_warehouse.py-[line:114]-INFO-[日志信息]: 开始执行脚本test_PublicRemoveCache:
Wed, 07 Jul 2021 18:50:39-run_all_case.py-Image_warehouse.py-[line:64]-INFO-[日志信息]: 开始执行脚本test_PublicList:
Wed, 07 Jul 2021 18:50:39-run_all_case.py-Image_warehouse.py-[line:164]-INFO-[日志信息]: 开始执行脚本test_PublicCreate_Cache:
Wed, 07 Jul 2021 18:50:39-run_all_case.py-Image_warehouse.py-[line:195]-INFO-[日志信息]: 开始执行脚本test_PublicCheckName_False:
Wed, 07 Jul 2021 18:50:39-run_all_case.py-Image_warehouse.py-[line:224]-INFO-[日志信息]: 开始执行脚本test_PublicCheckName_True:
Wed, 07 Jul 2021 18:50:39-run_all_case.py-Image_warehouse.py-[line:253]-INFO-[日志信息]: 开始执行脚本test_PublicUpdate:
Wed, 07 Jul 2021 18:50:39-run_all_case.py-Image_warehouse.py-[line:28]-INFO-[日志信息]: 开始执行脚本test_PublicCreate:
Wed, 07 Jul 2021 18:50:39-run_all_case.py-Image_warehouse.py-[line:284]-INFO-[日志信息]: 开始执行脚本test_PublicUpdate_NotImageName:
Wed, 07 Jul 2021 18:50:39-run_all_case.py-Image_warehouse.py-[line:28]-INFO-[日志信息]: 开始执行脚本test_PublicCreate:
Wed, 07 Jul 2021 18:50:39-run_all_case.py-Image_warehouse.py-[line:315]-INFO-[日志信息]: 开始执行脚本test_PublicUpdate_CacheYes:
Wed, 07 Jul 2021 18:50:39-run_all_case.py-Image_warehouse.py-[line:28]-INFO-[日志信息]: 开始执行脚本test_PublicCreate:
Wed, 07 Jul 2021 18:50:39-run_all_case.py-Image_warehouse.py-[line:346]-INFO-[日志信息]: 开始执行脚本test_PublicUpdate_CacheNo:
Wed, 07 Jul 2021 18:50:39-run_all_case.py-Image_warehouse.py-[line:28]-INFO-[日志信息]: 开始执行脚本test_PublicCreate:
Wed, 07 Jul 2021 18:50:39-run_all_case.py-Image_warehouse.py-[line:376]-INFO-[日志信息]: 开始执行脚本test_PublicStartCache:
Wed, 07 Jul 2021 18:50:39-run_all_case.py-Image_warehouse.py-[line:28]-INFO-[日志信息]: 开始执行脚本test_PublicCreate:
Wed, 07 Jul 2021 18:50:39-run_all_case.py-Image_warehouse.py-[line:406]-INFO-[日志信息]: 开始执行脚本test_PrivateList:
Wed, 07 Jul 2021 18:50:39-run_all_case.py-Image_warehouse.py-[line:435]-INFO-[日志信息]: 开始执行脚本test_PrivateUpdate:
Wed, 07 Jul 2021 18:51:19-run_all_case.py-run_all_case.py-[line:21]-INFO-[日志信息]: ==================================2021-07-07 18:51:19===================================
Wed, 07 Jul 2021 18:51:19-run_all_case.py-Image_warehouse.py-[line:28]-INFO-[日志信息]: 开始执行脚本test_PublicCreate:
Wed, 07 Jul 2021 18:51:19-run_all_case.py-Image_warehouse.py-[line:64]-INFO-[日志信息]: 开始执行脚本test_PublicList:
Wed, 07 Jul 2021 18:51:19-run_all_case.py-Image_warehouse.py-[line:114]-INFO-[日志信息]: 开始执行脚本test_PublicRemoveCache:
Wed, 07 Jul 2021 18:51:19-run_all_case.py-Image_warehouse.py-[line:64]-INFO-[日志信息]: 开始执行脚本test_PublicList:
Wed, 07 Jul 2021 18:51:20-run_all_case.py-Image_warehouse.py-[line:164]-INFO-[日志信息]: 开始执行脚本test_PublicCreate_Cache:
Wed, 07 Jul 2021 18:51:20-run_all_case.py-Image_warehouse.py-[line:195]-INFO-[日志信息]: 开始执行脚本test_PublicCheckName_False:
Wed, 07 Jul 2021 18:51:20-run_all_case.py-Image_warehouse.py-[line:224]-INFO-[日志信息]: 开始执行脚本test_PublicCheckName_True:
Wed, 07 Jul 2021 18:51:20-run_all_case.py-Image_warehouse.py-[line:253]-INFO-[日志信息]: 开始执行脚本test_PublicUpdate:
Wed, 07 Jul 2021 18:51:20-run_all_case.py-Image_warehouse.py-[line:28]-INFO-[日志信息]: 开始执行脚本test_PublicCreate:
Wed, 07 Jul 2021 18:51:20-run_all_case.py-Image_warehouse.py-[line:284]-INFO-[日志信息]: 开始执行脚本test_PublicUpdate_NotImageName:
Wed, 07 Jul 2021 18:51:20-run_all_case.py-Image_warehouse.py-[line:28]-INFO-[日志信息]: 开始执行脚本test_PublicCreate:
Wed, 07 Jul 2021 18:51:20-run_all_case.py-Image_warehouse.py-[line:315]-INFO-[日志信息]: 开始执行脚本test_PublicUpdate_CacheYes:
Wed, 07 Jul 2021 18:51:20-run_all_case.py-Image_warehouse.py-[line:28]-INFO-[日志信息]: 开始执行脚本test_PublicCreate:
Wed, 07 Jul 2021 18:51:20-run_all_case.py-Image_warehouse.py-[line:346]-INFO-[日志信息]: 开始执行脚本test_PublicUpdate_CacheNo:
Wed, 07 Jul 2021 18:51:20-run_all_case.py-Image_warehouse.py-[line:28]-INFO-[日志信息]: 开始执行脚本test_PublicCreate:
Wed, 07 Jul 2021 18:51:20-run_all_case.py-Image_warehouse.py-[line:376]-INFO-[日志信息]: 开始执行脚本test_PublicStartCache:
Wed, 07 Jul 2021 18:51:20-run_all_case.py-Image_warehouse.py-[line:28]-INFO-[日志信息]: 开始执行脚本test_PublicCreate:
Wed, 07 Jul 2021 18:51:20-run_all_case.py-Image_warehouse.py-[line:406]-INFO-[日志信息]: 开始执行脚本test_PrivateList:
Wed, 07 Jul 2021 18:51:20-run_all_case.py-Image_warehouse.py-[line:435]-INFO-[日志信息]: 开始执行脚本test_PrivateUpdate:
