Tue, 11 May 2021 19:20:11-__main__-logs.py-[line:66]-DEBUG-[日志信息]: I am a debug message
Tue, 11 May 2021 19:20:11-__main__-logs.py-[line:67]-INFO-[日志信息]: I am a info message
Tue, 11 May 2021 19:20:11-__main__-logs.py-[line:68]-WARNING-[日志信息]: I am a warning message
Tue, 11 May 2021 19:20:11-__main__-logs.py-[line:69]-ERROR-[日志信息]: I am a error message
Tue, 11 May 2021 19:20:11-__main__-logs.py-[line:70]-CRITICAL-[日志信息]: I am a critical message
Tue, 11 May 2021 19:21:37-__main__-logs.py-[line:66]-DEBUG-[日志信息]: I am a debug message
Tue, 11 May 2021 19:21:37-__main__-logs.py-[line:67]-INFO-[日志信息]: I am a info message
Tue, 11 May 2021 19:21:37-__main__-logs.py-[line:68]-WARNING-[日志信息]: I am a warning message
Tue, 11 May 2021 19:21:37-__main__-logs.py-[line:69]-ERROR-[日志信息]: I am a error message
Tue, 11 May 2021 19:21:37-__main__-logs.py-[line:70]-CRITICAL-[日志信息]: I am a critical message
Tue, 11 May 2021 19:22:50-__main__-logs.py-[line:66]-DEBUG-[日志信息]: I am a debug message
Tue, 11 May 2021 19:22:50-__main__-logs.py-[line:67]-INFO-[日志信息]: I am a info message
Tue, 11 May 2021 19:22:50-__main__-logs.py-[line:68]-WARNING-[日志信息]: I am a warning message
Tue, 11 May 2021 19:22:50-__main__-logs.py-[line:69]-ERROR-[日志信息]: I am a error message
Tue, 11 May 2021 19:22:50-__main__-logs.py-[line:70]-CRITICAL-[日志信息]: I am a critical message
Tue, 11 May 2021 19:23:11-__main__-logs.py-[line:66]-DEBUG-[日志信息]: I am a debug message
Tue, 11 May 2021 19:23:11-__main__-logs.py-[line:67]-INFO-[日志信息]: I am a info message
Tue, 11 May 2021 19:23:11-__main__-logs.py-[line:68]-WARNING-[日志信息]: I am a warning message
Tue, 11 May 2021 19:23:11-__main__-logs.py-[line:69]-ERROR-[日志信息]: I am a error message
Tue, 11 May 2021 19:23:11-__main__-logs.py-[line:70]-CRITICAL-[日志信息]: I am a critical message
