Fri, 19 Nov 2021 15:39:11-pytest-Register_case.py-[line:30]-INFO-[日志信息]: 开始执行脚本test_Register：

Fri, 19 Nov 2021 15:39:11-test_Register-Assert.py-[line:30]-INFO-[日志信息]: statusCode true, expected_code is 200, statusCode is 200 
Fri, 19 Nov 2021 15:39:11-test_Register-Assert.py-[line:47]-INFO-[日志信息]: Response body msg == expected_msg, expected_msg is ,body_msg is  
Fri, 19 Nov 2021 15:39:11-pytest-Register_case.py-[line:60]-INFO-[日志信息]: 开始执行脚本test_No_Num：

Fri, 19 Nov 2021 15:39:12-test_No_Num-Assert.py-[line:30]-INFO-[日志信息]: statusCode true, expected_code is 200, statusCode is 200 
Fri, 19 Nov 2021 15:39:12-test_No_Num-Assert.py-[line:47]-INFO-[日志信息]: Response body msg == expected_msg, expected_msg is 请求参数错误,body_msg is 请求参数错误 
Fri, 19 Nov 2021 15:39:12-pytest-Register_case.py-[line:85]-INFO-[日志信息]: 开始执行脚本test_Wrong_Num：

Fri, 19 Nov 2021 15:39:12-test_Wrong_Num-Assert.py-[line:30]-INFO-[日志信息]: statusCode true, expected_code is 200, statusCode is 200 
Fri, 19 Nov 2021 15:39:12-test_Wrong_Num-Assert.py-[line:47]-INFO-[日志信息]: Response body msg == expected_msg, expected_msg is 手机号格式错误,body_msg is 手机号格式错误 
Fri, 19 Nov 2021 15:39:12-pytest-Register_case.py-[line:110]-INFO-[日志信息]: 开始执行脚本test_Illegal_Character：

Fri, 19 Nov 2021 15:39:12-test_Illegal_Character-Assert.py-[line:30]-INFO-[日志信息]: statusCode true, expected_code is 200, statusCode is 200 
Fri, 19 Nov 2021 15:39:12-test_Illegal_Character-Assert.py-[line:47]-INFO-[日志信息]: Response body msg == expected_msg, expected_msg is 手机号格式错误,body_msg is 手机号格式错误 
Fri, 19 Nov 2021 15:39:12-pytest-Register_case.py-[line:135]-INFO-[日志信息]: 开始执行脚本test_Registered_Num：

Fri, 19 Nov 2021 15:39:12-test_Registered_Num-Assert.py-[line:30]-INFO-[日志信息]: statusCode true, expected_code is 200, statusCode is 200 
Fri, 19 Nov 2021 15:39:12-test_Registered_Num-Assert.py-[line:50]-ERROR-[日志信息]: Response body msg != expected_msg, expected_msg is 手机号已注册，请登录,body_msg is 手机号已注册 
Fri, 19 Nov 2021 15:39:12-pytest-Register_case.py-[line:160]-INFO-[日志信息]: 开始执行脚本test_Pwd_Error：

Fri, 19 Nov 2021 15:39:13-test_Pwd_Error-Assert.py-[line:30]-INFO-[日志信息]: statusCode true, expected_code is 200, statusCode is 200 
Fri, 19 Nov 2021 15:39:13-test_Pwd_Error-Assert.py-[line:47]-INFO-[日志信息]: Response body msg == expected_msg, expected_msg is ,body_msg is  
Fri, 19 Nov 2021 15:39:13-pytest-Register_case.py-[line:186]-INFO-[日志信息]: 开始执行脚本test_Pwd_No_Capitalization：

Fri, 19 Nov 2021 15:39:13-test_Pwd_No_Capitalization-Assert.py-[line:30]-INFO-[日志信息]: statusCode true, expected_code is 200, statusCode is 200 
Fri, 19 Nov 2021 15:39:13-test_Pwd_No_Capitalization-Assert.py-[line:47]-INFO-[日志信息]: Response body msg == expected_msg, expected_msg is ,body_msg is  
Fri, 19 Nov 2021 15:39:13-pytest-Register_case.py-[line:212]-INFO-[日志信息]: 开始执行脚本test_No_Pwd：

Fri, 19 Nov 2021 15:39:13-test_No_Pwd-Assert.py-[line:30]-INFO-[日志信息]: statusCode true, expected_code is 200, statusCode is 200 
Fri, 19 Nov 2021 15:39:13-test_No_Pwd-Assert.py-[line:47]-INFO-[日志信息]: Response body msg == expected_msg, expected_msg is 请求参数错误,body_msg is 请求参数错误 
Fri, 19 Nov 2021 15:39:13-pytest-Register_case.py-[line:237]-INFO-[日志信息]: 开始执行脚本test_CodeError：

Fri, 19 Nov 2021 15:39:13-test_CodeError-Assert.py-[line:30]-INFO-[日志信息]: statusCode true, expected_code is 200, statusCode is 200 
Fri, 19 Nov 2021 15:39:13-test_CodeError-Assert.py-[line:47]-INFO-[日志信息]: Response body msg == expected_msg, expected_msg is 验证码无效，请重新获取,body_msg is 验证码无效，请重新获取 
Fri, 19 Nov 2021 15:39:13-pytest-Register_case.py-[line:265]-INFO-[日志信息]: 开始执行脚本test_No_Code：

Fri, 19 Nov 2021 15:39:13-test_No_Code-Assert.py-[line:30]-INFO-[日志信息]: statusCode true, expected_code is 200, statusCode is 200 
Fri, 19 Nov 2021 15:39:13-test_No_Code-Assert.py-[line:47]-INFO-[日志信息]: Response body msg == expected_msg, expected_msg is 请求参数错误,body_msg is 请求参数错误 
