Wed, 09 Jun 2021 17:16:57-run_all_case.py-run_all_case.py-[line:21]-INFO-[日志信息]: ==================================2021-06-09 17:16:57===================================
Wed, 09 Jun 2021 17:16:57-run_all_case.py-Image_warehouse.py-[line:25]-INFO-[日志信息]: 开始执行脚本test_PublicCreate:
Wed, 09 Jun 2021 17:16:57-run_all_case.py-Assert.py-[line:23]-INFO-[日志信息]: > http status_code pass!
Wed, 09 Jun 2021 17:16:57-run_all_case.py-Assert.py-[line:28]-INFO-[日志信息]: > backend response test pass!

Wed, 09 Jun 2021 17:16:57-run_all_case.py-Image_warehouse.py-[line:55]-INFO-[日志信息]: 开始执行脚本test_PublicList:
Wed, 09 Jun 2021 17:16:57-run_all_case.py-Assert.py-[line:23]-INFO-[日志信息]: > http status_code pass!
Wed, 09 Jun 2021 17:16:57-run_all_case.py-Assert.py-[line:28]-INFO-[日志信息]: > backend response test pass!

Wed, 09 Jun 2021 17:16:57-run_all_case.py-Image_warehouse.py-[line:109]-INFO-[日志信息]: 开始执行脚本test_PublicCreate_Cache:
Wed, 09 Jun 2021 17:16:57-run_all_case.py-Assert.py-[line:23]-INFO-[日志信息]: > http status_code pass!
Wed, 09 Jun 2021 17:16:57-run_all_case.py-Assert.py-[line:28]-INFO-[日志信息]: > backend response test pass!

Wed, 09 Jun 2021 17:16:57-run_all_case.py-Image_warehouse.py-[line:134]-INFO-[日志信息]: 开始执行脚本test_PublicCheckName_False:
Wed, 09 Jun 2021 17:16:57-run_all_case.py-Assert.py-[line:23]-INFO-[日志信息]: > http status_code pass!
Wed, 09 Jun 2021 17:16:57-run_all_case.py-Assert.py-[line:28]-INFO-[日志信息]: > backend response test pass!

Wed, 09 Jun 2021 17:16:57-run_all_case.py-Image_warehouse.py-[line:157]-INFO-[日志信息]: 开始执行脚本test_PublicCheckName_True:
Wed, 09 Jun 2021 17:16:58-run_all_case.py-Assert.py-[line:23]-INFO-[日志信息]: > http status_code pass!
Wed, 09 Jun 2021 17:16:58-run_all_case.py-Assert.py-[line:28]-INFO-[日志信息]: > backend response test pass!

Wed, 09 Jun 2021 17:16:58-run_all_case.py-Image_warehouse.py-[line:180]-INFO-[日志信息]: 开始执行脚本test_PublicUpdate:
Wed, 09 Jun 2021 17:16:58-run_all_case.py-Image_warehouse.py-[line:25]-INFO-[日志信息]: 开始执行脚本test_PublicCreate:
Wed, 09 Jun 2021 17:16:58-run_all_case.py-Assert.py-[line:23]-INFO-[日志信息]: > http status_code pass!
Wed, 09 Jun 2021 17:16:58-run_all_case.py-Assert.py-[line:28]-INFO-[日志信息]: > backend response test pass!

Wed, 09 Jun 2021 17:16:58-run_all_case.py-Image_warehouse.py-[line:55]-INFO-[日志信息]: 开始执行脚本test_PublicList:
Wed, 09 Jun 2021 17:16:58-run_all_case.py-Assert.py-[line:23]-INFO-[日志信息]: > http status_code pass!
Wed, 09 Jun 2021 17:16:58-run_all_case.py-Assert.py-[line:28]-INFO-[日志信息]: > backend response test pass!

Wed, 09 Jun 2021 17:16:58-run_all_case.py-Assert.py-[line:23]-INFO-[日志信息]: > http status_code pass!
Wed, 09 Jun 2021 17:16:58-run_all_case.py-Assert.py-[line:28]-INFO-[日志信息]: > backend response test pass!

Wed, 09 Jun 2021 17:16:58-run_all_case.py-Image_warehouse.py-[line:205]-INFO-[日志信息]: 开始执行脚本test_PublicUpdate_NotImageName:
Wed, 09 Jun 2021 17:16:58-run_all_case.py-Image_warehouse.py-[line:25]-INFO-[日志信息]: 开始执行脚本test_PublicCreate:
Wed, 09 Jun 2021 17:16:58-run_all_case.py-Assert.py-[line:23]-INFO-[日志信息]: > http status_code pass!
Wed, 09 Jun 2021 17:16:58-run_all_case.py-Assert.py-[line:28]-INFO-[日志信息]: > backend response test pass!

Wed, 09 Jun 2021 17:16:58-run_all_case.py-Image_warehouse.py-[line:55]-INFO-[日志信息]: 开始执行脚本test_PublicList:
Wed, 09 Jun 2021 17:16:58-run_all_case.py-Assert.py-[line:23]-INFO-[日志信息]: > http status_code pass!
Wed, 09 Jun 2021 17:16:58-run_all_case.py-Assert.py-[line:28]-INFO-[日志信息]: > backend response test pass!

Wed, 09 Jun 2021 17:16:58-run_all_case.py-Assert.py-[line:23]-INFO-[日志信息]: > http status_code pass!
Wed, 09 Jun 2021 17:16:58-run_all_case.py-Assert.py-[line:28]-INFO-[日志信息]: > backend response test pass!

Wed, 09 Jun 2021 17:16:58-run_all_case.py-Image_warehouse.py-[line:230]-INFO-[日志信息]: 开始执行脚本test_PublicUpdate_CacheYes:
Wed, 09 Jun 2021 17:16:58-run_all_case.py-Image_warehouse.py-[line:25]-INFO-[日志信息]: 开始执行脚本test_PublicCreate:
Wed, 09 Jun 2021 17:16:58-run_all_case.py-Assert.py-[line:23]-INFO-[日志信息]: > http status_code pass!
Wed, 09 Jun 2021 17:16:58-run_all_case.py-Assert.py-[line:28]-INFO-[日志信息]: > backend response test pass!

Wed, 09 Jun 2021 17:16:58-run_all_case.py-Image_warehouse.py-[line:55]-INFO-[日志信息]: 开始执行脚本test_PublicList:
Wed, 09 Jun 2021 17:16:58-run_all_case.py-Assert.py-[line:23]-INFO-[日志信息]: > http status_code pass!
Wed, 09 Jun 2021 17:16:58-run_all_case.py-Assert.py-[line:28]-INFO-[日志信息]: > backend response test pass!

Wed, 09 Jun 2021 17:16:58-run_all_case.py-Assert.py-[line:23]-INFO-[日志信息]: > http status_code pass!
Wed, 09 Jun 2021 17:16:58-run_all_case.py-Assert.py-[line:28]-INFO-[日志信息]: > backend response test pass!

Wed, 09 Jun 2021 17:16:58-run_all_case.py-Image_warehouse.py-[line:255]-INFO-[日志信息]: 开始执行脚本test_PublicUpdate_CacheNo:
Wed, 09 Jun 2021 17:16:58-run_all_case.py-Image_warehouse.py-[line:25]-INFO-[日志信息]: 开始执行脚本test_PublicCreate:
Wed, 09 Jun 2021 17:16:58-run_all_case.py-Assert.py-[line:23]-INFO-[日志信息]: > http status_code pass!
Wed, 09 Jun 2021 17:16:58-run_all_case.py-Assert.py-[line:28]-INFO-[日志信息]: > backend response test pass!

Wed, 09 Jun 2021 17:16:58-run_all_case.py-Image_warehouse.py-[line:55]-INFO-[日志信息]: 开始执行脚本test_PublicList:
Wed, 09 Jun 2021 17:16:58-run_all_case.py-Assert.py-[line:23]-INFO-[日志信息]: > http status_code pass!
Wed, 09 Jun 2021 17:16:58-run_all_case.py-Assert.py-[line:28]-INFO-[日志信息]: > backend response test pass!

Wed, 09 Jun 2021 17:16:58-run_all_case.py-Assert.py-[line:23]-INFO-[日志信息]: > http status_code pass!
Wed, 09 Jun 2021 17:16:58-run_all_case.py-Assert.py-[line:28]-INFO-[日志信息]: > backend response test pass!

Wed, 09 Jun 2021 17:16:58-run_all_case.py-Image_warehouse.py-[line:279]-INFO-[日志信息]: 开始执行脚本test_PublicStartCache:
Wed, 09 Jun 2021 17:16:58-run_all_case.py-Image_warehouse.py-[line:25]-INFO-[日志信息]: 开始执行脚本test_PublicCreate:
Wed, 09 Jun 2021 17:16:58-run_all_case.py-Assert.py-[line:23]-INFO-[日志信息]: > http status_code pass!
Wed, 09 Jun 2021 17:16:58-run_all_case.py-Assert.py-[line:28]-INFO-[日志信息]: > backend response test pass!

Wed, 09 Jun 2021 17:16:58-run_all_case.py-Image_warehouse.py-[line:55]-INFO-[日志信息]: 开始执行脚本test_PublicList:
Wed, 09 Jun 2021 17:16:58-run_all_case.py-Assert.py-[line:23]-INFO-[日志信息]: > http status_code pass!
Wed, 09 Jun 2021 17:16:58-run_all_case.py-Assert.py-[line:28]-INFO-[日志信息]: > backend response test pass!

Wed, 09 Jun 2021 17:16:58-run_all_case.py-Assert.py-[line:23]-INFO-[日志信息]: > http status_code pass!
Wed, 09 Jun 2021 17:16:58-run_all_case.py-Assert.py-[line:28]-INFO-[日志信息]: > backend response test pass!

Wed, 09 Jun 2021 17:16:58-run_all_case.py-Image_warehouse.py-[line:301]-INFO-[日志信息]: 开始执行脚本test_PublicRemoveCache:
Wed, 09 Jun 2021 17:16:58-run_all_case.py-Image_warehouse.py-[line:25]-INFO-[日志信息]: 开始执行脚本test_PublicCreate:
Wed, 09 Jun 2021 17:16:58-run_all_case.py-Assert.py-[line:23]-INFO-[日志信息]: > http status_code pass!
Wed, 09 Jun 2021 17:16:58-run_all_case.py-Assert.py-[line:28]-INFO-[日志信息]: > backend response test pass!

Wed, 09 Jun 2021 17:16:58-run_all_case.py-Image_warehouse.py-[line:55]-INFO-[日志信息]: 开始执行脚本test_PublicList:
Wed, 09 Jun 2021 17:16:58-run_all_case.py-Assert.py-[line:23]-INFO-[日志信息]: > http status_code pass!
Wed, 09 Jun 2021 17:16:58-run_all_case.py-Assert.py-[line:28]-INFO-[日志信息]: > backend response test pass!

Wed, 09 Jun 2021 17:16:58-run_all_case.py-Assert.py-[line:23]-INFO-[日志信息]: > http status_code pass!
Wed, 09 Jun 2021 17:16:59-run_all_case.py-Image_warehouse.py-[line:323]-INFO-[日志信息]: 开始执行脚本test_PrivateList:
Wed, 09 Jun 2021 17:16:59-run_all_case.py-Assert.py-[line:23]-INFO-[日志信息]: > http status_code pass!
Wed, 09 Jun 2021 17:16:59-run_all_case.py-Assert.py-[line:28]-INFO-[日志信息]: > backend response test pass!

Wed, 09 Jun 2021 17:16:59-run_all_case.py-Image_warehouse.py-[line:346]-INFO-[日志信息]: 开始执行脚本test_PrivateUpdate:
Wed, 09 Jun 2021 17:16:59-run_all_case.py-Assert.py-[line:23]-INFO-[日志信息]: > http status_code pass!
Wed, 09 Jun 2021 18:06:49-_jb_pytest_runner.py-Assert.py-[line:23]-INFO-[日志信息]: > http status_code pass!
Wed, 09 Jun 2021 18:06:49-_jb_pytest_runner.py-Assert.py-[line:28]-INFO-[日志信息]: > backend response test pass!

Wed, 09 Jun 2021 18:14:01-_jb_pytest_runner.py-Assert.py-[line:23]-INFO-[日志信息]: > http status_code pass!
Wed, 09 Jun 2021 19:28:03-_jb_pytest_runner.py-Image_warehouse.py-[line:25]-INFO-[日志信息]: 开始执行脚本test_PublicCreate:
Wed, 09 Jun 2021 19:28:04-_jb_pytest_runner.py-Image_warehouse.py-[line:55]-INFO-[日志信息]: 开始执行脚本test_PublicList:
Wed, 09 Jun 2021 19:28:04-_jb_pytest_runner.py-Image_warehouse.py-[line:109]-INFO-[日志信息]: 开始执行脚本test_PublicCreate_Cache:
Wed, 09 Jun 2021 19:28:04-_jb_pytest_runner.py-Image_warehouse.py-[line:134]-INFO-[日志信息]: 开始执行脚本test_PublicCheckName_False:
Wed, 09 Jun 2021 19:28:04-_jb_pytest_runner.py-Image_warehouse.py-[line:157]-INFO-[日志信息]: 开始执行脚本test_PublicCheckName_True:
Wed, 09 Jun 2021 19:28:04-_jb_pytest_runner.py-Image_warehouse.py-[line:180]-INFO-[日志信息]: 开始执行脚本test_PublicUpdate:
Wed, 09 Jun 2021 19:28:04-_jb_pytest_runner.py-Image_warehouse.py-[line:25]-INFO-[日志信息]: 开始执行脚本test_PublicCreate:
Wed, 09 Jun 2021 19:28:04-_jb_pytest_runner.py-Image_warehouse.py-[line:205]-INFO-[日志信息]: 开始执行脚本test_PublicUpdate_NotImageName:
Wed, 09 Jun 2021 19:28:04-_jb_pytest_runner.py-Image_warehouse.py-[line:25]-INFO-[日志信息]: 开始执行脚本test_PublicCreate:
Wed, 09 Jun 2021 19:28:04-_jb_pytest_runner.py-Image_warehouse.py-[line:230]-INFO-[日志信息]: 开始执行脚本test_PublicUpdate_CacheYes:
Wed, 09 Jun 2021 19:28:04-_jb_pytest_runner.py-Image_warehouse.py-[line:25]-INFO-[日志信息]: 开始执行脚本test_PublicCreate:
Wed, 09 Jun 2021 19:28:04-_jb_pytest_runner.py-Image_warehouse.py-[line:255]-INFO-[日志信息]: 开始执行脚本test_PublicUpdate_CacheNo:
Wed, 09 Jun 2021 19:28:04-_jb_pytest_runner.py-Image_warehouse.py-[line:25]-INFO-[日志信息]: 开始执行脚本test_PublicCreate:
Wed, 09 Jun 2021 19:28:04-_jb_pytest_runner.py-Image_warehouse.py-[line:279]-INFO-[日志信息]: 开始执行脚本test_PublicStartCache:
Wed, 09 Jun 2021 19:28:04-_jb_pytest_runner.py-Image_warehouse.py-[line:25]-INFO-[日志信息]: 开始执行脚本test_PublicCreate:
Wed, 09 Jun 2021 19:28:04-_jb_pytest_runner.py-Image_warehouse.py-[line:301]-INFO-[日志信息]: 开始执行脚本test_PublicRemoveCache:
Wed, 09 Jun 2021 19:28:04-_jb_pytest_runner.py-Image_warehouse.py-[line:25]-INFO-[日志信息]: 开始执行脚本test_PublicCreate:
Wed, 09 Jun 2021 19:28:04-_jb_pytest_runner.py-Image_warehouse.py-[line:323]-INFO-[日志信息]: 开始执行脚本test_PrivateList:
Wed, 09 Jun 2021 19:28:04-_jb_pytest_runner.py-Image_warehouse.py-[line:346]-INFO-[日志信息]: 开始执行脚本test_PrivateUpdate:
Wed, 09 Jun 2021 19:28:41-_jb_pytest_runner.py-Image_warehouse.py-[line:25]-INFO-[日志信息]: 开始执行脚本test_PublicCreate:
Wed, 09 Jun 2021 19:28:41-_jb_pytest_runner.py-Assert.py-[line:23]-INFO-[日志信息]: > http status_code pass!
Wed, 09 Jun 2021 19:28:41-_jb_pytest_runner.py-Assert.py-[line:28]-INFO-[日志信息]: > backend response test pass!

Wed, 09 Jun 2021 19:28:41-_jb_pytest_runner.py-Image_warehouse.py-[line:55]-INFO-[日志信息]: 开始执行脚本test_PublicList:
Wed, 09 Jun 2021 19:28:42-_jb_pytest_runner.py-Assert.py-[line:23]-INFO-[日志信息]: > http status_code pass!
Wed, 09 Jun 2021 19:28:42-_jb_pytest_runner.py-Assert.py-[line:28]-INFO-[日志信息]: > backend response test pass!

Wed, 09 Jun 2021 19:28:42-_jb_pytest_runner.py-Image_warehouse.py-[line:109]-INFO-[日志信息]: 开始执行脚本test_PublicCreate_Cache:
Wed, 09 Jun 2021 19:28:42-_jb_pytest_runner.py-Assert.py-[line:23]-INFO-[日志信息]: > http status_code pass!
Wed, 09 Jun 2021 19:28:42-_jb_pytest_runner.py-Assert.py-[line:28]-INFO-[日志信息]: > backend response test pass!

Wed, 09 Jun 2021 19:28:42-_jb_pytest_runner.py-Image_warehouse.py-[line:134]-INFO-[日志信息]: 开始执行脚本test_PublicCheckName_False:
Wed, 09 Jun 2021 19:28:42-_jb_pytest_runner.py-Assert.py-[line:23]-INFO-[日志信息]: > http status_code pass!
Wed, 09 Jun 2021 19:28:42-_jb_pytest_runner.py-Assert.py-[line:28]-INFO-[日志信息]: > backend response test pass!

Wed, 09 Jun 2021 19:28:42-_jb_pytest_runner.py-Image_warehouse.py-[line:157]-INFO-[日志信息]: 开始执行脚本test_PublicCheckName_True:
Wed, 09 Jun 2021 19:28:42-_jb_pytest_runner.py-Assert.py-[line:23]-INFO-[日志信息]: > http status_code pass!
Wed, 09 Jun 2021 19:28:42-_jb_pytest_runner.py-Assert.py-[line:28]-INFO-[日志信息]: > backend response test pass!

Wed, 09 Jun 2021 19:28:42-_jb_pytest_runner.py-Image_warehouse.py-[line:180]-INFO-[日志信息]: 开始执行脚本test_PublicUpdate:
Wed, 09 Jun 2021 19:28:42-_jb_pytest_runner.py-Image_warehouse.py-[line:25]-INFO-[日志信息]: 开始执行脚本test_PublicCreate:
Wed, 09 Jun 2021 19:28:42-_jb_pytest_runner.py-Assert.py-[line:23]-INFO-[日志信息]: > http status_code pass!
Wed, 09 Jun 2021 19:28:42-_jb_pytest_runner.py-Assert.py-[line:28]-INFO-[日志信息]: > backend response test pass!

Wed, 09 Jun 2021 19:28:42-_jb_pytest_runner.py-Image_warehouse.py-[line:55]-INFO-[日志信息]: 开始执行脚本test_PublicList:
Wed, 09 Jun 2021 19:28:42-_jb_pytest_runner.py-Assert.py-[line:23]-INFO-[日志信息]: > http status_code pass!
Wed, 09 Jun 2021 19:28:42-_jb_pytest_runner.py-Assert.py-[line:28]-INFO-[日志信息]: > backend response test pass!

Wed, 09 Jun 2021 19:28:42-_jb_pytest_runner.py-Assert.py-[line:23]-INFO-[日志信息]: > http status_code pass!
Wed, 09 Jun 2021 19:28:42-_jb_pytest_runner.py-Assert.py-[line:28]-INFO-[日志信息]: > backend response test pass!

Wed, 09 Jun 2021 19:28:42-_jb_pytest_runner.py-Image_warehouse.py-[line:205]-INFO-[日志信息]: 开始执行脚本test_PublicUpdate_NotImageName:
Wed, 09 Jun 2021 19:28:42-_jb_pytest_runner.py-Image_warehouse.py-[line:25]-INFO-[日志信息]: 开始执行脚本test_PublicCreate:
Wed, 09 Jun 2021 19:28:42-_jb_pytest_runner.py-Assert.py-[line:23]-INFO-[日志信息]: > http status_code pass!
Wed, 09 Jun 2021 19:28:42-_jb_pytest_runner.py-Assert.py-[line:28]-INFO-[日志信息]: > backend response test pass!

Wed, 09 Jun 2021 19:28:42-_jb_pytest_runner.py-Image_warehouse.py-[line:55]-INFO-[日志信息]: 开始执行脚本test_PublicList:
Wed, 09 Jun 2021 19:28:42-_jb_pytest_runner.py-Assert.py-[line:23]-INFO-[日志信息]: > http status_code pass!
Wed, 09 Jun 2021 19:28:42-_jb_pytest_runner.py-Assert.py-[line:28]-INFO-[日志信息]: > backend response test pass!

Wed, 09 Jun 2021 19:28:42-_jb_pytest_runner.py-Assert.py-[line:23]-INFO-[日志信息]: > http status_code pass!
Wed, 09 Jun 2021 19:28:42-_jb_pytest_runner.py-Assert.py-[line:28]-INFO-[日志信息]: > backend response test pass!

Wed, 09 Jun 2021 19:28:42-_jb_pytest_runner.py-Image_warehouse.py-[line:230]-INFO-[日志信息]: 开始执行脚本test_PublicUpdate_CacheYes:
Wed, 09 Jun 2021 19:28:42-_jb_pytest_runner.py-Image_warehouse.py-[line:25]-INFO-[日志信息]: 开始执行脚本test_PublicCreate:
Wed, 09 Jun 2021 19:28:42-_jb_pytest_runner.py-Assert.py-[line:23]-INFO-[日志信息]: > http status_code pass!
Wed, 09 Jun 2021 19:28:42-_jb_pytest_runner.py-Assert.py-[line:28]-INFO-[日志信息]: > backend response test pass!

Wed, 09 Jun 2021 19:28:42-_jb_pytest_runner.py-Image_warehouse.py-[line:55]-INFO-[日志信息]: 开始执行脚本test_PublicList:
Wed, 09 Jun 2021 19:28:42-_jb_pytest_runner.py-Assert.py-[line:23]-INFO-[日志信息]: > http status_code pass!
Wed, 09 Jun 2021 19:28:42-_jb_pytest_runner.py-Assert.py-[line:28]-INFO-[日志信息]: > backend response test pass!

Wed, 09 Jun 2021 19:28:42-_jb_pytest_runner.py-Assert.py-[line:23]-INFO-[日志信息]: > http status_code pass!
Wed, 09 Jun 2021 19:28:42-_jb_pytest_runner.py-Assert.py-[line:28]-INFO-[日志信息]: > backend response test pass!

Wed, 09 Jun 2021 19:28:42-_jb_pytest_runner.py-Image_warehouse.py-[line:255]-INFO-[日志信息]: 开始执行脚本test_PublicUpdate_CacheNo:
Wed, 09 Jun 2021 19:28:42-_jb_pytest_runner.py-Image_warehouse.py-[line:25]-INFO-[日志信息]: 开始执行脚本test_PublicCreate:
Wed, 09 Jun 2021 19:28:42-_jb_pytest_runner.py-Assert.py-[line:23]-INFO-[日志信息]: > http status_code pass!
Wed, 09 Jun 2021 19:28:42-_jb_pytest_runner.py-Assert.py-[line:28]-INFO-[日志信息]: > backend response test pass!

Wed, 09 Jun 2021 19:28:42-_jb_pytest_runner.py-Image_warehouse.py-[line:55]-INFO-[日志信息]: 开始执行脚本test_PublicList:
Wed, 09 Jun 2021 19:28:42-_jb_pytest_runner.py-Assert.py-[line:23]-INFO-[日志信息]: > http status_code pass!
Wed, 09 Jun 2021 19:28:42-_jb_pytest_runner.py-Assert.py-[line:28]-INFO-[日志信息]: > backend response test pass!

Wed, 09 Jun 2021 19:28:42-_jb_pytest_runner.py-Assert.py-[line:23]-INFO-[日志信息]: > http status_code pass!
Wed, 09 Jun 2021 19:28:42-_jb_pytest_runner.py-Assert.py-[line:28]-INFO-[日志信息]: > backend response test pass!

Wed, 09 Jun 2021 19:28:42-_jb_pytest_runner.py-Image_warehouse.py-[line:279]-INFO-[日志信息]: 开始执行脚本test_PublicStartCache:
Wed, 09 Jun 2021 19:28:42-_jb_pytest_runner.py-Image_warehouse.py-[line:25]-INFO-[日志信息]: 开始执行脚本test_PublicCreate:
Wed, 09 Jun 2021 19:28:42-_jb_pytest_runner.py-Assert.py-[line:23]-INFO-[日志信息]: > http status_code pass!
Wed, 09 Jun 2021 19:28:42-_jb_pytest_runner.py-Assert.py-[line:28]-INFO-[日志信息]: > backend response test pass!

Wed, 09 Jun 2021 19:28:42-_jb_pytest_runner.py-Image_warehouse.py-[line:55]-INFO-[日志信息]: 开始执行脚本test_PublicList:
Wed, 09 Jun 2021 19:28:42-_jb_pytest_runner.py-Assert.py-[line:23]-INFO-[日志信息]: > http status_code pass!
Wed, 09 Jun 2021 19:28:42-_jb_pytest_runner.py-Assert.py-[line:28]-INFO-[日志信息]: > backend response test pass!

Wed, 09 Jun 2021 19:28:42-_jb_pytest_runner.py-Assert.py-[line:23]-INFO-[日志信息]: > http status_code pass!
Wed, 09 Jun 2021 19:28:42-_jb_pytest_runner.py-Assert.py-[line:28]-INFO-[日志信息]: > backend response test pass!

Wed, 09 Jun 2021 19:28:42-_jb_pytest_runner.py-Image_warehouse.py-[line:301]-INFO-[日志信息]: 开始执行脚本test_PublicRemoveCache:
Wed, 09 Jun 2021 19:28:42-_jb_pytest_runner.py-Image_warehouse.py-[line:25]-INFO-[日志信息]: 开始执行脚本test_PublicCreate:
Wed, 09 Jun 2021 19:28:42-_jb_pytest_runner.py-Assert.py-[line:23]-INFO-[日志信息]: > http status_code pass!
Wed, 09 Jun 2021 19:28:42-_jb_pytest_runner.py-Assert.py-[line:28]-INFO-[日志信息]: > backend response test pass!

Wed, 09 Jun 2021 19:28:42-_jb_pytest_runner.py-Image_warehouse.py-[line:55]-INFO-[日志信息]: 开始执行脚本test_PublicList:
Wed, 09 Jun 2021 19:28:42-_jb_pytest_runner.py-Assert.py-[line:23]-INFO-[日志信息]: > http status_code pass!
Wed, 09 Jun 2021 19:28:42-_jb_pytest_runner.py-Assert.py-[line:28]-INFO-[日志信息]: > backend response test pass!

Wed, 09 Jun 2021 19:28:42-_jb_pytest_runner.py-Assert.py-[line:23]-INFO-[日志信息]: > http status_code pass!
Wed, 09 Jun 2021 19:28:43-_jb_pytest_runner.py-Image_warehouse.py-[line:323]-INFO-[日志信息]: 开始执行脚本test_PrivateList:
Wed, 09 Jun 2021 19:28:43-_jb_pytest_runner.py-Assert.py-[line:23]-INFO-[日志信息]: > http status_code pass!
Wed, 09 Jun 2021 19:28:43-_jb_pytest_runner.py-Assert.py-[line:28]-INFO-[日志信息]: > backend response test pass!

Wed, 09 Jun 2021 19:28:43-_jb_pytest_runner.py-Image_warehouse.py-[line:346]-INFO-[日志信息]: 开始执行脚本test_PrivateUpdate:
Wed, 09 Jun 2021 19:28:43-_jb_pytest_runner.py-Assert.py-[line:23]-INFO-[日志信息]: > http status_code pass!
