Wed, 18 Aug 2021 18:48:42-run_all_case.py-run_all_case.py-[line:19]-INFO-[日志信息]: ==================================2021-08-18 18:48:42===================================
Wed, 18 Aug 2021 18:48:43-run_all_case.py-Register_case.py-[line:30]-INFO-[日志信息]: 开始执行脚本test_Register：

Wed, 18 Aug 2021 18:48:43-test_Register-Assert.py-[line:30]-INFO-[日志信息]: statusCode true, expected_code is 200, statusCode is 200 
Wed, 18 Aug 2021 18:48:43-test_Register-Assert.py-[line:47]-INFO-[日志信息]: Response body msg == expected_msg, expected_msg is ,body_msg is  
Wed, 18 Aug 2021 18:48:43-run_all_case.py-Register_case.py-[line:60]-INFO-[日志信息]: 开始执行脚本test_No_Num：

Wed, 18 Aug 2021 18:48:44-test_No_Num-Assert.py-[line:30]-INFO-[日志信息]: statusCode true, expected_code is 200, statusCode is 200 
Wed, 18 Aug 2021 18:48:44-test_No_Num-Assert.py-[line:47]-INFO-[日志信息]: Response body msg == expected_msg, expected_msg is 请求参数错误,body_msg is 请求参数错误 
Wed, 18 Aug 2021 18:48:44-run_all_case.py-Register_case.py-[line:85]-INFO-[日志信息]: 开始执行脚本test_Wrong_Num：

Wed, 18 Aug 2021 18:48:44-test_Wrong_Num-Assert.py-[line:30]-INFO-[日志信息]: statusCode true, expected_code is 200, statusCode is 200 
Wed, 18 Aug 2021 18:48:44-test_Wrong_Num-Assert.py-[line:47]-INFO-[日志信息]: Response body msg == expected_msg, expected_msg is 手机号格式错误,body_msg is 手机号格式错误 
Wed, 18 Aug 2021 18:48:44-run_all_case.py-Register_case.py-[line:110]-INFO-[日志信息]: 开始执行脚本test_Illegal_Character：

Wed, 18 Aug 2021 18:48:44-test_Illegal_Character-Assert.py-[line:30]-INFO-[日志信息]: statusCode true, expected_code is 200, statusCode is 200 
Wed, 18 Aug 2021 18:48:44-test_Illegal_Character-Assert.py-[line:47]-INFO-[日志信息]: Response body msg == expected_msg, expected_msg is 手机号格式错误,body_msg is 手机号格式错误 
Wed, 18 Aug 2021 18:48:44-run_all_case.py-Register_case.py-[line:135]-INFO-[日志信息]: 开始执行脚本test_Registered_Num：

Wed, 18 Aug 2021 18:48:44-test_Registered_Num-Assert.py-[line:30]-INFO-[日志信息]: statusCode true, expected_code is 200, statusCode is 200 
Wed, 18 Aug 2021 18:48:44-test_Registered_Num-Assert.py-[line:47]-INFO-[日志信息]: Response body msg == expected_msg, expected_msg is 手机号已注册，请登录,body_msg is 手机号已注册，请登录 
Wed, 18 Aug 2021 18:48:44-run_all_case.py-Register_case.py-[line:160]-INFO-[日志信息]: 开始执行脚本test_Pwd_Error：

Wed, 18 Aug 2021 18:48:44-test_Pwd_Error-Assert.py-[line:30]-INFO-[日志信息]: statusCode true, expected_code is 200, statusCode is 200 
Wed, 18 Aug 2021 18:48:44-test_Pwd_Error-Assert.py-[line:47]-INFO-[日志信息]: Response body msg == expected_msg, expected_msg is ,body_msg is  
Wed, 18 Aug 2021 18:48:44-run_all_case.py-Register_case.py-[line:186]-INFO-[日志信息]: 开始执行脚本test_Pwd_No_Capitalization：

Wed, 18 Aug 2021 18:48:45-test_Pwd_No_Capitalization-Assert.py-[line:30]-INFO-[日志信息]: statusCode true, expected_code is 200, statusCode is 200 
Wed, 18 Aug 2021 18:48:45-test_Pwd_No_Capitalization-Assert.py-[line:47]-INFO-[日志信息]: Response body msg == expected_msg, expected_msg is ,body_msg is  
Wed, 18 Aug 2021 18:48:45-run_all_case.py-Register_case.py-[line:212]-INFO-[日志信息]: 开始执行脚本test_No_Pwd：

Wed, 18 Aug 2021 18:48:45-test_No_Pwd-Assert.py-[line:30]-INFO-[日志信息]: statusCode true, expected_code is 200, statusCode is 200 
Wed, 18 Aug 2021 18:48:45-test_No_Pwd-Assert.py-[line:47]-INFO-[日志信息]: Response body msg == expected_msg, expected_msg is 请求参数错误,body_msg is 请求参数错误 
Wed, 18 Aug 2021 18:48:45-run_all_case.py-Register_case.py-[line:237]-INFO-[日志信息]: 开始执行脚本test_CodeError：

Wed, 18 Aug 2021 18:48:45-test_CodeError-Assert.py-[line:30]-INFO-[日志信息]: statusCode true, expected_code is 200, statusCode is 200 
Wed, 18 Aug 2021 18:48:45-test_CodeError-Assert.py-[line:50]-ERROR-[日志信息]: Response body msg != expected_msg, expected_msg is 请重新获取短信验证码,body_msg is 短信验证码错误 
Wed, 18 Aug 2021 18:48:45-run_all_case.py-Register_case.py-[line:265]-INFO-[日志信息]: 开始执行脚本test_No_Code：

Wed, 18 Aug 2021 18:48:45-test_No_Code-Assert.py-[line:30]-INFO-[日志信息]: statusCode true, expected_code is 200, statusCode is 200 
Wed, 18 Aug 2021 18:48:45-test_No_Code-Assert.py-[line:47]-INFO-[日志信息]: Response body msg == expected_msg, expected_msg is 请求参数错误,body_msg is 请求参数错误 
Wed, 18 Aug 2021 18:48:45-run_all_case.py-Login_case.py-[line:66]-INFO-[日志信息]: 开始执行脚本test_login：

Wed, 18 Aug 2021 18:48:45-test_login-Assert.py-[line:30]-INFO-[日志信息]: statusCode true, expected_code is 200, statusCode is 200 
Wed, 18 Aug 2021 18:48:45-test_login-Assert.py-[line:50]-ERROR-[日志信息]: Response body msg != expected_msg, expected_msg is ,body_msg is 手机号或密码错误，请重试 
Wed, 18 Aug 2021 18:48:45-run_all_case.py-Login_case.py-[line:92]-INFO-[日志信息]: 开始执行脚本test_no_num：

Wed, 18 Aug 2021 18:48:46-test_no_num-Assert.py-[line:30]-INFO-[日志信息]: statusCode true, expected_code is 200, statusCode is 200 
Wed, 18 Aug 2021 18:48:46-test_no_num-Assert.py-[line:47]-INFO-[日志信息]: Response body msg == expected_msg, expected_msg is 请求参数错误,body_msg is 请求参数错误 
Wed, 18 Aug 2021 18:48:46-run_all_case.py-Login_case.py-[line:118]-INFO-[日志信息]: 开始执行脚本test_nonexistent_num：

Wed, 18 Aug 2021 18:48:46-test_nonexistent_num-Assert.py-[line:30]-INFO-[日志信息]: statusCode true, expected_code is 200, statusCode is 200 
Wed, 18 Aug 2021 18:48:46-test_nonexistent_num-Assert.py-[line:47]-INFO-[日志信息]: Response body msg == expected_msg, expected_msg is 请求参数错误,body_msg is 请求参数错误 
Wed, 18 Aug 2021 18:48:46-run_all_case.py-Login_case.py-[line:145]-INFO-[日志信息]: 开始执行脚本test_Num_Illegal_Character：

Wed, 18 Aug 2021 18:48:46-test_Num_Illegal_Character-Assert.py-[line:30]-INFO-[日志信息]: statusCode true, expected_code is 200, statusCode is 200 
Wed, 18 Aug 2021 18:48:46-test_Num_Illegal_Character-Assert.py-[line:47]-INFO-[日志信息]: Response body msg == expected_msg, expected_msg is 手机号或密码错误，请重试,body_msg is 手机号或密码错误，请重试 
Wed, 18 Aug 2021 18:48:46-run_all_case.py-Login_case.py-[line:199]-INFO-[日志信息]: 开始执行脚本test_wrong_num：

Wed, 18 Aug 2021 18:48:46-test_wrong_num-Assert.py-[line:30]-INFO-[日志信息]: statusCode true, expected_code is 200, statusCode is 200 
Wed, 18 Aug 2021 18:48:46-test_wrong_num-Assert.py-[line:47]-INFO-[日志信息]: Response body msg == expected_msg, expected_msg is 手机号或密码错误，请重试,body_msg is 手机号或密码错误，请重试 
Wed, 18 Aug 2021 18:48:46-run_all_case.py-Login_case.py-[line:226]-INFO-[日志信息]: 开始执行脚本test_no_pwd：

Wed, 18 Aug 2021 18:48:46-test_no_pwd-Assert.py-[line:30]-INFO-[日志信息]: statusCode true, expected_code is 200, statusCode is 200 
Wed, 18 Aug 2021 18:48:46-test_no_pwd-Assert.py-[line:47]-INFO-[日志信息]: Response body msg == expected_msg, expected_msg is 请求参数错误,body_msg is 请求参数错误 
Wed, 18 Aug 2021 18:48:46-run_all_case.py-Login_case.py-[line:280]-INFO-[日志信息]: 开始执行脚本test_no_num_pwd：

Wed, 18 Aug 2021 18:48:46-test_no_num_pwd-Assert.py-[line:30]-INFO-[日志信息]: statusCode true, expected_code is 200, statusCode is 200 
Wed, 18 Aug 2021 18:48:46-test_no_num_pwd-Assert.py-[line:47]-INFO-[日志信息]: Response body msg == expected_msg, expected_msg is 请求参数错误,body_msg is 请求参数错误 
Wed, 18 Aug 2021 18:48:47-run_all_case.py-Login_case.py-[line:315]-ERROR-[日志信息]: Error! 没有触发等待 5 分钟
Wed, 18 Aug 2021 18:48:47-run_all_case.py-Login_case.py-[line:330]-INFO-[日志信息]: 开始执行脚本test_code_login：

Wed, 18 Aug 2021 18:48:48-test_code_login-Assert.py-[line:30]-INFO-[日志信息]: statusCode true, expected_code is 200, statusCode is 200 
Wed, 18 Aug 2021 18:48:48-test_code_login-Assert.py-[line:50]-ERROR-[日志信息]: Response body msg != expected_msg, expected_msg is ,body_msg is 连续超过 6 次错误，请于 5 分钟后重新登录 
