Mon, 15 Nov 2021 17:54:53-run_all_case.py-run_all_case.py-[line:19]-INFO-[日志信息]: ==================================2021-11-15 17:54:53===================================
Mon, 15 Nov 2021 17:54:54-run_all_case.py-Register_case.py-[line:30]-INFO-[日志信息]: 开始执行脚本test_Register：

Mon, 15 Nov 2021 17:54:54-test_Register-Assert.py-[line:30]-INFO-[日志信息]: statusCode true, expected_code is 200, statusCode is 200 
Mon, 15 Nov 2021 17:54:54-test_Register-Assert.py-[line:47]-INFO-[日志信息]: Response body msg == expected_msg, expected_msg is ,body_msg is  
Mon, 15 Nov 2021 17:54:54-run_all_case.py-Register_case.py-[line:60]-INFO-[日志信息]: 开始执行脚本test_No_Num：

Mon, 15 Nov 2021 17:54:54-test_No_Num-Assert.py-[line:30]-INFO-[日志信息]: statusCode true, expected_code is 200, statusCode is 200 
Mon, 15 Nov 2021 17:54:54-test_No_Num-Assert.py-[line:47]-INFO-[日志信息]: Response body msg == expected_msg, expected_msg is 请求参数错误,body_msg is 请求参数错误 
Mon, 15 Nov 2021 17:54:54-run_all_case.py-Register_case.py-[line:85]-INFO-[日志信息]: 开始执行脚本test_Wrong_Num：

Mon, 15 Nov 2021 17:54:54-test_Wrong_Num-Assert.py-[line:30]-INFO-[日志信息]: statusCode true, expected_code is 200, statusCode is 200 
Mon, 15 Nov 2021 17:54:54-test_Wrong_Num-Assert.py-[line:47]-INFO-[日志信息]: Response body msg == expected_msg, expected_msg is 手机号格式错误,body_msg is 手机号格式错误 
Mon, 15 Nov 2021 17:54:54-run_all_case.py-Register_case.py-[line:110]-INFO-[日志信息]: 开始执行脚本test_Illegal_Character：

Mon, 15 Nov 2021 17:54:54-test_Illegal_Character-Assert.py-[line:30]-INFO-[日志信息]: statusCode true, expected_code is 200, statusCode is 200 
Mon, 15 Nov 2021 17:54:54-test_Illegal_Character-Assert.py-[line:47]-INFO-[日志信息]: Response body msg == expected_msg, expected_msg is 手机号格式错误,body_msg is 手机号格式错误 
Mon, 15 Nov 2021 17:54:54-run_all_case.py-Register_case.py-[line:135]-INFO-[日志信息]: 开始执行脚本test_Registered_Num：

Mon, 15 Nov 2021 17:54:55-test_Registered_Num-Assert.py-[line:30]-INFO-[日志信息]: statusCode true, expected_code is 200, statusCode is 200 
Mon, 15 Nov 2021 17:54:55-test_Registered_Num-Assert.py-[line:50]-ERROR-[日志信息]: Response body msg != expected_msg, expected_msg is 手机号已注册，请登录,body_msg is 手机号已注册 
Mon, 15 Nov 2021 17:54:55-run_all_case.py-Register_case.py-[line:160]-INFO-[日志信息]: 开始执行脚本test_Pwd_Error：

Mon, 15 Nov 2021 17:54:55-test_Pwd_Error-Assert.py-[line:30]-INFO-[日志信息]: statusCode true, expected_code is 200, statusCode is 200 
Mon, 15 Nov 2021 17:54:55-test_Pwd_Error-Assert.py-[line:47]-INFO-[日志信息]: Response body msg == expected_msg, expected_msg is ,body_msg is  
Mon, 15 Nov 2021 17:54:55-run_all_case.py-Register_case.py-[line:186]-INFO-[日志信息]: 开始执行脚本test_Pwd_No_Capitalization：

Mon, 15 Nov 2021 17:54:55-test_Pwd_No_Capitalization-Assert.py-[line:30]-INFO-[日志信息]: statusCode true, expected_code is 200, statusCode is 200 
Mon, 15 Nov 2021 17:54:55-test_Pwd_No_Capitalization-Assert.py-[line:47]-INFO-[日志信息]: Response body msg == expected_msg, expected_msg is ,body_msg is  
Mon, 15 Nov 2021 17:54:55-run_all_case.py-Register_case.py-[line:212]-INFO-[日志信息]: 开始执行脚本test_No_Pwd：

Mon, 15 Nov 2021 17:54:55-test_No_Pwd-Assert.py-[line:30]-INFO-[日志信息]: statusCode true, expected_code is 200, statusCode is 200 
Mon, 15 Nov 2021 17:54:55-test_No_Pwd-Assert.py-[line:47]-INFO-[日志信息]: Response body msg == expected_msg, expected_msg is 请求参数错误,body_msg is 请求参数错误 
Mon, 15 Nov 2021 17:54:55-run_all_case.py-Register_case.py-[line:237]-INFO-[日志信息]: 开始执行脚本test_CodeError：

Mon, 15 Nov 2021 17:54:56-test_CodeError-Assert.py-[line:30]-INFO-[日志信息]: statusCode true, expected_code is 200, statusCode is 200 
Mon, 15 Nov 2021 17:54:56-test_CodeError-Assert.py-[line:47]-INFO-[日志信息]: Response body msg == expected_msg, expected_msg is 验证码无效，请重新获取,body_msg is 验证码无效，请重新获取 
Mon, 15 Nov 2021 17:54:56-run_all_case.py-Register_case.py-[line:265]-INFO-[日志信息]: 开始执行脚本test_No_Code：

Mon, 15 Nov 2021 17:54:56-test_No_Code-Assert.py-[line:30]-INFO-[日志信息]: statusCode true, expected_code is 200, statusCode is 200 
Mon, 15 Nov 2021 17:54:56-test_No_Code-Assert.py-[line:47]-INFO-[日志信息]: Response body msg == expected_msg, expected_msg is 请求参数错误,body_msg is 请求参数错误 
Mon, 15 Nov 2021 17:54:56-run_all_case.py-Login_case.py-[line:68]-INFO-[日志信息]: 开始执行脚本test_login：

Mon, 15 Nov 2021 17:54:56-test_login-Assert.py-[line:30]-INFO-[日志信息]: statusCode true, expected_code is 200, statusCode is 200 
Mon, 15 Nov 2021 17:54:56-test_login-Assert.py-[line:47]-INFO-[日志信息]: Response body msg == expected_msg, expected_msg is ,body_msg is  
Mon, 15 Nov 2021 17:54:56-run_all_case.py-Login_case.py-[line:94]-INFO-[日志信息]: 开始执行脚本test_no_num：

Mon, 15 Nov 2021 17:54:56-test_no_num-Assert.py-[line:30]-INFO-[日志信息]: statusCode true, expected_code is 200, statusCode is 200 
Mon, 15 Nov 2021 17:54:56-test_no_num-Assert.py-[line:47]-INFO-[日志信息]: Response body msg == expected_msg, expected_msg is 请求参数错误,body_msg is 请求参数错误 
Mon, 15 Nov 2021 17:54:56-run_all_case.py-Login_case.py-[line:120]-INFO-[日志信息]: 开始执行脚本test_nonexistent_num：

Mon, 15 Nov 2021 17:54:56-test_nonexistent_num-Assert.py-[line:30]-INFO-[日志信息]: statusCode true, expected_code is 200, statusCode is 200 
Mon, 15 Nov 2021 17:54:56-test_nonexistent_num-Assert.py-[line:47]-INFO-[日志信息]: Response body msg == expected_msg, expected_msg is 请求参数错误,body_msg is 请求参数错误 
Mon, 15 Nov 2021 17:54:56-run_all_case.py-Login_case.py-[line:147]-INFO-[日志信息]: 开始执行脚本test_Num_Illegal_Character：

Mon, 15 Nov 2021 17:54:57-test_Num_Illegal_Character-Assert.py-[line:30]-INFO-[日志信息]: statusCode true, expected_code is 200, statusCode is 200 
Mon, 15 Nov 2021 17:54:57-test_Num_Illegal_Character-Assert.py-[line:50]-ERROR-[日志信息]: Response body msg != expected_msg, expected_msg is 手机号或密码错误，请重试,body_msg is 帐号未注册 
Mon, 15 Nov 2021 17:54:57-run_all_case.py-Login_case.py-[line:201]-INFO-[日志信息]: 开始执行脚本test_wrong_num：

Mon, 15 Nov 2021 17:54:57-test_wrong_num-Assert.py-[line:30]-INFO-[日志信息]: statusCode true, expected_code is 200, statusCode is 200 
Mon, 15 Nov 2021 17:54:57-test_wrong_num-Assert.py-[line:50]-ERROR-[日志信息]: Response body msg != expected_msg, expected_msg is 手机号或密码错误，请重试,body_msg is 帐号未注册 
Mon, 15 Nov 2021 17:54:57-run_all_case.py-Login_case.py-[line:228]-INFO-[日志信息]: 开始执行脚本test_no_pwd：

Mon, 15 Nov 2021 17:54:57-test_no_pwd-Assert.py-[line:30]-INFO-[日志信息]: statusCode true, expected_code is 200, statusCode is 200 
Mon, 15 Nov 2021 17:54:57-test_no_pwd-Assert.py-[line:47]-INFO-[日志信息]: Response body msg == expected_msg, expected_msg is 请求参数错误,body_msg is 请求参数错误 
Mon, 15 Nov 2021 17:54:57-run_all_case.py-Login_case.py-[line:282]-INFO-[日志信息]: 开始执行脚本test_no_num_pwd：

Mon, 15 Nov 2021 17:54:57-test_no_num_pwd-Assert.py-[line:30]-INFO-[日志信息]: statusCode true, expected_code is 200, statusCode is 200 
Mon, 15 Nov 2021 17:54:57-test_no_num_pwd-Assert.py-[line:47]-INFO-[日志信息]: Response body msg == expected_msg, expected_msg is 请求参数错误,body_msg is 请求参数错误 
Mon, 15 Nov 2021 17:54:57-run_all_case.py-Login_case.py-[line:309]-INFO-[日志信息]: 开始执行脚本test_wrong_pwd：

Mon, 15 Nov 2021 17:54:57-run_all_case.py-Login_case.py-[line:315]-INFO-[日志信息]: login result: times=0, msg=手机号或密码错误，请重试.

Mon, 15 Nov 2021 17:54:58-run_all_case.py-Login_case.py-[line:315]-INFO-[日志信息]: login result: times=1, msg=手机号或密码错误，请重试.

Mon, 15 Nov 2021 17:54:58-run_all_case.py-Login_case.py-[line:315]-INFO-[日志信息]: login result: times=2, msg=手机号或密码错误，请重试.

Mon, 15 Nov 2021 17:54:58-run_all_case.py-Login_case.py-[line:315]-INFO-[日志信息]: login result: times=3, msg=手机号或密码错误，请重试.

Mon, 15 Nov 2021 17:54:58-run_all_case.py-Login_case.py-[line:315]-INFO-[日志信息]: login result: times=4, msg=手机号或密码错误，请重试.

Mon, 15 Nov 2021 17:54:58-run_all_case.py-Login_case.py-[line:315]-INFO-[日志信息]: login result: times=5, msg=连续超过 6 次错误，请于 5 分钟后重新登录.

Mon, 15 Nov 2021 17:54:59-run_all_case.py-Login_case.py-[line:315]-INFO-[日志信息]: login result: times=6, msg=连续超过 6 次错误，请于 5 分钟后重新登录.

Mon, 15 Nov 2021 17:54:59-run_all_case.py-Login_case.py-[line:315]-INFO-[日志信息]: login result: times=7, msg=连续超过 6 次错误，请于 5 分钟后重新登录.

Mon, 15 Nov 2021 17:54:59-run_all_case.py-Login_case.py-[line:315]-INFO-[日志信息]: login result: times=8, msg=连续超过 6 次错误，请于 5 分钟后重新登录.

Mon, 15 Nov 2021 17:54:59-run_all_case.py-Login_case.py-[line:315]-INFO-[日志信息]: login result: times=9, msg=连续超过 6 次错误，请于 5 分钟后重新登录.

Mon, 15 Nov 2021 17:54:59-run_all_case.py-Login_case.py-[line:339]-INFO-[日志信息]: 开始执行脚本test_code_login：

Mon, 15 Nov 2021 17:54:59-test_code_login-Assert.py-[line:30]-INFO-[日志信息]: statusCode true, expected_code is 200, statusCode is 200 
Mon, 15 Nov 2021 17:54:59-test_code_login-Assert.py-[line:47]-INFO-[日志信息]: Response body msg == expected_msg, expected_msg is ,body_msg is  
Mon, 15 Nov 2021 17:57:52-run_all_case.py-run_all_case.py-[line:19]-INFO-[日志信息]: ==================================2021-11-15 17:57:52===================================
