Mon, 01 Nov 2021 17:18:11-_jb_pytest_runner.py-Login_case.py-[line:68]-INFO-[日志信息]: 开始执行脚本test_login：

Mon, 01 Nov 2021 17:18:11-test_login-Assert.py-[line:30]-INFO-[日志信息]: statusCode true, expected_code is 200, statusCode is 200 
Mon, 01 Nov 2021 17:18:11-test_login-Assert.py-[line:47]-INFO-[日志信息]: Response body msg == expected_msg, expected_msg is ,body_msg is  
Mon, 01 Nov 2021 17:18:11-_jb_pytest_runner.py-Login_case.py-[line:94]-INFO-[日志信息]: 开始执行脚本test_no_num：

Mon, 01 Nov 2021 17:18:11-test_no_num-Assert.py-[line:30]-INFO-[日志信息]: statusCode true, expected_code is 200, statusCode is 200 
Mon, 01 Nov 2021 17:18:11-test_no_num-Assert.py-[line:47]-INFO-[日志信息]: Response body msg == expected_msg, expected_msg is 请求参数错误,body_msg is 请求参数错误 
Mon, 01 Nov 2021 17:18:11-_jb_pytest_runner.py-Login_case.py-[line:120]-INFO-[日志信息]: 开始执行脚本test_nonexistent_num：

Mon, 01 Nov 2021 17:18:12-test_nonexistent_num-Assert.py-[line:30]-INFO-[日志信息]: statusCode true, expected_code is 200, statusCode is 200 
Mon, 01 Nov 2021 17:18:12-test_nonexistent_num-Assert.py-[line:47]-INFO-[日志信息]: Response body msg == expected_msg, expected_msg is 请求参数错误,body_msg is 请求参数错误 
Mon, 01 Nov 2021 17:18:12-_jb_pytest_runner.py-Login_case.py-[line:147]-INFO-[日志信息]: 开始执行脚本test_Num_Illegal_Character：

Mon, 01 Nov 2021 17:18:12-test_Num_Illegal_Character-Assert.py-[line:30]-INFO-[日志信息]: statusCode true, expected_code is 200, statusCode is 200 
Mon, 01 Nov 2021 17:18:12-test_Num_Illegal_Character-Assert.py-[line:50]-ERROR-[日志信息]: Response body msg != expected_msg, expected_msg is 手机号或密码错误，请重试,body_msg is 帐号未注册 
Mon, 01 Nov 2021 17:18:12-_jb_pytest_runner.py-Login_case.py-[line:201]-INFO-[日志信息]: 开始执行脚本test_wrong_num：

Mon, 01 Nov 2021 17:18:12-test_wrong_num-Assert.py-[line:30]-INFO-[日志信息]: statusCode true, expected_code is 200, statusCode is 200 
Mon, 01 Nov 2021 17:18:12-test_wrong_num-Assert.py-[line:50]-ERROR-[日志信息]: Response body msg != expected_msg, expected_msg is 手机号或密码错误，请重试,body_msg is 帐号未注册 
Mon, 01 Nov 2021 17:18:12-_jb_pytest_runner.py-Login_case.py-[line:228]-INFO-[日志信息]: 开始执行脚本test_no_pwd：

Mon, 01 Nov 2021 17:18:12-test_no_pwd-Assert.py-[line:30]-INFO-[日志信息]: statusCode true, expected_code is 200, statusCode is 200 
Mon, 01 Nov 2021 17:18:12-test_no_pwd-Assert.py-[line:47]-INFO-[日志信息]: Response body msg == expected_msg, expected_msg is 请求参数错误,body_msg is 请求参数错误 
Mon, 01 Nov 2021 17:18:12-_jb_pytest_runner.py-Login_case.py-[line:282]-INFO-[日志信息]: 开始执行脚本test_no_num_pwd：

Mon, 01 Nov 2021 17:18:12-test_no_num_pwd-Assert.py-[line:30]-INFO-[日志信息]: statusCode true, expected_code is 200, statusCode is 200 
Mon, 01 Nov 2021 17:18:12-test_no_num_pwd-Assert.py-[line:47]-INFO-[日志信息]: Response body msg == expected_msg, expected_msg is 请求参数错误,body_msg is 请求参数错误 
Mon, 01 Nov 2021 17:18:12-_jb_pytest_runner.py-Login_case.py-[line:309]-INFO-[日志信息]: 开始执行脚本test_wrong_pwd：

Mon, 01 Nov 2021 17:18:13-_jb_pytest_runner.py-Login_case.py-[line:315]-INFO-[日志信息]: login result: times=0, msg=手机号或密码错误，请重试.

Mon, 01 Nov 2021 17:18:13-_jb_pytest_runner.py-Login_case.py-[line:315]-INFO-[日志信息]: login result: times=1, msg=手机号或密码错误，请重试.

Mon, 01 Nov 2021 17:18:13-_jb_pytest_runner.py-Login_case.py-[line:315]-INFO-[日志信息]: login result: times=2, msg=手机号或密码错误，请重试.

Mon, 01 Nov 2021 17:18:13-_jb_pytest_runner.py-Login_case.py-[line:315]-INFO-[日志信息]: login result: times=3, msg=手机号或密码错误，请重试.

Mon, 01 Nov 2021 17:18:13-_jb_pytest_runner.py-Login_case.py-[line:315]-INFO-[日志信息]: login result: times=4, msg=手机号或密码错误，请重试.

Mon, 01 Nov 2021 17:18:14-_jb_pytest_runner.py-Login_case.py-[line:315]-INFO-[日志信息]: login result: times=5, msg=连续超过 6 次错误，请于 5 分钟后重新登录.

Mon, 01 Nov 2021 17:18:14-_jb_pytest_runner.py-Login_case.py-[line:315]-INFO-[日志信息]: login result: times=6, msg=连续超过 6 次错误，请于 5 分钟后重新登录.

Mon, 01 Nov 2021 17:18:14-_jb_pytest_runner.py-Login_case.py-[line:315]-INFO-[日志信息]: login result: times=7, msg=连续超过 6 次错误，请于 5 分钟后重新登录.

Mon, 01 Nov 2021 17:18:14-_jb_pytest_runner.py-Login_case.py-[line:315]-INFO-[日志信息]: login result: times=8, msg=连续超过 6 次错误，请于 5 分钟后重新登录.

Mon, 01 Nov 2021 17:18:14-_jb_pytest_runner.py-Login_case.py-[line:315]-INFO-[日志信息]: login result: times=9, msg=连续超过 6 次错误，请于 5 分钟后重新登录.

Mon, 01 Nov 2021 17:18:14-_jb_pytest_runner.py-Login_case.py-[line:339]-INFO-[日志信息]: 开始执行脚本test_code_login：

Mon, 01 Nov 2021 17:18:15-test_code_login-Assert.py-[line:30]-INFO-[日志信息]: statusCode true, expected_code is 200, statusCode is 200 
Mon, 01 Nov 2021 17:18:15-test_code_login-Assert.py-[line:47]-INFO-[日志信息]: Response body msg == expected_msg, expected_msg is ,body_msg is  
Mon, 01 Nov 2021 17:19:40-_jb_pytest_runner.py-Login_case.py-[line:70]-INFO-[日志信息]: 开始执行脚本test_login：

Mon, 01 Nov 2021 17:19:41-test_login-Assert.py-[line:30]-INFO-[日志信息]: statusCode true, expected_code is 200, statusCode is 200 
Mon, 01 Nov 2021 17:19:41-test_login-Assert.py-[line:47]-INFO-[日志信息]: Response body msg == expected_msg, expected_msg is ,body_msg is  
Mon, 01 Nov 2021 17:19:41-_jb_pytest_runner.py-Login_case.py-[line:96]-INFO-[日志信息]: 开始执行脚本test_no_num：

Mon, 01 Nov 2021 17:19:41-test_no_num-Assert.py-[line:30]-INFO-[日志信息]: statusCode true, expected_code is 200, statusCode is 200 
Mon, 01 Nov 2021 17:19:41-test_no_num-Assert.py-[line:47]-INFO-[日志信息]: Response body msg == expected_msg, expected_msg is 请求参数错误,body_msg is 请求参数错误 
Mon, 01 Nov 2021 17:19:41-_jb_pytest_runner.py-Login_case.py-[line:122]-INFO-[日志信息]: 开始执行脚本test_nonexistent_num：

Mon, 01 Nov 2021 17:19:41-test_nonexistent_num-Assert.py-[line:30]-INFO-[日志信息]: statusCode true, expected_code is 200, statusCode is 200 
Mon, 01 Nov 2021 17:19:41-test_nonexistent_num-Assert.py-[line:47]-INFO-[日志信息]: Response body msg == expected_msg, expected_msg is 请求参数错误,body_msg is 请求参数错误 
Mon, 01 Nov 2021 17:19:41-_jb_pytest_runner.py-Login_case.py-[line:149]-INFO-[日志信息]: 开始执行脚本test_Num_Illegal_Character：

Mon, 01 Nov 2021 17:19:41-test_Num_Illegal_Character-Assert.py-[line:30]-INFO-[日志信息]: statusCode true, expected_code is 200, statusCode is 200 
Mon, 01 Nov 2021 17:19:41-test_Num_Illegal_Character-Assert.py-[line:50]-ERROR-[日志信息]: Response body msg != expected_msg, expected_msg is 手机号或密码错误，请重试,body_msg is 帐号未注册 
Mon, 01 Nov 2021 17:19:41-_jb_pytest_runner.py-Login_case.py-[line:203]-INFO-[日志信息]: 开始执行脚本test_wrong_num：

Mon, 01 Nov 2021 17:19:42-test_wrong_num-Assert.py-[line:30]-INFO-[日志信息]: statusCode true, expected_code is 200, statusCode is 200 
Mon, 01 Nov 2021 17:19:42-test_wrong_num-Assert.py-[line:50]-ERROR-[日志信息]: Response body msg != expected_msg, expected_msg is 手机号或密码错误，请重试,body_msg is 帐号未注册 
Mon, 01 Nov 2021 17:19:42-_jb_pytest_runner.py-Login_case.py-[line:230]-INFO-[日志信息]: 开始执行脚本test_no_pwd：

Mon, 01 Nov 2021 17:19:42-test_no_pwd-Assert.py-[line:30]-INFO-[日志信息]: statusCode true, expected_code is 200, statusCode is 200 
Mon, 01 Nov 2021 17:19:42-test_no_pwd-Assert.py-[line:47]-INFO-[日志信息]: Response body msg == expected_msg, expected_msg is 请求参数错误,body_msg is 请求参数错误 
Mon, 01 Nov 2021 17:19:42-_jb_pytest_runner.py-Login_case.py-[line:284]-INFO-[日志信息]: 开始执行脚本test_no_num_pwd：

Mon, 01 Nov 2021 17:19:42-test_no_num_pwd-Assert.py-[line:30]-INFO-[日志信息]: statusCode true, expected_code is 200, statusCode is 200 
Mon, 01 Nov 2021 17:19:42-test_no_num_pwd-Assert.py-[line:47]-INFO-[日志信息]: Response body msg == expected_msg, expected_msg is 请求参数错误,body_msg is 请求参数错误 
Mon, 01 Nov 2021 17:19:42-_jb_pytest_runner.py-Login_case.py-[line:311]-INFO-[日志信息]: 开始执行脚本test_wrong_pwd：

Mon, 01 Nov 2021 17:19:42-_jb_pytest_runner.py-Login_case.py-[line:317]-INFO-[日志信息]: login result: times=0, msg=连续超过 6 次错误，请于 5 分钟后重新登录.

Mon, 01 Nov 2021 17:19:42-_jb_pytest_runner.py-Login_case.py-[line:317]-INFO-[日志信息]: login result: times=1, msg=连续超过 6 次错误，请于 5 分钟后重新登录.

Mon, 01 Nov 2021 17:19:42-_jb_pytest_runner.py-Login_case.py-[line:317]-INFO-[日志信息]: login result: times=2, msg=连续超过 6 次错误，请于 5 分钟后重新登录.

Mon, 01 Nov 2021 17:19:43-_jb_pytest_runner.py-Login_case.py-[line:317]-INFO-[日志信息]: login result: times=3, msg=连续超过 6 次错误，请于 5 分钟后重新登录.

Mon, 01 Nov 2021 17:19:43-_jb_pytest_runner.py-Login_case.py-[line:317]-INFO-[日志信息]: login result: times=4, msg=连续超过 6 次错误，请于 5 分钟后重新登录.

Mon, 01 Nov 2021 17:19:43-_jb_pytest_runner.py-Login_case.py-[line:317]-INFO-[日志信息]: login result: times=5, msg=连续超过 6 次错误，请于 5 分钟后重新登录.

Mon, 01 Nov 2021 17:19:43-_jb_pytest_runner.py-Login_case.py-[line:317]-INFO-[日志信息]: login result: times=6, msg=连续超过 6 次错误，请于 5 分钟后重新登录.

Mon, 01 Nov 2021 17:19:43-_jb_pytest_runner.py-Login_case.py-[line:317]-INFO-[日志信息]: login result: times=7, msg=连续超过 6 次错误，请于 5 分钟后重新登录.

Mon, 01 Nov 2021 17:19:44-_jb_pytest_runner.py-Login_case.py-[line:317]-INFO-[日志信息]: login result: times=8, msg=连续超过 6 次错误，请于 5 分钟后重新登录.

Mon, 01 Nov 2021 17:19:44-_jb_pytest_runner.py-Login_case.py-[line:317]-INFO-[日志信息]: login result: times=9, msg=连续超过 6 次错误，请于 5 分钟后重新登录.

Mon, 01 Nov 2021 17:19:44-_jb_pytest_runner.py-Login_case.py-[line:341]-INFO-[日志信息]: 开始执行脚本test_code_login：

Mon, 01 Nov 2021 17:19:44-test_code_login-Assert.py-[line:30]-INFO-[日志信息]: statusCode true, expected_code is 200, statusCode is 200 
Mon, 01 Nov 2021 17:19:44-test_code_login-Assert.py-[line:47]-INFO-[日志信息]: Response body msg == expected_msg, expected_msg is ,body_msg is  
