Thu, 28 Apr 2022 11:41:20-run_all_case.py-run_all_case.py-[line:19]-INFO-[日志信息]: ==================================2022-04-28 11:41:20===================================
Thu, 28 Apr 2022 11:42:17-run_all_case.py-Assert.py-[line:110]-ERROR-[日志信息]: Traceback (most recent call last):
  File "C:\Users\张铁瀛\PycharmProjects\API_AUTO\common\Assert.py", line 104, in define_assert
    assert res['code'] == respData['code']
AssertionError: assert 'DatabaseError' == 'InternalError'
  - InternalError
  + DatabaseError

Thu, 28 Apr 2022 11:42:17-run_all_case.py-Assert.py-[line:110]-ERROR-[日志信息]: Traceback (most recent call last):
  File "C:\Users\张铁瀛\PycharmProjects\API_AUTO\common\Assert.py", line 104, in define_assert
    assert res['code'] == respData['code']
AssertionError: assert 'RecordNotFoundError' == 'Success'
  - Success
  + RecordNotFoundError

Thu, 28 Apr 2022 11:42:18-run_all_case.py-Assert.py-[line:110]-ERROR-[日志信息]: Traceback (most recent call last):
  File "C:\Users\张铁瀛\PycharmProjects\API_AUTO\common\Assert.py", line 104, in define_assert
    assert res['code'] == respData['code']
AssertionError: assert 'RecordNotFoundError' == 'InternalError'
  - InternalError
  + RecordNotFoundError

Thu, 28 Apr 2022 11:42:22-run_all_case.py-Assert.py-[line:110]-ERROR-[日志信息]: Traceback (most recent call last):
  File "C:\Users\张铁瀛\PycharmProjects\API_AUTO\common\Assert.py", line 104, in define_assert
    assert res['code'] == respData['code']
AssertionError: assert 'RecordNotFoundError' == 'Success'
  - Success
  + RecordNotFoundError

Thu, 28 Apr 2022 11:42:23-run_all_case.py-Assert.py-[line:110]-ERROR-[日志信息]: Traceback (most recent call last):
  File "C:\Users\张铁瀛\PycharmProjects\API_AUTO\common\Assert.py", line 104, in define_assert
    assert res['code'] == respData['code']
AssertionError: assert 'DatabaseError' == 'InternalError'
  - InternalError
  + DatabaseError

Thu, 28 Apr 2022 11:42:30-run_all_case.py-Assert.py-[line:110]-ERROR-[日志信息]: Traceback (most recent call last):
  File "C:\Users\张铁瀛\PycharmProjects\API_AUTO\common\Assert.py", line 104, in define_assert
    assert res['code'] == respData['code']
AssertionError: assert 'WxClientError' == 'BadRequest'
  - BadRequest
  + WxClientError

Thu, 28 Apr 2022 11:42:32-run_all_case.py-Assert.py-[line:110]-ERROR-[日志信息]: Traceback (most recent call last):
  File "C:\Users\张铁瀛\PycharmProjects\API_AUTO\common\Assert.py", line 104, in define_assert
    assert res['code'] == respData['code']
AssertionError: assert 'Success' == 'BadRequest'
  - BadRequest
  + Success

Thu, 28 Apr 2022 11:42:37-run_all_case.py-Assert.py-[line:110]-ERROR-[日志信息]: Traceback (most recent call last):
  File "C:\Users\张铁瀛\PycharmProjects\API_AUTO\common\Assert.py", line 104, in define_assert
    assert res['code'] == respData['code']
AssertionError: assert 'Success' == 'BadRequest'
  - BadRequest
  + Success

Thu, 28 Apr 2022 11:42:39-run_all_case.py-Assert.py-[line:110]-ERROR-[日志信息]: Traceback (most recent call last):
  File "C:\Users\张铁瀛\PycharmProjects\API_AUTO\common\Assert.py", line 104, in define_assert
    assert res['code'] == respData['code']
AssertionError: assert 'Success' == 'BadRequest'
  - BadRequest
  + Success

Thu, 28 Apr 2022 16:21:12-run_all_case.py-run_all_case.py-[line:19]-INFO-[日志信息]: ==================================2022-04-28 16:21:12===================================
Thu, 28 Apr 2022 16:21:29-run_all_case.py-Assert.py-[line:110]-ERROR-[日志信息]: Traceback (most recent call last):
  File "C:\Users\张铁瀛\PycharmProjects\API_AUTO\common\Assert.py", line 104, in define_assert
    assert res['code'] == respData['code']
AssertionError: assert 'RecordNotFoundError' == 'Success'
  - Success
  + RecordNotFoundError

Thu, 28 Apr 2022 16:21:29-run_all_case.py-Assert.py-[line:110]-ERROR-[日志信息]: Traceback (most recent call last):
  File "C:\Users\张铁瀛\PycharmProjects\API_AUTO\common\Assert.py", line 104, in define_assert
    assert res['code'] == respData['code']
AssertionError: assert 'RecordNotFoundError' == 'InternalError'
  - InternalError
  + RecordNotFoundError

Thu, 28 Apr 2022 16:21:32-run_all_case.py-Assert.py-[line:110]-ERROR-[日志信息]: Traceback (most recent call last):
  File "C:\Users\张铁瀛\PycharmProjects\API_AUTO\common\Assert.py", line 104, in define_assert
    assert res['code'] == respData['code']
AssertionError: assert 'RecordNotFoundError' == 'Success'
  - Success
  + RecordNotFoundError

Thu, 28 Apr 2022 16:21:41-run_all_case.py-Assert.py-[line:110]-ERROR-[日志信息]: Traceback (most recent call last):
  File "C:\Users\张铁瀛\PycharmProjects\API_AUTO\common\Assert.py", line 104, in define_assert
    assert res['code'] == respData['code']
AssertionError: assert 'WxClientError' == 'BadRequest'
  - BadRequest
  + WxClientError

Thu, 28 Apr 2022 16:21:43-run_all_case.py-Assert.py-[line:110]-ERROR-[日志信息]: Traceback (most recent call last):
  File "C:\Users\张铁瀛\PycharmProjects\API_AUTO\common\Assert.py", line 104, in define_assert
    assert res['code'] == respData['code']
AssertionError: assert 'Success' == 'BadRequest'
  - BadRequest
  + Success

Thu, 28 Apr 2022 16:21:50-run_all_case.py-Assert.py-[line:110]-ERROR-[日志信息]: Traceback (most recent call last):
  File "C:\Users\张铁瀛\PycharmProjects\API_AUTO\common\Assert.py", line 104, in define_assert
    assert res['code'] == respData['code']
AssertionError: assert 'Success' == 'BadRequest'
  - BadRequest
  + Success

Thu, 28 Apr 2022 16:21:52-run_all_case.py-Assert.py-[line:110]-ERROR-[日志信息]: Traceback (most recent call last):
  File "C:\Users\张铁瀛\PycharmProjects\API_AUTO\common\Assert.py", line 104, in define_assert
    assert res['code'] == respData['code']
AssertionError: assert 'Success' == 'BadRequest'
  - BadRequest
  + Success

Thu, 28 Apr 2022 16:32:26-run_all_case.py-run_all_case.py-[line:19]-INFO-[日志信息]: ==================================2022-04-28 16:32:26===================================
Thu, 28 Apr 2022 16:32:40-run_all_case.py-Assert.py-[line:110]-ERROR-[日志信息]: Traceback (most recent call last):
  File "C:\Users\张铁瀛\PycharmProjects\API_AUTO\common\Assert.py", line 104, in define_assert
    assert res['code'] == respData['code']
AssertionError: assert 'RecordNotFoundError' == 'InternalError'
  - InternalError
  + RecordNotFoundError

Thu, 28 Apr 2022 16:32:50-run_all_case.py-Assert.py-[line:110]-ERROR-[日志信息]: Traceback (most recent call last):
  File "C:\Users\张铁瀛\PycharmProjects\API_AUTO\common\Assert.py", line 104, in define_assert
    assert res['code'] == respData['code']
AssertionError: assert 'WxClientError' == 'BadRequest'
  - BadRequest
  + WxClientError

Thu, 28 Apr 2022 16:32:53-run_all_case.py-Assert.py-[line:110]-ERROR-[日志信息]: Traceback (most recent call last):
  File "C:\Users\张铁瀛\PycharmProjects\API_AUTO\common\Assert.py", line 104, in define_assert
    assert res['code'] == respData['code']
AssertionError: assert 'Success' == 'BadRequest'
  - BadRequest
  + Success

Thu, 28 Apr 2022 16:32:57-run_all_case.py-Assert.py-[line:110]-ERROR-[日志信息]: Traceback (most recent call last):
  File "C:\Users\张铁瀛\PycharmProjects\API_AUTO\common\Assert.py", line 104, in define_assert
    assert res['code'] == respData['code']
AssertionError: assert 'Success' == 'BadRequest'
  - BadRequest
  + Success

Thu, 28 Apr 2022 16:33:00-run_all_case.py-Assert.py-[line:110]-ERROR-[日志信息]: Traceback (most recent call last):
  File "C:\Users\张铁瀛\PycharmProjects\API_AUTO\common\Assert.py", line 104, in define_assert
    assert res['code'] == respData['code']
AssertionError: assert 'Success' == 'BadRequest'
  - BadRequest
  + Success

Thu, 28 Apr 2022 16:40:30-run_all_case.py-run_all_case.py-[line:19]-INFO-[日志信息]: ==================================2022-04-28 16:40:30===================================
Thu, 28 Apr 2022 16:40:52-run_all_case.py-Assert.py-[line:110]-ERROR-[日志信息]: Traceback (most recent call last):
  File "C:\Users\张铁瀛\PycharmProjects\API_AUTO\common\Assert.py", line 104, in define_assert
    assert res['code'] == respData['code']
AssertionError: assert 'WxClientError' == 'BadRequest'
  - BadRequest
  + WxClientError

Thu, 28 Apr 2022 16:40:55-run_all_case.py-Assert.py-[line:110]-ERROR-[日志信息]: Traceback (most recent call last):
  File "C:\Users\张铁瀛\PycharmProjects\API_AUTO\common\Assert.py", line 104, in define_assert
    assert res['code'] == respData['code']
AssertionError: assert 'Success' == 'BadRequest'
  - BadRequest
  + Success

Thu, 28 Apr 2022 16:40:59-run_all_case.py-Assert.py-[line:110]-ERROR-[日志信息]: Traceback (most recent call last):
  File "C:\Users\张铁瀛\PycharmProjects\API_AUTO\common\Assert.py", line 104, in define_assert
    assert res['code'] == respData['code']
AssertionError: assert 'Success' == 'BadRequest'
  - BadRequest
  + Success

Thu, 28 Apr 2022 16:41:01-run_all_case.py-Assert.py-[line:110]-ERROR-[日志信息]: Traceback (most recent call last):
  File "C:\Users\张铁瀛\PycharmProjects\API_AUTO\common\Assert.py", line 104, in define_assert
    assert res['code'] == respData['code']
AssertionError: assert 'Success' == 'BadRequest'
  - BadRequest
  + Success

