Fri, 11 Jun 2021 16:55:44-_jb_pytest_runner.py-Image_warehouse.py-[line:25]-INFO-[日志信息]: 开始执行脚本test_PublicCreate:
Fri, 11 Jun 2021 16:57:06-_jb_pytest_runner.py-Image_warehouse.py-[line:25]-INFO-[日志信息]: 开始执行脚本test_PublicCreate:
Fri, 11 Jun 2021 16:57:07-_jb_pytest_runner.py-Image_warehouse.py-[line:55]-INFO-[日志信息]: 开始执行脚本test_PublicList:
Fri, 11 Jun 2021 16:57:07-_jb_pytest_runner.py-Image_warehouse.py-[line:109]-INFO-[日志信息]: 开始执行脚本test_PublicCreate_Cache:
Fri, 11 Jun 2021 16:57:07-_jb_pytest_runner.py-Image_warehouse.py-[line:134]-INFO-[日志信息]: 开始执行脚本test_PublicCheckName_False:
Fri, 11 Jun 2021 16:57:07-_jb_pytest_runner.py-Image_warehouse.py-[line:157]-INFO-[日志信息]: 开始执行脚本test_PublicCheckName_True:
Fri, 11 Jun 2021 16:57:07-_jb_pytest_runner.py-Image_warehouse.py-[line:180]-INFO-[日志信息]: 开始执行脚本test_PublicUpdate:
Fri, 11 Jun 2021 16:57:07-_jb_pytest_runner.py-Image_warehouse.py-[line:25]-INFO-[日志信息]: 开始执行脚本test_PublicCreate:
Fri, 11 Jun 2021 16:57:07-_jb_pytest_runner.py-Image_warehouse.py-[line:205]-INFO-[日志信息]: 开始执行脚本test_PublicUpdate_NotImageName:
Fri, 11 Jun 2021 16:57:07-_jb_pytest_runner.py-Image_warehouse.py-[line:25]-INFO-[日志信息]: 开始执行脚本test_PublicCreate:
Fri, 11 Jun 2021 16:57:07-_jb_pytest_runner.py-Image_warehouse.py-[line:230]-INFO-[日志信息]: 开始执行脚本test_PublicUpdate_CacheYes:
Fri, 11 Jun 2021 16:57:07-_jb_pytest_runner.py-Image_warehouse.py-[line:25]-INFO-[日志信息]: 开始执行脚本test_PublicCreate:
Fri, 11 Jun 2021 16:57:07-_jb_pytest_runner.py-Image_warehouse.py-[line:255]-INFO-[日志信息]: 开始执行脚本test_PublicUpdate_CacheNo:
Fri, 11 Jun 2021 16:57:07-_jb_pytest_runner.py-Image_warehouse.py-[line:25]-INFO-[日志信息]: 开始执行脚本test_PublicCreate:
Fri, 11 Jun 2021 16:57:07-_jb_pytest_runner.py-Image_warehouse.py-[line:279]-INFO-[日志信息]: 开始执行脚本test_PublicStartCache:
Fri, 11 Jun 2021 16:57:07-_jb_pytest_runner.py-Image_warehouse.py-[line:25]-INFO-[日志信息]: 开始执行脚本test_PublicCreate:
Fri, 11 Jun 2021 16:57:07-_jb_pytest_runner.py-Image_warehouse.py-[line:301]-INFO-[日志信息]: 开始执行脚本test_PublicRemoveCache:
Fri, 11 Jun 2021 16:57:07-_jb_pytest_runner.py-Image_warehouse.py-[line:25]-INFO-[日志信息]: 开始执行脚本test_PublicCreate:
Fri, 11 Jun 2021 16:57:07-_jb_pytest_runner.py-Image_warehouse.py-[line:323]-INFO-[日志信息]: 开始执行脚本test_PrivateList:
Fri, 11 Jun 2021 16:57:07-_jb_pytest_runner.py-Image_warehouse.py-[line:346]-INFO-[日志信息]: 开始执行脚本test_PrivateUpdate:
