Thu, 10 Mar 2022 10:50:21-pytest-test_InstanceCase.py-[line:36]-INFO-[日志信息]: 当前用例名称：创建实例-主机ID：484411a80c
Thu, 10 Mar 2022 10:50:21-pytest-test_InstanceCase.py-[line:37]-INFO-[日志信息]: 当前测试用例请求参数：{'instance_info': {'charge_type': 'payg', 'image': 'hub.kce.ksyun.com/autodl-image/torch:cuda11.0-cudnn8-devel-ubuntu18.04-py38-torch1.7.0', 'machine_id': '484411a80c', 'instance_name': '', 'req_gpu_amount': 1}, 'price_info': {'charge_type': 'payg', 'duration': 1, 'machine_id': '875111ae0c', 'num': 1}}
Thu, 10 Mar 2022 10:50:21-pytest-test_InstanceCase.py-[line:38]-INFO-[日志信息]: 当前用例预期结果：{'code': 'Success', 'msg': ''}
Thu, 10 Mar 2022 10:50:21-pytest-test_InstanceCase.py-[line:39]-INFO-[日志信息]: 当前用例实际结果：{'code': 'RequestParameterIsWrong', 'data': None, 'msg': '请求参数错误', 'debug_error': ''}

Thu, 10 Mar 2022 10:50:21-pytest-Assert.py-[line:110]-ERROR-[日志信息]: Traceback (most recent call last):
  File "C:\Users\张铁瀛\PycharmProjects\API_AUTO\common\Assert.py", line 104, in define_assert
    assert res['code'] == respData['code']
AssertionError

Thu, 10 Mar 2022 10:50:21-pytest-test_InstanceCase.py-[line:43]-ERROR-[日志信息]: 用例执行失败
Thu, 10 Mar 2022 10:50:23-pytest-test_InstanceCase.py-[line:36]-INFO-[日志信息]: 当前用例名称：创建实例-主机ID：f94411a60c
Thu, 10 Mar 2022 10:50:23-pytest-test_InstanceCase.py-[line:37]-INFO-[日志信息]: 当前测试用例请求参数：{'instance_info': {'charge_type': 'payg', 'image': 'hub.kce.ksyun.com/autodl-image/torch:cuda11.0-cudnn8-devel-ubuntu18.04-py38-torch1.7.0', 'machine_id': 'f94411a60c', 'instance_name': '', 'req_gpu_amount': 1}, 'price_info': {'charge_type': 'payg', 'duration': 1, 'machine_id': 'f94411a60c', 'num': 1}}
Thu, 10 Mar 2022 10:50:23-pytest-test_InstanceCase.py-[line:38]-INFO-[日志信息]: 当前用例预期结果：{'code': 'Success', 'msg': ''}
Thu, 10 Mar 2022 10:50:23-pytest-test_InstanceCase.py-[line:39]-INFO-[日志信息]: 当前用例实际结果：{'code': 'Success', 'data': 'f94411a60c-81a8862f', 'msg': ''}

Thu, 10 Mar 2022 10:50:23-pytest-test_LoginCase.py-[line:27]-INFO-[日志信息]: 当前用例名称：手机号密码都正确
Thu, 10 Mar 2022 10:50:23-pytest-test_LoginCase.py-[line:28]-INFO-[日志信息]: 当前测试用例请求参数：{'phone': '18801053303', 'password': 'a753c776ff3ed4fefa2af948af87448910153281', 'captcha_id': '111'}
Thu, 10 Mar 2022 10:50:23-pytest-test_LoginCase.py-[line:29]-INFO-[日志信息]: 当前用例预期结果：{'code': 'Success', 'msg': ''}
Thu, 10 Mar 2022 10:50:23-pytest-test_LoginCase.py-[line:30]-INFO-[日志信息]: 当前用例实际结果：{'code': 'Success', 'data': {'ticket': 'd95o2uzYI7q7tY7bHI4U1xBug7s=', 'user': {'id': 3, 'created_at': '2021-08-06T21:36:59+08:00', 'updated_at': '2021-09-14T10:40:09+08:00', 'uuid': '487686b5-637f-4d99-8202-7c0b29fa322d', 'username': 'zty_tester', 'nickname': 'ZhangTy', 'status': 'normal', 'logged_in_at': '2022-03-09T17:32:45.962+08:00', 'email': '', 'phone': '18801053303', 'is_admin': False, 'is_super_admin': False, 'sha1_password': 'a753c776ff3ed4fefa2af948af87448910153281', 'email_confirmed': False, 'idle_job_authority': True, 'mount_net_disk_authority': True, 'invitation_code': '', 'open_id': '111', 'union_id': '', 'applet_open_id': '', 'avatar_id': 0, 'register_ip': '', 'growth_value': -251000, 'member_level': 'normal_user', 'level_acq_mode': 'vip_user_acquire', 'member_dateline': None}}, 'msg': ''}

Thu, 10 Mar 2022 10:50:23-pytest-test_LoginCase.py-[line:27]-INFO-[日志信息]: 当前用例名称：手机号正确，密码错误
Thu, 10 Mar 2022 10:50:23-pytest-test_LoginCase.py-[line:28]-INFO-[日志信息]: 当前测试用例请求参数：{'phone': '18801053303', 'password': '40bd001563085fc35165329ea1ff5c5ecbdbbeef'}
Thu, 10 Mar 2022 10:50:23-pytest-test_LoginCase.py-[line:29]-INFO-[日志信息]: 当前用例预期结果：{'code': 'RequestParameterIsWrong', 'msg': '手机号或密码错误，请重试'}
Thu, 10 Mar 2022 10:50:23-pytest-test_LoginCase.py-[line:30]-INFO-[日志信息]: 当前用例实际结果：{'code': 'RequestParameterIsWrong', 'data': 1, 'msg': '手机号或密码错误，请重试', 'debug_error': ''}

Thu, 10 Mar 2022 10:50:23-pytest-test_LoginCase.py-[line:27]-INFO-[日志信息]: 当前用例名称：手机号错误，密码正确
Thu, 10 Mar 2022 10:50:23-pytest-test_LoginCase.py-[line:28]-INFO-[日志信息]: 当前测试用例请求参数：{'phone': '188010533', 'password': 'a753c776ff3ed4fefa2af948af87448910153281'}
Thu, 10 Mar 2022 10:50:23-pytest-test_LoginCase.py-[line:29]-INFO-[日志信息]: 当前用例预期结果：{'code': 'RequestParameterIsWrong', 'msg': '手机号或密码错误，请重试'}
Thu, 10 Mar 2022 10:50:23-pytest-test_LoginCase.py-[line:30]-INFO-[日志信息]: 当前用例实际结果：{'code': 'RequestParameterIsWrong', 'data': 1, 'msg': '手机号或密码错误，请重试', 'debug_error': ''}

Thu, 10 Mar 2022 10:50:23-pytest-test_LoginCase.py-[line:27]-INFO-[日志信息]: 当前用例名称：手机号错误，密码错误
Thu, 10 Mar 2022 10:50:23-pytest-test_LoginCase.py-[line:28]-INFO-[日志信息]: 当前测试用例请求参数：{'phone': '18801053124', 'password': 'a8ef6091e7aded9675e79ff635ffd80e8c780420'}
Thu, 10 Mar 2022 10:50:23-pytest-test_LoginCase.py-[line:29]-INFO-[日志信息]: 当前用例预期结果：{'code': 'RequestParameterIsWrong', 'msg': '手机号或密码错误，请重试'}
Thu, 10 Mar 2022 10:50:23-pytest-test_LoginCase.py-[line:30]-INFO-[日志信息]: 当前用例实际结果：{'code': 'RequestParameterIsWrong', 'data': 1, 'msg': '手机号或密码错误，请重试', 'debug_error': ''}

Thu, 10 Mar 2022 10:50:23-pytest-test_LoginCase.py-[line:27]-INFO-[日志信息]: 当前用例名称：手机号输入9位，密码输入正确
Thu, 10 Mar 2022 10:50:23-pytest-test_LoginCase.py-[line:28]-INFO-[日志信息]: 当前测试用例请求参数：{'phone': '188010500', 'password': 'a753c776ff3ed4fefa2af948af87448910153281'}
Thu, 10 Mar 2022 10:50:23-pytest-test_LoginCase.py-[line:29]-INFO-[日志信息]: 当前用例预期结果：{'code': 'RequestParameterIsWrong', 'msg': '手机号或密码错误，请重试'}
Thu, 10 Mar 2022 10:50:23-pytest-test_LoginCase.py-[line:30]-INFO-[日志信息]: 当前用例实际结果：{'code': 'RequestParameterIsWrong', 'data': 1, 'msg': '手机号或密码错误，请重试', 'debug_error': ''}

Thu, 10 Mar 2022 10:50:24-pytest-test_LoginCase.py-[line:27]-INFO-[日志信息]: 当前用例名称：手机号输入12位，密码输入正确
Thu, 10 Mar 2022 10:50:24-pytest-test_LoginCase.py-[line:28]-INFO-[日志信息]: 当前测试用例请求参数：{'phone': '188010500001', 'password': 'a753c776ff3ed4fefa2af948af87448910153281'}
Thu, 10 Mar 2022 10:50:24-pytest-test_LoginCase.py-[line:29]-INFO-[日志信息]: 当前用例预期结果：{'code': 'RequestParameterIsWrong', 'msg': '手机号或密码错误，请重试'}
Thu, 10 Mar 2022 10:50:24-pytest-test_LoginCase.py-[line:30]-INFO-[日志信息]: 当前用例实际结果：{'code': 'RequestParameterIsWrong', 'data': 1, 'msg': '手机号或密码错误，请重试', 'debug_error': ''}

Thu, 10 Mar 2022 10:50:24-pytest-test_LoginCase.py-[line:27]-INFO-[日志信息]: 当前用例名称：密码输入7位，手机号输入正确
Thu, 10 Mar 2022 10:50:24-pytest-test_LoginCase.py-[line:28]-INFO-[日志信息]: 当前测试用例请求参数：{'phone': '188010500001', 'password': '20eabe5d64b0e216796e834f52d61fd0b70332fc'}
Thu, 10 Mar 2022 10:50:24-pytest-test_LoginCase.py-[line:29]-INFO-[日志信息]: 当前用例预期结果：{'code': 'RequestParameterIsWrong', 'msg': '手机号或密码错误，请重试'}
Thu, 10 Mar 2022 10:50:24-pytest-test_LoginCase.py-[line:30]-INFO-[日志信息]: 当前用例实际结果：{'code': 'RequestParameterIsWrong', 'data': 2, 'msg': '手机号或密码错误，请重试', 'debug_error': ''}

Thu, 10 Mar 2022 10:50:24-pytest-test_LoginCase.py-[line:27]-INFO-[日志信息]: 当前用例名称：密码输入17位，手机号输入正确
Thu, 10 Mar 2022 10:50:24-pytest-test_LoginCase.py-[line:28]-INFO-[日志信息]: 当前测试用例请求参数：{'phone': '188010500001', 'password': 'f6cff2998c2f0fd52fb0e9891d10ca3b0cb41fc1'}
Thu, 10 Mar 2022 10:50:24-pytest-test_LoginCase.py-[line:29]-INFO-[日志信息]: 当前用例预期结果：{'code': 'RequestParameterIsWrong', 'msg': '手机号或密码错误，请重试'}
Thu, 10 Mar 2022 10:50:24-pytest-test_LoginCase.py-[line:30]-INFO-[日志信息]: 当前用例实际结果：{'code': 'RequestParameterIsWrong', 'data': 3, 'msg': '手机号或密码错误，请重试', 'debug_error': ''}

Thu, 10 Mar 2022 10:50:24-pytest-test_LoginCase.py-[line:27]-INFO-[日志信息]: 当前用例名称：密码输入17位，手机号输入正确
Thu, 10 Mar 2022 10:50:24-pytest-test_LoginCase.py-[line:28]-INFO-[日志信息]: 当前测试用例请求参数：{'phone': '188010500001', 'password': 'f6cff2998c2f0fd52fb0e9891d10ca3b0cb41fc1'}
Thu, 10 Mar 2022 10:50:24-pytest-test_LoginCase.py-[line:29]-INFO-[日志信息]: 当前用例预期结果：{'code': 'RequestParameterIsWrong', 'msg': '手机号或密码错误，请重试'}
Thu, 10 Mar 2022 10:50:24-pytest-test_LoginCase.py-[line:30]-INFO-[日志信息]: 当前用例实际结果：{'code': 'RequestParameterIsWrong', 'data': 4, 'msg': '手机号或密码错误，请重试', 'debug_error': ''}

Thu, 10 Mar 2022 10:50:24-pytest-test_LoginCase.py-[line:27]-INFO-[日志信息]: 当前用例名称：手机号输入英文+汉字，密码输入正确
Thu, 10 Mar 2022 10:50:24-pytest-test_LoginCase.py-[line:28]-INFO-[日志信息]: 当前测试用例请求参数：{'phone': 'test登录', 'password': 'a8ef6091e7aded9675e79ff635ffd80e8c780420'}
Thu, 10 Mar 2022 10:50:24-pytest-test_LoginCase.py-[line:29]-INFO-[日志信息]: 当前用例预期结果：{'code': 'RequestParameterIsWrong', 'msg': '手机号或密码错误，请重试'}
Thu, 10 Mar 2022 10:50:24-pytest-test_LoginCase.py-[line:30]-INFO-[日志信息]: 当前用例实际结果：{'code': 'RequestParameterIsWrong', 'data': 1, 'msg': '手机号或密码错误，请重试', 'debug_error': ''}

Thu, 10 Mar 2022 10:50:24-pytest-test_LoginCase.py-[line:27]-INFO-[日志信息]: 当前用例名称：不输入手机号，密码输入正确
Thu, 10 Mar 2022 10:50:24-pytest-test_LoginCase.py-[line:28]-INFO-[日志信息]: 当前测试用例请求参数：{'phone': '', 'password': 'a8ef6091e7aded9675e79ff635ffd80e8c780420'}
Thu, 10 Mar 2022 10:50:24-pytest-test_LoginCase.py-[line:29]-INFO-[日志信息]: 当前用例预期结果：{'code': 'RequestParameterIsWrong', 'msg': '手机号或密码错误，请重试'}
Thu, 10 Mar 2022 10:50:24-pytest-test_LoginCase.py-[line:30]-INFO-[日志信息]: 当前用例实际结果：{'code': 'RequestParameterIsWrong', 'data': None, 'msg': '请求参数错误', 'debug_error': ''}

Thu, 10 Mar 2022 10:50:25-pytest-test_LoginCase.py-[line:27]-INFO-[日志信息]: 当前用例名称：不输入密码，手机号输入正确
Thu, 10 Mar 2022 10:50:25-pytest-test_LoginCase.py-[line:28]-INFO-[日志信息]: 当前测试用例请求参数：{'phone': '18801053303', 'password': 'da39a3ee5e6b4b0d3255bfef95601890afd80709'}
Thu, 10 Mar 2022 10:50:25-pytest-test_LoginCase.py-[line:29]-INFO-[日志信息]: 当前用例预期结果：{'code': 'RequestParameterIsWrong', 'msg': '手机号或密码错误，请重试'}
Thu, 10 Mar 2022 10:50:25-pytest-test_LoginCase.py-[line:30]-INFO-[日志信息]: 当前用例实际结果：{'code': 'RequestParameterIsWrong', 'data': 2, 'msg': '手机号或密码错误，请重试', 'debug_error': ''}

Thu, 10 Mar 2022 10:50:25-pytest-test_LoginCase.py-[line:27]-INFO-[日志信息]: 当前用例名称：手机号输入特殊符号
Thu, 10 Mar 2022 10:50:25-pytest-test_LoginCase.py-[line:28]-INFO-[日志信息]: 当前测试用例请求参数：{'phone': '！@#￥%……&*（)', 'password': 'da39a3ee5e6b4b0d3255bfef95601890afd80709'}
Thu, 10 Mar 2022 10:50:25-pytest-test_LoginCase.py-[line:29]-INFO-[日志信息]: 当前用例预期结果：{'code': 'RequestParameterIsWrong', 'msg': '手机号或密码错误，请重试'}
Thu, 10 Mar 2022 10:50:25-pytest-test_LoginCase.py-[line:30]-INFO-[日志信息]: 当前用例实际结果：{'code': 'RequestParameterIsWrong', 'data': 1, 'msg': '手机号或密码错误，请重试', 'debug_error': ''}

Thu, 10 Mar 2022 10:50:25-pytest-test_LoginCase.py-[line:27]-INFO-[日志信息]: 当前用例名称：手机号输入null 密码不输入
Thu, 10 Mar 2022 10:50:25-pytest-test_LoginCase.py-[line:28]-INFO-[日志信息]: 当前测试用例请求参数：{'phone': 'Null', 'password': 'da39a3ee5e6b4b0d3255bfef95601890afd80709'}
Thu, 10 Mar 2022 10:50:25-pytest-test_LoginCase.py-[line:29]-INFO-[日志信息]: 当前用例预期结果：{'code': 'RequestParameterIsWrong', 'msg': '手机号或密码错误，请重试'}
Thu, 10 Mar 2022 10:50:25-pytest-test_LoginCase.py-[line:30]-INFO-[日志信息]: 当前用例实际结果：{'code': 'RequestParameterIsWrong', 'data': 1, 'msg': '手机号或密码错误，请重试', 'debug_error': ''}

Thu, 10 Mar 2022 10:50:25-pytest-test_LoginCase.py-[line:27]-INFO-[日志信息]: 当前用例名称：密码输入null 手机号不输入
Thu, 10 Mar 2022 10:50:25-pytest-test_LoginCase.py-[line:28]-INFO-[日志信息]: 当前测试用例请求参数：{'phone': '', 'password': '109085beaaa80ac89858b283a64f7c75d7e5bb12'}
Thu, 10 Mar 2022 10:50:25-pytest-test_LoginCase.py-[line:29]-INFO-[日志信息]: 当前用例预期结果：{'code': 'RequestParameterIsWrong', 'msg': '手机号或密码错误，请重试'}
Thu, 10 Mar 2022 10:50:25-pytest-test_LoginCase.py-[line:30]-INFO-[日志信息]: 当前用例实际结果：{'code': 'RequestParameterIsWrong', 'data': None, 'msg': '请求参数错误', 'debug_error': ''}

Thu, 10 Mar 2022 10:50:25-pytest-test_LoginCase.py-[line:27]-INFO-[日志信息]: 当前用例名称：手机号输入null 密码输入null
Thu, 10 Mar 2022 10:50:25-pytest-test_LoginCase.py-[line:28]-INFO-[日志信息]: 当前测试用例请求参数：{'phone': '', 'password': '109085beaaa80ac89858b283a64f7c75d7e5bb12'}
Thu, 10 Mar 2022 10:50:25-pytest-test_LoginCase.py-[line:29]-INFO-[日志信息]: 当前用例预期结果：{'code': 'RequestParameterIsWrong', 'msg': '手机号或密码错误，请重试'}
Thu, 10 Mar 2022 10:50:25-pytest-test_LoginCase.py-[line:30]-INFO-[日志信息]: 当前用例实际结果：{'code': 'RequestParameterIsWrong', 'data': None, 'msg': '请求参数错误', 'debug_error': ''}

Thu, 10 Mar 2022 10:50:26-pytest-test_LoginCase.py-[line:27]-INFO-[日志信息]: 当前用例名称：输入sql语句
Thu, 10 Mar 2022 10:50:26-pytest-test_LoginCase.py-[line:28]-INFO-[日志信息]: 当前测试用例请求参数：{'phone': 'select username，password from user where username=', 'password': 'e693f99fbb5efd10efe806601ff8bfebb64a4343'}
Thu, 10 Mar 2022 10:50:26-pytest-test_LoginCase.py-[line:29]-INFO-[日志信息]: 当前用例预期结果：{'code': 'RequestParameterIsWrong', 'msg': '手机号或密码错误，请重试'}
Thu, 10 Mar 2022 10:50:26-pytest-test_LoginCase.py-[line:30]-INFO-[日志信息]: 当前用例实际结果：{'code': 'RequestParameterIsWrong', 'data': 1, 'msg': '手机号或密码错误，请重试', 'debug_error': ''}

Thu, 10 Mar 2022 10:50:26-pytest-test_RechargeCase.py-[line:30]-INFO-[日志信息]: 当前用例名称：正常充值
Thu, 10 Mar 2022 10:50:26-pytest-test_RechargeCase.py-[line:31]-INFO-[日志信息]: 当前测试用例请求参数：{'asset': 1000}
Thu, 10 Mar 2022 10:50:26-pytest-test_RechargeCase.py-[line:32]-INFO-[日志信息]: 当前用例预期结果：{'code': 'Success', 'msg': ''}
Thu, 10 Mar 2022 10:50:26-pytest-test_RechargeCase.py-[line:33]-INFO-[日志信息]: 当前用例实际结果：{'code': 'Success', 'data': {'code_url': 'weixin://wxpay/bizpayurl?pr=a9frsELzz', 'recharge_uuid': '148903469607388166', 'asset': 1000}, 'msg': ''}

Thu, 10 Mar 2022 10:50:27-pytest-test_RechargeCase.py-[line:30]-INFO-[日志信息]: 当前用例名称：不输入金额
Thu, 10 Mar 2022 10:50:27-pytest-test_RechargeCase.py-[line:31]-INFO-[日志信息]: 当前测试用例请求参数：{'asset': None}
Thu, 10 Mar 2022 10:50:27-pytest-test_RechargeCase.py-[line:32]-INFO-[日志信息]: 当前用例预期结果：{'code': 'RequestParameterIsWrong', 'msg': '请求参数错误'}
Thu, 10 Mar 2022 10:50:27-pytest-test_RechargeCase.py-[line:33]-INFO-[日志信息]: 当前用例实际结果：{'code': 'RequestParameterIsWrong', 'data': None, 'msg': '请求参数错误', 'debug_error': ''}

Thu, 10 Mar 2022 10:50:28-pytest-test_RechargeCase.py-[line:30]-INFO-[日志信息]: 当前用例名称：输入负数
Thu, 10 Mar 2022 10:50:28-pytest-test_RechargeCase.py-[line:31]-INFO-[日志信息]: 当前测试用例请求参数：{'asset': -1}
Thu, 10 Mar 2022 10:50:28-pytest-test_RechargeCase.py-[line:32]-INFO-[日志信息]: 当前用例预期结果：{'code': 'BadRequest', 'msg': '充值金额最低1元'}
Thu, 10 Mar 2022 10:50:28-pytest-test_RechargeCase.py-[line:33]-INFO-[日志信息]: 当前用例实际结果：{'code': 'WxClientError', 'data': None, 'msg': '生成微信订单失败, 请稍后重试', 'debug_error': ''}

Thu, 10 Mar 2022 10:50:28-pytest-Assert.py-[line:110]-ERROR-[日志信息]: Traceback (most recent call last):
  File "C:\Users\张铁瀛\PycharmProjects\API_AUTO\common\Assert.py", line 104, in define_assert
    assert res['code'] == respData['code']
AssertionError

Thu, 10 Mar 2022 10:50:28-pytest-test_RechargeCase.py-[line:37]-ERROR-[日志信息]: 用例执行失败
Thu, 10 Mar 2022 10:50:28-pytest-test_RechargeCase.py-[line:30]-INFO-[日志信息]: 当前用例名称：输入字母
Thu, 10 Mar 2022 10:50:28-pytest-test_RechargeCase.py-[line:31]-INFO-[日志信息]: 当前测试用例请求参数：{'asset': 'adsadsa'}
Thu, 10 Mar 2022 10:50:28-pytest-test_RechargeCase.py-[line:32]-INFO-[日志信息]: 当前用例预期结果：{'code': 'RequestParameterIsWrong', 'msg': '请求参数错误'}
Thu, 10 Mar 2022 10:50:28-pytest-test_RechargeCase.py-[line:33]-INFO-[日志信息]: 当前用例实际结果：{'code': 'RequestParameterIsWrong', 'data': None, 'msg': '请求参数错误', 'debug_error': ''}

Thu, 10 Mar 2022 10:50:29-pytest-test_RechargeCase.py-[line:30]-INFO-[日志信息]: 当前用例名称：输入汉字
Thu, 10 Mar 2022 10:50:29-pytest-test_RechargeCase.py-[line:31]-INFO-[日志信息]: 当前测试用例请求参数：{'asset': '测试测试'}
Thu, 10 Mar 2022 10:50:29-pytest-test_RechargeCase.py-[line:32]-INFO-[日志信息]: 当前用例预期结果：{'code': 'RequestParameterIsWrong', 'msg': '请求参数错误'}
Thu, 10 Mar 2022 10:50:29-pytest-test_RechargeCase.py-[line:33]-INFO-[日志信息]: 当前用例实际结果：{'code': 'RequestParameterIsWrong', 'data': None, 'msg': '请求参数错误', 'debug_error': ''}

Thu, 10 Mar 2022 10:50:29-pytest-test_RechargeCase.py-[line:30]-INFO-[日志信息]: 当前用例名称：充值大于100万
Thu, 10 Mar 2022 10:50:29-pytest-test_RechargeCase.py-[line:31]-INFO-[日志信息]: 当前测试用例请求参数：{'asset': 10000000000}
Thu, 10 Mar 2022 10:50:29-pytest-test_RechargeCase.py-[line:32]-INFO-[日志信息]: 当前用例预期结果：{'code': 'WxClientError', 'msg': '生成微信订单失败, 请稍后重试'}
Thu, 10 Mar 2022 10:50:29-pytest-test_RechargeCase.py-[line:33]-INFO-[日志信息]: 当前用例实际结果：{'code': 'WxClientError', 'data': None, 'msg': '生成微信订单失败, 请稍后重试', 'debug_error': ''}

Thu, 10 Mar 2022 10:50:30-pytest-test_RechargeCase.py-[line:30]-INFO-[日志信息]: 当前用例名称：充值少于1元
Thu, 10 Mar 2022 10:50:30-pytest-test_RechargeCase.py-[line:31]-INFO-[日志信息]: 当前测试用例请求参数：{'asset': 100}
Thu, 10 Mar 2022 10:50:30-pytest-test_RechargeCase.py-[line:32]-INFO-[日志信息]: 当前用例预期结果：{'code': 'BadRequest', 'msg': '充值金额最低1元'}
Thu, 10 Mar 2022 10:50:30-pytest-test_RechargeCase.py-[line:33]-INFO-[日志信息]: 当前用例实际结果：{'code': 'Success', 'data': {'code_url': 'weixin://wxpay/bizpayurl?pr=ucbXDn9zz', 'recharge_uuid': '723116370939634829', 'asset': 100}, 'msg': ''}

Thu, 10 Mar 2022 10:50:30-pytest-Assert.py-[line:110]-ERROR-[日志信息]: Traceback (most recent call last):
  File "C:\Users\张铁瀛\PycharmProjects\API_AUTO\common\Assert.py", line 104, in define_assert
    assert res['code'] == respData['code']
AssertionError

Thu, 10 Mar 2022 10:50:30-pytest-test_RechargeCase.py-[line:37]-ERROR-[日志信息]: 用例执行失败
Thu, 10 Mar 2022 10:50:31-pytest-test_RechargeCase.py-[line:30]-INFO-[日志信息]: 当前用例名称：支付0元
Thu, 10 Mar 2022 10:50:31-pytest-test_RechargeCase.py-[line:31]-INFO-[日志信息]: 当前测试用例请求参数：{'asset': 0}
Thu, 10 Mar 2022 10:50:31-pytest-test_RechargeCase.py-[line:32]-INFO-[日志信息]: 当前用例预期结果：{'code': 'RequestParameterIsWrong', 'msg': '请求参数错误'}
Thu, 10 Mar 2022 10:50:31-pytest-test_RechargeCase.py-[line:33]-INFO-[日志信息]: 当前用例实际结果：{'code': 'RequestParameterIsWrong', 'data': None, 'msg': '请求参数错误', 'debug_error': ''}

Thu, 10 Mar 2022 10:50:31-pytest-test_RechargeCase.py-[line:30]-INFO-[日志信息]: 当前用例名称：充值金额为空
Thu, 10 Mar 2022 10:50:31-pytest-test_RechargeCase.py-[line:31]-INFO-[日志信息]: 当前测试用例请求参数：{'asset': None}
Thu, 10 Mar 2022 10:50:31-pytest-test_RechargeCase.py-[line:32]-INFO-[日志信息]: 当前用例预期结果：{'code': 'RequestParameterIsWrong', 'msg': '请求参数错误'}
Thu, 10 Mar 2022 10:50:31-pytest-test_RechargeCase.py-[line:33]-INFO-[日志信息]: 当前用例实际结果：{'code': 'RequestParameterIsWrong', 'data': None, 'msg': '请求参数错误', 'debug_error': ''}

Thu, 10 Mar 2022 10:50:33-pytest-test_RechargeCase.py-[line:45]-INFO-[日志信息]: 当前用例名称：正常充值
Thu, 10 Mar 2022 10:50:33-pytest-test_RechargeCase.py-[line:46]-INFO-[日志信息]: 当前测试用例请求参数：{'asset': 1000}
Thu, 10 Mar 2022 10:50:33-pytest-test_RechargeCase.py-[line:47]-INFO-[日志信息]: 当前用例预期结果：{'code': 'Success', 'msg': ''}
Thu, 10 Mar 2022 10:50:33-pytest-test_RechargeCase.py-[line:48]-INFO-[日志信息]: 当前用例实际结果：{'code': 'Success', 'data': {'code_url': 'https://qr.alipay.com/upx04461lfmdihc09zmy255e', 'recharge_uuid': '684261587130465094', 'asset': 1000}, 'msg': ''}

Thu, 10 Mar 2022 10:50:34-pytest-test_RechargeCase.py-[line:45]-INFO-[日志信息]: 当前用例名称：不输入金额
Thu, 10 Mar 2022 10:50:34-pytest-test_RechargeCase.py-[line:46]-INFO-[日志信息]: 当前测试用例请求参数：{'asset': None}
Thu, 10 Mar 2022 10:50:34-pytest-test_RechargeCase.py-[line:47]-INFO-[日志信息]: 当前用例预期结果：{'code': 'RequestParameterIsWrong', 'msg': '请求参数错误'}
Thu, 10 Mar 2022 10:50:34-pytest-test_RechargeCase.py-[line:48]-INFO-[日志信息]: 当前用例实际结果：{'code': 'RequestParameterIsWrong', 'data': None, 'msg': '请求参数错误', 'debug_error': ''}

Thu, 10 Mar 2022 10:50:35-pytest-test_RechargeCase.py-[line:45]-INFO-[日志信息]: 当前用例名称：输入负数
Thu, 10 Mar 2022 10:50:35-pytest-test_RechargeCase.py-[line:46]-INFO-[日志信息]: 当前测试用例请求参数：{'asset': -1}
Thu, 10 Mar 2022 10:50:35-pytest-test_RechargeCase.py-[line:47]-INFO-[日志信息]: 当前用例预期结果：{'code': 'BadRequest', 'msg': '充值金额最低1元'}
Thu, 10 Mar 2022 10:50:35-pytest-test_RechargeCase.py-[line:48]-INFO-[日志信息]: 当前用例实际结果：{'code': 'Success', 'data': {'code_url': '', 'recharge_uuid': '672446217615796070', 'asset': -1}, 'msg': ''}

Thu, 10 Mar 2022 10:50:35-pytest-Assert.py-[line:110]-ERROR-[日志信息]: Traceback (most recent call last):
  File "C:\Users\张铁瀛\PycharmProjects\API_AUTO\common\Assert.py", line 104, in define_assert
    assert res['code'] == respData['code']
AssertionError

Thu, 10 Mar 2022 10:50:35-pytest-test_RechargeCase.py-[line:52]-ERROR-[日志信息]: 用例执行失败
Thu, 10 Mar 2022 10:50:35-pytest-test_RechargeCase.py-[line:45]-INFO-[日志信息]: 当前用例名称：输入字母
Thu, 10 Mar 2022 10:50:35-pytest-test_RechargeCase.py-[line:46]-INFO-[日志信息]: 当前测试用例请求参数：{'asset': 'adsadsa'}
Thu, 10 Mar 2022 10:50:35-pytest-test_RechargeCase.py-[line:47]-INFO-[日志信息]: 当前用例预期结果：{'code': 'RequestParameterIsWrong', 'msg': '请求参数错误'}
Thu, 10 Mar 2022 10:50:35-pytest-test_RechargeCase.py-[line:48]-INFO-[日志信息]: 当前用例实际结果：{'code': 'RequestParameterIsWrong', 'data': None, 'msg': '请求参数错误', 'debug_error': ''}

Thu, 10 Mar 2022 10:50:36-pytest-test_RechargeCase.py-[line:45]-INFO-[日志信息]: 当前用例名称：输入汉字
Thu, 10 Mar 2022 10:50:36-pytest-test_RechargeCase.py-[line:46]-INFO-[日志信息]: 当前测试用例请求参数：{'asset': '测试测试'}
Thu, 10 Mar 2022 10:50:36-pytest-test_RechargeCase.py-[line:47]-INFO-[日志信息]: 当前用例预期结果：{'code': 'RequestParameterIsWrong', 'msg': '请求参数错误'}
Thu, 10 Mar 2022 10:50:36-pytest-test_RechargeCase.py-[line:48]-INFO-[日志信息]: 当前用例实际结果：{'code': 'RequestParameterIsWrong', 'data': None, 'msg': '请求参数错误', 'debug_error': ''}

Thu, 10 Mar 2022 10:50:37-pytest-test_RechargeCase.py-[line:45]-INFO-[日志信息]: 当前用例名称：充值少于1元
Thu, 10 Mar 2022 10:50:37-pytest-test_RechargeCase.py-[line:46]-INFO-[日志信息]: 当前测试用例请求参数：{'asset': 100}
Thu, 10 Mar 2022 10:50:37-pytest-test_RechargeCase.py-[line:47]-INFO-[日志信息]: 当前用例预期结果：{'code': 'BadRequest', 'msg': '充值金额最低1元'}
Thu, 10 Mar 2022 10:50:37-pytest-test_RechargeCase.py-[line:48]-INFO-[日志信息]: 当前用例实际结果：{'code': 'Success', 'data': {'code_url': 'https://qr.alipay.com/upx02956tadowe99uhqc30c1', 'recharge_uuid': '885983129081351132', 'asset': 100}, 'msg': ''}

Thu, 10 Mar 2022 10:50:37-pytest-Assert.py-[line:110]-ERROR-[日志信息]: Traceback (most recent call last):
  File "C:\Users\张铁瀛\PycharmProjects\API_AUTO\common\Assert.py", line 104, in define_assert
    assert res['code'] == respData['code']
AssertionError

Thu, 10 Mar 2022 10:50:37-pytest-test_RechargeCase.py-[line:52]-ERROR-[日志信息]: 用例执行失败
Thu, 10 Mar 2022 10:50:38-pytest-test_RechargeCase.py-[line:45]-INFO-[日志信息]: 当前用例名称：支付0元
Thu, 10 Mar 2022 10:50:38-pytest-test_RechargeCase.py-[line:46]-INFO-[日志信息]: 当前测试用例请求参数：{'asset': 0}
Thu, 10 Mar 2022 10:50:38-pytest-test_RechargeCase.py-[line:47]-INFO-[日志信息]: 当前用例预期结果：{'code': 'RequestParameterIsWrong', 'msg': '请求参数错误'}
Thu, 10 Mar 2022 10:50:38-pytest-test_RechargeCase.py-[line:48]-INFO-[日志信息]: 当前用例实际结果：{'code': 'RequestParameterIsWrong', 'data': None, 'msg': '请求参数错误', 'debug_error': ''}

Thu, 10 Mar 2022 10:50:38-pytest-test_RechargeCase.py-[line:45]-INFO-[日志信息]: 当前用例名称：充值金额为空
Thu, 10 Mar 2022 10:50:38-pytest-test_RechargeCase.py-[line:46]-INFO-[日志信息]: 当前测试用例请求参数：{'asset': None}
Thu, 10 Mar 2022 10:50:38-pytest-test_RechargeCase.py-[line:47]-INFO-[日志信息]: 当前用例预期结果：{'code': 'RequestParameterIsWrong', 'msg': '请求参数错误'}
Thu, 10 Mar 2022 10:50:38-pytest-test_RechargeCase.py-[line:48]-INFO-[日志信息]: 当前用例实际结果：{'code': 'RequestParameterIsWrong', 'data': None, 'msg': '请求参数错误', 'debug_error': ''}

Thu, 10 Mar 2022 10:50:39-pytest-test_RegisterCase.py-[line:28]-INFO-[日志信息]: 当前用例名称：正确注册用户
Thu, 10 Mar 2022 10:50:39-pytest-test_RegisterCase.py-[line:29]-INFO-[日志信息]: 当前测试用例请求参数：{'password': '123456aa', 'phone': '13315728609', 'v_code': '666666'}
Thu, 10 Mar 2022 10:50:39-pytest-test_RegisterCase.py-[line:30]-INFO-[日志信息]: 当前用例预期结果：{'code': 'Success', 'msg': ''}
Thu, 10 Mar 2022 10:50:39-pytest-test_RegisterCase.py-[line:31]-INFO-[日志信息]: 当前用例实际结果：{'code': 'Success', 'data': {'ticket': '_14wAr4Fq8EDJHgM4W1eJc16_sc=', 'user': {'id': 1750, 'created_at': '2022-03-10T10:50:37+08:00', 'updated_at': '2022-03-10T10:50:37+08:00', 'uuid': 'de679d80-200f-4b30-9fd8-ae05066a4155', 'username': '炼丹师8609', 'nickname': '炼丹师8609', 'status': 'normal', 'logged_in_at': None, 'email': '', 'phone': '13315728609', 'is_admin': False, 'is_super_admin': False, 'sha1_password': '123456aa', 'email_confirmed': False, 'idle_job_authority': False, 'mount_net_disk_authority': True, 'invitation_code': '', 'open_id': '', 'union_id': '', 'applet_open_id': '', 'avatar_id': 0, 'register_ip': '172.17.9.1', 'growth_value': 0, 'member_level': '', 'level_acq_mode': '', 'member_dateline': None}}, 'msg': ''}

Thu, 10 Mar 2022 10:50:39-pytest-test_RegisterCase.py-[line:28]-INFO-[日志信息]: 当前用例名称：手机号输入10位
Thu, 10 Mar 2022 10:50:39-pytest-test_RegisterCase.py-[line:29]-INFO-[日志信息]: 当前测试用例请求参数：{'password': '123456aa', 'phone': '1880105330', 'v_code': '666666'}
Thu, 10 Mar 2022 10:50:39-pytest-test_RegisterCase.py-[line:30]-INFO-[日志信息]: 当前用例预期结果：{'code': 'InternalError', 'msg': '手机号格式错误'}
Thu, 10 Mar 2022 10:50:39-pytest-test_RegisterCase.py-[line:31]-INFO-[日志信息]: 当前用例实际结果：{'code': 'InternalError', 'data': None, 'msg': '手机号格式错误', 'debug_error': ''}

Thu, 10 Mar 2022 10:50:39-pytest-test_RegisterCase.py-[line:28]-INFO-[日志信息]: 当前用例名称：手机号输入12位
Thu, 10 Mar 2022 10:50:39-pytest-test_RegisterCase.py-[line:29]-INFO-[日志信息]: 当前测试用例请求参数：{'password': '123456aa', 'phone': '188010533033', 'v_code': '666666'}
Thu, 10 Mar 2022 10:50:39-pytest-test_RegisterCase.py-[line:30]-INFO-[日志信息]: 当前用例预期结果：{'code': 'InternalError', 'msg': '手机号格式错误'}
Thu, 10 Mar 2022 10:50:39-pytest-test_RegisterCase.py-[line:31]-INFO-[日志信息]: 当前用例实际结果：{'code': 'InternalError', 'data': None, 'msg': '手机号格式错误', 'debug_error': ''}

Thu, 10 Mar 2022 10:50:39-pytest-test_RegisterCase.py-[line:28]-INFO-[日志信息]: 当前用例名称：手机号输入中文
Thu, 10 Mar 2022 10:50:39-pytest-test_RegisterCase.py-[line:29]-INFO-[日志信息]: 当前测试用例请求参数：{'password': '123456aa', 'phone': '测试登录', 'v_code': '666666'}
Thu, 10 Mar 2022 10:50:39-pytest-test_RegisterCase.py-[line:30]-INFO-[日志信息]: 当前用例预期结果：{'code': 'InternalError', 'msg': '手机号格式错误'}
Thu, 10 Mar 2022 10:50:39-pytest-test_RegisterCase.py-[line:31]-INFO-[日志信息]: 当前用例实际结果：{'code': 'InternalError', 'data': None, 'msg': '手机号格式错误', 'debug_error': ''}

Thu, 10 Mar 2022 10:50:39-pytest-test_RegisterCase.py-[line:28]-INFO-[日志信息]: 当前用例名称：手机号输入英文
Thu, 10 Mar 2022 10:50:39-pytest-test_RegisterCase.py-[line:29]-INFO-[日志信息]: 当前测试用例请求参数：{'password': '123456aa', 'phone': 'qwertyuui', 'v_code': '666666'}
Thu, 10 Mar 2022 10:50:39-pytest-test_RegisterCase.py-[line:30]-INFO-[日志信息]: 当前用例预期结果：{'code': 'InternalError', 'msg': '手机号格式错误'}
Thu, 10 Mar 2022 10:50:39-pytest-test_RegisterCase.py-[line:31]-INFO-[日志信息]: 当前用例实际结果：{'code': 'InternalError', 'data': None, 'msg': '手机号格式错误', 'debug_error': ''}

Thu, 10 Mar 2022 10:50:40-pytest-test_RegisterCase.py-[line:28]-INFO-[日志信息]: 当前用例名称：手机号输入特殊符号
Thu, 10 Mar 2022 10:50:40-pytest-test_RegisterCase.py-[line:29]-INFO-[日志信息]: 当前测试用例请求参数：{'password': '123456aa', 'phone': '!@#$%^&*()', 'v_code': '666666'}
Thu, 10 Mar 2022 10:50:40-pytest-test_RegisterCase.py-[line:30]-INFO-[日志信息]: 当前用例预期结果：{'code': 'InternalError', 'msg': '手机号格式错误'}
Thu, 10 Mar 2022 10:50:40-pytest-test_RegisterCase.py-[line:31]-INFO-[日志信息]: 当前用例实际结果：{'code': 'InternalError', 'data': None, 'msg': '手机号格式错误', 'debug_error': ''}

Thu, 10 Mar 2022 10:50:40-pytest-test_RegisterCase.py-[line:28]-INFO-[日志信息]: 当前用例名称：手机号输入11位数字+字母
Thu, 10 Mar 2022 10:50:40-pytest-test_RegisterCase.py-[line:29]-INFO-[日志信息]: 当前测试用例请求参数：{'password': '123456aa', 'phone': '18801053303asdsadsa', 'v_code': '666666'}
Thu, 10 Mar 2022 10:50:40-pytest-test_RegisterCase.py-[line:30]-INFO-[日志信息]: 当前用例预期结果：{'code': 'InternalError', 'msg': '手机号格式错误'}
Thu, 10 Mar 2022 10:50:40-pytest-test_RegisterCase.py-[line:31]-INFO-[日志信息]: 当前用例实际结果：{'code': 'InternalError', 'data': None, 'msg': '手机号格式错误', 'debug_error': ''}

Thu, 10 Mar 2022 10:50:40-pytest-test_RegisterCase.py-[line:28]-INFO-[日志信息]: 当前用例名称：手机号输入11位数字+汉字
Thu, 10 Mar 2022 10:50:40-pytest-test_RegisterCase.py-[line:29]-INFO-[日志信息]: 当前测试用例请求参数：{'password': '123456aa', 'phone': '18801053303测试测试', 'v_code': '666666'}
Thu, 10 Mar 2022 10:50:40-pytest-test_RegisterCase.py-[line:30]-INFO-[日志信息]: 当前用例预期结果：{'code': 'InternalError', 'msg': '手机号格式错误'}
Thu, 10 Mar 2022 10:50:40-pytest-test_RegisterCase.py-[line:31]-INFO-[日志信息]: 当前用例实际结果：{'code': 'InternalError', 'data': None, 'msg': '手机号格式错误', 'debug_error': ''}

Thu, 10 Mar 2022 10:50:40-pytest-test_RegisterCase.py-[line:28]-INFO-[日志信息]: 当前用例名称：手机号输入11位数字+特殊符号
Thu, 10 Mar 2022 10:50:40-pytest-test_RegisterCase.py-[line:29]-INFO-[日志信息]: 当前测试用例请求参数：{'password': '123456aa', 'phone': '18801053303!@#$%', 'v_code': '666666'}
Thu, 10 Mar 2022 10:50:40-pytest-test_RegisterCase.py-[line:30]-INFO-[日志信息]: 当前用例预期结果：{'code': 'InternalError', 'msg': '手机号格式错误'}
Thu, 10 Mar 2022 10:50:40-pytest-test_RegisterCase.py-[line:31]-INFO-[日志信息]: 当前用例实际结果：{'code': 'InternalError', 'data': None, 'msg': '手机号格式错误', 'debug_error': ''}

Thu, 10 Mar 2022 10:50:40-pytest-test_RegisterCase.py-[line:28]-INFO-[日志信息]: 当前用例名称：手机号为空
Thu, 10 Mar 2022 10:50:40-pytest-test_RegisterCase.py-[line:29]-INFO-[日志信息]: 当前测试用例请求参数：{'password': '123456aa', 'phone': '', 'v_code': '666666'}
Thu, 10 Mar 2022 10:50:40-pytest-test_RegisterCase.py-[line:30]-INFO-[日志信息]: 当前用例预期结果：{'code': 'RequestParameterIsWrong', 'msg': '请求参数错误'}
Thu, 10 Mar 2022 10:50:40-pytest-test_RegisterCase.py-[line:31]-INFO-[日志信息]: 当前用例实际结果：{'code': 'RequestParameterIsWrong', 'data': None, 'msg': '请求参数错误', 'debug_error': ''}

Thu, 10 Mar 2022 10:50:41-pytest-test_RegisterCase.py-[line:28]-INFO-[日志信息]: 当前用例名称：密码输入7位
Thu, 10 Mar 2022 10:50:41-pytest-test_RegisterCase.py-[line:29]-INFO-[日志信息]: 当前测试用例请求参数：{'password': '1234567', 'phone': '13315728609', 'v_code': '666666'}
Thu, 10 Mar 2022 10:50:41-pytest-test_RegisterCase.py-[line:30]-INFO-[日志信息]: 当前用例预期结果：{'code': 'InternalError', 'msg': '验证码无效，请重新获取'}
Thu, 10 Mar 2022 10:50:41-pytest-test_RegisterCase.py-[line:31]-INFO-[日志信息]: 当前用例实际结果：{'code': 'AlreadyExist', 'data': None, 'msg': '手机号已注册', 'debug_error': ''}

Thu, 10 Mar 2022 10:50:41-pytest-Assert.py-[line:110]-ERROR-[日志信息]: Traceback (most recent call last):
  File "C:\Users\张铁瀛\PycharmProjects\API_AUTO\common\Assert.py", line 104, in define_assert
    assert res['code'] == respData['code']
AssertionError

Thu, 10 Mar 2022 10:50:41-pytest-test_RegisterCase.py-[line:36]-ERROR-[日志信息]: 用例执行失败
Thu, 10 Mar 2022 10:50:41-pytest-test_RegisterCase.py-[line:28]-INFO-[日志信息]: 当前用例名称：密码输入17位
Thu, 10 Mar 2022 10:50:41-pytest-test_RegisterCase.py-[line:29]-INFO-[日志信息]: 当前测试用例请求参数：{'password': '12345678901234567', 'phone': '13315728609', 'v_code': '666666'}
Thu, 10 Mar 2022 10:50:41-pytest-test_RegisterCase.py-[line:30]-INFO-[日志信息]: 当前用例预期结果：{'code': 'InternalError', 'msg': '验证码无效，请重新获取'}
Thu, 10 Mar 2022 10:50:41-pytest-test_RegisterCase.py-[line:31]-INFO-[日志信息]: 当前用例实际结果：{'code': 'AlreadyExist', 'data': None, 'msg': '手机号已注册', 'debug_error': ''}

Thu, 10 Mar 2022 10:50:41-pytest-Assert.py-[line:110]-ERROR-[日志信息]: Traceback (most recent call last):
  File "C:\Users\张铁瀛\PycharmProjects\API_AUTO\common\Assert.py", line 104, in define_assert
    assert res['code'] == respData['code']
AssertionError

Thu, 10 Mar 2022 10:50:41-pytest-test_RegisterCase.py-[line:36]-ERROR-[日志信息]: 用例执行失败
Thu, 10 Mar 2022 10:50:41-pytest-test_RegisterCase.py-[line:28]-INFO-[日志信息]: 当前用例名称：密码只输入数字
Thu, 10 Mar 2022 10:50:41-pytest-test_RegisterCase.py-[line:29]-INFO-[日志信息]: 当前测试用例请求参数：{'password': '12345678', 'phone': '13315728609', 'v_code': '666666'}
Thu, 10 Mar 2022 10:50:41-pytest-test_RegisterCase.py-[line:30]-INFO-[日志信息]: 当前用例预期结果：{'code': 'InternalError', 'msg': '验证码无效，请重新获取'}
Thu, 10 Mar 2022 10:50:41-pytest-test_RegisterCase.py-[line:31]-INFO-[日志信息]: 当前用例实际结果：{'code': 'AlreadyExist', 'data': None, 'msg': '手机号已注册', 'debug_error': ''}

Thu, 10 Mar 2022 10:50:41-pytest-Assert.py-[line:110]-ERROR-[日志信息]: Traceback (most recent call last):
  File "C:\Users\张铁瀛\PycharmProjects\API_AUTO\common\Assert.py", line 104, in define_assert
    assert res['code'] == respData['code']
AssertionError

Thu, 10 Mar 2022 10:50:41-pytest-test_RegisterCase.py-[line:36]-ERROR-[日志信息]: 用例执行失败
Thu, 10 Mar 2022 10:50:41-pytest-test_RegisterCase.py-[line:28]-INFO-[日志信息]: 当前用例名称：密码只输入字母
Thu, 10 Mar 2022 10:50:41-pytest-test_RegisterCase.py-[line:29]-INFO-[日志信息]: 当前测试用例请求参数：{'password': 'asdfghjkl', 'phone': '13315728609', 'v_code': '666666'}
Thu, 10 Mar 2022 10:50:41-pytest-test_RegisterCase.py-[line:30]-INFO-[日志信息]: 当前用例预期结果：{'code': 'InternalError', 'msg': '验证码无效，请重新获取'}
Thu, 10 Mar 2022 10:50:41-pytest-test_RegisterCase.py-[line:31]-INFO-[日志信息]: 当前用例实际结果：{'code': 'AlreadyExist', 'data': None, 'msg': '手机号已注册', 'debug_error': ''}

Thu, 10 Mar 2022 10:50:41-pytest-Assert.py-[line:110]-ERROR-[日志信息]: Traceback (most recent call last):
  File "C:\Users\张铁瀛\PycharmProjects\API_AUTO\common\Assert.py", line 104, in define_assert
    assert res['code'] == respData['code']
AssertionError

Thu, 10 Mar 2022 10:50:41-pytest-test_RegisterCase.py-[line:36]-ERROR-[日志信息]: 用例执行失败
Thu, 10 Mar 2022 10:50:41-pytest-test_RegisterCase.py-[line:28]-INFO-[日志信息]: 当前用例名称：密码输入数字+特殊符号
Thu, 10 Mar 2022 10:50:41-pytest-test_RegisterCase.py-[line:29]-INFO-[日志信息]: 当前测试用例请求参数：{'password': 'asdfghjkl', 'phone': '13315728609', 'v_code': '666666'}
Thu, 10 Mar 2022 10:50:41-pytest-test_RegisterCase.py-[line:30]-INFO-[日志信息]: 当前用例预期结果：{'code': 'InternalError', 'msg': '验证码无效，请重新获取'}
Thu, 10 Mar 2022 10:50:41-pytest-test_RegisterCase.py-[line:31]-INFO-[日志信息]: 当前用例实际结果：{'code': 'AlreadyExist', 'data': None, 'msg': '手机号已注册', 'debug_error': ''}

Thu, 10 Mar 2022 10:50:41-pytest-Assert.py-[line:110]-ERROR-[日志信息]: Traceback (most recent call last):
  File "C:\Users\张铁瀛\PycharmProjects\API_AUTO\common\Assert.py", line 104, in define_assert
    assert res['code'] == respData['code']
AssertionError

Thu, 10 Mar 2022 10:50:41-pytest-test_RegisterCase.py-[line:36]-ERROR-[日志信息]: 用例执行失败
Thu, 10 Mar 2022 10:50:42-pytest-test_RegisterCase.py-[line:28]-INFO-[日志信息]: 当前用例名称：密码为空
Thu, 10 Mar 2022 10:50:42-pytest-test_RegisterCase.py-[line:29]-INFO-[日志信息]: 当前测试用例请求参数：{'password': '', 'phone': '13315728609', 'v_code': '666666'}
Thu, 10 Mar 2022 10:50:42-pytest-test_RegisterCase.py-[line:30]-INFO-[日志信息]: 当前用例预期结果：{'code': 'RequestParameterIsWrong', 'msg': '请求参数错误'}
Thu, 10 Mar 2022 10:50:42-pytest-test_RegisterCase.py-[line:31]-INFO-[日志信息]: 当前用例实际结果：{'code': 'RequestParameterIsWrong', 'data': None, 'msg': '请求参数错误', 'debug_error': ''}

Thu, 10 Mar 2022 10:50:42-pytest-test_RegisterCase.py-[line:28]-INFO-[日志信息]: 当前用例名称：验证码输入错误，手机号、密码输入正确
Thu, 10 Mar 2022 10:50:42-pytest-test_RegisterCase.py-[line:29]-INFO-[日志信息]: 当前测试用例请求参数：{'password': '123456aa', 'phone': '18843211234', 'v_code': '123456'}
Thu, 10 Mar 2022 10:50:42-pytest-test_RegisterCase.py-[line:30]-INFO-[日志信息]: 当前用例预期结果：{'code': 'InternalError', 'msg': '验证码无效，请重新获取'}
Thu, 10 Mar 2022 10:50:42-pytest-test_RegisterCase.py-[line:31]-INFO-[日志信息]: 当前用例实际结果：{'code': 'InternalError', 'data': None, 'msg': '验证码无效，请重新获取', 'debug_error': ''}

Thu, 10 Mar 2022 10:50:42-pytest-test_RegisterCase.py-[line:28]-INFO-[日志信息]: 当前用例名称：验证码为空
Thu, 10 Mar 2022 10:50:42-pytest-test_RegisterCase.py-[line:29]-INFO-[日志信息]: 当前测试用例请求参数：{'password': '123456aa', 'phone': '13315728609', 'v_code': ''}
Thu, 10 Mar 2022 10:50:42-pytest-test_RegisterCase.py-[line:30]-INFO-[日志信息]: 当前用例预期结果：{'code': 'RequestParameterIsWrong', 'msg': '请求参数错误'}
Thu, 10 Mar 2022 10:50:42-pytest-test_RegisterCase.py-[line:31]-INFO-[日志信息]: 当前用例实际结果：{'code': 'RequestParameterIsWrong', 'data': None, 'msg': '请求参数错误', 'debug_error': ''}

Thu, 10 Mar 2022 10:50:42-pytest-test_RegisterCase.py-[line:28]-INFO-[日志信息]: 当前用例名称：注册过的手机号
Thu, 10 Mar 2022 10:50:42-pytest-test_RegisterCase.py-[line:29]-INFO-[日志信息]: 当前测试用例请求参数：{'password': '123456', 'phone': '18801053303', 'v_code': '666666'}
Thu, 10 Mar 2022 10:50:42-pytest-test_RegisterCase.py-[line:30]-INFO-[日志信息]: 当前用例预期结果：{'code': 'AlreadyExist', 'msg': '手机号已注册'}
Thu, 10 Mar 2022 10:50:42-pytest-test_RegisterCase.py-[line:31]-INFO-[日志信息]: 当前用例实际结果：{'code': 'AlreadyExist', 'data': None, 'msg': '手机号已注册', 'debug_error': ''}

Thu, 10 Mar 2022 10:58:44-run_all_case.py-run_all_case.py-[line:19]-INFO-[日志信息]: ==================================2022-03-10 10:58:44===================================
Thu, 10 Mar 2022 10:58:46-run_all_case.py-test_InstanceCase.py-[line:36]-INFO-[日志信息]: 当前用例名称：创建实例-主机ID：875111ae0c
Thu, 10 Mar 2022 10:58:46-run_all_case.py-test_InstanceCase.py-[line:37]-INFO-[日志信息]: 当前测试用例请求参数：{'instance_info': {'charge_type': 'payg', 'image': 'hub.kce.ksyun.com/autodl-image/torch:cuda11.0-cudnn8-devel-ubuntu18.04-py38-torch1.7.0', 'machine_id': '875111ae0c', 'instance_name': '', 'req_gpu_amount': 1}, 'price_info': {'charge_type': 'payg', 'duration': 1, 'machine_id': '875111ae0c', 'num': 1}}
Thu, 10 Mar 2022 10:58:46-run_all_case.py-test_InstanceCase.py-[line:38]-INFO-[日志信息]: 当前用例预期结果：{'code': 'Success', 'msg': ''}
Thu, 10 Mar 2022 10:58:46-run_all_case.py-test_InstanceCase.py-[line:39]-INFO-[日志信息]: 当前用例实际结果：{'code': 'Success', 'data': '875111ae0c-a37bbe2f', 'msg': ''}

Thu, 10 Mar 2022 10:58:48-run_all_case.py-test_InstanceCase.py-[line:36]-INFO-[日志信息]: 当前用例名称：创建实例-主机ID：f94411a60c
Thu, 10 Mar 2022 10:58:48-run_all_case.py-test_InstanceCase.py-[line:37]-INFO-[日志信息]: 当前测试用例请求参数：{'instance_info': {'charge_type': 'payg', 'image': 'hub.kce.ksyun.com/autodl-image/torch:cuda11.0-cudnn8-devel-ubuntu18.04-py38-torch1.7.0', 'machine_id': 'f94411a60c', 'instance_name': '', 'req_gpu_amount': 1}, 'price_info': {'charge_type': 'payg', 'duration': 1, 'machine_id': 'f94411a60c', 'num': 1}}
Thu, 10 Mar 2022 10:58:48-run_all_case.py-test_InstanceCase.py-[line:38]-INFO-[日志信息]: 当前用例预期结果：{'code': 'Success', 'msg': ''}
Thu, 10 Mar 2022 10:58:48-run_all_case.py-test_InstanceCase.py-[line:39]-INFO-[日志信息]: 当前用例实际结果：{'code': 'Success', 'data': 'f94411a60c-749ad8df', 'msg': ''}

Thu, 10 Mar 2022 10:58:49-run_all_case.py-test_InstanceCase.py-[line:36]-INFO-[日志信息]: 当前用例名称：创建实例-主机ID：875111ae0c
Thu, 10 Mar 2022 10:58:49-run_all_case.py-test_InstanceCase.py-[line:37]-INFO-[日志信息]: 当前测试用例请求参数：{'instance_info': {'charge_type': 'payg', 'image': 'hub.kce.ksyun.com/autodl-image/torch:cuda11.0-cudnn8-devel-ubuntu18.04-py38-torch1.7.0', 'machine_id': '875111ae0c', 'instance_name': '', 'req_gpu_amount': 1}, 'price_info': {'charge_type': 'payg', 'duration': 1, 'machine_id': '875111ae0c', 'num': 1}}
Thu, 10 Mar 2022 10:58:49-run_all_case.py-test_InstanceCase.py-[line:38]-INFO-[日志信息]: 当前用例预期结果：{'code': 'Success', 'msg': ''}
Thu, 10 Mar 2022 10:58:49-run_all_case.py-test_InstanceCase.py-[line:39]-INFO-[日志信息]: 当前用例实际结果：{'code': 'Success', 'data': '875111ae0c-dce938bd', 'msg': ''}

Thu, 10 Mar 2022 10:58:50-run_all_case.py-test_InstanceCase.py-[line:36]-INFO-[日志信息]: 当前用例名称：创建实例-主机ID：f94411a60c
Thu, 10 Mar 2022 10:58:50-run_all_case.py-test_InstanceCase.py-[line:37]-INFO-[日志信息]: 当前测试用例请求参数：{'instance_info': {'charge_type': 'payg', 'image': 'hub.kce.ksyun.com/autodl-image/torch:cuda11.0-cudnn8-devel-ubuntu18.04-py38-torch1.7.0', 'machine_id': 'f94411a60c', 'instance_name': '', 'req_gpu_amount': 1}, 'price_info': {'charge_type': 'payg', 'duration': 1, 'machine_id': 'f94411a60c', 'num': 1}}
Thu, 10 Mar 2022 10:58:50-run_all_case.py-test_InstanceCase.py-[line:38]-INFO-[日志信息]: 当前用例预期结果：{'code': 'Success', 'msg': ''}
Thu, 10 Mar 2022 10:58:50-run_all_case.py-test_InstanceCase.py-[line:39]-INFO-[日志信息]: 当前用例实际结果：{'code': 'Success', 'data': 'f94411a60c-8f1c9b7f', 'msg': ''}

Thu, 10 Mar 2022 10:58:50-run_all_case.py-test_LoginCase.py-[line:27]-INFO-[日志信息]: 当前用例名称：手机号密码都正确
Thu, 10 Mar 2022 10:58:50-run_all_case.py-test_LoginCase.py-[line:28]-INFO-[日志信息]: 当前测试用例请求参数：{'phone': '18801053303', 'password': 'a753c776ff3ed4fefa2af948af87448910153281', 'captcha_id': '111'}
Thu, 10 Mar 2022 10:58:50-run_all_case.py-test_LoginCase.py-[line:29]-INFO-[日志信息]: 当前用例预期结果：{'code': 'Success', 'msg': ''}
Thu, 10 Mar 2022 10:58:50-run_all_case.py-test_LoginCase.py-[line:30]-INFO-[日志信息]: 当前用例实际结果：{'code': 'Success', 'data': {'ticket': 'd95o2uzYI7q7tY7bHI4U1xBug7s=', 'user': {'id': 3, 'created_at': '2021-08-06T21:36:59+08:00', 'updated_at': '2021-09-14T10:40:09+08:00', 'uuid': '487686b5-637f-4d99-8202-7c0b29fa322d', 'username': 'zty_tester', 'nickname': 'ZhangTy', 'status': 'normal', 'logged_in_at': '2022-03-10T10:50:21.353+08:00', 'email': '', 'phone': '18801053303', 'is_admin': False, 'is_super_admin': False, 'sha1_password': 'a753c776ff3ed4fefa2af948af87448910153281', 'email_confirmed': False, 'idle_job_authority': True, 'mount_net_disk_authority': True, 'invitation_code': '', 'open_id': '111', 'union_id': '', 'applet_open_id': '', 'avatar_id': 0, 'register_ip': '', 'growth_value': -251000, 'member_level': 'normal_user', 'level_acq_mode': 'vip_user_acquire', 'member_dateline': None}}, 'msg': ''}

Thu, 10 Mar 2022 10:58:50-run_all_case.py-test_LoginCase.py-[line:27]-INFO-[日志信息]: 当前用例名称：手机号正确，密码错误
Thu, 10 Mar 2022 10:58:50-run_all_case.py-test_LoginCase.py-[line:28]-INFO-[日志信息]: 当前测试用例请求参数：{'phone': '18801053303', 'password': '40bd001563085fc35165329ea1ff5c5ecbdbbeef'}
Thu, 10 Mar 2022 10:58:50-run_all_case.py-test_LoginCase.py-[line:29]-INFO-[日志信息]: 当前用例预期结果：{'code': 'RequestParameterIsWrong', 'msg': '手机号或密码错误，请重试'}
Thu, 10 Mar 2022 10:58:50-run_all_case.py-test_LoginCase.py-[line:30]-INFO-[日志信息]: 当前用例实际结果：{'code': 'RequestParameterIsWrong', 'data': 1, 'msg': '手机号或密码错误，请重试', 'debug_error': ''}

Thu, 10 Mar 2022 10:58:50-run_all_case.py-test_LoginCase.py-[line:27]-INFO-[日志信息]: 当前用例名称：手机号错误，密码正确
Thu, 10 Mar 2022 10:58:50-run_all_case.py-test_LoginCase.py-[line:28]-INFO-[日志信息]: 当前测试用例请求参数：{'phone': '188010533', 'password': 'a753c776ff3ed4fefa2af948af87448910153281'}
Thu, 10 Mar 2022 10:58:50-run_all_case.py-test_LoginCase.py-[line:29]-INFO-[日志信息]: 当前用例预期结果：{'code': 'RequestParameterIsWrong', 'msg': '手机号或密码错误，请重试'}
Thu, 10 Mar 2022 10:58:50-run_all_case.py-test_LoginCase.py-[line:30]-INFO-[日志信息]: 当前用例实际结果：{'code': 'RequestParameterIsWrong', 'data': 1, 'msg': '手机号或密码错误，请重试', 'debug_error': ''}

Thu, 10 Mar 2022 10:58:51-run_all_case.py-test_LoginCase.py-[line:27]-INFO-[日志信息]: 当前用例名称：手机号错误，密码错误
Thu, 10 Mar 2022 10:58:51-run_all_case.py-test_LoginCase.py-[line:28]-INFO-[日志信息]: 当前测试用例请求参数：{'phone': '18801053124', 'password': 'a8ef6091e7aded9675e79ff635ffd80e8c780420'}
Thu, 10 Mar 2022 10:58:51-run_all_case.py-test_LoginCase.py-[line:29]-INFO-[日志信息]: 当前用例预期结果：{'code': 'RequestParameterIsWrong', 'msg': '手机号或密码错误，请重试'}
Thu, 10 Mar 2022 10:58:51-run_all_case.py-test_LoginCase.py-[line:30]-INFO-[日志信息]: 当前用例实际结果：{'code': 'RequestParameterIsWrong', 'data': 1, 'msg': '手机号或密码错误，请重试', 'debug_error': ''}

Thu, 10 Mar 2022 10:58:51-run_all_case.py-test_LoginCase.py-[line:27]-INFO-[日志信息]: 当前用例名称：手机号输入9位，密码输入正确
Thu, 10 Mar 2022 10:58:51-run_all_case.py-test_LoginCase.py-[line:28]-INFO-[日志信息]: 当前测试用例请求参数：{'phone': '188010500', 'password': 'a753c776ff3ed4fefa2af948af87448910153281'}
Thu, 10 Mar 2022 10:58:51-run_all_case.py-test_LoginCase.py-[line:29]-INFO-[日志信息]: 当前用例预期结果：{'code': 'RequestParameterIsWrong', 'msg': '手机号或密码错误，请重试'}
Thu, 10 Mar 2022 10:58:51-run_all_case.py-test_LoginCase.py-[line:30]-INFO-[日志信息]: 当前用例实际结果：{'code': 'RequestParameterIsWrong', 'data': 1, 'msg': '手机号或密码错误，请重试', 'debug_error': ''}

Thu, 10 Mar 2022 10:58:51-run_all_case.py-test_LoginCase.py-[line:27]-INFO-[日志信息]: 当前用例名称：手机号输入12位，密码输入正确
Thu, 10 Mar 2022 10:58:51-run_all_case.py-test_LoginCase.py-[line:28]-INFO-[日志信息]: 当前测试用例请求参数：{'phone': '188010500001', 'password': 'a753c776ff3ed4fefa2af948af87448910153281'}
Thu, 10 Mar 2022 10:58:51-run_all_case.py-test_LoginCase.py-[line:29]-INFO-[日志信息]: 当前用例预期结果：{'code': 'RequestParameterIsWrong', 'msg': '手机号或密码错误，请重试'}
Thu, 10 Mar 2022 10:58:51-run_all_case.py-test_LoginCase.py-[line:30]-INFO-[日志信息]: 当前用例实际结果：{'code': 'RequestParameterIsWrong', 'data': 1, 'msg': '手机号或密码错误，请重试', 'debug_error': ''}

Thu, 10 Mar 2022 10:58:51-run_all_case.py-test_LoginCase.py-[line:27]-INFO-[日志信息]: 当前用例名称：密码输入7位，手机号输入正确
Thu, 10 Mar 2022 10:58:51-run_all_case.py-test_LoginCase.py-[line:28]-INFO-[日志信息]: 当前测试用例请求参数：{'phone': '188010500001', 'password': '20eabe5d64b0e216796e834f52d61fd0b70332fc'}
Thu, 10 Mar 2022 10:58:51-run_all_case.py-test_LoginCase.py-[line:29]-INFO-[日志信息]: 当前用例预期结果：{'code': 'RequestParameterIsWrong', 'msg': '手机号或密码错误，请重试'}
Thu, 10 Mar 2022 10:58:51-run_all_case.py-test_LoginCase.py-[line:30]-INFO-[日志信息]: 当前用例实际结果：{'code': 'RequestParameterIsWrong', 'data': 2, 'msg': '手机号或密码错误，请重试', 'debug_error': ''}

Thu, 10 Mar 2022 10:58:51-run_all_case.py-test_LoginCase.py-[line:27]-INFO-[日志信息]: 当前用例名称：密码输入17位，手机号输入正确
Thu, 10 Mar 2022 10:58:51-run_all_case.py-test_LoginCase.py-[line:28]-INFO-[日志信息]: 当前测试用例请求参数：{'phone': '188010500001', 'password': 'f6cff2998c2f0fd52fb0e9891d10ca3b0cb41fc1'}
Thu, 10 Mar 2022 10:58:51-run_all_case.py-test_LoginCase.py-[line:29]-INFO-[日志信息]: 当前用例预期结果：{'code': 'RequestParameterIsWrong', 'msg': '手机号或密码错误，请重试'}
Thu, 10 Mar 2022 10:58:51-run_all_case.py-test_LoginCase.py-[line:30]-INFO-[日志信息]: 当前用例实际结果：{'code': 'RequestParameterIsWrong', 'data': 3, 'msg': '手机号或密码错误，请重试', 'debug_error': ''}

Thu, 10 Mar 2022 10:58:51-run_all_case.py-test_LoginCase.py-[line:27]-INFO-[日志信息]: 当前用例名称：密码输入17位，手机号输入正确
Thu, 10 Mar 2022 10:58:51-run_all_case.py-test_LoginCase.py-[line:28]-INFO-[日志信息]: 当前测试用例请求参数：{'phone': '188010500001', 'password': 'f6cff2998c2f0fd52fb0e9891d10ca3b0cb41fc1'}
Thu, 10 Mar 2022 10:58:51-run_all_case.py-test_LoginCase.py-[line:29]-INFO-[日志信息]: 当前用例预期结果：{'code': 'RequestParameterIsWrong', 'msg': '手机号或密码错误，请重试'}
Thu, 10 Mar 2022 10:58:51-run_all_case.py-test_LoginCase.py-[line:30]-INFO-[日志信息]: 当前用例实际结果：{'code': 'RequestParameterIsWrong', 'data': 4, 'msg': '手机号或密码错误，请重试', 'debug_error': ''}

Thu, 10 Mar 2022 10:58:52-run_all_case.py-test_LoginCase.py-[line:27]-INFO-[日志信息]: 当前用例名称：手机号输入英文+汉字，密码输入正确
Thu, 10 Mar 2022 10:58:52-run_all_case.py-test_LoginCase.py-[line:28]-INFO-[日志信息]: 当前测试用例请求参数：{'phone': 'test登录', 'password': 'a8ef6091e7aded9675e79ff635ffd80e8c780420'}
Thu, 10 Mar 2022 10:58:52-run_all_case.py-test_LoginCase.py-[line:29]-INFO-[日志信息]: 当前用例预期结果：{'code': 'RequestParameterIsWrong', 'msg': '手机号或密码错误，请重试'}
Thu, 10 Mar 2022 10:58:52-run_all_case.py-test_LoginCase.py-[line:30]-INFO-[日志信息]: 当前用例实际结果：{'code': 'RequestParameterIsWrong', 'data': 1, 'msg': '手机号或密码错误，请重试', 'debug_error': ''}

Thu, 10 Mar 2022 10:58:52-run_all_case.py-test_LoginCase.py-[line:27]-INFO-[日志信息]: 当前用例名称：不输入手机号，密码输入正确
Thu, 10 Mar 2022 10:58:52-run_all_case.py-test_LoginCase.py-[line:28]-INFO-[日志信息]: 当前测试用例请求参数：{'phone': '', 'password': 'a8ef6091e7aded9675e79ff635ffd80e8c780420'}
Thu, 10 Mar 2022 10:58:52-run_all_case.py-test_LoginCase.py-[line:29]-INFO-[日志信息]: 当前用例预期结果：{'code': 'RequestParameterIsWrong', 'msg': '手机号或密码错误，请重试'}
Thu, 10 Mar 2022 10:58:52-run_all_case.py-test_LoginCase.py-[line:30]-INFO-[日志信息]: 当前用例实际结果：{'code': 'RequestParameterIsWrong', 'data': None, 'msg': '请求参数错误', 'debug_error': ''}

Thu, 10 Mar 2022 10:58:52-run_all_case.py-test_LoginCase.py-[line:27]-INFO-[日志信息]: 当前用例名称：不输入密码，手机号输入正确
Thu, 10 Mar 2022 10:58:52-run_all_case.py-test_LoginCase.py-[line:28]-INFO-[日志信息]: 当前测试用例请求参数：{'phone': '18801053303', 'password': 'da39a3ee5e6b4b0d3255bfef95601890afd80709'}
Thu, 10 Mar 2022 10:58:52-run_all_case.py-test_LoginCase.py-[line:29]-INFO-[日志信息]: 当前用例预期结果：{'code': 'RequestParameterIsWrong', 'msg': '手机号或密码错误，请重试'}
Thu, 10 Mar 2022 10:58:52-run_all_case.py-test_LoginCase.py-[line:30]-INFO-[日志信息]: 当前用例实际结果：{'code': 'RequestParameterIsWrong', 'data': 2, 'msg': '手机号或密码错误，请重试', 'debug_error': ''}

Thu, 10 Mar 2022 10:58:52-run_all_case.py-test_LoginCase.py-[line:27]-INFO-[日志信息]: 当前用例名称：手机号输入特殊符号
Thu, 10 Mar 2022 10:58:52-run_all_case.py-test_LoginCase.py-[line:28]-INFO-[日志信息]: 当前测试用例请求参数：{'phone': '！@#￥%……&*（)', 'password': 'da39a3ee5e6b4b0d3255bfef95601890afd80709'}
Thu, 10 Mar 2022 10:58:52-run_all_case.py-test_LoginCase.py-[line:29]-INFO-[日志信息]: 当前用例预期结果：{'code': 'RequestParameterIsWrong', 'msg': '手机号或密码错误，请重试'}
Thu, 10 Mar 2022 10:58:52-run_all_case.py-test_LoginCase.py-[line:30]-INFO-[日志信息]: 当前用例实际结果：{'code': 'RequestParameterIsWrong', 'data': 1, 'msg': '手机号或密码错误，请重试', 'debug_error': ''}

Thu, 10 Mar 2022 10:58:52-run_all_case.py-test_LoginCase.py-[line:27]-INFO-[日志信息]: 当前用例名称：手机号输入null 密码不输入
Thu, 10 Mar 2022 10:58:52-run_all_case.py-test_LoginCase.py-[line:28]-INFO-[日志信息]: 当前测试用例请求参数：{'phone': 'Null', 'password': 'da39a3ee5e6b4b0d3255bfef95601890afd80709'}
Thu, 10 Mar 2022 10:58:52-run_all_case.py-test_LoginCase.py-[line:29]-INFO-[日志信息]: 当前用例预期结果：{'code': 'RequestParameterIsWrong', 'msg': '手机号或密码错误，请重试'}
Thu, 10 Mar 2022 10:58:52-run_all_case.py-test_LoginCase.py-[line:30]-INFO-[日志信息]: 当前用例实际结果：{'code': 'RequestParameterIsWrong', 'data': 1, 'msg': '手机号或密码错误，请重试', 'debug_error': ''}

Thu, 10 Mar 2022 10:58:52-run_all_case.py-test_LoginCase.py-[line:27]-INFO-[日志信息]: 当前用例名称：密码输入null 手机号不输入
Thu, 10 Mar 2022 10:58:52-run_all_case.py-test_LoginCase.py-[line:28]-INFO-[日志信息]: 当前测试用例请求参数：{'phone': '', 'password': '109085beaaa80ac89858b283a64f7c75d7e5bb12'}
Thu, 10 Mar 2022 10:58:52-run_all_case.py-test_LoginCase.py-[line:29]-INFO-[日志信息]: 当前用例预期结果：{'code': 'RequestParameterIsWrong', 'msg': '手机号或密码错误，请重试'}
Thu, 10 Mar 2022 10:58:52-run_all_case.py-test_LoginCase.py-[line:30]-INFO-[日志信息]: 当前用例实际结果：{'code': 'RequestParameterIsWrong', 'data': None, 'msg': '请求参数错误', 'debug_error': ''}

Thu, 10 Mar 2022 10:58:53-run_all_case.py-test_LoginCase.py-[line:27]-INFO-[日志信息]: 当前用例名称：手机号输入null 密码输入null
Thu, 10 Mar 2022 10:58:53-run_all_case.py-test_LoginCase.py-[line:28]-INFO-[日志信息]: 当前测试用例请求参数：{'phone': '', 'password': '109085beaaa80ac89858b283a64f7c75d7e5bb12'}
Thu, 10 Mar 2022 10:58:53-run_all_case.py-test_LoginCase.py-[line:29]-INFO-[日志信息]: 当前用例预期结果：{'code': 'RequestParameterIsWrong', 'msg': '手机号或密码错误，请重试'}
Thu, 10 Mar 2022 10:58:53-run_all_case.py-test_LoginCase.py-[line:30]-INFO-[日志信息]: 当前用例实际结果：{'code': 'RequestParameterIsWrong', 'data': None, 'msg': '请求参数错误', 'debug_error': ''}

Thu, 10 Mar 2022 10:58:53-run_all_case.py-test_LoginCase.py-[line:27]-INFO-[日志信息]: 当前用例名称：输入sql语句
Thu, 10 Mar 2022 10:58:53-run_all_case.py-test_LoginCase.py-[line:28]-INFO-[日志信息]: 当前测试用例请求参数：{'phone': 'select username，password from user where username=', 'password': 'e693f99fbb5efd10efe806601ff8bfebb64a4343'}
Thu, 10 Mar 2022 10:58:53-run_all_case.py-test_LoginCase.py-[line:29]-INFO-[日志信息]: 当前用例预期结果：{'code': 'RequestParameterIsWrong', 'msg': '手机号或密码错误，请重试'}
Thu, 10 Mar 2022 10:58:53-run_all_case.py-test_LoginCase.py-[line:30]-INFO-[日志信息]: 当前用例实际结果：{'code': 'RequestParameterIsWrong', 'data': 1, 'msg': '手机号或密码错误，请重试', 'debug_error': ''}

Thu, 10 Mar 2022 10:58:54-run_all_case.py-test_RechargeCase.py-[line:30]-INFO-[日志信息]: 当前用例名称：正常充值
Thu, 10 Mar 2022 10:58:54-run_all_case.py-test_RechargeCase.py-[line:31]-INFO-[日志信息]: 当前测试用例请求参数：{'asset': 1000}
Thu, 10 Mar 2022 10:58:54-run_all_case.py-test_RechargeCase.py-[line:32]-INFO-[日志信息]: 当前用例预期结果：{'code': 'Success', 'msg': ''}
Thu, 10 Mar 2022 10:58:54-run_all_case.py-test_RechargeCase.py-[line:33]-INFO-[日志信息]: 当前用例实际结果：{'code': 'Success', 'data': {'code_url': 'weixin://wxpay/bizpayurl?pr=BDSqHaSzz', 'recharge_uuid': '281057140325302785', 'asset': 1000}, 'msg': ''}

Thu, 10 Mar 2022 10:58:54-run_all_case.py-test_RechargeCase.py-[line:30]-INFO-[日志信息]: 当前用例名称：不输入金额
Thu, 10 Mar 2022 10:58:54-run_all_case.py-test_RechargeCase.py-[line:31]-INFO-[日志信息]: 当前测试用例请求参数：{'asset': None}
Thu, 10 Mar 2022 10:58:54-run_all_case.py-test_RechargeCase.py-[line:32]-INFO-[日志信息]: 当前用例预期结果：{'code': 'RequestParameterIsWrong', 'msg': '请求参数错误'}
Thu, 10 Mar 2022 10:58:54-run_all_case.py-test_RechargeCase.py-[line:33]-INFO-[日志信息]: 当前用例实际结果：{'code': 'RequestParameterIsWrong', 'data': None, 'msg': '请求参数错误', 'debug_error': ''}

Thu, 10 Mar 2022 10:58:55-run_all_case.py-test_RechargeCase.py-[line:30]-INFO-[日志信息]: 当前用例名称：输入负数
Thu, 10 Mar 2022 10:58:55-run_all_case.py-test_RechargeCase.py-[line:31]-INFO-[日志信息]: 当前测试用例请求参数：{'asset': -1}
Thu, 10 Mar 2022 10:58:55-run_all_case.py-test_RechargeCase.py-[line:32]-INFO-[日志信息]: 当前用例预期结果：{'code': 'BadRequest', 'msg': '充值金额最低1元'}
Thu, 10 Mar 2022 10:58:55-run_all_case.py-test_RechargeCase.py-[line:33]-INFO-[日志信息]: 当前用例实际结果：{'code': 'WxClientError', 'data': None, 'msg': '生成微信订单失败, 请稍后重试', 'debug_error': ''}

Thu, 10 Mar 2022 10:58:55-run_all_case.py-Assert.py-[line:110]-ERROR-[日志信息]: Traceback (most recent call last):
  File "C:\Users\张铁瀛\PycharmProjects\API_AUTO\common\Assert.py", line 104, in define_assert
    assert res['code'] == respData['code']
AssertionError: assert 'WxClientError' == 'BadRequest'
  - BadRequest
  + WxClientError

Thu, 10 Mar 2022 10:58:55-run_all_case.py-test_RechargeCase.py-[line:37]-ERROR-[日志信息]: 用例执行失败assert 'WxClientError' == 'BadRequest'
  - BadRequest
  + WxClientError
Thu, 10 Mar 2022 10:58:56-run_all_case.py-test_RechargeCase.py-[line:30]-INFO-[日志信息]: 当前用例名称：输入字母
Thu, 10 Mar 2022 10:58:56-run_all_case.py-test_RechargeCase.py-[line:31]-INFO-[日志信息]: 当前测试用例请求参数：{'asset': 'adsadsa'}
Thu, 10 Mar 2022 10:58:56-run_all_case.py-test_RechargeCase.py-[line:32]-INFO-[日志信息]: 当前用例预期结果：{'code': 'RequestParameterIsWrong', 'msg': '请求参数错误'}
Thu, 10 Mar 2022 10:58:56-run_all_case.py-test_RechargeCase.py-[line:33]-INFO-[日志信息]: 当前用例实际结果：{'code': 'RequestParameterIsWrong', 'data': None, 'msg': '请求参数错误', 'debug_error': ''}

Thu, 10 Mar 2022 10:58:56-run_all_case.py-test_RechargeCase.py-[line:30]-INFO-[日志信息]: 当前用例名称：输入汉字
Thu, 10 Mar 2022 10:58:56-run_all_case.py-test_RechargeCase.py-[line:31]-INFO-[日志信息]: 当前测试用例请求参数：{'asset': '测试测试'}
Thu, 10 Mar 2022 10:58:56-run_all_case.py-test_RechargeCase.py-[line:32]-INFO-[日志信息]: 当前用例预期结果：{'code': 'RequestParameterIsWrong', 'msg': '请求参数错误'}
Thu, 10 Mar 2022 10:58:56-run_all_case.py-test_RechargeCase.py-[line:33]-INFO-[日志信息]: 当前用例实际结果：{'code': 'RequestParameterIsWrong', 'data': None, 'msg': '请求参数错误', 'debug_error': ''}

Thu, 10 Mar 2022 10:58:57-run_all_case.py-test_RechargeCase.py-[line:30]-INFO-[日志信息]: 当前用例名称：充值大于100万
Thu, 10 Mar 2022 10:58:57-run_all_case.py-test_RechargeCase.py-[line:31]-INFO-[日志信息]: 当前测试用例请求参数：{'asset': 10000000000}
Thu, 10 Mar 2022 10:58:57-run_all_case.py-test_RechargeCase.py-[line:32]-INFO-[日志信息]: 当前用例预期结果：{'code': 'WxClientError', 'msg': '生成微信订单失败, 请稍后重试'}
Thu, 10 Mar 2022 10:58:57-run_all_case.py-test_RechargeCase.py-[line:33]-INFO-[日志信息]: 当前用例实际结果：{'code': 'WxClientError', 'data': None, 'msg': '生成微信订单失败, 请稍后重试', 'debug_error': ''}

Thu, 10 Mar 2022 10:58:58-run_all_case.py-test_RechargeCase.py-[line:30]-INFO-[日志信息]: 当前用例名称：充值少于1元
Thu, 10 Mar 2022 10:58:58-run_all_case.py-test_RechargeCase.py-[line:31]-INFO-[日志信息]: 当前测试用例请求参数：{'asset': 100}
Thu, 10 Mar 2022 10:58:58-run_all_case.py-test_RechargeCase.py-[line:32]-INFO-[日志信息]: 当前用例预期结果：{'code': 'BadRequest', 'msg': '充值金额最低1元'}
Thu, 10 Mar 2022 10:58:58-run_all_case.py-test_RechargeCase.py-[line:33]-INFO-[日志信息]: 当前用例实际结果：{'code': 'Success', 'data': {'code_url': 'weixin://wxpay/bizpayurl?pr=5Nvn2lSzz', 'recharge_uuid': '144495538158206535', 'asset': 100}, 'msg': ''}

Thu, 10 Mar 2022 10:58:58-run_all_case.py-Assert.py-[line:110]-ERROR-[日志信息]: Traceback (most recent call last):
  File "C:\Users\张铁瀛\PycharmProjects\API_AUTO\common\Assert.py", line 104, in define_assert
    assert res['code'] == respData['code']
AssertionError: assert 'Success' == 'BadRequest'
  - BadRequest
  + Success

Thu, 10 Mar 2022 10:58:58-run_all_case.py-test_RechargeCase.py-[line:37]-ERROR-[日志信息]: 用例执行失败assert 'Success' == 'BadRequest'
  - BadRequest
  + Success
Thu, 10 Mar 2022 10:58:58-run_all_case.py-test_RechargeCase.py-[line:30]-INFO-[日志信息]: 当前用例名称：支付0元
Thu, 10 Mar 2022 10:58:58-run_all_case.py-test_RechargeCase.py-[line:31]-INFO-[日志信息]: 当前测试用例请求参数：{'asset': 0}
Thu, 10 Mar 2022 10:58:58-run_all_case.py-test_RechargeCase.py-[line:32]-INFO-[日志信息]: 当前用例预期结果：{'code': 'RequestParameterIsWrong', 'msg': '请求参数错误'}
Thu, 10 Mar 2022 10:58:58-run_all_case.py-test_RechargeCase.py-[line:33]-INFO-[日志信息]: 当前用例实际结果：{'code': 'RequestParameterIsWrong', 'data': None, 'msg': '请求参数错误', 'debug_error': ''}

Thu, 10 Mar 2022 10:58:59-run_all_case.py-test_RechargeCase.py-[line:30]-INFO-[日志信息]: 当前用例名称：充值金额为空
Thu, 10 Mar 2022 10:58:59-run_all_case.py-test_RechargeCase.py-[line:31]-INFO-[日志信息]: 当前测试用例请求参数：{'asset': None}
Thu, 10 Mar 2022 10:58:59-run_all_case.py-test_RechargeCase.py-[line:32]-INFO-[日志信息]: 当前用例预期结果：{'code': 'RequestParameterIsWrong', 'msg': '请求参数错误'}
Thu, 10 Mar 2022 10:58:59-run_all_case.py-test_RechargeCase.py-[line:33]-INFO-[日志信息]: 当前用例实际结果：{'code': 'RequestParameterIsWrong', 'data': None, 'msg': '请求参数错误', 'debug_error': ''}

Thu, 10 Mar 2022 10:59:00-run_all_case.py-test_RechargeCase.py-[line:45]-INFO-[日志信息]: 当前用例名称：正常充值
Thu, 10 Mar 2022 10:59:00-run_all_case.py-test_RechargeCase.py-[line:46]-INFO-[日志信息]: 当前测试用例请求参数：{'asset': 1000}
Thu, 10 Mar 2022 10:59:00-run_all_case.py-test_RechargeCase.py-[line:47]-INFO-[日志信息]: 当前用例预期结果：{'code': 'Success', 'msg': ''}
Thu, 10 Mar 2022 10:59:00-run_all_case.py-test_RechargeCase.py-[line:48]-INFO-[日志信息]: 当前用例实际结果：{'code': 'Success', 'data': {'code_url': 'https://qr.alipay.com/upx041591qkwh5mmy5uy003c', 'recharge_uuid': '405513870301560961', 'asset': 1000}, 'msg': ''}

Thu, 10 Mar 2022 10:59:01-run_all_case.py-test_RechargeCase.py-[line:45]-INFO-[日志信息]: 当前用例名称：不输入金额
Thu, 10 Mar 2022 10:59:01-run_all_case.py-test_RechargeCase.py-[line:46]-INFO-[日志信息]: 当前测试用例请求参数：{'asset': None}
Thu, 10 Mar 2022 10:59:01-run_all_case.py-test_RechargeCase.py-[line:47]-INFO-[日志信息]: 当前用例预期结果：{'code': 'RequestParameterIsWrong', 'msg': '请求参数错误'}
Thu, 10 Mar 2022 10:59:01-run_all_case.py-test_RechargeCase.py-[line:48]-INFO-[日志信息]: 当前用例实际结果：{'code': 'RequestParameterIsWrong', 'data': None, 'msg': '请求参数错误', 'debug_error': ''}

Thu, 10 Mar 2022 10:59:02-run_all_case.py-test_RechargeCase.py-[line:45]-INFO-[日志信息]: 当前用例名称：输入负数
Thu, 10 Mar 2022 10:59:02-run_all_case.py-test_RechargeCase.py-[line:46]-INFO-[日志信息]: 当前测试用例请求参数：{'asset': -1}
Thu, 10 Mar 2022 10:59:02-run_all_case.py-test_RechargeCase.py-[line:47]-INFO-[日志信息]: 当前用例预期结果：{'code': 'BadRequest', 'msg': '充值金额最低1元'}
Thu, 10 Mar 2022 10:59:02-run_all_case.py-test_RechargeCase.py-[line:48]-INFO-[日志信息]: 当前用例实际结果：{'code': 'Success', 'data': {'code_url': '', 'recharge_uuid': '121884349630791158', 'asset': -1}, 'msg': ''}

Thu, 10 Mar 2022 10:59:02-run_all_case.py-Assert.py-[line:110]-ERROR-[日志信息]: Traceback (most recent call last):
  File "C:\Users\张铁瀛\PycharmProjects\API_AUTO\common\Assert.py", line 104, in define_assert
    assert res['code'] == respData['code']
AssertionError: assert 'Success' == 'BadRequest'
  - BadRequest
  + Success

Thu, 10 Mar 2022 10:59:02-run_all_case.py-test_RechargeCase.py-[line:52]-ERROR-[日志信息]: 用例执行失败assert 'Success' == 'BadRequest'
  - BadRequest
  + Success
Thu, 10 Mar 2022 10:59:02-run_all_case.py-test_RechargeCase.py-[line:45]-INFO-[日志信息]: 当前用例名称：输入字母
Thu, 10 Mar 2022 10:59:02-run_all_case.py-test_RechargeCase.py-[line:46]-INFO-[日志信息]: 当前测试用例请求参数：{'asset': 'adsadsa'}
Thu, 10 Mar 2022 10:59:02-run_all_case.py-test_RechargeCase.py-[line:47]-INFO-[日志信息]: 当前用例预期结果：{'code': 'RequestParameterIsWrong', 'msg': '请求参数错误'}
Thu, 10 Mar 2022 10:59:02-run_all_case.py-test_RechargeCase.py-[line:48]-INFO-[日志信息]: 当前用例实际结果：{'code': 'RequestParameterIsWrong', 'data': None, 'msg': '请求参数错误', 'debug_error': ''}

Thu, 10 Mar 2022 10:59:03-run_all_case.py-test_RechargeCase.py-[line:45]-INFO-[日志信息]: 当前用例名称：输入汉字
Thu, 10 Mar 2022 10:59:03-run_all_case.py-test_RechargeCase.py-[line:46]-INFO-[日志信息]: 当前测试用例请求参数：{'asset': '测试测试'}
Thu, 10 Mar 2022 10:59:03-run_all_case.py-test_RechargeCase.py-[line:47]-INFO-[日志信息]: 当前用例预期结果：{'code': 'RequestParameterIsWrong', 'msg': '请求参数错误'}
Thu, 10 Mar 2022 10:59:03-run_all_case.py-test_RechargeCase.py-[line:48]-INFO-[日志信息]: 当前用例实际结果：{'code': 'RequestParameterIsWrong', 'data': None, 'msg': '请求参数错误', 'debug_error': ''}

Thu, 10 Mar 2022 10:59:04-run_all_case.py-test_RechargeCase.py-[line:45]-INFO-[日志信息]: 当前用例名称：充值少于1元
Thu, 10 Mar 2022 10:59:04-run_all_case.py-test_RechargeCase.py-[line:46]-INFO-[日志信息]: 当前测试用例请求参数：{'asset': 100}
Thu, 10 Mar 2022 10:59:04-run_all_case.py-test_RechargeCase.py-[line:47]-INFO-[日志信息]: 当前用例预期结果：{'code': 'BadRequest', 'msg': '充值金额最低1元'}
Thu, 10 Mar 2022 10:59:04-run_all_case.py-test_RechargeCase.py-[line:48]-INFO-[日志信息]: 当前用例实际结果：{'code': 'Success', 'data': {'code_url': 'https://qr.alipay.com/upx01171ux8nrcdwsb8a30f2', 'recharge_uuid': '348958912729625220', 'asset': 100}, 'msg': ''}

Thu, 10 Mar 2022 10:59:04-run_all_case.py-Assert.py-[line:110]-ERROR-[日志信息]: Traceback (most recent call last):
  File "C:\Users\张铁瀛\PycharmProjects\API_AUTO\common\Assert.py", line 104, in define_assert
    assert res['code'] == respData['code']
AssertionError: assert 'Success' == 'BadRequest'
  - BadRequest
  + Success

Thu, 10 Mar 2022 10:59:04-run_all_case.py-test_RechargeCase.py-[line:52]-ERROR-[日志信息]: 用例执行失败assert 'Success' == 'BadRequest'
  - BadRequest
  + Success
Thu, 10 Mar 2022 10:59:05-run_all_case.py-test_RechargeCase.py-[line:45]-INFO-[日志信息]: 当前用例名称：支付0元
Thu, 10 Mar 2022 10:59:05-run_all_case.py-test_RechargeCase.py-[line:46]-INFO-[日志信息]: 当前测试用例请求参数：{'asset': 0}
Thu, 10 Mar 2022 10:59:05-run_all_case.py-test_RechargeCase.py-[line:47]-INFO-[日志信息]: 当前用例预期结果：{'code': 'RequestParameterIsWrong', 'msg': '请求参数错误'}
Thu, 10 Mar 2022 10:59:05-run_all_case.py-test_RechargeCase.py-[line:48]-INFO-[日志信息]: 当前用例实际结果：{'code': 'RequestParameterIsWrong', 'data': None, 'msg': '请求参数错误', 'debug_error': ''}

Thu, 10 Mar 2022 10:59:05-run_all_case.py-test_RechargeCase.py-[line:45]-INFO-[日志信息]: 当前用例名称：充值金额为空
Thu, 10 Mar 2022 10:59:05-run_all_case.py-test_RechargeCase.py-[line:46]-INFO-[日志信息]: 当前测试用例请求参数：{'asset': None}
Thu, 10 Mar 2022 10:59:05-run_all_case.py-test_RechargeCase.py-[line:47]-INFO-[日志信息]: 当前用例预期结果：{'code': 'RequestParameterIsWrong', 'msg': '请求参数错误'}
Thu, 10 Mar 2022 10:59:05-run_all_case.py-test_RechargeCase.py-[line:48]-INFO-[日志信息]: 当前用例实际结果：{'code': 'RequestParameterIsWrong', 'data': None, 'msg': '请求参数错误', 'debug_error': ''}

Thu, 10 Mar 2022 10:59:05-run_all_case.py-test_RegisterCase.py-[line:28]-INFO-[日志信息]: 当前用例名称：正确注册用户
Thu, 10 Mar 2022 10:59:05-run_all_case.py-test_RegisterCase.py-[line:29]-INFO-[日志信息]: 当前测试用例请求参数：{'password': '123456aa', 'phone': '13635892761', 'v_code': '666666'}
Thu, 10 Mar 2022 10:59:05-run_all_case.py-test_RegisterCase.py-[line:30]-INFO-[日志信息]: 当前用例预期结果：{'code': 'Success', 'msg': ''}
Thu, 10 Mar 2022 10:59:05-run_all_case.py-test_RegisterCase.py-[line:31]-INFO-[日志信息]: 当前用例实际结果：{'code': 'Success', 'data': {'ticket': 'gUxOPGLLAoDunEohzjiSvoZUwf8=', 'user': {'id': 1751, 'created_at': '2022-03-10T10:59:04+08:00', 'updated_at': '2022-03-10T10:59:04+08:00', 'uuid': 'f61e8264-4688-46e9-abf6-5d38f6a6c7d0', 'username': '炼丹师2761', 'nickname': '炼丹师2761', 'status': 'normal', 'logged_in_at': None, 'email': '', 'phone': '13635892761', 'is_admin': False, 'is_super_admin': False, 'sha1_password': '123456aa', 'email_confirmed': False, 'idle_job_authority': False, 'mount_net_disk_authority': True, 'invitation_code': '', 'open_id': '', 'union_id': '', 'applet_open_id': '', 'avatar_id': 0, 'register_ip': '172.17.9.1', 'growth_value': 0, 'member_level': '', 'level_acq_mode': '', 'member_dateline': None}}, 'msg': ''}

Thu, 10 Mar 2022 10:59:05-run_all_case.py-test_RegisterCase.py-[line:28]-INFO-[日志信息]: 当前用例名称：手机号输入10位
Thu, 10 Mar 2022 10:59:05-run_all_case.py-test_RegisterCase.py-[line:29]-INFO-[日志信息]: 当前测试用例请求参数：{'password': '123456aa', 'phone': '1880105330', 'v_code': '666666'}
Thu, 10 Mar 2022 10:59:05-run_all_case.py-test_RegisterCase.py-[line:30]-INFO-[日志信息]: 当前用例预期结果：{'code': 'InternalError', 'msg': '手机号格式错误'}
Thu, 10 Mar 2022 10:59:05-run_all_case.py-test_RegisterCase.py-[line:31]-INFO-[日志信息]: 当前用例实际结果：{'code': 'InternalError', 'data': None, 'msg': '手机号格式错误', 'debug_error': ''}

Thu, 10 Mar 2022 10:59:06-run_all_case.py-test_RegisterCase.py-[line:28]-INFO-[日志信息]: 当前用例名称：手机号输入12位
Thu, 10 Mar 2022 10:59:06-run_all_case.py-test_RegisterCase.py-[line:29]-INFO-[日志信息]: 当前测试用例请求参数：{'password': '123456aa', 'phone': '188010533033', 'v_code': '666666'}
Thu, 10 Mar 2022 10:59:06-run_all_case.py-test_RegisterCase.py-[line:30]-INFO-[日志信息]: 当前用例预期结果：{'code': 'InternalError', 'msg': '手机号格式错误'}
Thu, 10 Mar 2022 10:59:06-run_all_case.py-test_RegisterCase.py-[line:31]-INFO-[日志信息]: 当前用例实际结果：{'code': 'InternalError', 'data': None, 'msg': '手机号格式错误', 'debug_error': ''}

Thu, 10 Mar 2022 10:59:06-run_all_case.py-test_RegisterCase.py-[line:28]-INFO-[日志信息]: 当前用例名称：手机号输入中文
Thu, 10 Mar 2022 10:59:06-run_all_case.py-test_RegisterCase.py-[line:29]-INFO-[日志信息]: 当前测试用例请求参数：{'password': '123456aa', 'phone': '测试登录', 'v_code': '666666'}
Thu, 10 Mar 2022 10:59:06-run_all_case.py-test_RegisterCase.py-[line:30]-INFO-[日志信息]: 当前用例预期结果：{'code': 'InternalError', 'msg': '手机号格式错误'}
Thu, 10 Mar 2022 10:59:06-run_all_case.py-test_RegisterCase.py-[line:31]-INFO-[日志信息]: 当前用例实际结果：{'code': 'InternalError', 'data': None, 'msg': '手机号格式错误', 'debug_error': ''}

Thu, 10 Mar 2022 10:59:06-run_all_case.py-test_RegisterCase.py-[line:28]-INFO-[日志信息]: 当前用例名称：手机号输入英文
Thu, 10 Mar 2022 10:59:06-run_all_case.py-test_RegisterCase.py-[line:29]-INFO-[日志信息]: 当前测试用例请求参数：{'password': '123456aa', 'phone': 'qwertyuui', 'v_code': '666666'}
Thu, 10 Mar 2022 10:59:06-run_all_case.py-test_RegisterCase.py-[line:30]-INFO-[日志信息]: 当前用例预期结果：{'code': 'InternalError', 'msg': '手机号格式错误'}
Thu, 10 Mar 2022 10:59:06-run_all_case.py-test_RegisterCase.py-[line:31]-INFO-[日志信息]: 当前用例实际结果：{'code': 'InternalError', 'data': None, 'msg': '手机号格式错误', 'debug_error': ''}

Thu, 10 Mar 2022 10:59:06-run_all_case.py-test_RegisterCase.py-[line:28]-INFO-[日志信息]: 当前用例名称：手机号输入特殊符号
Thu, 10 Mar 2022 10:59:06-run_all_case.py-test_RegisterCase.py-[line:29]-INFO-[日志信息]: 当前测试用例请求参数：{'password': '123456aa', 'phone': '!@#$%^&*()', 'v_code': '666666'}
Thu, 10 Mar 2022 10:59:06-run_all_case.py-test_RegisterCase.py-[line:30]-INFO-[日志信息]: 当前用例预期结果：{'code': 'InternalError', 'msg': '手机号格式错误'}
Thu, 10 Mar 2022 10:59:06-run_all_case.py-test_RegisterCase.py-[line:31]-INFO-[日志信息]: 当前用例实际结果：{'code': 'InternalError', 'data': None, 'msg': '手机号格式错误', 'debug_error': ''}

Thu, 10 Mar 2022 10:59:06-run_all_case.py-test_RegisterCase.py-[line:28]-INFO-[日志信息]: 当前用例名称：手机号输入11位数字+字母
Thu, 10 Mar 2022 10:59:06-run_all_case.py-test_RegisterCase.py-[line:29]-INFO-[日志信息]: 当前测试用例请求参数：{'password': '123456aa', 'phone': '18801053303asdsadsa', 'v_code': '666666'}
Thu, 10 Mar 2022 10:59:06-run_all_case.py-test_RegisterCase.py-[line:30]-INFO-[日志信息]: 当前用例预期结果：{'code': 'InternalError', 'msg': '手机号格式错误'}
Thu, 10 Mar 2022 10:59:06-run_all_case.py-test_RegisterCase.py-[line:31]-INFO-[日志信息]: 当前用例实际结果：{'code': 'InternalError', 'data': None, 'msg': '手机号格式错误', 'debug_error': ''}

Thu, 10 Mar 2022 10:59:06-run_all_case.py-test_RegisterCase.py-[line:28]-INFO-[日志信息]: 当前用例名称：手机号输入11位数字+汉字
Thu, 10 Mar 2022 10:59:06-run_all_case.py-test_RegisterCase.py-[line:29]-INFO-[日志信息]: 当前测试用例请求参数：{'password': '123456aa', 'phone': '18801053303测试测试', 'v_code': '666666'}
Thu, 10 Mar 2022 10:59:06-run_all_case.py-test_RegisterCase.py-[line:30]-INFO-[日志信息]: 当前用例预期结果：{'code': 'InternalError', 'msg': '手机号格式错误'}
Thu, 10 Mar 2022 10:59:06-run_all_case.py-test_RegisterCase.py-[line:31]-INFO-[日志信息]: 当前用例实际结果：{'code': 'InternalError', 'data': None, 'msg': '手机号格式错误', 'debug_error': ''}

Thu, 10 Mar 2022 10:59:07-run_all_case.py-test_RegisterCase.py-[line:28]-INFO-[日志信息]: 当前用例名称：手机号输入11位数字+特殊符号
Thu, 10 Mar 2022 10:59:07-run_all_case.py-test_RegisterCase.py-[line:29]-INFO-[日志信息]: 当前测试用例请求参数：{'password': '123456aa', 'phone': '18801053303!@#$%', 'v_code': '666666'}
Thu, 10 Mar 2022 10:59:07-run_all_case.py-test_RegisterCase.py-[line:30]-INFO-[日志信息]: 当前用例预期结果：{'code': 'InternalError', 'msg': '手机号格式错误'}
Thu, 10 Mar 2022 10:59:07-run_all_case.py-test_RegisterCase.py-[line:31]-INFO-[日志信息]: 当前用例实际结果：{'code': 'InternalError', 'data': None, 'msg': '手机号格式错误', 'debug_error': ''}

Thu, 10 Mar 2022 10:59:07-run_all_case.py-test_RegisterCase.py-[line:28]-INFO-[日志信息]: 当前用例名称：手机号为空
Thu, 10 Mar 2022 10:59:07-run_all_case.py-test_RegisterCase.py-[line:29]-INFO-[日志信息]: 当前测试用例请求参数：{'password': '123456aa', 'phone': '', 'v_code': '666666'}
Thu, 10 Mar 2022 10:59:07-run_all_case.py-test_RegisterCase.py-[line:30]-INFO-[日志信息]: 当前用例预期结果：{'code': 'RequestParameterIsWrong', 'msg': '请求参数错误'}
Thu, 10 Mar 2022 10:59:07-run_all_case.py-test_RegisterCase.py-[line:31]-INFO-[日志信息]: 当前用例实际结果：{'code': 'RequestParameterIsWrong', 'data': None, 'msg': '请求参数错误', 'debug_error': ''}

Thu, 10 Mar 2022 10:59:07-run_all_case.py-test_RegisterCase.py-[line:28]-INFO-[日志信息]: 当前用例名称：密码输入7位
Thu, 10 Mar 2022 10:59:07-run_all_case.py-test_RegisterCase.py-[line:29]-INFO-[日志信息]: 当前测试用例请求参数：{'password': '1234567', 'phone': '18801051234', 'v_code': '666666'}
Thu, 10 Mar 2022 10:59:07-run_all_case.py-test_RegisterCase.py-[line:30]-INFO-[日志信息]: 当前用例预期结果：{'code': 'InternalError', 'msg': '验证码无效，请重新获取'}
Thu, 10 Mar 2022 10:59:07-run_all_case.py-test_RegisterCase.py-[line:31]-INFO-[日志信息]: 当前用例实际结果：{'code': 'AlreadyExist', 'data': None, 'msg': '手机号已注册', 'debug_error': ''}

Thu, 10 Mar 2022 10:59:07-run_all_case.py-Assert.py-[line:110]-ERROR-[日志信息]: Traceback (most recent call last):
  File "C:\Users\张铁瀛\PycharmProjects\API_AUTO\common\Assert.py", line 104, in define_assert
    assert res['code'] == respData['code']
AssertionError: assert 'AlreadyExist' == 'InternalError'
  - InternalError
  + AlreadyExist

Thu, 10 Mar 2022 10:59:07-run_all_case.py-test_RegisterCase.py-[line:36]-ERROR-[日志信息]: 用例执行失败assert 'AlreadyExist' == 'InternalError'
  - InternalError
  + AlreadyExist
Thu, 10 Mar 2022 10:59:07-run_all_case.py-test_RegisterCase.py-[line:28]-INFO-[日志信息]: 当前用例名称：密码输入17位
Thu, 10 Mar 2022 10:59:07-run_all_case.py-test_RegisterCase.py-[line:29]-INFO-[日志信息]: 当前测试用例请求参数：{'password': '12345678901234567', 'phone': '18801051234', 'v_code': '666666'}
Thu, 10 Mar 2022 10:59:07-run_all_case.py-test_RegisterCase.py-[line:30]-INFO-[日志信息]: 当前用例预期结果：{'code': 'InternalError', 'msg': '验证码无效，请重新获取'}
Thu, 10 Mar 2022 10:59:07-run_all_case.py-test_RegisterCase.py-[line:31]-INFO-[日志信息]: 当前用例实际结果：{'code': 'AlreadyExist', 'data': None, 'msg': '手机号已注册', 'debug_error': ''}

Thu, 10 Mar 2022 10:59:07-run_all_case.py-Assert.py-[line:110]-ERROR-[日志信息]: Traceback (most recent call last):
  File "C:\Users\张铁瀛\PycharmProjects\API_AUTO\common\Assert.py", line 104, in define_assert
    assert res['code'] == respData['code']
AssertionError: assert 'AlreadyExist' == 'InternalError'
  - InternalError
  + AlreadyExist

Thu, 10 Mar 2022 10:59:07-run_all_case.py-test_RegisterCase.py-[line:36]-ERROR-[日志信息]: 用例执行失败assert 'AlreadyExist' == 'InternalError'
  - InternalError
  + AlreadyExist
Thu, 10 Mar 2022 10:59:07-run_all_case.py-test_RegisterCase.py-[line:28]-INFO-[日志信息]: 当前用例名称：密码只输入数字
Thu, 10 Mar 2022 10:59:07-run_all_case.py-test_RegisterCase.py-[line:29]-INFO-[日志信息]: 当前测试用例请求参数：{'password': '12345678', 'phone': '18801051234', 'v_code': '666666'}
Thu, 10 Mar 2022 10:59:07-run_all_case.py-test_RegisterCase.py-[line:30]-INFO-[日志信息]: 当前用例预期结果：{'code': 'InternalError', 'msg': '验证码无效，请重新获取'}
Thu, 10 Mar 2022 10:59:07-run_all_case.py-test_RegisterCase.py-[line:31]-INFO-[日志信息]: 当前用例实际结果：{'code': 'AlreadyExist', 'data': None, 'msg': '手机号已注册', 'debug_error': ''}

Thu, 10 Mar 2022 10:59:07-run_all_case.py-Assert.py-[line:110]-ERROR-[日志信息]: Traceback (most recent call last):
  File "C:\Users\张铁瀛\PycharmProjects\API_AUTO\common\Assert.py", line 104, in define_assert
    assert res['code'] == respData['code']
AssertionError: assert 'AlreadyExist' == 'InternalError'
  - InternalError
  + AlreadyExist

Thu, 10 Mar 2022 10:59:07-run_all_case.py-test_RegisterCase.py-[line:36]-ERROR-[日志信息]: 用例执行失败assert 'AlreadyExist' == 'InternalError'
  - InternalError
  + AlreadyExist
Thu, 10 Mar 2022 10:59:07-run_all_case.py-test_RegisterCase.py-[line:28]-INFO-[日志信息]: 当前用例名称：密码只输入字母
Thu, 10 Mar 2022 10:59:07-run_all_case.py-test_RegisterCase.py-[line:29]-INFO-[日志信息]: 当前测试用例请求参数：{'password': 'asdfghjkl', 'phone': '18801051234', 'v_code': '666666'}
Thu, 10 Mar 2022 10:59:07-run_all_case.py-test_RegisterCase.py-[line:30]-INFO-[日志信息]: 当前用例预期结果：{'code': 'InternalError', 'msg': '验证码无效，请重新获取'}
Thu, 10 Mar 2022 10:59:07-run_all_case.py-test_RegisterCase.py-[line:31]-INFO-[日志信息]: 当前用例实际结果：{'code': 'AlreadyExist', 'data': None, 'msg': '手机号已注册', 'debug_error': ''}

Thu, 10 Mar 2022 10:59:07-run_all_case.py-Assert.py-[line:110]-ERROR-[日志信息]: Traceback (most recent call last):
  File "C:\Users\张铁瀛\PycharmProjects\API_AUTO\common\Assert.py", line 104, in define_assert
    assert res['code'] == respData['code']
AssertionError: assert 'AlreadyExist' == 'InternalError'
  - InternalError
  + AlreadyExist

Thu, 10 Mar 2022 10:59:07-run_all_case.py-test_RegisterCase.py-[line:36]-ERROR-[日志信息]: 用例执行失败assert 'AlreadyExist' == 'InternalError'
  - InternalError
  + AlreadyExist
Thu, 10 Mar 2022 10:59:08-run_all_case.py-test_RegisterCase.py-[line:28]-INFO-[日志信息]: 当前用例名称：密码输入数字+特殊符号
Thu, 10 Mar 2022 10:59:08-run_all_case.py-test_RegisterCase.py-[line:29]-INFO-[日志信息]: 当前测试用例请求参数：{'password': 'asdfghjkl！@#￥%……&', 'phone': '18801051234', 'v_code': '666666'}
Thu, 10 Mar 2022 10:59:08-run_all_case.py-test_RegisterCase.py-[line:30]-INFO-[日志信息]: 当前用例预期结果：{'code': 'InternalError', 'msg': '验证码无效，请重新获取'}
Thu, 10 Mar 2022 10:59:08-run_all_case.py-test_RegisterCase.py-[line:31]-INFO-[日志信息]: 当前用例实际结果：{'code': 'AlreadyExist', 'data': None, 'msg': '手机号已注册', 'debug_error': ''}

Thu, 10 Mar 2022 10:59:08-run_all_case.py-Assert.py-[line:110]-ERROR-[日志信息]: Traceback (most recent call last):
  File "C:\Users\张铁瀛\PycharmProjects\API_AUTO\common\Assert.py", line 104, in define_assert
    assert res['code'] == respData['code']
AssertionError: assert 'AlreadyExist' == 'InternalError'
  - InternalError
  + AlreadyExist

Thu, 10 Mar 2022 10:59:08-run_all_case.py-test_RegisterCase.py-[line:36]-ERROR-[日志信息]: 用例执行失败assert 'AlreadyExist' == 'InternalError'
  - InternalError
  + AlreadyExist
Thu, 10 Mar 2022 10:59:08-run_all_case.py-test_RegisterCase.py-[line:28]-INFO-[日志信息]: 当前用例名称：密码为空
Thu, 10 Mar 2022 10:59:08-run_all_case.py-test_RegisterCase.py-[line:29]-INFO-[日志信息]: 当前测试用例请求参数：{'password': '', 'phone': '13635892761', 'v_code': '666666'}
Thu, 10 Mar 2022 10:59:08-run_all_case.py-test_RegisterCase.py-[line:30]-INFO-[日志信息]: 当前用例预期结果：{'code': 'RequestParameterIsWrong', 'msg': '请求参数错误'}
Thu, 10 Mar 2022 10:59:08-run_all_case.py-test_RegisterCase.py-[line:31]-INFO-[日志信息]: 当前用例实际结果：{'code': 'RequestParameterIsWrong', 'data': None, 'msg': '请求参数错误', 'debug_error': ''}

Thu, 10 Mar 2022 10:59:08-run_all_case.py-test_RegisterCase.py-[line:28]-INFO-[日志信息]: 当前用例名称：验证码输入错误，手机号、密码输入正确
Thu, 10 Mar 2022 10:59:08-run_all_case.py-test_RegisterCase.py-[line:29]-INFO-[日志信息]: 当前测试用例请求参数：{'password': '123456aa', 'phone': '18843211234', 'v_code': '123456'}
Thu, 10 Mar 2022 10:59:08-run_all_case.py-test_RegisterCase.py-[line:30]-INFO-[日志信息]: 当前用例预期结果：{'code': 'InternalError', 'msg': '验证码无效，请重新获取'}
Thu, 10 Mar 2022 10:59:08-run_all_case.py-test_RegisterCase.py-[line:31]-INFO-[日志信息]: 当前用例实际结果：{'code': 'InternalError', 'data': None, 'msg': '验证码无效，请重新获取', 'debug_error': ''}

Thu, 10 Mar 2022 10:59:08-run_all_case.py-test_RegisterCase.py-[line:28]-INFO-[日志信息]: 当前用例名称：验证码为空
Thu, 10 Mar 2022 10:59:08-run_all_case.py-test_RegisterCase.py-[line:29]-INFO-[日志信息]: 当前测试用例请求参数：{'password': '123456aa', 'phone': '13635892761', 'v_code': ''}
Thu, 10 Mar 2022 10:59:08-run_all_case.py-test_RegisterCase.py-[line:30]-INFO-[日志信息]: 当前用例预期结果：{'code': 'RequestParameterIsWrong', 'msg': '请求参数错误'}
Thu, 10 Mar 2022 10:59:08-run_all_case.py-test_RegisterCase.py-[line:31]-INFO-[日志信息]: 当前用例实际结果：{'code': 'RequestParameterIsWrong', 'data': None, 'msg': '请求参数错误', 'debug_error': ''}

Thu, 10 Mar 2022 10:59:08-run_all_case.py-test_RegisterCase.py-[line:28]-INFO-[日志信息]: 当前用例名称：注册过的手机号
Thu, 10 Mar 2022 10:59:08-run_all_case.py-test_RegisterCase.py-[line:29]-INFO-[日志信息]: 当前测试用例请求参数：{'password': '123456', 'phone': '18801053303', 'v_code': '666666'}
Thu, 10 Mar 2022 10:59:08-run_all_case.py-test_RegisterCase.py-[line:30]-INFO-[日志信息]: 当前用例预期结果：{'code': 'AlreadyExist', 'msg': '手机号已注册'}
Thu, 10 Mar 2022 10:59:08-run_all_case.py-test_RegisterCase.py-[line:31]-INFO-[日志信息]: 当前用例实际结果：{'code': 'AlreadyExist', 'data': None, 'msg': '手机号已注册', 'debug_error': ''}

Thu, 10 Mar 2022 16:04:39-_jb_pytest_runner.py-test_InstanceCase.py-[line:36]-INFO-[日志信息]: 当前用例名称：创建实例
Thu, 10 Mar 2022 16:04:39-_jb_pytest_runner.py-test_InstanceCase.py-[line:37]-INFO-[日志信息]: 当前测试用例请求参数：{'instance_info': {'charge_type': 'payg', 'image': 'hub.kce.ksyun.com/autodl-image/torch:cuda11.0-cudnn8-devel-ubuntu18.04-py38-torch1.7.0', 'machine_id': 'f94411a60c', 'instance_name': '', 'req_gpu_amount': 1}, 'price_info': {'charge_type': 'payg', 'duration': 1, 'machine_id': 'f94411a60c', 'num': 1}}
Thu, 10 Mar 2022 16:04:39-_jb_pytest_runner.py-test_InstanceCase.py-[line:38]-INFO-[日志信息]: 当前用例预期结果：{'code': 'Success', 'msg': ''}
Thu, 10 Mar 2022 16:04:39-_jb_pytest_runner.py-test_InstanceCase.py-[line:39]-INFO-[日志信息]: 当前用例实际结果：{'code': 'Success', 'data': 'f94411a60c-7771cfae', 'msg': ''}

Thu, 10 Mar 2022 16:05:45-_jb_pytest_runner.py-test_InstanceCase.py-[line:36]-INFO-[日志信息]: 当前用例名称：创建实例
Thu, 10 Mar 2022 16:05:45-_jb_pytest_runner.py-test_InstanceCase.py-[line:37]-INFO-[日志信息]: 当前测试用例请求参数：{'instance_info': {'charge_type': 'payg', 'image': 'hub.kce.ksyun.com/autodl-image/torch:cuda11.0-cudnn8-devel-ubuntu18.04-py38-torch1.7.0', 'machine_id': '875111ae0c', 'instance_name': '', 'req_gpu_amount': 1}, 'price_info': {'charge_type': 'payg', 'duration': 1, 'machine_id': '875111ae0c', 'num': 1}}
Thu, 10 Mar 2022 16:05:45-_jb_pytest_runner.py-test_InstanceCase.py-[line:38]-INFO-[日志信息]: 当前用例预期结果：{'code': 'Success', 'msg': ''}
Thu, 10 Mar 2022 16:05:45-_jb_pytest_runner.py-test_InstanceCase.py-[line:39]-INFO-[日志信息]: 当前用例实际结果：{'code': 'Success', 'data': '875111ae0c-cae49063', 'msg': ''}

Thu, 10 Mar 2022 16:41:18-_jb_pytest_runner.py-test_InstanceCase.py-[line:36]-INFO-[日志信息]: 当前用例名称：正确创建实例
Thu, 10 Mar 2022 16:41:18-_jb_pytest_runner.py-test_InstanceCase.py-[line:37]-INFO-[日志信息]: 当前测试用例请求参数：{'instance_info': {'charge_type': 'payg', 'image': 'hub.kce.ksyun.com/autodl-image/torch:cuda11.0-cudnn8-devel-ubuntu18.04-py38-torch1.7.0', 'machine_id': 'f94411a60c', 'instance_name': '', 'req_gpu_amount': 1}, 'price_info': {'charge_type': 'payg', 'duration': 1, 'machine_id': 'f94411a60c', 'num': 1}}
Thu, 10 Mar 2022 16:41:18-_jb_pytest_runner.py-test_InstanceCase.py-[line:38]-INFO-[日志信息]: 当前用例预期结果：{'code': 'Success', 'msg': ''}
Thu, 10 Mar 2022 16:41:18-_jb_pytest_runner.py-test_InstanceCase.py-[line:39]-INFO-[日志信息]: 当前用例实际结果：{'code': 'InternalError', 'data': None, 'msg': '机器空闲GPU不足', 'debug_error': ''}

Thu, 10 Mar 2022 16:41:18-_jb_pytest_runner.py-Assert.py-[line:110]-ERROR-[日志信息]: Traceback (most recent call last):
  File "C:\Users\张铁瀛\PycharmProjects\API_AUTO\common\Assert.py", line 104, in define_assert
    assert res['code'] == respData['code']
AssertionError: assert 'InternalError' == 'Success'

Thu, 10 Mar 2022 16:41:18-_jb_pytest_runner.py-test_InstanceCase.py-[line:43]-ERROR-[日志信息]: 用例执行失败assert 'InternalError' == 'Success'
