Tue, 17 May 2022 15:59:02-run_all_case.py-run_all_case.py-[line:19]-INFO-[日志信息]: ==================================2022-05-17 15:59:02===================================
Tue, 17 May 2022 16:01:08-run_all_case.py-run_all_case.py-[line:19]-INFO-[日志信息]: ==================================2022-05-17 16:01:08===================================
Tue, 17 May 2022 16:18:15-run_all_case.py-run_all_case.py-[line:19]-INFO-[日志信息]: ==================================2022-05-17 16:18:15===================================
Tue, 17 May 2022 16:18:26-run_all_case.py-Assert.py-[line:110]-ERROR-[日志信息]: Traceback (most recent call last):
  File "C:\Users\张铁瀛\PycharmProjects\API_AUTO\common\Assert.py", line 104, in define_assert
    assert res['code'] == respData['code']
AssertionError: assert 'InternalError' == 'Success'
  - Success
  + InternalError

Tue, 17 May 2022 16:18:26-run_all_case.py-Assert.py-[line:110]-ERROR-[日志信息]: Traceback (most recent call last):
  File "C:\Users\张铁瀛\PycharmProjects\API_AUTO\common\Assert.py", line 104, in define_assert
    assert res['code'] == respData['code']
AssertionError: assert 'DatabaseError' == 'InternalError'
  - InternalError
  + DatabaseError

Tue, 17 May 2022 16:18:27-run_all_case.py-Assert.py-[line:110]-ERROR-[日志信息]: Traceback (most recent call last):
  File "C:\Users\张铁瀛\PycharmProjects\API_AUTO\common\Assert.py", line 104, in define_assert
    assert res['code'] == respData['code']
AssertionError: assert 'InternalError' == 'Success'
  - Success
  + InternalError

Tue, 17 May 2022 16:18:28-run_all_case.py-Assert.py-[line:110]-ERROR-[日志信息]: Traceback (most recent call last):
  File "C:\Users\张铁瀛\PycharmProjects\API_AUTO\common\Assert.py", line 104, in define_assert
    assert res['code'] == respData['code']
AssertionError: assert 'RecordNotFoundError' == 'InternalError'
  - InternalError
  + RecordNotFoundError

Tue, 17 May 2022 16:18:30-run_all_case.py-Assert.py-[line:110]-ERROR-[日志信息]: Traceback (most recent call last):
  File "C:\Users\张铁瀛\PycharmProjects\API_AUTO\common\Assert.py", line 104, in define_assert
    assert res['code'] == respData['code']
AssertionError: assert 'InternalError' == 'Success'
  - Success
  + InternalError

Tue, 17 May 2022 16:18:31-run_all_case.py-Assert.py-[line:110]-ERROR-[日志信息]: Traceback (most recent call last):
  File "C:\Users\张铁瀛\PycharmProjects\API_AUTO\common\Assert.py", line 104, in define_assert
    assert res['code'] == respData['code']
AssertionError: assert 'DatabaseError' == 'InternalError'
  - InternalError
  + DatabaseError

Tue, 17 May 2022 16:18:37-run_all_case.py-Assert.py-[line:110]-ERROR-[日志信息]: Traceback (most recent call last):
  File "C:\Users\张铁瀛\PycharmProjects\API_AUTO\common\Assert.py", line 104, in define_assert
    assert res['code'] == respData['code']
AssertionError: assert 'WxClientError' == 'BadRequest'
  - BadRequest
  + WxClientError

Tue, 17 May 2022 16:18:40-run_all_case.py-Assert.py-[line:110]-ERROR-[日志信息]: Traceback (most recent call last):
  File "C:\Users\张铁瀛\PycharmProjects\API_AUTO\common\Assert.py", line 104, in define_assert
    assert res['code'] == respData['code']
AssertionError: assert 'Success' == 'BadRequest'
  - BadRequest
  + Success

Tue, 17 May 2022 16:18:46-run_all_case.py-Assert.py-[line:110]-ERROR-[日志信息]: Traceback (most recent call last):
  File "C:\Users\张铁瀛\PycharmProjects\API_AUTO\common\Assert.py", line 104, in define_assert
    assert res['code'] == respData['code']
AssertionError: assert 'Success' == 'BadRequest'
  - BadRequest
  + Success

Tue, 17 May 2022 16:18:49-run_all_case.py-Assert.py-[line:110]-ERROR-[日志信息]: Traceback (most recent call last):
  File "C:\Users\张铁瀛\PycharmProjects\API_AUTO\common\Assert.py", line 104, in define_assert
    assert res['code'] == respData['code']
AssertionError: assert 'Success' == 'BadRequest'
  - BadRequest
  + Success

Tue, 17 May 2022 17:33:48-run_all_case.py-run_all_case.py-[line:19]-INFO-[日志信息]: ==================================2022-05-17 17:33:48===================================
Tue, 17 May 2022 17:33:58-run_all_case.py-Assert.py-[line:110]-ERROR-[日志信息]: Traceback (most recent call last):
  File "C:\Users\张铁瀛\PycharmProjects\API_AUTO\common\Assert.py", line 104, in define_assert
    assert res['code'] == respData['code']
AssertionError: assert 'InternalError' == 'Success'
  - Success
  + InternalError

Tue, 17 May 2022 17:33:59-run_all_case.py-Assert.py-[line:110]-ERROR-[日志信息]: Traceback (most recent call last):
  File "C:\Users\张铁瀛\PycharmProjects\API_AUTO\common\Assert.py", line 104, in define_assert
    assert res['code'] == respData['code']
AssertionError: assert 'InternalError' == 'Success'
  - Success
  + InternalError

Tue, 17 May 2022 17:34:03-run_all_case.py-Assert.py-[line:110]-ERROR-[日志信息]: Traceback (most recent call last):
  File "C:\Users\张铁瀛\PycharmProjects\API_AUTO\common\Assert.py", line 104, in define_assert
    assert res['code'] == respData['code']
AssertionError: assert 'InternalError' == 'Success'
  - Success
  + InternalError

Tue, 17 May 2022 17:34:10-run_all_case.py-Assert.py-[line:110]-ERROR-[日志信息]: Traceback (most recent call last):
  File "C:\Users\张铁瀛\PycharmProjects\API_AUTO\common\Assert.py", line 104, in define_assert
    assert res['code'] == respData['code']
AssertionError: assert 'WxClientError' == 'BadRequest'
  - BadRequest
  + WxClientError

Tue, 17 May 2022 17:34:12-run_all_case.py-Assert.py-[line:110]-ERROR-[日志信息]: Traceback (most recent call last):
  File "C:\Users\张铁瀛\PycharmProjects\API_AUTO\common\Assert.py", line 104, in define_assert
    assert res['code'] == respData['code']
AssertionError: assert 'Success' == 'BadRequest'
  - BadRequest
  + Success

Tue, 17 May 2022 17:34:17-run_all_case.py-Assert.py-[line:110]-ERROR-[日志信息]: Traceback (most recent call last):
  File "C:\Users\张铁瀛\PycharmProjects\API_AUTO\common\Assert.py", line 104, in define_assert
    assert res['code'] == respData['code']
AssertionError: assert 'Success' == 'BadRequest'
  - BadRequest
  + Success

Tue, 17 May 2022 17:34:19-run_all_case.py-Assert.py-[line:110]-ERROR-[日志信息]: Traceback (most recent call last):
  File "C:\Users\张铁瀛\PycharmProjects\API_AUTO\common\Assert.py", line 104, in define_assert
    assert res['code'] == respData['code']
AssertionError: assert 'Success' == 'BadRequest'
  - BadRequest
  + Success

