Wed, 13 Apr 2022 10:44:07-_jb_pytest_runner.py-Assert.py-[line:110]-ERROR-[日志信息]: Traceback (most recent call last):
  File "C:\Users\张铁瀛\PycharmProjects\API_AUTO\common\Assert.py", line 104, in define_assert
    assert res['code'] == respData['code']
AssertionError: assert 'RequestParameterIsWrong' == 'Success'

Wed, 13 Apr 2022 10:45:51-_jb_pytest_runner.py-Assert.py-[line:110]-ERROR-[日志信息]: Traceback (most recent call last):
  File "C:\Users\张铁瀛\PycharmProjects\API_AUTO\common\Assert.py", line 104, in define_assert
    assert res['code'] == respData['code']
AssertionError: assert 'ServerError' == 'Success'

Wed, 13 Apr 2022 10:50:43-_jb_pytest_runner.py-Assert.py-[line:110]-ERROR-[日志信息]: Traceback (most recent call last):
  File "C:\Users\张铁瀛\PycharmProjects\API_AUTO\common\Assert.py", line 104, in define_assert
    assert res['code'] == respData['code']
AssertionError: assert 'RecordNotFoundError' == 'Success'

Wed, 13 Apr 2022 10:50:58-run_all_case.py-run_all_case.py-[line:19]-INFO-[日志信息]: ==================================2022-04-13 10:50:58===================================
Wed, 13 Apr 2022 10:51:06-run_all_case.py-Assert.py-[line:110]-ERROR-[日志信息]: Traceback (most recent call last):
  File "C:\Users\张铁瀛\PycharmProjects\API_AUTO\common\Assert.py", line 104, in define_assert
    assert res['code'] == respData['code']
AssertionError: assert 'RecordNotFoundError' == 'Success'
  - Success
  + RecordNotFoundError

Wed, 13 Apr 2022 10:51:20-run_all_case.py-Assert.py-[line:110]-ERROR-[日志信息]: Traceback (most recent call last):
  File "C:\Users\张铁瀛\PycharmProjects\API_AUTO\common\Assert.py", line 104, in define_assert
    assert res['code'] == respData['code']
AssertionError: assert 'WxClientError' == 'BadRequest'
  - BadRequest
  + WxClientError

Wed, 13 Apr 2022 10:51:23-run_all_case.py-Assert.py-[line:110]-ERROR-[日志信息]: Traceback (most recent call last):
  File "C:\Users\张铁瀛\PycharmProjects\API_AUTO\common\Assert.py", line 104, in define_assert
    assert res['code'] == respData['code']
AssertionError: assert 'Success' == 'BadRequest'
  - BadRequest
  + Success

Wed, 13 Apr 2022 10:51:28-run_all_case.py-Assert.py-[line:110]-ERROR-[日志信息]: Traceback (most recent call last):
  File "C:\Users\张铁瀛\PycharmProjects\API_AUTO\common\Assert.py", line 104, in define_assert
    assert res['code'] == respData['code']
AssertionError: assert 'Success' == 'BadRequest'
  - BadRequest
  + Success

Wed, 13 Apr 2022 10:51:30-run_all_case.py-Assert.py-[line:110]-ERROR-[日志信息]: Traceback (most recent call last):
  File "C:\Users\张铁瀛\PycharmProjects\API_AUTO\common\Assert.py", line 104, in define_assert
    assert res['code'] == respData['code']
AssertionError: assert 'Success' == 'BadRequest'
  - BadRequest
  + Success

Wed, 13 Apr 2022 11:12:55-_jb_pytest_runner.py-Assert.py-[line:110]-ERROR-[日志信息]: Traceback (most recent call last):
  File "C:\Users\张铁瀛\PycharmProjects\API_AUTO\common\Assert.py", line 104, in define_assert
    assert res['code'] == respData['code']
AssertionError: assert 'RecordNotFoundError' == 'Success'

