Mon, 13 Sep 2021 11:06:46-run_all_case.py-run_all_case.py-[line:19]-INFO-[日志信息]: ==================================2021-09-13 11:06:46===================================
Mon, 13 Sep 2021 11:06:46-run_all_case.py-Register_case.py-[line:30]-INFO-[日志信息]: 开始执行脚本test_Register：

Mon, 13 Sep 2021 11:06:47-test_Register-Assert.py-[line:30]-INFO-[日志信息]: statusCode true, expected_code is 200, statusCode is 200 
Mon, 13 Sep 2021 11:06:47-test_Register-Assert.py-[line:47]-INFO-[日志信息]: Response body msg == expected_msg, expected_msg is ,body_msg is  
Mon, 13 Sep 2021 11:06:47-run_all_case.py-Register_case.py-[line:60]-INFO-[日志信息]: 开始执行脚本test_No_Num：

Mon, 13 Sep 2021 11:06:47-test_No_Num-Assert.py-[line:30]-INFO-[日志信息]: statusCode true, expected_code is 200, statusCode is 200 
Mon, 13 Sep 2021 11:06:47-test_No_Num-Assert.py-[line:47]-INFO-[日志信息]: Response body msg == expected_msg, expected_msg is 请求参数错误,body_msg is 请求参数错误 
Mon, 13 Sep 2021 11:06:47-run_all_case.py-Register_case.py-[line:85]-INFO-[日志信息]: 开始执行脚本test_Wrong_Num：

Mon, 13 Sep 2021 11:06:47-test_Wrong_Num-Assert.py-[line:30]-INFO-[日志信息]: statusCode true, expected_code is 200, statusCode is 200 
Mon, 13 Sep 2021 11:06:47-test_Wrong_Num-Assert.py-[line:47]-INFO-[日志信息]: Response body msg == expected_msg, expected_msg is 手机号格式错误,body_msg is 手机号格式错误 
Mon, 13 Sep 2021 11:06:47-run_all_case.py-Register_case.py-[line:110]-INFO-[日志信息]: 开始执行脚本test_Illegal_Character：

Mon, 13 Sep 2021 11:06:47-test_Illegal_Character-Assert.py-[line:30]-INFO-[日志信息]: statusCode true, expected_code is 200, statusCode is 200 
Mon, 13 Sep 2021 11:06:47-test_Illegal_Character-Assert.py-[line:47]-INFO-[日志信息]: Response body msg == expected_msg, expected_msg is 手机号格式错误,body_msg is 手机号格式错误 
Mon, 13 Sep 2021 11:06:47-run_all_case.py-Register_case.py-[line:135]-INFO-[日志信息]: 开始执行脚本test_Registered_Num：

Mon, 13 Sep 2021 11:06:47-test_Registered_Num-Assert.py-[line:30]-INFO-[日志信息]: statusCode true, expected_code is 200, statusCode is 200 
Mon, 13 Sep 2021 11:06:47-test_Registered_Num-Assert.py-[line:47]-INFO-[日志信息]: Response body msg == expected_msg, expected_msg is 手机号已注册，请登录,body_msg is 手机号已注册，请登录 
Mon, 13 Sep 2021 11:06:47-run_all_case.py-Register_case.py-[line:160]-INFO-[日志信息]: 开始执行脚本test_Pwd_Error：

Mon, 13 Sep 2021 11:06:48-test_Pwd_Error-Assert.py-[line:30]-INFO-[日志信息]: statusCode true, expected_code is 200, statusCode is 200 
Mon, 13 Sep 2021 11:06:48-test_Pwd_Error-Assert.py-[line:47]-INFO-[日志信息]: Response body msg == expected_msg, expected_msg is ,body_msg is  
Mon, 13 Sep 2021 11:06:48-run_all_case.py-Register_case.py-[line:186]-INFO-[日志信息]: 开始执行脚本test_Pwd_No_Capitalization：

Mon, 13 Sep 2021 11:06:48-test_Pwd_No_Capitalization-Assert.py-[line:30]-INFO-[日志信息]: statusCode true, expected_code is 200, statusCode is 200 
Mon, 13 Sep 2021 11:06:48-test_Pwd_No_Capitalization-Assert.py-[line:47]-INFO-[日志信息]: Response body msg == expected_msg, expected_msg is ,body_msg is  
Mon, 13 Sep 2021 11:06:48-run_all_case.py-Register_case.py-[line:212]-INFO-[日志信息]: 开始执行脚本test_No_Pwd：

Mon, 13 Sep 2021 11:06:48-test_No_Pwd-Assert.py-[line:30]-INFO-[日志信息]: statusCode true, expected_code is 200, statusCode is 200 
Mon, 13 Sep 2021 11:06:48-test_No_Pwd-Assert.py-[line:47]-INFO-[日志信息]: Response body msg == expected_msg, expected_msg is 请求参数错误,body_msg is 请求参数错误 
Mon, 13 Sep 2021 11:06:48-run_all_case.py-Register_case.py-[line:237]-INFO-[日志信息]: 开始执行脚本test_CodeError：

Mon, 13 Sep 2021 11:06:48-test_CodeError-Assert.py-[line:30]-INFO-[日志信息]: statusCode true, expected_code is 200, statusCode is 200 
Mon, 13 Sep 2021 11:06:48-test_CodeError-Assert.py-[line:50]-ERROR-[日志信息]: Response body msg != expected_msg, expected_msg is 请重新获取短信验证码,body_msg is 验证码无效，请重新获取 
Mon, 13 Sep 2021 11:06:48-run_all_case.py-Register_case.py-[line:265]-INFO-[日志信息]: 开始执行脚本test_No_Code：

Mon, 13 Sep 2021 11:06:49-test_No_Code-Assert.py-[line:30]-INFO-[日志信息]: statusCode true, expected_code is 200, statusCode is 200 
Mon, 13 Sep 2021 11:06:49-test_No_Code-Assert.py-[line:47]-INFO-[日志信息]: Response body msg == expected_msg, expected_msg is 请求参数错误,body_msg is 请求参数错误 
Mon, 13 Sep 2021 11:06:49-run_all_case.py-Login_case.py-[line:66]-INFO-[日志信息]: 开始执行脚本test_login：

Mon, 13 Sep 2021 11:06:49-test_login-Assert.py-[line:30]-INFO-[日志信息]: statusCode true, expected_code is 200, statusCode is 200 
Mon, 13 Sep 2021 11:06:49-test_login-Assert.py-[line:50]-ERROR-[日志信息]: Response body msg != expected_msg, expected_msg is ,body_msg is 手机号或密码错误，请重试 
Mon, 13 Sep 2021 11:06:49-run_all_case.py-Login_case.py-[line:92]-INFO-[日志信息]: 开始执行脚本test_no_num：

Mon, 13 Sep 2021 11:06:49-test_no_num-Assert.py-[line:30]-INFO-[日志信息]: statusCode true, expected_code is 200, statusCode is 200 
Mon, 13 Sep 2021 11:06:49-test_no_num-Assert.py-[line:47]-INFO-[日志信息]: Response body msg == expected_msg, expected_msg is 请求参数错误,body_msg is 请求参数错误 
Mon, 13 Sep 2021 11:06:49-run_all_case.py-Login_case.py-[line:118]-INFO-[日志信息]: 开始执行脚本test_nonexistent_num：

Mon, 13 Sep 2021 11:06:49-test_nonexistent_num-Assert.py-[line:30]-INFO-[日志信息]: statusCode true, expected_code is 200, statusCode is 200 
Mon, 13 Sep 2021 11:06:49-test_nonexistent_num-Assert.py-[line:47]-INFO-[日志信息]: Response body msg == expected_msg, expected_msg is 请求参数错误,body_msg is 请求参数错误 
Mon, 13 Sep 2021 11:06:49-run_all_case.py-Login_case.py-[line:145]-INFO-[日志信息]: 开始执行脚本test_Num_Illegal_Character：

Mon, 13 Sep 2021 11:06:49-test_Num_Illegal_Character-Assert.py-[line:30]-INFO-[日志信息]: statusCode true, expected_code is 200, statusCode is 200 
Mon, 13 Sep 2021 11:06:49-test_Num_Illegal_Character-Assert.py-[line:47]-INFO-[日志信息]: Response body msg == expected_msg, expected_msg is 手机号或密码错误，请重试,body_msg is 手机号或密码错误，请重试 
Mon, 13 Sep 2021 11:06:49-run_all_case.py-Login_case.py-[line:199]-INFO-[日志信息]: 开始执行脚本test_wrong_num：

Mon, 13 Sep 2021 11:06:49-test_wrong_num-Assert.py-[line:30]-INFO-[日志信息]: statusCode true, expected_code is 200, statusCode is 200 
Mon, 13 Sep 2021 11:06:49-test_wrong_num-Assert.py-[line:47]-INFO-[日志信息]: Response body msg == expected_msg, expected_msg is 手机号或密码错误，请重试,body_msg is 手机号或密码错误，请重试 
Mon, 13 Sep 2021 11:06:49-run_all_case.py-Login_case.py-[line:226]-INFO-[日志信息]: 开始执行脚本test_no_pwd：

Mon, 13 Sep 2021 11:06:49-test_no_pwd-Assert.py-[line:30]-INFO-[日志信息]: statusCode true, expected_code is 200, statusCode is 200 
Mon, 13 Sep 2021 11:06:49-test_no_pwd-Assert.py-[line:47]-INFO-[日志信息]: Response body msg == expected_msg, expected_msg is 请求参数错误,body_msg is 请求参数错误 
Mon, 13 Sep 2021 11:06:49-run_all_case.py-Login_case.py-[line:280]-INFO-[日志信息]: 开始执行脚本test_no_num_pwd：

Mon, 13 Sep 2021 11:06:49-test_no_num_pwd-Assert.py-[line:30]-INFO-[日志信息]: statusCode true, expected_code is 200, statusCode is 200 
Mon, 13 Sep 2021 11:06:49-test_no_num_pwd-Assert.py-[line:47]-INFO-[日志信息]: Response body msg == expected_msg, expected_msg is 请求参数错误,body_msg is 请求参数错误 
Mon, 13 Sep 2021 11:06:51-run_all_case.py-Login_case.py-[line:315]-ERROR-[日志信息]: Error! 没有触发等待 5 分钟
Mon, 13 Sep 2021 11:06:51-run_all_case.py-Login_case.py-[line:330]-INFO-[日志信息]: 开始执行脚本test_code_login：

Mon, 13 Sep 2021 11:06:51-test_code_login-Assert.py-[line:30]-INFO-[日志信息]: statusCode true, expected_code is 200, statusCode is 200 
Mon, 13 Sep 2021 11:06:51-test_code_login-Assert.py-[line:50]-ERROR-[日志信息]: Response body msg != expected_msg, expected_msg is ,body_msg is 连续超过 6 次错误，请于 5 分钟后重新登录 
Mon, 13 Sep 2021 11:15:11-run_all_case.py-run_all_case.py-[line:19]-INFO-[日志信息]: ==================================2021-09-13 11:15:11===================================
Mon, 13 Sep 2021 11:15:12-run_all_case.py-Register_case.py-[line:30]-INFO-[日志信息]: 开始执行脚本test_Register：

Mon, 13 Sep 2021 11:15:12-test_Register-Assert.py-[line:30]-INFO-[日志信息]: statusCode true, expected_code is 200, statusCode is 200 
Mon, 13 Sep 2021 11:15:12-test_Register-Assert.py-[line:47]-INFO-[日志信息]: Response body msg == expected_msg, expected_msg is ,body_msg is  
Mon, 13 Sep 2021 11:15:12-run_all_case.py-Register_case.py-[line:60]-INFO-[日志信息]: 开始执行脚本test_No_Num：

Mon, 13 Sep 2021 11:15:12-test_No_Num-Assert.py-[line:30]-INFO-[日志信息]: statusCode true, expected_code is 200, statusCode is 200 
Mon, 13 Sep 2021 11:15:12-test_No_Num-Assert.py-[line:47]-INFO-[日志信息]: Response body msg == expected_msg, expected_msg is 请求参数错误,body_msg is 请求参数错误 
Mon, 13 Sep 2021 11:15:12-run_all_case.py-Register_case.py-[line:85]-INFO-[日志信息]: 开始执行脚本test_Wrong_Num：

Mon, 13 Sep 2021 11:15:12-test_Wrong_Num-Assert.py-[line:30]-INFO-[日志信息]: statusCode true, expected_code is 200, statusCode is 200 
Mon, 13 Sep 2021 11:15:12-test_Wrong_Num-Assert.py-[line:47]-INFO-[日志信息]: Response body msg == expected_msg, expected_msg is 手机号格式错误,body_msg is 手机号格式错误 
Mon, 13 Sep 2021 11:15:12-run_all_case.py-Register_case.py-[line:110]-INFO-[日志信息]: 开始执行脚本test_Illegal_Character：

Mon, 13 Sep 2021 11:15:12-test_Illegal_Character-Assert.py-[line:30]-INFO-[日志信息]: statusCode true, expected_code is 200, statusCode is 200 
Mon, 13 Sep 2021 11:15:12-test_Illegal_Character-Assert.py-[line:47]-INFO-[日志信息]: Response body msg == expected_msg, expected_msg is 手机号格式错误,body_msg is 手机号格式错误 
Mon, 13 Sep 2021 11:15:12-run_all_case.py-Register_case.py-[line:135]-INFO-[日志信息]: 开始执行脚本test_Registered_Num：

Mon, 13 Sep 2021 11:15:13-test_Registered_Num-Assert.py-[line:30]-INFO-[日志信息]: statusCode true, expected_code is 200, statusCode is 200 
Mon, 13 Sep 2021 11:15:13-test_Registered_Num-Assert.py-[line:47]-INFO-[日志信息]: Response body msg == expected_msg, expected_msg is 手机号已注册，请登录,body_msg is 手机号已注册，请登录 
Mon, 13 Sep 2021 11:15:13-run_all_case.py-Register_case.py-[line:160]-INFO-[日志信息]: 开始执行脚本test_Pwd_Error：

Mon, 13 Sep 2021 11:15:13-test_Pwd_Error-Assert.py-[line:30]-INFO-[日志信息]: statusCode true, expected_code is 200, statusCode is 200 
Mon, 13 Sep 2021 11:15:13-test_Pwd_Error-Assert.py-[line:47]-INFO-[日志信息]: Response body msg == expected_msg, expected_msg is ,body_msg is  
Mon, 13 Sep 2021 11:15:13-run_all_case.py-Register_case.py-[line:186]-INFO-[日志信息]: 开始执行脚本test_Pwd_No_Capitalization：

Mon, 13 Sep 2021 11:15:13-test_Pwd_No_Capitalization-Assert.py-[line:30]-INFO-[日志信息]: statusCode true, expected_code is 200, statusCode is 200 
Mon, 13 Sep 2021 11:15:13-test_Pwd_No_Capitalization-Assert.py-[line:47]-INFO-[日志信息]: Response body msg == expected_msg, expected_msg is ,body_msg is  
Mon, 13 Sep 2021 11:15:13-run_all_case.py-Register_case.py-[line:212]-INFO-[日志信息]: 开始执行脚本test_No_Pwd：

Mon, 13 Sep 2021 11:15:13-test_No_Pwd-Assert.py-[line:30]-INFO-[日志信息]: statusCode true, expected_code is 200, statusCode is 200 
Mon, 13 Sep 2021 11:15:13-test_No_Pwd-Assert.py-[line:47]-INFO-[日志信息]: Response body msg == expected_msg, expected_msg is 请求参数错误,body_msg is 请求参数错误 
Mon, 13 Sep 2021 11:15:13-run_all_case.py-Register_case.py-[line:237]-INFO-[日志信息]: 开始执行脚本test_CodeError：

Mon, 13 Sep 2021 11:15:13-test_CodeError-Assert.py-[line:30]-INFO-[日志信息]: statusCode true, expected_code is 200, statusCode is 200 
Mon, 13 Sep 2021 11:15:13-test_CodeError-Assert.py-[line:47]-INFO-[日志信息]: Response body msg == expected_msg, expected_msg is 验证码无效，请重新获取,body_msg is 验证码无效，请重新获取 
Mon, 13 Sep 2021 11:15:13-run_all_case.py-Register_case.py-[line:265]-INFO-[日志信息]: 开始执行脚本test_No_Code：

Mon, 13 Sep 2021 11:15:14-test_No_Code-Assert.py-[line:30]-INFO-[日志信息]: statusCode true, expected_code is 200, statusCode is 200 
Mon, 13 Sep 2021 11:15:14-test_No_Code-Assert.py-[line:47]-INFO-[日志信息]: Response body msg == expected_msg, expected_msg is 请求参数错误,body_msg is 请求参数错误 
Mon, 13 Sep 2021 11:15:14-run_all_case.py-Login_case.py-[line:66]-INFO-[日志信息]: 开始执行脚本test_login：

Mon, 13 Sep 2021 11:15:14-test_login-Assert.py-[line:30]-INFO-[日志信息]: statusCode true, expected_code is 200, statusCode is 200 
Mon, 13 Sep 2021 11:15:14-test_login-Assert.py-[line:50]-ERROR-[日志信息]: Response body msg != expected_msg, expected_msg is ,body_msg is 手机号或密码错误，请重试 
Mon, 13 Sep 2021 11:15:14-run_all_case.py-Login_case.py-[line:92]-INFO-[日志信息]: 开始执行脚本test_no_num：

Mon, 13 Sep 2021 11:15:14-test_no_num-Assert.py-[line:30]-INFO-[日志信息]: statusCode true, expected_code is 200, statusCode is 200 
Mon, 13 Sep 2021 11:15:14-test_no_num-Assert.py-[line:47]-INFO-[日志信息]: Response body msg == expected_msg, expected_msg is 请求参数错误,body_msg is 请求参数错误 
Mon, 13 Sep 2021 11:15:14-run_all_case.py-Login_case.py-[line:118]-INFO-[日志信息]: 开始执行脚本test_nonexistent_num：

Mon, 13 Sep 2021 11:15:14-test_nonexistent_num-Assert.py-[line:30]-INFO-[日志信息]: statusCode true, expected_code is 200, statusCode is 200 
Mon, 13 Sep 2021 11:15:14-test_nonexistent_num-Assert.py-[line:47]-INFO-[日志信息]: Response body msg == expected_msg, expected_msg is 请求参数错误,body_msg is 请求参数错误 
Mon, 13 Sep 2021 11:15:14-run_all_case.py-Login_case.py-[line:145]-INFO-[日志信息]: 开始执行脚本test_Num_Illegal_Character：

Mon, 13 Sep 2021 11:15:14-test_Num_Illegal_Character-Assert.py-[line:30]-INFO-[日志信息]: statusCode true, expected_code is 200, statusCode is 200 
Mon, 13 Sep 2021 11:15:14-test_Num_Illegal_Character-Assert.py-[line:47]-INFO-[日志信息]: Response body msg == expected_msg, expected_msg is 手机号或密码错误，请重试,body_msg is 手机号或密码错误，请重试 
Mon, 13 Sep 2021 11:15:14-run_all_case.py-Login_case.py-[line:199]-INFO-[日志信息]: 开始执行脚本test_wrong_num：

Mon, 13 Sep 2021 11:15:14-test_wrong_num-Assert.py-[line:30]-INFO-[日志信息]: statusCode true, expected_code is 200, statusCode is 200 
Mon, 13 Sep 2021 11:15:14-test_wrong_num-Assert.py-[line:47]-INFO-[日志信息]: Response body msg == expected_msg, expected_msg is 手机号或密码错误，请重试,body_msg is 手机号或密码错误，请重试 
Mon, 13 Sep 2021 11:15:15-run_all_case.py-Login_case.py-[line:226]-INFO-[日志信息]: 开始执行脚本test_no_pwd：

Mon, 13 Sep 2021 11:15:15-test_no_pwd-Assert.py-[line:30]-INFO-[日志信息]: statusCode true, expected_code is 200, statusCode is 200 
Mon, 13 Sep 2021 11:15:15-test_no_pwd-Assert.py-[line:47]-INFO-[日志信息]: Response body msg == expected_msg, expected_msg is 请求参数错误,body_msg is 请求参数错误 
Mon, 13 Sep 2021 11:15:15-run_all_case.py-Login_case.py-[line:280]-INFO-[日志信息]: 开始执行脚本test_no_num_pwd：

Mon, 13 Sep 2021 11:15:15-test_no_num_pwd-Assert.py-[line:30]-INFO-[日志信息]: statusCode true, expected_code is 200, statusCode is 200 
Mon, 13 Sep 2021 11:15:15-test_no_num_pwd-Assert.py-[line:47]-INFO-[日志信息]: Response body msg == expected_msg, expected_msg is 请求参数错误,body_msg is 请求参数错误 
Mon, 13 Sep 2021 11:15:16-run_all_case.py-Login_case.py-[line:315]-ERROR-[日志信息]: Error! 没有触发等待 5 分钟
Mon, 13 Sep 2021 11:15:16-run_all_case.py-Login_case.py-[line:330]-INFO-[日志信息]: 开始执行脚本test_code_login：

Mon, 13 Sep 2021 11:15:16-test_code_login-Assert.py-[line:30]-INFO-[日志信息]: statusCode true, expected_code is 200, statusCode is 200 
Mon, 13 Sep 2021 11:15:16-test_code_login-Assert.py-[line:50]-ERROR-[日志信息]: Response body msg != expected_msg, expected_msg is ,body_msg is 连续超过 6 次错误，请于 5 分钟后重新登录 
Mon, 13 Sep 2021 11:21:05-run_all_case.py-run_all_case.py-[line:19]-INFO-[日志信息]: ==================================2021-09-13 11:21:05===================================
Mon, 13 Sep 2021 11:21:06-run_all_case.py-Register_case.py-[line:30]-INFO-[日志信息]: 开始执行脚本test_Register：

Mon, 13 Sep 2021 11:21:06-test_Register-Assert.py-[line:30]-INFO-[日志信息]: statusCode true, expected_code is 200, statusCode is 200 
Mon, 13 Sep 2021 11:21:06-test_Register-Assert.py-[line:47]-INFO-[日志信息]: Response body msg == expected_msg, expected_msg is ,body_msg is  
Mon, 13 Sep 2021 11:21:06-run_all_case.py-Register_case.py-[line:60]-INFO-[日志信息]: 开始执行脚本test_No_Num：

Mon, 13 Sep 2021 11:21:06-test_No_Num-Assert.py-[line:30]-INFO-[日志信息]: statusCode true, expected_code is 200, statusCode is 200 
Mon, 13 Sep 2021 11:21:06-test_No_Num-Assert.py-[line:47]-INFO-[日志信息]: Response body msg == expected_msg, expected_msg is 请求参数错误,body_msg is 请求参数错误 
Mon, 13 Sep 2021 11:21:06-run_all_case.py-Register_case.py-[line:85]-INFO-[日志信息]: 开始执行脚本test_Wrong_Num：

Mon, 13 Sep 2021 11:21:06-test_Wrong_Num-Assert.py-[line:30]-INFO-[日志信息]: statusCode true, expected_code is 200, statusCode is 200 
Mon, 13 Sep 2021 11:21:06-test_Wrong_Num-Assert.py-[line:47]-INFO-[日志信息]: Response body msg == expected_msg, expected_msg is 手机号格式错误,body_msg is 手机号格式错误 
Mon, 13 Sep 2021 11:21:06-run_all_case.py-Register_case.py-[line:110]-INFO-[日志信息]: 开始执行脚本test_Illegal_Character：

Mon, 13 Sep 2021 11:21:07-test_Illegal_Character-Assert.py-[line:30]-INFO-[日志信息]: statusCode true, expected_code is 200, statusCode is 200 
Mon, 13 Sep 2021 11:21:07-test_Illegal_Character-Assert.py-[line:47]-INFO-[日志信息]: Response body msg == expected_msg, expected_msg is 手机号格式错误,body_msg is 手机号格式错误 
Mon, 13 Sep 2021 11:21:07-run_all_case.py-Register_case.py-[line:135]-INFO-[日志信息]: 开始执行脚本test_Registered_Num：

Mon, 13 Sep 2021 11:21:07-test_Registered_Num-Assert.py-[line:30]-INFO-[日志信息]: statusCode true, expected_code is 200, statusCode is 200 
Mon, 13 Sep 2021 11:21:07-test_Registered_Num-Assert.py-[line:47]-INFO-[日志信息]: Response body msg == expected_msg, expected_msg is 手机号已注册，请登录,body_msg is 手机号已注册，请登录 
Mon, 13 Sep 2021 11:21:07-run_all_case.py-Register_case.py-[line:160]-INFO-[日志信息]: 开始执行脚本test_Pwd_Error：

Mon, 13 Sep 2021 11:21:07-test_Pwd_Error-Assert.py-[line:30]-INFO-[日志信息]: statusCode true, expected_code is 200, statusCode is 200 
Mon, 13 Sep 2021 11:21:07-test_Pwd_Error-Assert.py-[line:47]-INFO-[日志信息]: Response body msg == expected_msg, expected_msg is ,body_msg is  
Mon, 13 Sep 2021 11:21:07-run_all_case.py-Register_case.py-[line:186]-INFO-[日志信息]: 开始执行脚本test_Pwd_No_Capitalization：

Mon, 13 Sep 2021 11:21:07-test_Pwd_No_Capitalization-Assert.py-[line:30]-INFO-[日志信息]: statusCode true, expected_code is 200, statusCode is 200 
Mon, 13 Sep 2021 11:21:07-test_Pwd_No_Capitalization-Assert.py-[line:47]-INFO-[日志信息]: Response body msg == expected_msg, expected_msg is ,body_msg is  
Mon, 13 Sep 2021 11:21:07-run_all_case.py-Register_case.py-[line:212]-INFO-[日志信息]: 开始执行脚本test_No_Pwd：

Mon, 13 Sep 2021 11:21:08-test_No_Pwd-Assert.py-[line:30]-INFO-[日志信息]: statusCode true, expected_code is 200, statusCode is 200 
Mon, 13 Sep 2021 11:21:08-test_No_Pwd-Assert.py-[line:47]-INFO-[日志信息]: Response body msg == expected_msg, expected_msg is 请求参数错误,body_msg is 请求参数错误 
Mon, 13 Sep 2021 11:21:08-run_all_case.py-Register_case.py-[line:237]-INFO-[日志信息]: 开始执行脚本test_CodeError：

Mon, 13 Sep 2021 11:21:08-test_CodeError-Assert.py-[line:30]-INFO-[日志信息]: statusCode true, expected_code is 200, statusCode is 200 
Mon, 13 Sep 2021 11:21:08-test_CodeError-Assert.py-[line:47]-INFO-[日志信息]: Response body msg == expected_msg, expected_msg is 验证码无效，请重新获取,body_msg is 验证码无效，请重新获取 
Mon, 13 Sep 2021 11:21:08-run_all_case.py-Register_case.py-[line:265]-INFO-[日志信息]: 开始执行脚本test_No_Code：

Mon, 13 Sep 2021 11:21:08-test_No_Code-Assert.py-[line:30]-INFO-[日志信息]: statusCode true, expected_code is 200, statusCode is 200 
Mon, 13 Sep 2021 11:21:08-test_No_Code-Assert.py-[line:47]-INFO-[日志信息]: Response body msg == expected_msg, expected_msg is 请求参数错误,body_msg is 请求参数错误 
Mon, 13 Sep 2021 11:21:08-run_all_case.py-Login_case.py-[line:66]-INFO-[日志信息]: 开始执行脚本test_login：

Mon, 13 Sep 2021 11:21:08-test_login-Assert.py-[line:30]-INFO-[日志信息]: statusCode true, expected_code is 200, statusCode is 200 
Mon, 13 Sep 2021 11:21:08-test_login-Assert.py-[line:47]-INFO-[日志信息]: Response body msg == expected_msg, expected_msg is ,body_msg is  
Mon, 13 Sep 2021 11:21:08-run_all_case.py-Login_case.py-[line:92]-INFO-[日志信息]: 开始执行脚本test_no_num：

Mon, 13 Sep 2021 11:21:08-test_no_num-Assert.py-[line:30]-INFO-[日志信息]: statusCode true, expected_code is 200, statusCode is 200 
Mon, 13 Sep 2021 11:21:08-test_no_num-Assert.py-[line:47]-INFO-[日志信息]: Response body msg == expected_msg, expected_msg is 请求参数错误,body_msg is 请求参数错误 
Mon, 13 Sep 2021 11:21:08-run_all_case.py-Login_case.py-[line:118]-INFO-[日志信息]: 开始执行脚本test_nonexistent_num：

Mon, 13 Sep 2021 11:21:08-test_nonexistent_num-Assert.py-[line:30]-INFO-[日志信息]: statusCode true, expected_code is 200, statusCode is 200 
Mon, 13 Sep 2021 11:21:08-test_nonexistent_num-Assert.py-[line:47]-INFO-[日志信息]: Response body msg == expected_msg, expected_msg is 请求参数错误,body_msg is 请求参数错误 
Mon, 13 Sep 2021 11:21:08-run_all_case.py-Login_case.py-[line:145]-INFO-[日志信息]: 开始执行脚本test_Num_Illegal_Character：

Mon, 13 Sep 2021 11:21:09-test_Num_Illegal_Character-Assert.py-[line:30]-INFO-[日志信息]: statusCode true, expected_code is 200, statusCode is 200 
Mon, 13 Sep 2021 11:21:09-test_Num_Illegal_Character-Assert.py-[line:47]-INFO-[日志信息]: Response body msg == expected_msg, expected_msg is 手机号或密码错误，请重试,body_msg is 手机号或密码错误，请重试 
Mon, 13 Sep 2021 11:21:09-run_all_case.py-Login_case.py-[line:199]-INFO-[日志信息]: 开始执行脚本test_wrong_num：

Mon, 13 Sep 2021 11:21:09-test_wrong_num-Assert.py-[line:30]-INFO-[日志信息]: statusCode true, expected_code is 200, statusCode is 200 
Mon, 13 Sep 2021 11:21:09-test_wrong_num-Assert.py-[line:47]-INFO-[日志信息]: Response body msg == expected_msg, expected_msg is 手机号或密码错误，请重试,body_msg is 手机号或密码错误，请重试 
Mon, 13 Sep 2021 11:21:09-run_all_case.py-Login_case.py-[line:226]-INFO-[日志信息]: 开始执行脚本test_no_pwd：

Mon, 13 Sep 2021 11:21:09-test_no_pwd-Assert.py-[line:30]-INFO-[日志信息]: statusCode true, expected_code is 200, statusCode is 200 
Mon, 13 Sep 2021 11:21:09-test_no_pwd-Assert.py-[line:47]-INFO-[日志信息]: Response body msg == expected_msg, expected_msg is 请求参数错误,body_msg is 请求参数错误 
Mon, 13 Sep 2021 11:21:09-run_all_case.py-Login_case.py-[line:280]-INFO-[日志信息]: 开始执行脚本test_no_num_pwd：

Mon, 13 Sep 2021 11:21:09-test_no_num_pwd-Assert.py-[line:30]-INFO-[日志信息]: statusCode true, expected_code is 200, statusCode is 200 
Mon, 13 Sep 2021 11:21:09-test_no_num_pwd-Assert.py-[line:47]-INFO-[日志信息]: Response body msg == expected_msg, expected_msg is 请求参数错误,body_msg is 请求参数错误 
Mon, 13 Sep 2021 11:21:10-run_all_case.py-Login_case.py-[line:315]-ERROR-[日志信息]: Error! 没有触发等待 5 分钟
Mon, 13 Sep 2021 11:21:10-run_all_case.py-Login_case.py-[line:330]-INFO-[日志信息]: 开始执行脚本test_code_login：

Mon, 13 Sep 2021 11:21:11-test_code_login-Assert.py-[line:30]-INFO-[日志信息]: statusCode true, expected_code is 200, statusCode is 200 
Mon, 13 Sep 2021 11:21:11-test_code_login-Assert.py-[line:47]-INFO-[日志信息]: Response body msg == expected_msg, expected_msg is ,body_msg is  
Mon, 13 Sep 2021 15:27:19-run_all_case.py-run_all_case.py-[line:19]-INFO-[日志信息]: ==================================2021-09-13 15:27:19===================================
Mon, 13 Sep 2021 15:27:19-run_all_case.py-Register_case.py-[line:30]-INFO-[日志信息]: 开始执行脚本test_Register：

Mon, 13 Sep 2021 15:27:19-test_Register-Assert.py-[line:30]-INFO-[日志信息]: statusCode true, expected_code is 200, statusCode is 200 
Mon, 13 Sep 2021 15:27:19-test_Register-Assert.py-[line:47]-INFO-[日志信息]: Response body msg == expected_msg, expected_msg is ,body_msg is  
Mon, 13 Sep 2021 15:27:19-run_all_case.py-Register_case.py-[line:60]-INFO-[日志信息]: 开始执行脚本test_No_Num：

Mon, 13 Sep 2021 15:27:20-test_No_Num-Assert.py-[line:30]-INFO-[日志信息]: statusCode true, expected_code is 200, statusCode is 200 
Mon, 13 Sep 2021 15:27:20-test_No_Num-Assert.py-[line:47]-INFO-[日志信息]: Response body msg == expected_msg, expected_msg is 请求参数错误,body_msg is 请求参数错误 
Mon, 13 Sep 2021 15:27:20-run_all_case.py-Register_case.py-[line:85]-INFO-[日志信息]: 开始执行脚本test_Wrong_Num：

Mon, 13 Sep 2021 15:27:20-test_Wrong_Num-Assert.py-[line:30]-INFO-[日志信息]: statusCode true, expected_code is 200, statusCode is 200 
Mon, 13 Sep 2021 15:27:20-test_Wrong_Num-Assert.py-[line:47]-INFO-[日志信息]: Response body msg == expected_msg, expected_msg is 手机号格式错误,body_msg is 手机号格式错误 
Mon, 13 Sep 2021 15:27:20-run_all_case.py-Register_case.py-[line:110]-INFO-[日志信息]: 开始执行脚本test_Illegal_Character：

Mon, 13 Sep 2021 15:27:20-test_Illegal_Character-Assert.py-[line:30]-INFO-[日志信息]: statusCode true, expected_code is 200, statusCode is 200 
Mon, 13 Sep 2021 15:27:20-test_Illegal_Character-Assert.py-[line:47]-INFO-[日志信息]: Response body msg == expected_msg, expected_msg is 手机号格式错误,body_msg is 手机号格式错误 
Mon, 13 Sep 2021 15:27:20-run_all_case.py-Register_case.py-[line:135]-INFO-[日志信息]: 开始执行脚本test_Registered_Num：

Mon, 13 Sep 2021 15:27:20-test_Registered_Num-Assert.py-[line:30]-INFO-[日志信息]: statusCode true, expected_code is 200, statusCode is 200 
Mon, 13 Sep 2021 15:27:20-test_Registered_Num-Assert.py-[line:47]-INFO-[日志信息]: Response body msg == expected_msg, expected_msg is 手机号已注册，请登录,body_msg is 手机号已注册，请登录 
Mon, 13 Sep 2021 15:27:20-run_all_case.py-Register_case.py-[line:160]-INFO-[日志信息]: 开始执行脚本test_Pwd_Error：

Mon, 13 Sep 2021 15:27:20-test_Pwd_Error-Assert.py-[line:30]-INFO-[日志信息]: statusCode true, expected_code is 200, statusCode is 200 
Mon, 13 Sep 2021 15:27:20-test_Pwd_Error-Assert.py-[line:47]-INFO-[日志信息]: Response body msg == expected_msg, expected_msg is ,body_msg is  
Mon, 13 Sep 2021 15:27:20-run_all_case.py-Register_case.py-[line:186]-INFO-[日志信息]: 开始执行脚本test_Pwd_No_Capitalization：

Mon, 13 Sep 2021 15:27:21-test_Pwd_No_Capitalization-Assert.py-[line:30]-INFO-[日志信息]: statusCode true, expected_code is 200, statusCode is 200 
Mon, 13 Sep 2021 15:27:21-test_Pwd_No_Capitalization-Assert.py-[line:47]-INFO-[日志信息]: Response body msg == expected_msg, expected_msg is ,body_msg is  
Mon, 13 Sep 2021 15:27:21-run_all_case.py-Register_case.py-[line:212]-INFO-[日志信息]: 开始执行脚本test_No_Pwd：

Mon, 13 Sep 2021 15:27:21-test_No_Pwd-Assert.py-[line:30]-INFO-[日志信息]: statusCode true, expected_code is 200, statusCode is 200 
Mon, 13 Sep 2021 15:27:21-test_No_Pwd-Assert.py-[line:47]-INFO-[日志信息]: Response body msg == expected_msg, expected_msg is 请求参数错误,body_msg is 请求参数错误 
Mon, 13 Sep 2021 15:27:21-run_all_case.py-Register_case.py-[line:237]-INFO-[日志信息]: 开始执行脚本test_CodeError：

Mon, 13 Sep 2021 15:27:21-test_CodeError-Assert.py-[line:30]-INFO-[日志信息]: statusCode true, expected_code is 200, statusCode is 200 
Mon, 13 Sep 2021 15:27:21-test_CodeError-Assert.py-[line:47]-INFO-[日志信息]: Response body msg == expected_msg, expected_msg is 验证码无效，请重新获取,body_msg is 验证码无效，请重新获取 
Mon, 13 Sep 2021 15:27:21-run_all_case.py-Register_case.py-[line:265]-INFO-[日志信息]: 开始执行脚本test_No_Code：

Mon, 13 Sep 2021 15:27:21-test_No_Code-Assert.py-[line:30]-INFO-[日志信息]: statusCode true, expected_code is 200, statusCode is 200 
Mon, 13 Sep 2021 15:27:21-test_No_Code-Assert.py-[line:47]-INFO-[日志信息]: Response body msg == expected_msg, expected_msg is 请求参数错误,body_msg is 请求参数错误 
Mon, 13 Sep 2021 15:27:21-run_all_case.py-Login_case.py-[line:66]-INFO-[日志信息]: 开始执行脚本test_login：

Mon, 13 Sep 2021 15:27:21-test_login-Assert.py-[line:30]-INFO-[日志信息]: statusCode true, expected_code is 200, statusCode is 200 
Mon, 13 Sep 2021 15:27:21-test_login-Assert.py-[line:47]-INFO-[日志信息]: Response body msg == expected_msg, expected_msg is ,body_msg is  
Mon, 13 Sep 2021 15:27:21-run_all_case.py-Login_case.py-[line:92]-INFO-[日志信息]: 开始执行脚本test_no_num：

Mon, 13 Sep 2021 15:27:21-test_no_num-Assert.py-[line:30]-INFO-[日志信息]: statusCode true, expected_code is 200, statusCode is 200 
Mon, 13 Sep 2021 15:27:21-test_no_num-Assert.py-[line:47]-INFO-[日志信息]: Response body msg == expected_msg, expected_msg is 请求参数错误,body_msg is 请求参数错误 
Mon, 13 Sep 2021 15:27:21-run_all_case.py-Login_case.py-[line:118]-INFO-[日志信息]: 开始执行脚本test_nonexistent_num：

Mon, 13 Sep 2021 15:27:22-test_nonexistent_num-Assert.py-[line:30]-INFO-[日志信息]: statusCode true, expected_code is 200, statusCode is 200 
Mon, 13 Sep 2021 15:27:22-test_nonexistent_num-Assert.py-[line:47]-INFO-[日志信息]: Response body msg == expected_msg, expected_msg is 请求参数错误,body_msg is 请求参数错误 
Mon, 13 Sep 2021 15:27:22-run_all_case.py-Login_case.py-[line:145]-INFO-[日志信息]: 开始执行脚本test_Num_Illegal_Character：

Mon, 13 Sep 2021 15:27:22-test_Num_Illegal_Character-Assert.py-[line:30]-INFO-[日志信息]: statusCode true, expected_code is 200, statusCode is 200 
Mon, 13 Sep 2021 15:27:22-test_Num_Illegal_Character-Assert.py-[line:47]-INFO-[日志信息]: Response body msg == expected_msg, expected_msg is 手机号或密码错误，请重试,body_msg is 手机号或密码错误，请重试 
Mon, 13 Sep 2021 15:27:22-run_all_case.py-Login_case.py-[line:199]-INFO-[日志信息]: 开始执行脚本test_wrong_num：

Mon, 13 Sep 2021 15:27:22-test_wrong_num-Assert.py-[line:30]-INFO-[日志信息]: statusCode true, expected_code is 200, statusCode is 200 
Mon, 13 Sep 2021 15:27:22-test_wrong_num-Assert.py-[line:47]-INFO-[日志信息]: Response body msg == expected_msg, expected_msg is 手机号或密码错误，请重试,body_msg is 手机号或密码错误，请重试 
Mon, 13 Sep 2021 15:27:22-run_all_case.py-Login_case.py-[line:226]-INFO-[日志信息]: 开始执行脚本test_no_pwd：

Mon, 13 Sep 2021 15:27:22-test_no_pwd-Assert.py-[line:30]-INFO-[日志信息]: statusCode true, expected_code is 200, statusCode is 200 
Mon, 13 Sep 2021 15:27:22-test_no_pwd-Assert.py-[line:47]-INFO-[日志信息]: Response body msg == expected_msg, expected_msg is 请求参数错误,body_msg is 请求参数错误 
Mon, 13 Sep 2021 15:27:22-run_all_case.py-Login_case.py-[line:280]-INFO-[日志信息]: 开始执行脚本test_no_num_pwd：

Mon, 13 Sep 2021 15:27:22-test_no_num_pwd-Assert.py-[line:30]-INFO-[日志信息]: statusCode true, expected_code is 200, statusCode is 200 
Mon, 13 Sep 2021 15:27:22-test_no_num_pwd-Assert.py-[line:47]-INFO-[日志信息]: Response body msg == expected_msg, expected_msg is 请求参数错误,body_msg is 请求参数错误 
Mon, 13 Sep 2021 15:27:23-run_all_case.py-Login_case.py-[line:315]-ERROR-[日志信息]: Error! 没有触发等待 5 分钟
Mon, 13 Sep 2021 15:27:23-run_all_case.py-Login_case.py-[line:330]-INFO-[日志信息]: 开始执行脚本test_code_login：

Mon, 13 Sep 2021 15:27:23-test_code_login-Assert.py-[line:30]-INFO-[日志信息]: statusCode true, expected_code is 200, statusCode is 200 
Mon, 13 Sep 2021 15:27:23-test_code_login-Assert.py-[line:47]-INFO-[日志信息]: Response body msg == expected_msg, expected_msg is ,body_msg is  
Mon, 13 Sep 2021 15:32:39-run_all_case.py-run_all_case.py-[line:19]-INFO-[日志信息]: ==================================2021-09-13 15:32:39===================================
Mon, 13 Sep 2021 15:32:39-run_all_case.py-Register_case.py-[line:30]-INFO-[日志信息]: 开始执行脚本test_Register：

Mon, 13 Sep 2021 15:32:40-test_Register-Assert.py-[line:30]-INFO-[日志信息]: statusCode true, expected_code is 200, statusCode is 200 
Mon, 13 Sep 2021 15:32:40-test_Register-Assert.py-[line:47]-INFO-[日志信息]: Response body msg == expected_msg, expected_msg is ,body_msg is  
Mon, 13 Sep 2021 15:32:40-run_all_case.py-Register_case.py-[line:60]-INFO-[日志信息]: 开始执行脚本test_No_Num：

Mon, 13 Sep 2021 15:32:40-test_No_Num-Assert.py-[line:30]-INFO-[日志信息]: statusCode true, expected_code is 200, statusCode is 200 
Mon, 13 Sep 2021 15:32:40-test_No_Num-Assert.py-[line:47]-INFO-[日志信息]: Response body msg == expected_msg, expected_msg is 请求参数错误,body_msg is 请求参数错误 
Mon, 13 Sep 2021 15:32:40-run_all_case.py-Register_case.py-[line:85]-INFO-[日志信息]: 开始执行脚本test_Wrong_Num：

Mon, 13 Sep 2021 15:32:40-test_Wrong_Num-Assert.py-[line:30]-INFO-[日志信息]: statusCode true, expected_code is 200, statusCode is 200 
Mon, 13 Sep 2021 15:32:40-test_Wrong_Num-Assert.py-[line:47]-INFO-[日志信息]: Response body msg == expected_msg, expected_msg is 手机号格式错误,body_msg is 手机号格式错误 
Mon, 13 Sep 2021 15:32:40-run_all_case.py-Register_case.py-[line:110]-INFO-[日志信息]: 开始执行脚本test_Illegal_Character：

Mon, 13 Sep 2021 15:32:41-test_Illegal_Character-Assert.py-[line:30]-INFO-[日志信息]: statusCode true, expected_code is 200, statusCode is 200 
Mon, 13 Sep 2021 15:32:41-test_Illegal_Character-Assert.py-[line:47]-INFO-[日志信息]: Response body msg == expected_msg, expected_msg is 手机号格式错误,body_msg is 手机号格式错误 
Mon, 13 Sep 2021 15:32:41-run_all_case.py-Register_case.py-[line:135]-INFO-[日志信息]: 开始执行脚本test_Registered_Num：

Mon, 13 Sep 2021 15:32:41-test_Registered_Num-Assert.py-[line:30]-INFO-[日志信息]: statusCode true, expected_code is 200, statusCode is 200 
Mon, 13 Sep 2021 15:32:41-test_Registered_Num-Assert.py-[line:47]-INFO-[日志信息]: Response body msg == expected_msg, expected_msg is 手机号已注册，请登录,body_msg is 手机号已注册，请登录 
Mon, 13 Sep 2021 15:32:41-run_all_case.py-Register_case.py-[line:160]-INFO-[日志信息]: 开始执行脚本test_Pwd_Error：

Mon, 13 Sep 2021 15:32:41-test_Pwd_Error-Assert.py-[line:30]-INFO-[日志信息]: statusCode true, expected_code is 200, statusCode is 200 
Mon, 13 Sep 2021 15:32:41-test_Pwd_Error-Assert.py-[line:47]-INFO-[日志信息]: Response body msg == expected_msg, expected_msg is ,body_msg is  
Mon, 13 Sep 2021 15:32:41-run_all_case.py-Register_case.py-[line:186]-INFO-[日志信息]: 开始执行脚本test_Pwd_No_Capitalization：

Mon, 13 Sep 2021 15:32:42-test_Pwd_No_Capitalization-Assert.py-[line:30]-INFO-[日志信息]: statusCode true, expected_code is 200, statusCode is 200 
Mon, 13 Sep 2021 15:32:42-test_Pwd_No_Capitalization-Assert.py-[line:47]-INFO-[日志信息]: Response body msg == expected_msg, expected_msg is ,body_msg is  
Mon, 13 Sep 2021 15:32:42-run_all_case.py-Register_case.py-[line:212]-INFO-[日志信息]: 开始执行脚本test_No_Pwd：

Mon, 13 Sep 2021 15:32:42-test_No_Pwd-Assert.py-[line:30]-INFO-[日志信息]: statusCode true, expected_code is 200, statusCode is 200 
Mon, 13 Sep 2021 15:32:42-test_No_Pwd-Assert.py-[line:47]-INFO-[日志信息]: Response body msg == expected_msg, expected_msg is 请求参数错误,body_msg is 请求参数错误 
Mon, 13 Sep 2021 15:32:42-run_all_case.py-Register_case.py-[line:237]-INFO-[日志信息]: 开始执行脚本test_CodeError：

Mon, 13 Sep 2021 15:32:42-test_CodeError-Assert.py-[line:30]-INFO-[日志信息]: statusCode true, expected_code is 200, statusCode is 200 
Mon, 13 Sep 2021 15:32:42-test_CodeError-Assert.py-[line:47]-INFO-[日志信息]: Response body msg == expected_msg, expected_msg is 验证码无效，请重新获取,body_msg is 验证码无效，请重新获取 
Mon, 13 Sep 2021 15:32:42-run_all_case.py-Register_case.py-[line:265]-INFO-[日志信息]: 开始执行脚本test_No_Code：

Mon, 13 Sep 2021 15:32:43-test_No_Code-Assert.py-[line:30]-INFO-[日志信息]: statusCode true, expected_code is 200, statusCode is 200 
Mon, 13 Sep 2021 15:32:43-test_No_Code-Assert.py-[line:47]-INFO-[日志信息]: Response body msg == expected_msg, expected_msg is 请求参数错误,body_msg is 请求参数错误 
Mon, 13 Sep 2021 15:32:43-run_all_case.py-Login_case.py-[line:66]-INFO-[日志信息]: 开始执行脚本test_login：

Mon, 13 Sep 2021 15:32:43-test_login-Assert.py-[line:30]-INFO-[日志信息]: statusCode true, expected_code is 200, statusCode is 200 
Mon, 13 Sep 2021 15:32:43-test_login-Assert.py-[line:47]-INFO-[日志信息]: Response body msg == expected_msg, expected_msg is ,body_msg is  
Mon, 13 Sep 2021 15:32:43-run_all_case.py-Login_case.py-[line:92]-INFO-[日志信息]: 开始执行脚本test_no_num：

Mon, 13 Sep 2021 15:32:43-test_no_num-Assert.py-[line:30]-INFO-[日志信息]: statusCode true, expected_code is 200, statusCode is 200 
Mon, 13 Sep 2021 15:32:43-test_no_num-Assert.py-[line:47]-INFO-[日志信息]: Response body msg == expected_msg, expected_msg is 请求参数错误,body_msg is 请求参数错误 
Mon, 13 Sep 2021 15:32:43-run_all_case.py-Login_case.py-[line:118]-INFO-[日志信息]: 开始执行脚本test_nonexistent_num：

Mon, 13 Sep 2021 15:32:43-test_nonexistent_num-Assert.py-[line:30]-INFO-[日志信息]: statusCode true, expected_code is 200, statusCode is 200 
Mon, 13 Sep 2021 15:32:43-test_nonexistent_num-Assert.py-[line:47]-INFO-[日志信息]: Response body msg == expected_msg, expected_msg is 请求参数错误,body_msg is 请求参数错误 
Mon, 13 Sep 2021 15:32:43-run_all_case.py-Login_case.py-[line:145]-INFO-[日志信息]: 开始执行脚本test_Num_Illegal_Character：

Mon, 13 Sep 2021 15:32:43-test_Num_Illegal_Character-Assert.py-[line:30]-INFO-[日志信息]: statusCode true, expected_code is 200, statusCode is 200 
Mon, 13 Sep 2021 15:32:43-test_Num_Illegal_Character-Assert.py-[line:47]-INFO-[日志信息]: Response body msg == expected_msg, expected_msg is 手机号或密码错误，请重试,body_msg is 手机号或密码错误，请重试 
Mon, 13 Sep 2021 15:32:43-run_all_case.py-Login_case.py-[line:199]-INFO-[日志信息]: 开始执行脚本test_wrong_num：

Mon, 13 Sep 2021 15:32:44-test_wrong_num-Assert.py-[line:30]-INFO-[日志信息]: statusCode true, expected_code is 200, statusCode is 200 
Mon, 13 Sep 2021 15:32:44-test_wrong_num-Assert.py-[line:47]-INFO-[日志信息]: Response body msg == expected_msg, expected_msg is 手机号或密码错误，请重试,body_msg is 手机号或密码错误，请重试 
Mon, 13 Sep 2021 15:32:44-run_all_case.py-Login_case.py-[line:226]-INFO-[日志信息]: 开始执行脚本test_no_pwd：

Mon, 13 Sep 2021 15:32:44-test_no_pwd-Assert.py-[line:30]-INFO-[日志信息]: statusCode true, expected_code is 200, statusCode is 200 
Mon, 13 Sep 2021 15:32:44-test_no_pwd-Assert.py-[line:47]-INFO-[日志信息]: Response body msg == expected_msg, expected_msg is 请求参数错误,body_msg is 请求参数错误 
Mon, 13 Sep 2021 15:32:44-run_all_case.py-Login_case.py-[line:280]-INFO-[日志信息]: 开始执行脚本test_no_num_pwd：

Mon, 13 Sep 2021 15:32:44-test_no_num_pwd-Assert.py-[line:30]-INFO-[日志信息]: statusCode true, expected_code is 200, statusCode is 200 
Mon, 13 Sep 2021 15:32:44-test_no_num_pwd-Assert.py-[line:47]-INFO-[日志信息]: Response body msg == expected_msg, expected_msg is 请求参数错误,body_msg is 请求参数错误 
Mon, 13 Sep 2021 15:32:46-run_all_case.py-Login_case.py-[line:315]-ERROR-[日志信息]: Error! 没有触发等待 5 分钟
Mon, 13 Sep 2021 15:32:46-run_all_case.py-Login_case.py-[line:330]-INFO-[日志信息]: 开始执行脚本test_code_login：

Mon, 13 Sep 2021 15:32:46-test_code_login-Assert.py-[line:30]-INFO-[日志信息]: statusCode true, expected_code is 200, statusCode is 200 
Mon, 13 Sep 2021 15:32:46-test_code_login-Assert.py-[line:47]-INFO-[日志信息]: Response body msg == expected_msg, expected_msg is ,body_msg is  
