Wed, 06 Jul 2022 15:05:15-_jb_pytest_runner.py-Assert.py-[line:110]-ERROR-[日志信息]: Traceback (most recent call last):
  File "C:\Users\张铁瀛\PycharmProjects\API_AUTO\common\Assert.py", line 104, in define_assert
    assert res['code'] == respData['code']
AssertionError: assert 'RequestParameterIsWrong' == 'Success'

Wed, 06 Jul 2022 15:05:16-_jb_pytest_runner.py-Assert.py-[line:110]-ERROR-[日志信息]: Traceback (most recent call last):
  File "C:\Users\张铁瀛\PycharmProjects\API_AUTO\common\Assert.py", line 104, in define_assert
    assert res['code'] == respData['code']
AssertionError: assert 'RequestParameterIsWrong' == 'InternalError'

Wed, 06 Jul 2022 15:05:16-_jb_pytest_runner.py-Assert.py-[line:110]-ERROR-[日志信息]: Traceback (most recent call last):
  File "C:\Users\张铁瀛\PycharmProjects\API_AUTO\common\Assert.py", line 104, in define_assert
    assert res['code'] == respData['code']
AssertionError: assert 'RequestParameterIsWrong' == 'InternalError'

Wed, 06 Jul 2022 15:05:16-_jb_pytest_runner.py-Assert.py-[line:110]-ERROR-[日志信息]: Traceback (most recent call last):
  File "C:\Users\张铁瀛\PycharmProjects\API_AUTO\common\Assert.py", line 104, in define_assert
    assert res['code'] == respData['code']
AssertionError: assert 'RequestParameterIsWrong' == 'InternalError'

Wed, 06 Jul 2022 15:05:17-_jb_pytest_runner.py-Assert.py-[line:110]-ERROR-[日志信息]: Traceback (most recent call last):
  File "C:\Users\张铁瀛\PycharmProjects\API_AUTO\common\Assert.py", line 104, in define_assert
    assert res['code'] == respData['code']
AssertionError: assert 'RequestParameterIsWrong' == 'InternalError'

Wed, 06 Jul 2022 15:05:17-_jb_pytest_runner.py-Assert.py-[line:110]-ERROR-[日志信息]: Traceback (most recent call last):
  File "C:\Users\张铁瀛\PycharmProjects\API_AUTO\common\Assert.py", line 104, in define_assert
    assert res['code'] == respData['code']
AssertionError: assert 'RequestParameterIsWrong' == 'InternalError'

Wed, 06 Jul 2022 15:05:17-_jb_pytest_runner.py-Assert.py-[line:110]-ERROR-[日志信息]: Traceback (most recent call last):
  File "C:\Users\张铁瀛\PycharmProjects\API_AUTO\common\Assert.py", line 104, in define_assert
    assert res['code'] == respData['code']
AssertionError: assert 'RequestParameterIsWrong' == 'InternalError'

Wed, 06 Jul 2022 15:05:17-_jb_pytest_runner.py-Assert.py-[line:110]-ERROR-[日志信息]: Traceback (most recent call last):
  File "C:\Users\张铁瀛\PycharmProjects\API_AUTO\common\Assert.py", line 104, in define_assert
    assert res['code'] == respData['code']
AssertionError: assert 'RequestParameterIsWrong' == 'InternalError'

Wed, 06 Jul 2022 15:05:17-_jb_pytest_runner.py-Assert.py-[line:110]-ERROR-[日志信息]: Traceback (most recent call last):
  File "C:\Users\张铁瀛\PycharmProjects\API_AUTO\common\Assert.py", line 104, in define_assert
    assert res['code'] == respData['code']
AssertionError: assert 'RequestParameterIsWrong' == 'InternalError'

Wed, 06 Jul 2022 15:05:18-_jb_pytest_runner.py-Assert.py-[line:110]-ERROR-[日志信息]: Traceback (most recent call last):
  File "C:\Users\张铁瀛\PycharmProjects\API_AUTO\common\Assert.py", line 104, in define_assert
    assert res['code'] == respData['code']
AssertionError: assert 'RequestParameterIsWrong' == 'InternalError'

Wed, 06 Jul 2022 15:05:18-_jb_pytest_runner.py-Assert.py-[line:110]-ERROR-[日志信息]: Traceback (most recent call last):
  File "C:\Users\张铁瀛\PycharmProjects\API_AUTO\common\Assert.py", line 104, in define_assert
    assert res['code'] == respData['code']
AssertionError: assert 'RequestParameterIsWrong' == 'InternalError'

Wed, 06 Jul 2022 15:05:18-_jb_pytest_runner.py-Assert.py-[line:110]-ERROR-[日志信息]: Traceback (most recent call last):
  File "C:\Users\张铁瀛\PycharmProjects\API_AUTO\common\Assert.py", line 104, in define_assert
    assert res['code'] == respData['code']
AssertionError: assert 'RequestParameterIsWrong' == 'InternalError'

Wed, 06 Jul 2022 15:05:18-_jb_pytest_runner.py-Assert.py-[line:110]-ERROR-[日志信息]: Traceback (most recent call last):
  File "C:\Users\张铁瀛\PycharmProjects\API_AUTO\common\Assert.py", line 104, in define_assert
    assert res['code'] == respData['code']
AssertionError: assert 'RequestParameterIsWrong' == 'InternalError'

Wed, 06 Jul 2022 15:05:18-_jb_pytest_runner.py-Assert.py-[line:110]-ERROR-[日志信息]: Traceback (most recent call last):
  File "C:\Users\张铁瀛\PycharmProjects\API_AUTO\common\Assert.py", line 104, in define_assert
    assert res['code'] == respData['code']
AssertionError: assert 'RequestParameterIsWrong' == 'InternalError'

Wed, 06 Jul 2022 15:05:19-_jb_pytest_runner.py-Assert.py-[line:110]-ERROR-[日志信息]: Traceback (most recent call last):
  File "C:\Users\张铁瀛\PycharmProjects\API_AUTO\common\Assert.py", line 104, in define_assert
    assert res['code'] == respData['code']
AssertionError: assert 'RequestParameterIsWrong' == 'InternalError'

Wed, 06 Jul 2022 15:05:19-_jb_pytest_runner.py-Assert.py-[line:110]-ERROR-[日志信息]: Traceback (most recent call last):
  File "C:\Users\张铁瀛\PycharmProjects\API_AUTO\common\Assert.py", line 104, in define_assert
    assert res['code'] == respData['code']
AssertionError: assert 'RequestParameterIsWrong' == 'AlreadyExist'

Wed, 06 Jul 2022 15:07:36-_jb_pytest_runner.py-Assert.py-[line:110]-ERROR-[日志信息]: Traceback (most recent call last):
  File "C:\Users\张铁瀛\PycharmProjects\API_AUTO\common\Assert.py", line 104, in define_assert
    assert res['code'] == respData['code']
AssertionError: assert 'RequestParameterIsWrong' == 'InternalError'

Wed, 06 Jul 2022 15:07:36-_jb_pytest_runner.py-Assert.py-[line:110]-ERROR-[日志信息]: Traceback (most recent call last):
  File "C:\Users\张铁瀛\PycharmProjects\API_AUTO\common\Assert.py", line 104, in define_assert
    assert res['code'] == respData['code']
AssertionError: assert 'RequestParameterIsWrong' == 'InternalError'

Wed, 06 Jul 2022 15:07:36-_jb_pytest_runner.py-Assert.py-[line:110]-ERROR-[日志信息]: Traceback (most recent call last):
  File "C:\Users\张铁瀛\PycharmProjects\API_AUTO\common\Assert.py", line 104, in define_assert
    assert res['code'] == respData['code']
AssertionError: assert 'RequestParameterIsWrong' == 'InternalError'

Wed, 06 Jul 2022 15:07:36-_jb_pytest_runner.py-Assert.py-[line:110]-ERROR-[日志信息]: Traceback (most recent call last):
  File "C:\Users\张铁瀛\PycharmProjects\API_AUTO\common\Assert.py", line 104, in define_assert
    assert res['code'] == respData['code']
AssertionError: assert 'RequestParameterIsWrong' == 'InternalError'

Wed, 06 Jul 2022 15:07:37-_jb_pytest_runner.py-Assert.py-[line:110]-ERROR-[日志信息]: Traceback (most recent call last):
  File "C:\Users\张铁瀛\PycharmProjects\API_AUTO\common\Assert.py", line 104, in define_assert
    assert res['code'] == respData['code']
AssertionError: assert 'RequestParameterIsWrong' == 'InternalError'

Wed, 06 Jul 2022 15:07:37-_jb_pytest_runner.py-Assert.py-[line:110]-ERROR-[日志信息]: Traceback (most recent call last):
  File "C:\Users\张铁瀛\PycharmProjects\API_AUTO\common\Assert.py", line 104, in define_assert
    assert res['code'] == respData['code']
AssertionError: assert 'RequestParameterIsWrong' == 'InternalError'

Wed, 06 Jul 2022 15:07:37-_jb_pytest_runner.py-Assert.py-[line:110]-ERROR-[日志信息]: Traceback (most recent call last):
  File "C:\Users\张铁瀛\PycharmProjects\API_AUTO\common\Assert.py", line 104, in define_assert
    assert res['code'] == respData['code']
AssertionError: assert 'RequestParameterIsWrong' == 'InternalError'

Wed, 06 Jul 2022 15:07:37-_jb_pytest_runner.py-Assert.py-[line:110]-ERROR-[日志信息]: Traceback (most recent call last):
  File "C:\Users\张铁瀛\PycharmProjects\API_AUTO\common\Assert.py", line 104, in define_assert
    assert res['code'] == respData['code']
AssertionError: assert 'RequestParameterIsWrong' == 'InternalError'

Wed, 06 Jul 2022 15:07:38-_jb_pytest_runner.py-Assert.py-[line:110]-ERROR-[日志信息]: Traceback (most recent call last):
  File "C:\Users\张铁瀛\PycharmProjects\API_AUTO\common\Assert.py", line 104, in define_assert
    assert res['code'] == respData['code']
AssertionError: assert 'RequestParameterIsWrong' == 'InternalError'

Wed, 06 Jul 2022 15:07:38-_jb_pytest_runner.py-Assert.py-[line:110]-ERROR-[日志信息]: Traceback (most recent call last):
  File "C:\Users\张铁瀛\PycharmProjects\API_AUTO\common\Assert.py", line 104, in define_assert
    assert res['code'] == respData['code']
AssertionError: assert 'RequestParameterIsWrong' == 'InternalError'

Wed, 06 Jul 2022 15:07:38-_jb_pytest_runner.py-Assert.py-[line:110]-ERROR-[日志信息]: Traceback (most recent call last):
  File "C:\Users\张铁瀛\PycharmProjects\API_AUTO\common\Assert.py", line 104, in define_assert
    assert res['code'] == respData['code']
AssertionError: assert 'RequestParameterIsWrong' == 'InternalError'

Wed, 06 Jul 2022 15:07:38-_jb_pytest_runner.py-Assert.py-[line:110]-ERROR-[日志信息]: Traceback (most recent call last):
  File "C:\Users\张铁瀛\PycharmProjects\API_AUTO\common\Assert.py", line 104, in define_assert
    assert res['code'] == respData['code']
AssertionError: assert 'RequestParameterIsWrong' == 'AlreadyExist'

Wed, 06 Jul 2022 15:58:09-run_all_case.py-run_all_case.py-[line:19]-INFO-[日志信息]: ==================================2022-07-06 15:58:09===================================
Wed, 06 Jul 2022 15:58:23-run_all_case.py-Assert.py-[line:110]-ERROR-[日志信息]: Traceback (most recent call last):
  File "C:\Users\张铁瀛\PycharmProjects\API_AUTO\common\Assert.py", line 104, in define_assert
    assert res['code'] == respData['code']
AssertionError: assert 'InternalError' == 'Success'
  - Success
  + InternalError

Wed, 06 Jul 2022 15:58:25-run_all_case.py-Assert.py-[line:110]-ERROR-[日志信息]: Traceback (most recent call last):
  File "C:\Users\张铁瀛\PycharmProjects\API_AUTO\common\Assert.py", line 104, in define_assert
    assert res['code'] == respData['code']
AssertionError: assert 'InternalError' == 'Success'
  - Success
  + InternalError

Wed, 06 Jul 2022 15:58:30-run_all_case.py-Assert.py-[line:110]-ERROR-[日志信息]: Traceback (most recent call last):
  File "C:\Users\张铁瀛\PycharmProjects\API_AUTO\common\Assert.py", line 104, in define_assert
    assert res['code'] == respData['code']
AssertionError: assert 'InternalError' == 'Success'
  - Success
  + InternalError

Wed, 06 Jul 2022 15:58:40-run_all_case.py-Assert.py-[line:110]-ERROR-[日志信息]: Traceback (most recent call last):
  File "C:\Users\张铁瀛\PycharmProjects\API_AUTO\common\Assert.py", line 104, in define_assert
    assert res['code'] == respData['code']
AssertionError: assert 'WxClientError' == 'BadRequest'
  - BadRequest
  + WxClientError

Wed, 06 Jul 2022 15:58:47-run_all_case.py-Assert.py-[line:110]-ERROR-[日志信息]: Traceback (most recent call last):
  File "C:\Users\张铁瀛\PycharmProjects\API_AUTO\common\Assert.py", line 104, in define_assert
    assert res['code'] == respData['code']
AssertionError: assert 'Success' == 'BadRequest'
  - BadRequest
  + Success

Wed, 06 Jul 2022 15:58:54-run_all_case.py-Assert.py-[line:110]-ERROR-[日志信息]: Traceback (most recent call last):
  File "C:\Users\张铁瀛\PycharmProjects\API_AUTO\common\Assert.py", line 104, in define_assert
    assert res['code'] == respData['code']
AssertionError: assert 'Success' == 'BadRequest'
  - BadRequest
  + Success

Wed, 06 Jul 2022 15:58:58-run_all_case.py-Assert.py-[line:110]-ERROR-[日志信息]: Traceback (most recent call last):
  File "C:\Users\张铁瀛\PycharmProjects\API_AUTO\common\Assert.py", line 104, in define_assert
    assert res['code'] == respData['code']
AssertionError: assert 'Success' == 'BadRequest'
  - BadRequest
  + Success

