Fri, 18 Jun 2021 10:39:15-run_all_case.py-run_all_case.py-[line:22]-INFO-[日志信息]: ==================================2021-06-18 10:39:15===================================
Fri, 18 Jun 2021 10:39:16-run_all_case.py-Image_warehouse.py-[line:25]-INFO-[日志信息]: 开始执行脚本test_PublicCreate:
Fri, 18 Jun 2021 10:39:16-run_all_case.py-Assert.py-[line:30]-INFO-[日志信息]: > http status_code pass!
Fri, 18 Jun 2021 10:39:16-run_all_case.py-Assert.py-[line:35]-INFO-[日志信息]: > backend response test pass!

Fri, 18 Jun 2021 10:39:16-run_all_case.py-Image_warehouse.py-[line:55]-INFO-[日志信息]: 开始执行脚本test_PublicList:
Fri, 18 Jun 2021 10:39:16-run_all_case.py-Assert.py-[line:30]-INFO-[日志信息]: > http status_code pass!
Fri, 18 Jun 2021 10:39:16-run_all_case.py-Assert.py-[line:35]-INFO-[日志信息]: > backend response test pass!

Fri, 18 Jun 2021 10:39:16-run_all_case.py-Image_warehouse.py-[line:109]-INFO-[日志信息]: 开始执行脚本test_PublicCreate_Cache:
Fri, 18 Jun 2021 10:39:16-run_all_case.py-Assert.py-[line:30]-INFO-[日志信息]: > http status_code pass!
Fri, 18 Jun 2021 10:39:16-run_all_case.py-Assert.py-[line:35]-INFO-[日志信息]: > backend response test pass!

Fri, 18 Jun 2021 10:39:16-run_all_case.py-Image_warehouse.py-[line:134]-INFO-[日志信息]: 开始执行脚本test_PublicCheckName_False:
Fri, 18 Jun 2021 10:39:16-run_all_case.py-Assert.py-[line:30]-INFO-[日志信息]: > http status_code pass!
Fri, 18 Jun 2021 10:39:16-run_all_case.py-Assert.py-[line:35]-INFO-[日志信息]: > backend response test pass!

Fri, 18 Jun 2021 10:39:16-run_all_case.py-Image_warehouse.py-[line:157]-INFO-[日志信息]: 开始执行脚本test_PublicCheckName_True:
Fri, 18 Jun 2021 10:39:16-run_all_case.py-Assert.py-[line:30]-INFO-[日志信息]: > http status_code pass!
Fri, 18 Jun 2021 10:39:16-run_all_case.py-Assert.py-[line:35]-INFO-[日志信息]: > backend response test pass!

Fri, 18 Jun 2021 10:39:16-run_all_case.py-Image_warehouse.py-[line:180]-INFO-[日志信息]: 开始执行脚本test_PublicUpdate:
Fri, 18 Jun 2021 10:39:16-run_all_case.py-Image_warehouse.py-[line:25]-INFO-[日志信息]: 开始执行脚本test_PublicCreate:
Fri, 18 Jun 2021 10:39:16-run_all_case.py-Assert.py-[line:30]-INFO-[日志信息]: > http status_code pass!
Fri, 18 Jun 2021 10:39:16-run_all_case.py-Assert.py-[line:35]-INFO-[日志信息]: > backend response test pass!

Fri, 18 Jun 2021 10:39:16-run_all_case.py-Image_warehouse.py-[line:55]-INFO-[日志信息]: 开始执行脚本test_PublicList:
Fri, 18 Jun 2021 10:39:16-run_all_case.py-Assert.py-[line:30]-INFO-[日志信息]: > http status_code pass!
Fri, 18 Jun 2021 10:39:16-run_all_case.py-Assert.py-[line:35]-INFO-[日志信息]: > backend response test pass!

Fri, 18 Jun 2021 10:39:16-run_all_case.py-Assert.py-[line:30]-INFO-[日志信息]: > http status_code pass!
Fri, 18 Jun 2021 10:39:16-run_all_case.py-Assert.py-[line:35]-INFO-[日志信息]: > backend response test pass!

Fri, 18 Jun 2021 10:39:16-run_all_case.py-Image_warehouse.py-[line:205]-INFO-[日志信息]: 开始执行脚本test_PublicUpdate_NotImageName:
Fri, 18 Jun 2021 10:39:16-run_all_case.py-Image_warehouse.py-[line:25]-INFO-[日志信息]: 开始执行脚本test_PublicCreate:
Fri, 18 Jun 2021 10:39:18-run_all_case.py-Assert.py-[line:30]-INFO-[日志信息]: > http status_code pass!
Fri, 18 Jun 2021 10:39:18-run_all_case.py-Assert.py-[line:35]-INFO-[日志信息]: > backend response test pass!

Fri, 18 Jun 2021 10:39:18-run_all_case.py-Image_warehouse.py-[line:55]-INFO-[日志信息]: 开始执行脚本test_PublicList:
Fri, 18 Jun 2021 10:39:18-run_all_case.py-Assert.py-[line:30]-INFO-[日志信息]: > http status_code pass!
Fri, 18 Jun 2021 10:39:18-run_all_case.py-Assert.py-[line:35]-INFO-[日志信息]: > backend response test pass!

Fri, 18 Jun 2021 10:39:18-run_all_case.py-Assert.py-[line:30]-INFO-[日志信息]: > http status_code pass!
Fri, 18 Jun 2021 10:39:18-run_all_case.py-Assert.py-[line:35]-INFO-[日志信息]: > backend response test pass!

Fri, 18 Jun 2021 10:39:18-run_all_case.py-Image_warehouse.py-[line:230]-INFO-[日志信息]: 开始执行脚本test_PublicUpdate_CacheYes:
Fri, 18 Jun 2021 10:39:18-run_all_case.py-Image_warehouse.py-[line:25]-INFO-[日志信息]: 开始执行脚本test_PublicCreate:
Fri, 18 Jun 2021 10:39:18-run_all_case.py-Assert.py-[line:30]-INFO-[日志信息]: > http status_code pass!
Fri, 18 Jun 2021 10:39:18-run_all_case.py-Assert.py-[line:35]-INFO-[日志信息]: > backend response test pass!

Fri, 18 Jun 2021 10:39:18-run_all_case.py-Image_warehouse.py-[line:55]-INFO-[日志信息]: 开始执行脚本test_PublicList:
Fri, 18 Jun 2021 10:39:18-run_all_case.py-Assert.py-[line:30]-INFO-[日志信息]: > http status_code pass!
Fri, 18 Jun 2021 10:39:18-run_all_case.py-Assert.py-[line:35]-INFO-[日志信息]: > backend response test pass!

Fri, 18 Jun 2021 10:39:18-run_all_case.py-Assert.py-[line:30]-INFO-[日志信息]: > http status_code pass!
Fri, 18 Jun 2021 10:39:18-run_all_case.py-Assert.py-[line:35]-INFO-[日志信息]: > backend response test pass!

Fri, 18 Jun 2021 10:39:18-run_all_case.py-Image_warehouse.py-[line:255]-INFO-[日志信息]: 开始执行脚本test_PublicUpdate_CacheNo:
Fri, 18 Jun 2021 10:39:18-run_all_case.py-Image_warehouse.py-[line:25]-INFO-[日志信息]: 开始执行脚本test_PublicCreate:
Fri, 18 Jun 2021 10:39:18-run_all_case.py-Assert.py-[line:30]-INFO-[日志信息]: > http status_code pass!
Fri, 18 Jun 2021 10:39:18-run_all_case.py-Assert.py-[line:35]-INFO-[日志信息]: > backend response test pass!

Fri, 18 Jun 2021 10:39:18-run_all_case.py-Image_warehouse.py-[line:55]-INFO-[日志信息]: 开始执行脚本test_PublicList:
Fri, 18 Jun 2021 10:39:18-run_all_case.py-Assert.py-[line:30]-INFO-[日志信息]: > http status_code pass!
Fri, 18 Jun 2021 10:39:18-run_all_case.py-Assert.py-[line:35]-INFO-[日志信息]: > backend response test pass!

Fri, 18 Jun 2021 10:39:18-run_all_case.py-Assert.py-[line:30]-INFO-[日志信息]: > http status_code pass!
Fri, 18 Jun 2021 10:39:18-run_all_case.py-Assert.py-[line:35]-INFO-[日志信息]: > backend response test pass!

Fri, 18 Jun 2021 10:39:18-run_all_case.py-Image_warehouse.py-[line:279]-INFO-[日志信息]: 开始执行脚本test_PublicStartCache:
Fri, 18 Jun 2021 10:39:18-run_all_case.py-Image_warehouse.py-[line:25]-INFO-[日志信息]: 开始执行脚本test_PublicCreate:
Fri, 18 Jun 2021 10:39:18-run_all_case.py-Assert.py-[line:30]-INFO-[日志信息]: > http status_code pass!
Fri, 18 Jun 2021 10:39:18-run_all_case.py-Assert.py-[line:35]-INFO-[日志信息]: > backend response test pass!

Fri, 18 Jun 2021 10:39:18-run_all_case.py-Image_warehouse.py-[line:55]-INFO-[日志信息]: 开始执行脚本test_PublicList:
Fri, 18 Jun 2021 10:39:19-run_all_case.py-Assert.py-[line:30]-INFO-[日志信息]: > http status_code pass!
Fri, 18 Jun 2021 10:39:19-run_all_case.py-Assert.py-[line:35]-INFO-[日志信息]: > backend response test pass!

Fri, 18 Jun 2021 10:39:19-run_all_case.py-Assert.py-[line:30]-INFO-[日志信息]: > http status_code pass!
Fri, 18 Jun 2021 10:39:19-run_all_case.py-Assert.py-[line:35]-INFO-[日志信息]: > backend response test pass!

Fri, 18 Jun 2021 10:39:19-run_all_case.py-Image_warehouse.py-[line:301]-INFO-[日志信息]: 开始执行脚本test_PublicRemoveCache:
Fri, 18 Jun 2021 10:39:19-run_all_case.py-Image_warehouse.py-[line:25]-INFO-[日志信息]: 开始执行脚本test_PublicCreate:
Fri, 18 Jun 2021 10:39:19-run_all_case.py-Assert.py-[line:30]-INFO-[日志信息]: > http status_code pass!
Fri, 18 Jun 2021 10:39:19-run_all_case.py-Assert.py-[line:35]-INFO-[日志信息]: > backend response test pass!

Fri, 18 Jun 2021 10:39:19-run_all_case.py-Image_warehouse.py-[line:55]-INFO-[日志信息]: 开始执行脚本test_PublicList:
Fri, 18 Jun 2021 10:39:19-run_all_case.py-Assert.py-[line:30]-INFO-[日志信息]: > http status_code pass!
Fri, 18 Jun 2021 10:39:19-run_all_case.py-Assert.py-[line:35]-INFO-[日志信息]: > backend response test pass!

Fri, 18 Jun 2021 10:39:19-run_all_case.py-Assert.py-[line:30]-INFO-[日志信息]: > http status_code pass!
Fri, 18 Jun 2021 10:39:19-run_all_case.py-Image_warehouse.py-[line:323]-INFO-[日志信息]: 开始执行脚本test_PrivateList:
Fri, 18 Jun 2021 10:39:19-run_all_case.py-Assert.py-[line:30]-INFO-[日志信息]: > http status_code pass!
Fri, 18 Jun 2021 10:39:19-run_all_case.py-Assert.py-[line:35]-INFO-[日志信息]: > backend response test pass!

Fri, 18 Jun 2021 10:39:19-run_all_case.py-Image_warehouse.py-[line:346]-INFO-[日志信息]: 开始执行脚本test_PrivateUpdate:
Fri, 18 Jun 2021 10:39:20-run_all_case.py-Assert.py-[line:30]-INFO-[日志信息]: > http status_code pass!
Fri, 18 Jun 2021 10:39:20-run_all_case.py-Assert.py-[line:35]-INFO-[日志信息]: > backend response test pass!

Fri, 18 Jun 2021 10:39:20-run_all_case.py-Assert.py-[line:30]-INFO-[日志信息]: > http status_code pass!
Fri, 18 Jun 2021 10:39:20-run_all_case.py-Assert.py-[line:35]-INFO-[日志信息]: > backend response test pass!

Fri, 18 Jun 2021 10:39:20-run_all_case.py-Assert.py-[line:30]-INFO-[日志信息]: > http status_code pass!
Fri, 18 Jun 2021 10:39:20-run_all_case.py-Assert.py-[line:35]-INFO-[日志信息]: > backend response test pass!

Fri, 18 Jun 2021 10:39:20-run_all_case.py-Assert.py-[line:30]-INFO-[日志信息]: > http status_code pass!
Fri, 18 Jun 2021 10:39:21-run_all_case.py-Assert.py-[line:30]-INFO-[日志信息]: > http status_code pass!
Fri, 18 Jun 2021 10:39:21-run_all_case.py-Assert.py-[line:35]-INFO-[日志信息]: > backend response test pass!

Fri, 18 Jun 2021 10:39:21-run_all_case.py-Assert.py-[line:30]-INFO-[日志信息]: > http status_code pass!
Fri, 18 Jun 2021 10:39:21-run_all_case.py-Assert.py-[line:35]-INFO-[日志信息]: > backend response test pass!

Fri, 18 Jun 2021 10:43:22-_jb_pytest_runner.py-Assert.py-[line:30]-INFO-[日志信息]: > http status_code pass!
Fri, 18 Jun 2021 10:43:22-_jb_pytest_runner.py-Assert.py-[line:35]-INFO-[日志信息]: > backend response test pass!

Fri, 18 Jun 2021 10:53:25-study.py-study.py-[line:22]-INFO-[日志信息]: 开始执行脚本<module>:
Fri, 18 Jun 2021 10:53:25-<module>-Assert.py-[line:51]-ERROR-[日志信息]: statusCode error, expected_code is 0, statusCode is Success 
Fri, 18 Jun 2021 10:54:19-study.py-study.py-[line:22]-INFO-[日志信息]: 开始执行脚本<module>:
Fri, 18 Jun 2021 10:54:19-<module>-Assert.py-[line:51]-ERROR-[日志信息]: statusCode error, expected_code is 0, statusCode is Success 
Fri, 18 Jun 2021 10:55:00-_jb_pytest_runner.py-study.py-[line:22]-INFO-[日志信息]: 开始执行脚本test_Image_List:
Fri, 18 Jun 2021 10:55:00-test_Image_List-Assert.py-[line:51]-ERROR-[日志信息]: statusCode error, expected_code is 0, statusCode is Success 
Fri, 18 Jun 2021 10:55:49-_jb_pytest_runner.py-study.py-[line:22]-INFO-[日志信息]: 开始执行脚本test_Image_List:
Fri, 18 Jun 2021 10:56:05-_jb_pytest_runner.py-study.py-[line:22]-INFO-[日志信息]: 开始执行脚本test_Image_List:
Fri, 18 Jun 2021 10:56:05-test_Image_List-Assert.py-[line:51]-ERROR-[日志信息]: statusCode error, expected_code is 0, statusCode is Success 
Fri, 18 Jun 2021 10:57:59-_jb_pytest_runner.py-study.py-[line:22]-INFO-[日志信息]: 开始执行脚本test_Image_List:
Fri, 18 Jun 2021 10:57:59-test_Image_List-Assert.py-[line:51]-ERROR-[日志信息]: statusCode error, expected_code is 200, statusCode is Success 
Fri, 18 Jun 2021 10:58:31-_jb_pytest_runner.py-study.py-[line:22]-INFO-[日志信息]: 开始执行脚本test_Image_List:
Fri, 18 Jun 2021 10:58:31-test_Image_List-Assert.py-[line:51]-ERROR-[日志信息]: statusCode error, expected_code is 0, statusCode is Success 
Fri, 18 Jun 2021 11:04:05-_jb_pytest_runner.py-study.py-[line:22]-INFO-[日志信息]: 开始执行脚本test_Image_List:
Fri, 18 Jun 2021 11:04:05-test_Image_List-Assert.py-[line:51]-ERROR-[日志信息]: statusCode error, expected_code is 200, statusCode is Success 
Fri, 18 Jun 2021 11:12:21-_jb_pytest_runner.py-study.py-[line:22]-INFO-[日志信息]: 开始执行脚本test_Image_List:
Fri, 18 Jun 2021 11:13:27-_jb_pytest_runner.py-study.py-[line:22]-INFO-[日志信息]: 开始执行脚本test_Image_List:
Fri, 18 Jun 2021 11:22:35-_jb_pytest_runner.py-study.py-[line:22]-INFO-[日志信息]: 开始执行脚本test_Image_List:
Fri, 18 Jun 2021 11:25:52-_jb_pytest_runner.py-study.py-[line:22]-INFO-[日志信息]: 开始执行脚本test_Image_List:
Fri, 18 Jun 2021 11:26:23-_jb_pytest_runner.py-study.py-[line:22]-INFO-[日志信息]: 开始执行脚本test_Image_List:
Fri, 18 Jun 2021 11:26:23-test_Image_List-Assert.py-[line:51]-INFO-[日志信息]: statusCode true, expected_code is Success, statusCode is Success 
Fri, 18 Jun 2021 11:28:21-_jb_pytest_runner.py-study.py-[line:22]-INFO-[日志信息]: 开始执行脚本test_Image_List:
Fri, 18 Jun 2021 11:28:22-test_Image_List-Assert.py-[line:51]-INFO-[日志信息]: statusCode true, expected_code is 200, statusCode is 200 
Fri, 18 Jun 2021 11:33:20-_jb_pytest_runner.py-study.py-[line:22]-INFO-[日志信息]: 开始执行脚本test_Image_List:
Fri, 18 Jun 2021 11:33:20-test_Image_List-Assert.py-[line:51]-INFO-[日志信息]: statusCode true, expected_code is 200, statusCode is 200 
Fri, 18 Jun 2021 11:33:45-_jb_pytest_runner.py-study.py-[line:22]-INFO-[日志信息]: 开始执行脚本test_Image_List:
Fri, 18 Jun 2021 11:33:45-test_Image_List-Assert.py-[line:51]-INFO-[日志信息]: statusCode true, expected_code is 200, statusCode is 200 
Fri, 18 Jun 2021 11:33:59-_jb_pytest_runner.py-study.py-[line:22]-INFO-[日志信息]: 开始执行脚本test_Image_List:
Fri, 18 Jun 2021 11:33:59-test_Image_List-Assert.py-[line:51]-INFO-[日志信息]: statusCode true, expected_code is 200, statusCode is 200 
Fri, 18 Jun 2021 11:33:59-test_Image_List-Assert.py-[line:68]-INFO-[日志信息]: Response body msg == expected_msg, expected_msg is ,body_msg is  
Fri, 18 Jun 2021 14:47:09-_jb_pytest_runner.py-study.py-[line:22]-INFO-[日志信息]: 开始执行脚本test_Image_List:
Fri, 18 Jun 2021 14:47:10-test_Image_List-Assert.py-[line:51]-INFO-[日志信息]: statusCode true, expected_code is 200, statusCode is 200 
Fri, 18 Jun 2021 14:47:10-test_Image_List-Assert.py-[line:68]-INFO-[日志信息]: Response body msg == expected_msg, expected_msg is ,body_msg is  
Fri, 18 Jun 2021 14:52:02-run_all_case.py-run_all_case.py-[line:22]-INFO-[日志信息]: ==================================2021-06-18 14:52:02===================================
Fri, 18 Jun 2021 14:52:40-run_all_case.py-run_all_case.py-[line:22]-INFO-[日志信息]: ==================================2021-06-18 14:52:40===================================
Fri, 18 Jun 2021 14:52:40-run_all_case.py-Image_warehouse.py-[line:27]-INFO-[日志信息]: 开始执行脚本test_PublicCreate:
Fri, 18 Jun 2021 14:52:41-test_PublicCreate-Assert.py-[line:51]-INFO-[日志信息]: statusCode true, expected_code is 200, statusCode is 200 
Fri, 18 Jun 2021 14:52:41-test_PublicCreate-Assert.py-[line:68]-INFO-[日志信息]: Response body msg == expected_msg, expected_msg is ,body_msg is  
Fri, 18 Jun 2021 14:52:41-run_all_case.py-Image_warehouse.py-[line:63]-INFO-[日志信息]: 开始执行脚本test_PublicList:
Fri, 18 Jun 2021 14:52:41-test_PublicList-Assert.py-[line:51]-INFO-[日志信息]: statusCode true, expected_code is 200, statusCode is 200 
Fri, 18 Jun 2021 14:52:41-test_PublicList-Assert.py-[line:68]-INFO-[日志信息]: Response body msg == expected_msg, expected_msg is ,body_msg is  
Fri, 18 Jun 2021 14:52:41-run_all_case.py-Image_warehouse.py-[line:123]-INFO-[日志信息]: 开始执行脚本test_PublicCreate_Cache:
Fri, 18 Jun 2021 14:52:41-test_PublicCreate_Cache-Assert.py-[line:51]-INFO-[日志信息]: statusCode true, expected_code is 200, statusCode is 200 
Fri, 18 Jun 2021 14:52:41-test_PublicCreate_Cache-Assert.py-[line:68]-INFO-[日志信息]: Response body msg == expected_msg, expected_msg is ,body_msg is  
Fri, 18 Jun 2021 14:52:41-run_all_case.py-Image_warehouse.py-[line:154]-INFO-[日志信息]: 开始执行脚本test_PublicCheckName_False:
Fri, 18 Jun 2021 14:52:41-test_PublicCheckName_False-Assert.py-[line:51]-INFO-[日志信息]: statusCode true, expected_code is 200, statusCode is 200 
Fri, 18 Jun 2021 14:52:41-test_PublicCheckName_False-Assert.py-[line:68]-INFO-[日志信息]: Response body msg == expected_msg, expected_msg is ,body_msg is  
Fri, 18 Jun 2021 14:52:41-run_all_case.py-Image_warehouse.py-[line:183]-INFO-[日志信息]: 开始执行脚本test_PublicCheckName_True:
Fri, 18 Jun 2021 14:52:41-test_PublicCheckName_True-Assert.py-[line:51]-INFO-[日志信息]: statusCode true, expected_code is 200, statusCode is 200 
Fri, 18 Jun 2021 14:52:41-test_PublicCheckName_True-Assert.py-[line:68]-INFO-[日志信息]: Response body msg == expected_msg, expected_msg is ,body_msg is  
Fri, 18 Jun 2021 14:52:41-run_all_case.py-Image_warehouse.py-[line:212]-INFO-[日志信息]: 开始执行脚本test_PublicUpdate:
Fri, 18 Jun 2021 14:52:41-run_all_case.py-Image_warehouse.py-[line:27]-INFO-[日志信息]: 开始执行脚本test_PublicCreate:
Fri, 18 Jun 2021 14:52:41-test_PublicCreate-Assert.py-[line:51]-INFO-[日志信息]: statusCode true, expected_code is 200, statusCode is 200 
Fri, 18 Jun 2021 14:52:41-test_PublicCreate-Assert.py-[line:68]-INFO-[日志信息]: Response body msg == expected_msg, expected_msg is ,body_msg is  
Fri, 18 Jun 2021 14:52:41-run_all_case.py-Image_warehouse.py-[line:63]-INFO-[日志信息]: 开始执行脚本test_PublicList:
Fri, 18 Jun 2021 14:52:41-test_PublicList-Assert.py-[line:51]-INFO-[日志信息]: statusCode true, expected_code is 200, statusCode is 200 
Fri, 18 Jun 2021 14:52:41-test_PublicList-Assert.py-[line:68]-INFO-[日志信息]: Response body msg == expected_msg, expected_msg is ,body_msg is  
Fri, 18 Jun 2021 14:52:41-test_PublicUpdate-Assert.py-[line:51]-INFO-[日志信息]: statusCode true, expected_code is 200, statusCode is 200 
Fri, 18 Jun 2021 14:52:41-test_PublicUpdate-Assert.py-[line:68]-INFO-[日志信息]: Response body msg == expected_msg, expected_msg is ,body_msg is  
Fri, 18 Jun 2021 14:52:41-run_all_case.py-Image_warehouse.py-[line:243]-INFO-[日志信息]: 开始执行脚本test_PublicUpdate_NotImageName:
Fri, 18 Jun 2021 14:52:41-run_all_case.py-Image_warehouse.py-[line:27]-INFO-[日志信息]: 开始执行脚本test_PublicCreate:
Fri, 18 Jun 2021 14:52:41-test_PublicCreate-Assert.py-[line:51]-INFO-[日志信息]: statusCode true, expected_code is 200, statusCode is 200 
Fri, 18 Jun 2021 14:52:41-test_PublicCreate-Assert.py-[line:68]-INFO-[日志信息]: Response body msg == expected_msg, expected_msg is ,body_msg is  
Fri, 18 Jun 2021 14:52:41-run_all_case.py-Image_warehouse.py-[line:63]-INFO-[日志信息]: 开始执行脚本test_PublicList:
Fri, 18 Jun 2021 14:52:41-test_PublicList-Assert.py-[line:51]-INFO-[日志信息]: statusCode true, expected_code is 200, statusCode is 200 
Fri, 18 Jun 2021 14:52:41-test_PublicList-Assert.py-[line:68]-INFO-[日志信息]: Response body msg == expected_msg, expected_msg is ,body_msg is  
Fri, 18 Jun 2021 14:52:42-test_PublicUpdate_NotImageName-Assert.py-[line:51]-INFO-[日志信息]: statusCode true, expected_code is 200, statusCode is 200 
Fri, 18 Jun 2021 14:52:42-test_PublicUpdate_NotImageName-Assert.py-[line:68]-INFO-[日志信息]: Response body msg == expected_msg, expected_msg is ,body_msg is  
Fri, 18 Jun 2021 14:52:42-run_all_case.py-Image_warehouse.py-[line:274]-INFO-[日志信息]: 开始执行脚本test_PublicUpdate_CacheYes:
Fri, 18 Jun 2021 14:52:42-run_all_case.py-Image_warehouse.py-[line:27]-INFO-[日志信息]: 开始执行脚本test_PublicCreate:
Fri, 18 Jun 2021 14:52:42-test_PublicCreate-Assert.py-[line:51]-INFO-[日志信息]: statusCode true, expected_code is 200, statusCode is 200 
Fri, 18 Jun 2021 14:52:42-test_PublicCreate-Assert.py-[line:68]-INFO-[日志信息]: Response body msg == expected_msg, expected_msg is ,body_msg is  
Fri, 18 Jun 2021 14:52:42-run_all_case.py-Image_warehouse.py-[line:63]-INFO-[日志信息]: 开始执行脚本test_PublicList:
Fri, 18 Jun 2021 14:52:42-test_PublicList-Assert.py-[line:51]-INFO-[日志信息]: statusCode true, expected_code is 200, statusCode is 200 
Fri, 18 Jun 2021 14:52:42-test_PublicList-Assert.py-[line:68]-INFO-[日志信息]: Response body msg == expected_msg, expected_msg is ,body_msg is  
Fri, 18 Jun 2021 14:52:42-test_PublicUpdate_CacheYes-Assert.py-[line:51]-INFO-[日志信息]: statusCode true, expected_code is 200, statusCode is 200 
Fri, 18 Jun 2021 14:52:42-test_PublicUpdate_CacheYes-Assert.py-[line:68]-INFO-[日志信息]: Response body msg == expected_msg, expected_msg is ,body_msg is  
Fri, 18 Jun 2021 14:52:42-run_all_case.py-Image_warehouse.py-[line:305]-INFO-[日志信息]: 开始执行脚本test_PublicUpdate_CacheNo:
Fri, 18 Jun 2021 14:52:42-run_all_case.py-Image_warehouse.py-[line:27]-INFO-[日志信息]: 开始执行脚本test_PublicCreate:
Fri, 18 Jun 2021 14:52:42-test_PublicCreate-Assert.py-[line:51]-INFO-[日志信息]: statusCode true, expected_code is 200, statusCode is 200 
Fri, 18 Jun 2021 14:52:42-test_PublicCreate-Assert.py-[line:68]-INFO-[日志信息]: Response body msg == expected_msg, expected_msg is ,body_msg is  
Fri, 18 Jun 2021 14:52:42-run_all_case.py-Image_warehouse.py-[line:63]-INFO-[日志信息]: 开始执行脚本test_PublicList:
Fri, 18 Jun 2021 14:52:42-test_PublicList-Assert.py-[line:51]-INFO-[日志信息]: statusCode true, expected_code is 200, statusCode is 200 
Fri, 18 Jun 2021 14:52:42-test_PublicList-Assert.py-[line:68]-INFO-[日志信息]: Response body msg == expected_msg, expected_msg is ,body_msg is  
Fri, 18 Jun 2021 14:52:42-test_PublicUpdate_CacheNo-Assert.py-[line:51]-INFO-[日志信息]: statusCode true, expected_code is 200, statusCode is 200 
Fri, 18 Jun 2021 14:52:42-test_PublicUpdate_CacheNo-Assert.py-[line:68]-INFO-[日志信息]: Response body msg == expected_msg, expected_msg is ,body_msg is  
Fri, 18 Jun 2021 14:52:42-run_all_case.py-Image_warehouse.py-[line:335]-INFO-[日志信息]: 开始执行脚本test_PublicStartCache:
Fri, 18 Jun 2021 14:52:42-run_all_case.py-Image_warehouse.py-[line:27]-INFO-[日志信息]: 开始执行脚本test_PublicCreate:
Fri, 18 Jun 2021 14:52:42-test_PublicCreate-Assert.py-[line:51]-INFO-[日志信息]: statusCode true, expected_code is 200, statusCode is 200 
Fri, 18 Jun 2021 14:52:42-test_PublicCreate-Assert.py-[line:68]-INFO-[日志信息]: Response body msg == expected_msg, expected_msg is ,body_msg is  
Fri, 18 Jun 2021 14:52:42-run_all_case.py-Image_warehouse.py-[line:63]-INFO-[日志信息]: 开始执行脚本test_PublicList:
Fri, 18 Jun 2021 14:52:42-test_PublicList-Assert.py-[line:51]-INFO-[日志信息]: statusCode true, expected_code is 200, statusCode is 200 
Fri, 18 Jun 2021 14:52:42-test_PublicList-Assert.py-[line:68]-INFO-[日志信息]: Response body msg == expected_msg, expected_msg is ,body_msg is  
Fri, 18 Jun 2021 14:52:42-test_PublicStartCache-Assert.py-[line:51]-INFO-[日志信息]: statusCode true, expected_code is 200, statusCode is 200 
Fri, 18 Jun 2021 14:52:42-test_PublicStartCache-Assert.py-[line:68]-INFO-[日志信息]: Response body msg == expected_msg, expected_msg is ,body_msg is  
Fri, 18 Jun 2021 14:52:42-run_all_case.py-Image_warehouse.py-[line:363]-INFO-[日志信息]: 开始执行脚本test_PublicRemoveCache:
Fri, 18 Jun 2021 14:52:42-run_all_case.py-Image_warehouse.py-[line:27]-INFO-[日志信息]: 开始执行脚本test_PublicCreate:
Fri, 18 Jun 2021 14:52:43-test_PublicCreate-Assert.py-[line:51]-INFO-[日志信息]: statusCode true, expected_code is 200, statusCode is 200 
Fri, 18 Jun 2021 14:52:43-test_PublicCreate-Assert.py-[line:68]-INFO-[日志信息]: Response body msg == expected_msg, expected_msg is ,body_msg is  
Fri, 18 Jun 2021 14:52:43-run_all_case.py-Image_warehouse.py-[line:63]-INFO-[日志信息]: 开始执行脚本test_PublicList:
Fri, 18 Jun 2021 14:52:43-test_PublicList-Assert.py-[line:51]-INFO-[日志信息]: statusCode true, expected_code is 200, statusCode is 200 
Fri, 18 Jun 2021 14:52:43-test_PublicList-Assert.py-[line:68]-INFO-[日志信息]: Response body msg == expected_msg, expected_msg is ,body_msg is  
Fri, 18 Jun 2021 14:52:43-test_PublicRemoveCache-Assert.py-[line:51]-INFO-[日志信息]: statusCode true, expected_code is 200, statusCode is 200 
Fri, 18 Jun 2021 14:52:43-test_PublicRemoveCache-Assert.py-[line:71]-ERROR-[日志信息]: Response body msg != expected_msg, expected_msg is ,body_msg is remove 镜像失败 
Fri, 18 Jun 2021 14:52:43-run_all_case.py-Image_warehouse.py-[line:391]-INFO-[日志信息]: 开始执行脚本test_PrivateList:
Fri, 18 Jun 2021 14:52:43-test_PrivateList-Assert.py-[line:51]-INFO-[日志信息]: statusCode true, expected_code is 200, statusCode is 200 
Fri, 18 Jun 2021 14:52:43-test_PrivateList-Assert.py-[line:68]-INFO-[日志信息]: Response body msg == expected_msg, expected_msg is ,body_msg is  
Fri, 18 Jun 2021 14:52:43-run_all_case.py-Image_warehouse.py-[line:420]-INFO-[日志信息]: 开始执行脚本test_PrivateUpdate:
Fri, 18 Jun 2021 14:52:43-test_PrivateUpdate-Assert.py-[line:51]-INFO-[日志信息]: statusCode true, expected_code is 200, statusCode is 200 
Fri, 18 Jun 2021 14:52:43-test_PrivateUpdate-Assert.py-[line:68]-INFO-[日志信息]: Response body msg == expected_msg, expected_msg is ,body_msg is  
Fri, 18 Jun 2021 14:54:34-run_all_case.py-run_all_case.py-[line:22]-INFO-[日志信息]: ==================================2021-06-18 14:54:34===================================
Fri, 18 Jun 2021 14:54:34-run_all_case.py-Image_warehouse.py-[line:27]-INFO-[日志信息]: 开始执行脚本test_PublicCreate:
Fri, 18 Jun 2021 14:54:35-test_PublicCreate-Assert.py-[line:51]-INFO-[日志信息]: statusCode true, expected_code is 200, statusCode is 200 
Fri, 18 Jun 2021 14:54:35-test_PublicCreate-Assert.py-[line:68]-INFO-[日志信息]: Response body msg == expected_msg, expected_msg is ,body_msg is  
Fri, 18 Jun 2021 14:54:35-run_all_case.py-Image_warehouse.py-[line:63]-INFO-[日志信息]: 开始执行脚本test_PublicList:
Fri, 18 Jun 2021 14:54:35-test_PublicList-Assert.py-[line:51]-INFO-[日志信息]: statusCode true, expected_code is 200, statusCode is 200 
Fri, 18 Jun 2021 14:54:35-test_PublicList-Assert.py-[line:68]-INFO-[日志信息]: Response body msg == expected_msg, expected_msg is ,body_msg is  
Fri, 18 Jun 2021 14:54:35-run_all_case.py-Image_warehouse.py-[line:123]-INFO-[日志信息]: 开始执行脚本test_PublicCreate_Cache:
Fri, 18 Jun 2021 14:54:35-test_PublicCreate_Cache-Assert.py-[line:51]-INFO-[日志信息]: statusCode true, expected_code is 200, statusCode is 200 
Fri, 18 Jun 2021 14:54:35-test_PublicCreate_Cache-Assert.py-[line:68]-INFO-[日志信息]: Response body msg == expected_msg, expected_msg is ,body_msg is  
Fri, 18 Jun 2021 14:54:35-run_all_case.py-Image_warehouse.py-[line:154]-INFO-[日志信息]: 开始执行脚本test_PublicCheckName_False:
Fri, 18 Jun 2021 14:54:35-test_PublicCheckName_False-Assert.py-[line:51]-INFO-[日志信息]: statusCode true, expected_code is 200, statusCode is 200 
Fri, 18 Jun 2021 14:54:35-test_PublicCheckName_False-Assert.py-[line:68]-INFO-[日志信息]: Response body msg == expected_msg, expected_msg is ,body_msg is  
Fri, 18 Jun 2021 14:54:35-run_all_case.py-Image_warehouse.py-[line:183]-INFO-[日志信息]: 开始执行脚本test_PublicCheckName_True:
Fri, 18 Jun 2021 14:54:35-test_PublicCheckName_True-Assert.py-[line:51]-INFO-[日志信息]: statusCode true, expected_code is 200, statusCode is 200 
Fri, 18 Jun 2021 14:54:35-test_PublicCheckName_True-Assert.py-[line:68]-INFO-[日志信息]: Response body msg == expected_msg, expected_msg is ,body_msg is  
Fri, 18 Jun 2021 14:54:35-run_all_case.py-Image_warehouse.py-[line:212]-INFO-[日志信息]: 开始执行脚本test_PublicUpdate:
Fri, 18 Jun 2021 14:54:35-run_all_case.py-Image_warehouse.py-[line:27]-INFO-[日志信息]: 开始执行脚本test_PublicCreate:
Fri, 18 Jun 2021 14:54:35-test_PublicCreate-Assert.py-[line:51]-INFO-[日志信息]: statusCode true, expected_code is 200, statusCode is 200 
Fri, 18 Jun 2021 14:54:35-test_PublicCreate-Assert.py-[line:68]-INFO-[日志信息]: Response body msg == expected_msg, expected_msg is ,body_msg is  
Fri, 18 Jun 2021 14:54:35-run_all_case.py-Image_warehouse.py-[line:63]-INFO-[日志信息]: 开始执行脚本test_PublicList:
Fri, 18 Jun 2021 14:54:35-test_PublicList-Assert.py-[line:51]-INFO-[日志信息]: statusCode true, expected_code is 200, statusCode is 200 
Fri, 18 Jun 2021 14:54:35-test_PublicList-Assert.py-[line:68]-INFO-[日志信息]: Response body msg == expected_msg, expected_msg is ,body_msg is  
Fri, 18 Jun 2021 14:54:35-test_PublicUpdate-Assert.py-[line:51]-INFO-[日志信息]: statusCode true, expected_code is 200, statusCode is 200 
Fri, 18 Jun 2021 14:54:35-test_PublicUpdate-Assert.py-[line:68]-INFO-[日志信息]: Response body msg == expected_msg, expected_msg is ,body_msg is  
Fri, 18 Jun 2021 14:54:35-run_all_case.py-Image_warehouse.py-[line:243]-INFO-[日志信息]: 开始执行脚本test_PublicUpdate_NotImageName:
Fri, 18 Jun 2021 14:54:35-run_all_case.py-Image_warehouse.py-[line:27]-INFO-[日志信息]: 开始执行脚本test_PublicCreate:
Fri, 18 Jun 2021 14:54:35-test_PublicCreate-Assert.py-[line:51]-INFO-[日志信息]: statusCode true, expected_code is 200, statusCode is 200 
Fri, 18 Jun 2021 14:54:35-test_PublicCreate-Assert.py-[line:68]-INFO-[日志信息]: Response body msg == expected_msg, expected_msg is ,body_msg is  
Fri, 18 Jun 2021 14:54:35-run_all_case.py-Image_warehouse.py-[line:63]-INFO-[日志信息]: 开始执行脚本test_PublicList:
Fri, 18 Jun 2021 14:54:36-test_PublicList-Assert.py-[line:51]-INFO-[日志信息]: statusCode true, expected_code is 200, statusCode is 200 
Fri, 18 Jun 2021 14:54:36-test_PublicList-Assert.py-[line:68]-INFO-[日志信息]: Response body msg == expected_msg, expected_msg is ,body_msg is  
Fri, 18 Jun 2021 14:54:36-test_PublicUpdate_NotImageName-Assert.py-[line:51]-INFO-[日志信息]: statusCode true, expected_code is 200, statusCode is 200 
Fri, 18 Jun 2021 14:54:36-test_PublicUpdate_NotImageName-Assert.py-[line:68]-INFO-[日志信息]: Response body msg == expected_msg, expected_msg is ,body_msg is  
Fri, 18 Jun 2021 14:54:36-run_all_case.py-Image_warehouse.py-[line:274]-INFO-[日志信息]: 开始执行脚本test_PublicUpdate_CacheYes:
Fri, 18 Jun 2021 14:54:36-run_all_case.py-Image_warehouse.py-[line:27]-INFO-[日志信息]: 开始执行脚本test_PublicCreate:
Fri, 18 Jun 2021 14:54:36-test_PublicCreate-Assert.py-[line:51]-INFO-[日志信息]: statusCode true, expected_code is 200, statusCode is 200 
Fri, 18 Jun 2021 14:54:36-test_PublicCreate-Assert.py-[line:68]-INFO-[日志信息]: Response body msg == expected_msg, expected_msg is ,body_msg is  
Fri, 18 Jun 2021 14:54:36-run_all_case.py-Image_warehouse.py-[line:63]-INFO-[日志信息]: 开始执行脚本test_PublicList:
Fri, 18 Jun 2021 14:54:36-test_PublicList-Assert.py-[line:51]-INFO-[日志信息]: statusCode true, expected_code is 200, statusCode is 200 
Fri, 18 Jun 2021 14:54:36-test_PublicList-Assert.py-[line:68]-INFO-[日志信息]: Response body msg == expected_msg, expected_msg is ,body_msg is  
Fri, 18 Jun 2021 14:54:36-test_PublicUpdate_CacheYes-Assert.py-[line:51]-INFO-[日志信息]: statusCode true, expected_code is 200, statusCode is 200 
Fri, 18 Jun 2021 14:54:36-test_PublicUpdate_CacheYes-Assert.py-[line:68]-INFO-[日志信息]: Response body msg == expected_msg, expected_msg is ,body_msg is  
Fri, 18 Jun 2021 14:54:36-run_all_case.py-Image_warehouse.py-[line:305]-INFO-[日志信息]: 开始执行脚本test_PublicUpdate_CacheNo:
Fri, 18 Jun 2021 14:54:36-run_all_case.py-Image_warehouse.py-[line:27]-INFO-[日志信息]: 开始执行脚本test_PublicCreate:
Fri, 18 Jun 2021 14:54:36-test_PublicCreate-Assert.py-[line:51]-INFO-[日志信息]: statusCode true, expected_code is 200, statusCode is 200 
Fri, 18 Jun 2021 14:54:36-test_PublicCreate-Assert.py-[line:68]-INFO-[日志信息]: Response body msg == expected_msg, expected_msg is ,body_msg is  
Fri, 18 Jun 2021 14:54:36-run_all_case.py-Image_warehouse.py-[line:63]-INFO-[日志信息]: 开始执行脚本test_PublicList:
Fri, 18 Jun 2021 14:54:36-test_PublicList-Assert.py-[line:51]-INFO-[日志信息]: statusCode true, expected_code is 200, statusCode is 200 
Fri, 18 Jun 2021 14:54:36-test_PublicList-Assert.py-[line:68]-INFO-[日志信息]: Response body msg == expected_msg, expected_msg is ,body_msg is  
Fri, 18 Jun 2021 14:54:36-test_PublicUpdate_CacheNo-Assert.py-[line:51]-INFO-[日志信息]: statusCode true, expected_code is 200, statusCode is 200 
Fri, 18 Jun 2021 14:54:36-test_PublicUpdate_CacheNo-Assert.py-[line:68]-INFO-[日志信息]: Response body msg == expected_msg, expected_msg is ,body_msg is  
Fri, 18 Jun 2021 14:54:36-run_all_case.py-Image_warehouse.py-[line:335]-INFO-[日志信息]: 开始执行脚本test_PublicStartCache:
Fri, 18 Jun 2021 14:54:36-run_all_case.py-Image_warehouse.py-[line:27]-INFO-[日志信息]: 开始执行脚本test_PublicCreate:
Fri, 18 Jun 2021 14:54:36-test_PublicCreate-Assert.py-[line:51]-INFO-[日志信息]: statusCode true, expected_code is 200, statusCode is 200 
Fri, 18 Jun 2021 14:54:36-test_PublicCreate-Assert.py-[line:68]-INFO-[日志信息]: Response body msg == expected_msg, expected_msg is ,body_msg is  
Fri, 18 Jun 2021 14:54:36-run_all_case.py-Image_warehouse.py-[line:63]-INFO-[日志信息]: 开始执行脚本test_PublicList:
Fri, 18 Jun 2021 14:54:36-test_PublicList-Assert.py-[line:51]-INFO-[日志信息]: statusCode true, expected_code is 200, statusCode is 200 
Fri, 18 Jun 2021 14:54:36-test_PublicList-Assert.py-[line:68]-INFO-[日志信息]: Response body msg == expected_msg, expected_msg is ,body_msg is  
Fri, 18 Jun 2021 14:54:37-test_PublicStartCache-Assert.py-[line:51]-INFO-[日志信息]: statusCode true, expected_code is 200, statusCode is 200 
Fri, 18 Jun 2021 14:54:37-test_PublicStartCache-Assert.py-[line:68]-INFO-[日志信息]: Response body msg == expected_msg, expected_msg is ,body_msg is  
Fri, 18 Jun 2021 14:54:37-run_all_case.py-Image_warehouse.py-[line:363]-INFO-[日志信息]: 开始执行脚本test_PublicRemoveCache:
Fri, 18 Jun 2021 14:54:37-run_all_case.py-Image_warehouse.py-[line:27]-INFO-[日志信息]: 开始执行脚本test_PublicCreate:
Fri, 18 Jun 2021 14:54:37-test_PublicCreate-Assert.py-[line:51]-INFO-[日志信息]: statusCode true, expected_code is 200, statusCode is 200 
Fri, 18 Jun 2021 14:54:37-test_PublicCreate-Assert.py-[line:68]-INFO-[日志信息]: Response body msg == expected_msg, expected_msg is ,body_msg is  
Fri, 18 Jun 2021 14:54:37-run_all_case.py-Image_warehouse.py-[line:63]-INFO-[日志信息]: 开始执行脚本test_PublicList:
Fri, 18 Jun 2021 14:54:37-test_PublicList-Assert.py-[line:51]-INFO-[日志信息]: statusCode true, expected_code is 200, statusCode is 200 
Fri, 18 Jun 2021 14:54:37-test_PublicList-Assert.py-[line:68]-INFO-[日志信息]: Response body msg == expected_msg, expected_msg is ,body_msg is  
Fri, 18 Jun 2021 14:54:37-test_PublicRemoveCache-Assert.py-[line:51]-INFO-[日志信息]: statusCode true, expected_code is 200, statusCode is 200 
Fri, 18 Jun 2021 14:54:37-test_PublicRemoveCache-Assert.py-[line:71]-ERROR-[日志信息]: Response body msg != expected_msg, expected_msg is ,body_msg is remove 镜像失败 
Fri, 18 Jun 2021 14:54:37-run_all_case.py-Image_warehouse.py-[line:391]-INFO-[日志信息]: 开始执行脚本test_PrivateList:
Fri, 18 Jun 2021 14:54:37-test_PrivateList-Assert.py-[line:51]-INFO-[日志信息]: statusCode true, expected_code is 200, statusCode is 200 
Fri, 18 Jun 2021 14:54:37-test_PrivateList-Assert.py-[line:68]-INFO-[日志信息]: Response body msg == expected_msg, expected_msg is ,body_msg is  
Fri, 18 Jun 2021 14:54:37-run_all_case.py-Image_warehouse.py-[line:420]-INFO-[日志信息]: 开始执行脚本test_PrivateUpdate:
Fri, 18 Jun 2021 14:54:38-test_PrivateUpdate-Assert.py-[line:51]-INFO-[日志信息]: statusCode true, expected_code is 200, statusCode is 200 
Fri, 18 Jun 2021 14:54:38-test_PrivateUpdate-Assert.py-[line:68]-INFO-[日志信息]: Response body msg == expected_msg, expected_msg is ,body_msg is  
Fri, 18 Jun 2021 15:11:34-run_all_case.py-run_all_case.py-[line:22]-INFO-[日志信息]: ==================================2021-06-18 15:11:34===================================
Fri, 18 Jun 2021 15:11:34-run_all_case.py-Image_warehouse.py-[line:28]-INFO-[日志信息]: 开始执行脚本test_PublicCreate:
Fri, 18 Jun 2021 15:11:34-test_PublicCreate-Assert.py-[line:51]-INFO-[日志信息]: statusCode true, expected_code is 200, statusCode is 200 
Fri, 18 Jun 2021 15:11:34-test_PublicCreate-Assert.py-[line:68]-INFO-[日志信息]: Response body msg == expected_msg, expected_msg is ,body_msg is  
Fri, 18 Jun 2021 15:11:34-run_all_case.py-Image_warehouse.py-[line:64]-INFO-[日志信息]: 开始执行脚本test_PublicList:
Fri, 18 Jun 2021 15:11:35-test_PublicList-Assert.py-[line:51]-INFO-[日志信息]: statusCode true, expected_code is 200, statusCode is 200 
Fri, 18 Jun 2021 15:11:35-test_PublicList-Assert.py-[line:68]-INFO-[日志信息]: Response body msg == expected_msg, expected_msg is ,body_msg is  
Fri, 18 Jun 2021 15:11:35-run_all_case.py-Image_warehouse.py-[line:124]-INFO-[日志信息]: 开始执行脚本test_PublicCreate_Cache:
Fri, 18 Jun 2021 15:11:35-test_PublicCreate_Cache-Assert.py-[line:51]-INFO-[日志信息]: statusCode true, expected_code is 200, statusCode is 200 
Fri, 18 Jun 2021 15:11:35-test_PublicCreate_Cache-Assert.py-[line:68]-INFO-[日志信息]: Response body msg == expected_msg, expected_msg is ,body_msg is  
Fri, 18 Jun 2021 15:11:35-run_all_case.py-Image_warehouse.py-[line:155]-INFO-[日志信息]: 开始执行脚本test_PublicCheckName_False:
Fri, 18 Jun 2021 15:11:35-test_PublicCheckName_False-Assert.py-[line:51]-INFO-[日志信息]: statusCode true, expected_code is 200, statusCode is 200 
Fri, 18 Jun 2021 15:11:35-test_PublicCheckName_False-Assert.py-[line:68]-INFO-[日志信息]: Response body msg == expected_msg, expected_msg is ,body_msg is  
Fri, 18 Jun 2021 15:11:35-run_all_case.py-Image_warehouse.py-[line:184]-INFO-[日志信息]: 开始执行脚本test_PublicCheckName_True:
Fri, 18 Jun 2021 15:11:35-test_PublicCheckName_True-Assert.py-[line:51]-INFO-[日志信息]: statusCode true, expected_code is 200, statusCode is 200 
Fri, 18 Jun 2021 15:11:35-test_PublicCheckName_True-Assert.py-[line:68]-INFO-[日志信息]: Response body msg == expected_msg, expected_msg is ,body_msg is  
Fri, 18 Jun 2021 15:11:35-run_all_case.py-Image_warehouse.py-[line:213]-INFO-[日志信息]: 开始执行脚本test_PublicUpdate:
Fri, 18 Jun 2021 15:11:35-run_all_case.py-Image_warehouse.py-[line:28]-INFO-[日志信息]: 开始执行脚本test_PublicCreate:
Fri, 18 Jun 2021 15:11:35-test_PublicCreate-Assert.py-[line:51]-INFO-[日志信息]: statusCode true, expected_code is 200, statusCode is 200 
Fri, 18 Jun 2021 15:11:35-test_PublicCreate-Assert.py-[line:68]-INFO-[日志信息]: Response body msg == expected_msg, expected_msg is ,body_msg is  
Fri, 18 Jun 2021 15:11:35-run_all_case.py-Image_warehouse.py-[line:64]-INFO-[日志信息]: 开始执行脚本test_PublicList:
Fri, 18 Jun 2021 15:11:35-test_PublicList-Assert.py-[line:51]-INFO-[日志信息]: statusCode true, expected_code is 200, statusCode is 200 
Fri, 18 Jun 2021 15:11:35-test_PublicList-Assert.py-[line:68]-INFO-[日志信息]: Response body msg == expected_msg, expected_msg is ,body_msg is  
Fri, 18 Jun 2021 15:11:35-test_PublicUpdate-Assert.py-[line:51]-INFO-[日志信息]: statusCode true, expected_code is 200, statusCode is 200 
Fri, 18 Jun 2021 15:11:35-test_PublicUpdate-Assert.py-[line:68]-INFO-[日志信息]: Response body msg == expected_msg, expected_msg is ,body_msg is  
Fri, 18 Jun 2021 15:11:35-run_all_case.py-Image_warehouse.py-[line:244]-INFO-[日志信息]: 开始执行脚本test_PublicUpdate_NotImageName:
Fri, 18 Jun 2021 15:11:35-run_all_case.py-Image_warehouse.py-[line:28]-INFO-[日志信息]: 开始执行脚本test_PublicCreate:
Fri, 18 Jun 2021 15:11:35-test_PublicCreate-Assert.py-[line:51]-INFO-[日志信息]: statusCode true, expected_code is 200, statusCode is 200 
Fri, 18 Jun 2021 15:11:35-test_PublicCreate-Assert.py-[line:68]-INFO-[日志信息]: Response body msg == expected_msg, expected_msg is ,body_msg is  
Fri, 18 Jun 2021 15:11:35-run_all_case.py-Image_warehouse.py-[line:64]-INFO-[日志信息]: 开始执行脚本test_PublicList:
Fri, 18 Jun 2021 15:11:35-test_PublicList-Assert.py-[line:51]-INFO-[日志信息]: statusCode true, expected_code is 200, statusCode is 200 
Fri, 18 Jun 2021 15:11:35-test_PublicList-Assert.py-[line:68]-INFO-[日志信息]: Response body msg == expected_msg, expected_msg is ,body_msg is  
Fri, 18 Jun 2021 15:11:36-test_PublicUpdate_NotImageName-Assert.py-[line:51]-INFO-[日志信息]: statusCode true, expected_code is 200, statusCode is 200 
Fri, 18 Jun 2021 15:11:36-test_PublicUpdate_NotImageName-Assert.py-[line:68]-INFO-[日志信息]: Response body msg == expected_msg, expected_msg is ,body_msg is  
Fri, 18 Jun 2021 15:11:36-run_all_case.py-Image_warehouse.py-[line:275]-INFO-[日志信息]: 开始执行脚本test_PublicUpdate_CacheYes:
Fri, 18 Jun 2021 15:11:36-run_all_case.py-Image_warehouse.py-[line:28]-INFO-[日志信息]: 开始执行脚本test_PublicCreate:
Fri, 18 Jun 2021 15:11:36-test_PublicCreate-Assert.py-[line:51]-INFO-[日志信息]: statusCode true, expected_code is 200, statusCode is 200 
Fri, 18 Jun 2021 15:11:36-test_PublicCreate-Assert.py-[line:68]-INFO-[日志信息]: Response body msg == expected_msg, expected_msg is ,body_msg is  
Fri, 18 Jun 2021 15:11:36-run_all_case.py-Image_warehouse.py-[line:64]-INFO-[日志信息]: 开始执行脚本test_PublicList:
Fri, 18 Jun 2021 15:11:36-test_PublicList-Assert.py-[line:51]-INFO-[日志信息]: statusCode true, expected_code is 200, statusCode is 200 
Fri, 18 Jun 2021 15:11:36-test_PublicList-Assert.py-[line:68]-INFO-[日志信息]: Response body msg == expected_msg, expected_msg is ,body_msg is  
Fri, 18 Jun 2021 15:11:36-test_PublicUpdate_CacheYes-Assert.py-[line:51]-INFO-[日志信息]: statusCode true, expected_code is 200, statusCode is 200 
Fri, 18 Jun 2021 15:11:36-test_PublicUpdate_CacheYes-Assert.py-[line:68]-INFO-[日志信息]: Response body msg == expected_msg, expected_msg is ,body_msg is  
Fri, 18 Jun 2021 15:11:36-run_all_case.py-Image_warehouse.py-[line:306]-INFO-[日志信息]: 开始执行脚本test_PublicUpdate_CacheNo:
Fri, 18 Jun 2021 15:11:36-run_all_case.py-Image_warehouse.py-[line:28]-INFO-[日志信息]: 开始执行脚本test_PublicCreate:
Fri, 18 Jun 2021 15:11:36-test_PublicCreate-Assert.py-[line:51]-INFO-[日志信息]: statusCode true, expected_code is 200, statusCode is 200 
Fri, 18 Jun 2021 15:11:36-test_PublicCreate-Assert.py-[line:68]-INFO-[日志信息]: Response body msg == expected_msg, expected_msg is ,body_msg is  
Fri, 18 Jun 2021 15:11:36-run_all_case.py-Image_warehouse.py-[line:64]-INFO-[日志信息]: 开始执行脚本test_PublicList:
Fri, 18 Jun 2021 15:11:36-test_PublicList-Assert.py-[line:51]-INFO-[日志信息]: statusCode true, expected_code is 200, statusCode is 200 
Fri, 18 Jun 2021 15:11:36-test_PublicList-Assert.py-[line:68]-INFO-[日志信息]: Response body msg == expected_msg, expected_msg is ,body_msg is  
Fri, 18 Jun 2021 15:11:36-test_PublicUpdate_CacheNo-Assert.py-[line:51]-INFO-[日志信息]: statusCode true, expected_code is 200, statusCode is 200 
Fri, 18 Jun 2021 15:11:36-test_PublicUpdate_CacheNo-Assert.py-[line:68]-INFO-[日志信息]: Response body msg == expected_msg, expected_msg is ,body_msg is  
Fri, 18 Jun 2021 15:11:36-run_all_case.py-Image_warehouse.py-[line:336]-INFO-[日志信息]: 开始执行脚本test_PublicStartCache:
Fri, 18 Jun 2021 15:11:36-run_all_case.py-Image_warehouse.py-[line:28]-INFO-[日志信息]: 开始执行脚本test_PublicCreate:
Fri, 18 Jun 2021 15:11:36-test_PublicCreate-Assert.py-[line:51]-INFO-[日志信息]: statusCode true, expected_code is 200, statusCode is 200 
Fri, 18 Jun 2021 15:11:36-test_PublicCreate-Assert.py-[line:68]-INFO-[日志信息]: Response body msg == expected_msg, expected_msg is ,body_msg is  
Fri, 18 Jun 2021 15:11:36-run_all_case.py-Image_warehouse.py-[line:64]-INFO-[日志信息]: 开始执行脚本test_PublicList:
Fri, 18 Jun 2021 15:11:36-test_PublicList-Assert.py-[line:51]-INFO-[日志信息]: statusCode true, expected_code is 200, statusCode is 200 
Fri, 18 Jun 2021 15:11:36-test_PublicList-Assert.py-[line:68]-INFO-[日志信息]: Response body msg == expected_msg, expected_msg is ,body_msg is  
Fri, 18 Jun 2021 15:11:36-test_PublicStartCache-Assert.py-[line:51]-INFO-[日志信息]: statusCode true, expected_code is 200, statusCode is 200 
Fri, 18 Jun 2021 15:11:36-test_PublicStartCache-Assert.py-[line:68]-INFO-[日志信息]: Response body msg == expected_msg, expected_msg is ,body_msg is  
Fri, 18 Jun 2021 15:11:36-run_all_case.py-Image_warehouse.py-[line:364]-INFO-[日志信息]: 开始执行脚本test_PublicRemoveCache:
Fri, 18 Jun 2021 15:11:36-run_all_case.py-Image_warehouse.py-[line:28]-INFO-[日志信息]: 开始执行脚本test_PublicCreate:
Fri, 18 Jun 2021 15:11:37-test_PublicCreate-Assert.py-[line:51]-INFO-[日志信息]: statusCode true, expected_code is 200, statusCode is 200 
Fri, 18 Jun 2021 15:11:37-test_PublicCreate-Assert.py-[line:68]-INFO-[日志信息]: Response body msg == expected_msg, expected_msg is ,body_msg is  
Fri, 18 Jun 2021 15:11:37-run_all_case.py-Image_warehouse.py-[line:64]-INFO-[日志信息]: 开始执行脚本test_PublicList:
Fri, 18 Jun 2021 15:11:37-test_PublicList-Assert.py-[line:51]-INFO-[日志信息]: statusCode true, expected_code is 200, statusCode is 200 
Fri, 18 Jun 2021 15:11:37-test_PublicList-Assert.py-[line:68]-INFO-[日志信息]: Response body msg == expected_msg, expected_msg is ,body_msg is  
Fri, 18 Jun 2021 15:11:37-test_PublicRemoveCache-Assert.py-[line:51]-INFO-[日志信息]: statusCode true, expected_code is 200, statusCode is 200 
Fri, 18 Jun 2021 15:11:37-test_PublicRemoveCache-Assert.py-[line:71]-ERROR-[日志信息]: Response body msg != expected_msg, expected_msg is ,body_msg is remove 镜像失败 
Fri, 18 Jun 2021 15:11:37-run_all_case.py-Image_warehouse.py-[line:392]-INFO-[日志信息]: 开始执行脚本test_PrivateList:
Fri, 18 Jun 2021 15:11:37-test_PrivateList-Assert.py-[line:51]-INFO-[日志信息]: statusCode true, expected_code is 200, statusCode is 200 
Fri, 18 Jun 2021 15:11:37-test_PrivateList-Assert.py-[line:68]-INFO-[日志信息]: Response body msg == expected_msg, expected_msg is ,body_msg is  
Fri, 18 Jun 2021 15:11:37-run_all_case.py-Image_warehouse.py-[line:421]-INFO-[日志信息]: 开始执行脚本test_PrivateUpdate:
Fri, 18 Jun 2021 15:11:37-test_PrivateUpdate-Assert.py-[line:51]-INFO-[日志信息]: statusCode true, expected_code is 200, statusCode is 200 
Fri, 18 Jun 2021 15:11:37-test_PrivateUpdate-Assert.py-[line:68]-INFO-[日志信息]: Response body msg == expected_msg, expected_msg is ,body_msg is  
Fri, 18 Jun 2021 15:38:57-_jb_pytest_runner.py-study.py-[line:21]-INFO-[日志信息]: 开始执行脚本test_PublicCreate_Cache:
Fri, 18 Jun 2021 15:38:57-test_PublicCreate_Cache-Assert.py-[line:51]-INFO-[日志信息]: statusCode true, expected_code is 200, statusCode is 200 
Fri, 18 Jun 2021 15:38:57-test_PublicCreate_Cache-Assert.py-[line:68]-INFO-[日志信息]: Response body msg == expected_msg, expected_msg is ,body_msg is  
Fri, 18 Jun 2021 15:47:38-study.py-study.py-[line:21]-INFO-[日志信息]: 开始执行脚本PublicList_RetureID:
Fri, 18 Jun 2021 15:47:38-PublicList_RetureID-Assert.py-[line:51]-INFO-[日志信息]: statusCode true, expected_code is 200, statusCode is 200 
Fri, 18 Jun 2021 15:47:38-PublicList_RetureID-Assert.py-[line:68]-INFO-[日志信息]: Response body msg == expected_msg, expected_msg is ,body_msg is  
Fri, 18 Jun 2021 15:48:25-_jb_pytest_runner.py-study.py-[line:21]-INFO-[日志信息]: 开始执行脚本test_PublicList_RetureID:
Fri, 18 Jun 2021 15:48:25-test_PublicList_RetureID-Assert.py-[line:51]-INFO-[日志信息]: statusCode true, expected_code is 200, statusCode is 200 
Fri, 18 Jun 2021 15:48:25-test_PublicList_RetureID-Assert.py-[line:68]-INFO-[日志信息]: Response body msg == expected_msg, expected_msg is ,body_msg is  
Fri, 18 Jun 2021 15:49:44-_jb_pytest_runner.py-study.py-[line:22]-INFO-[日志信息]: 开始执行脚本test_PublicList_RetureID:
Fri, 18 Jun 2021 15:49:44-test_PublicList_RetureID-Assert.py-[line:51]-INFO-[日志信息]: statusCode true, expected_code is 200, statusCode is 200 
Fri, 18 Jun 2021 15:49:44-test_PublicList_RetureID-Assert.py-[line:68]-INFO-[日志信息]: Response body msg == expected_msg, expected_msg is ,body_msg is  
Fri, 18 Jun 2021 15:49:50-_jb_pytest_runner.py-study.py-[line:22]-INFO-[日志信息]: 开始执行脚本test_PublicList_RetureID:
Fri, 18 Jun 2021 15:49:50-test_PublicList_RetureID-Assert.py-[line:51]-INFO-[日志信息]: statusCode true, expected_code is 200, statusCode is 200 
Fri, 18 Jun 2021 15:49:50-test_PublicList_RetureID-Assert.py-[line:68]-INFO-[日志信息]: Response body msg == expected_msg, expected_msg is ,body_msg is  
Fri, 18 Jun 2021 16:00:29-_jb_pytest_runner.py-study.py-[line:22]-INFO-[日志信息]: 开始执行脚本test_PublicList_RetureID:
Fri, 18 Jun 2021 16:00:29-test_PublicList_RetureID-Assert.py-[line:51]-INFO-[日志信息]: statusCode true, expected_code is 200, statusCode is 200 
Fri, 18 Jun 2021 16:00:29-test_PublicList_RetureID-Assert.py-[line:68]-INFO-[日志信息]: Response body msg == expected_msg, expected_msg is ,body_msg is  
Fri, 18 Jun 2021 16:00:29-_jb_pytest_runner.py-study.py-[line:58]-INFO-[日志信息]: 开始执行脚本test_PublicRemoveCache:
Fri, 18 Jun 2021 16:00:29-_jb_pytest_runner.py-study.py-[line:22]-INFO-[日志信息]: 开始执行脚本test_PublicList_RetureID:
Fri, 18 Jun 2021 16:00:29-test_PublicList_RetureID-Assert.py-[line:51]-INFO-[日志信息]: statusCode true, expected_code is 200, statusCode is 200 
Fri, 18 Jun 2021 16:00:29-test_PublicList_RetureID-Assert.py-[line:68]-INFO-[日志信息]: Response body msg == expected_msg, expected_msg is ,body_msg is  
Fri, 18 Jun 2021 16:00:29-test_PublicRemoveCache-Assert.py-[line:51]-INFO-[日志信息]: statusCode true, expected_code is 200, statusCode is 200 
Fri, 18 Jun 2021 16:00:29-test_PublicRemoveCache-Assert.py-[line:71]-ERROR-[日志信息]: Response body msg != expected_msg, expected_msg is ,body_msg is 请求参数错误 
Fri, 18 Jun 2021 16:08:31-_jb_pytest_runner.py-study.py-[line:22]-INFO-[日志信息]: 开始执行脚本test_PublicList:
Fri, 18 Jun 2021 16:08:31-test_PublicList-Assert.py-[line:51]-INFO-[日志信息]: statusCode true, expected_code is 200, statusCode is 200 
Fri, 18 Jun 2021 16:08:31-test_PublicList-Assert.py-[line:68]-INFO-[日志信息]: Response body msg == expected_msg, expected_msg is ,body_msg is  
Fri, 18 Jun 2021 16:08:31-_jb_pytest_runner.py-study.py-[line:58]-INFO-[日志信息]: 开始执行脚本test_PublicRemoveCache:
Fri, 18 Jun 2021 16:08:46-_jb_pytest_runner.py-study.py-[line:22]-INFO-[日志信息]: 开始执行脚本test_PublicList:
Fri, 18 Jun 2021 16:08:46-test_PublicList-Assert.py-[line:51]-INFO-[日志信息]: statusCode true, expected_code is 200, statusCode is 200 
Fri, 18 Jun 2021 16:08:46-test_PublicList-Assert.py-[line:68]-INFO-[日志信息]: Response body msg == expected_msg, expected_msg is ,body_msg is  
Fri, 18 Jun 2021 16:08:46-_jb_pytest_runner.py-study.py-[line:58]-INFO-[日志信息]: 开始执行脚本test_PublicRemoveCache:
Fri, 18 Jun 2021 16:08:46-_jb_pytest_runner.py-study.py-[line:22]-INFO-[日志信息]: 开始执行脚本test_PublicList:
Fri, 18 Jun 2021 16:08:47-test_PublicList-Assert.py-[line:51]-INFO-[日志信息]: statusCode true, expected_code is 200, statusCode is 200 
Fri, 18 Jun 2021 16:08:47-test_PublicList-Assert.py-[line:68]-INFO-[日志信息]: Response body msg == expected_msg, expected_msg is ,body_msg is  
Fri, 18 Jun 2021 16:08:47-test_PublicRemoveCache-Assert.py-[line:51]-INFO-[日志信息]: statusCode true, expected_code is 200, statusCode is 200 
Fri, 18 Jun 2021 16:08:47-test_PublicRemoveCache-Assert.py-[line:71]-ERROR-[日志信息]: Response body msg != expected_msg, expected_msg is ,body_msg is 请求参数错误 
Fri, 18 Jun 2021 16:09:33-_jb_pytest_runner.py-study.py-[line:22]-INFO-[日志信息]: 开始执行脚本test_PublicList:
Fri, 18 Jun 2021 16:09:33-test_PublicList-Assert.py-[line:51]-INFO-[日志信息]: statusCode true, expected_code is 200, statusCode is 200 
Fri, 18 Jun 2021 16:09:33-test_PublicList-Assert.py-[line:68]-INFO-[日志信息]: Response body msg == expected_msg, expected_msg is ,body_msg is  
Fri, 18 Jun 2021 16:09:53-_jb_pytest_runner.py-study.py-[line:22]-INFO-[日志信息]: 开始执行脚本test_PublicList:
Fri, 18 Jun 2021 16:09:53-test_PublicList-Assert.py-[line:51]-INFO-[日志信息]: statusCode true, expected_code is 200, statusCode is 200 
Fri, 18 Jun 2021 16:09:53-test_PublicList-Assert.py-[line:68]-INFO-[日志信息]: Response body msg == expected_msg, expected_msg is ,body_msg is  
Fri, 18 Jun 2021 16:25:45-study.py-study.py-[line:22]-INFO-[日志信息]: 开始执行脚本test_PublicList:
Fri, 18 Jun 2021 16:25:45-test_PublicList-Assert.py-[line:51]-INFO-[日志信息]: statusCode true, expected_code is 200, statusCode is 200 
Fri, 18 Jun 2021 16:25:45-test_PublicList-Assert.py-[line:68]-INFO-[日志信息]: Response body msg == expected_msg, expected_msg is ,body_msg is  
Fri, 18 Jun 2021 16:26:55-study.py-study.py-[line:22]-INFO-[日志信息]: 开始执行脚本test_PublicList:
Fri, 18 Jun 2021 16:26:56-test_PublicList-Assert.py-[line:51]-INFO-[日志信息]: statusCode true, expected_code is 200, statusCode is 200 
Fri, 18 Jun 2021 16:26:56-test_PublicList-Assert.py-[line:68]-INFO-[日志信息]: Response body msg == expected_msg, expected_msg is ,body_msg is  
Fri, 18 Jun 2021 16:27:07-_jb_pytest_runner.py-study.py-[line:22]-INFO-[日志信息]: 开始执行脚本test_PublicList:
Fri, 18 Jun 2021 16:27:07-test_PublicList-Assert.py-[line:51]-INFO-[日志信息]: statusCode true, expected_code is 200, statusCode is 200 
Fri, 18 Jun 2021 16:27:07-test_PublicList-Assert.py-[line:68]-INFO-[日志信息]: Response body msg == expected_msg, expected_msg is ,body_msg is  
Fri, 18 Jun 2021 16:27:07-_jb_pytest_runner.py-study.py-[line:72]-INFO-[日志信息]: 开始执行脚本test_PublicRemoveCache:
Fri, 18 Jun 2021 16:27:07-_jb_pytest_runner.py-study.py-[line:22]-INFO-[日志信息]: 开始执行脚本test_PublicList:
Fri, 18 Jun 2021 16:27:07-test_PublicList-Assert.py-[line:51]-INFO-[日志信息]: statusCode true, expected_code is 200, statusCode is 200 
Fri, 18 Jun 2021 16:27:07-test_PublicList-Assert.py-[line:68]-INFO-[日志信息]: Response body msg == expected_msg, expected_msg is ,body_msg is  
Fri, 18 Jun 2021 16:27:09-test_PublicRemoveCache-Assert.py-[line:51]-INFO-[日志信息]: statusCode true, expected_code is 200, statusCode is 200 
Fri, 18 Jun 2021 16:27:09-test_PublicRemoveCache-Assert.py-[line:68]-INFO-[日志信息]: Response body msg == expected_msg, expected_msg is ,body_msg is  
Fri, 18 Jun 2021 16:30:46-run_all_case.py-run_all_case.py-[line:22]-INFO-[日志信息]: ==================================2021-06-18 16:30:46===================================
Fri, 18 Jun 2021 16:30:46-run_all_case.py-Image_warehouse.py-[line:28]-INFO-[日志信息]: 开始执行脚本test_PublicCreate:
Fri, 18 Jun 2021 16:30:46-test_PublicCreate-Assert.py-[line:51]-INFO-[日志信息]: statusCode true, expected_code is 200, statusCode is 200 
Fri, 18 Jun 2021 16:30:46-test_PublicCreate-Assert.py-[line:68]-INFO-[日志信息]: Response body msg == expected_msg, expected_msg is ,body_msg is  
Fri, 18 Jun 2021 16:30:46-run_all_case.py-Image_warehouse.py-[line:64]-INFO-[日志信息]: 开始执行脚本test_PublicList:
Fri, 18 Jun 2021 16:30:46-test_PublicList-Assert.py-[line:51]-INFO-[日志信息]: statusCode true, expected_code is 200, statusCode is 200 
Fri, 18 Jun 2021 16:30:46-test_PublicList-Assert.py-[line:68]-INFO-[日志信息]: Response body msg == expected_msg, expected_msg is ,body_msg is  
Fri, 18 Jun 2021 16:30:46-run_all_case.py-Image_warehouse.py-[line:139]-INFO-[日志信息]: 开始执行脚本test_PublicCreate_Cache:
Fri, 18 Jun 2021 16:30:47-test_PublicCreate_Cache-Assert.py-[line:51]-INFO-[日志信息]: statusCode true, expected_code is 200, statusCode is 200 
Fri, 18 Jun 2021 16:30:47-test_PublicCreate_Cache-Assert.py-[line:68]-INFO-[日志信息]: Response body msg == expected_msg, expected_msg is ,body_msg is  
Fri, 18 Jun 2021 16:30:47-run_all_case.py-Image_warehouse.py-[line:170]-INFO-[日志信息]: 开始执行脚本test_PublicCheckName_False:
Fri, 18 Jun 2021 16:30:47-test_PublicCheckName_False-Assert.py-[line:51]-INFO-[日志信息]: statusCode true, expected_code is 200, statusCode is 200 
Fri, 18 Jun 2021 16:30:47-test_PublicCheckName_False-Assert.py-[line:68]-INFO-[日志信息]: Response body msg == expected_msg, expected_msg is ,body_msg is  
Fri, 18 Jun 2021 16:30:47-run_all_case.py-Image_warehouse.py-[line:199]-INFO-[日志信息]: 开始执行脚本test_PublicCheckName_True:
Fri, 18 Jun 2021 16:30:47-test_PublicCheckName_True-Assert.py-[line:51]-INFO-[日志信息]: statusCode true, expected_code is 200, statusCode is 200 
Fri, 18 Jun 2021 16:30:47-test_PublicCheckName_True-Assert.py-[line:68]-INFO-[日志信息]: Response body msg == expected_msg, expected_msg is ,body_msg is  
Fri, 18 Jun 2021 16:30:47-run_all_case.py-Image_warehouse.py-[line:228]-INFO-[日志信息]: 开始执行脚本test_PublicUpdate:
Fri, 18 Jun 2021 16:30:47-run_all_case.py-Image_warehouse.py-[line:28]-INFO-[日志信息]: 开始执行脚本test_PublicCreate:
Fri, 18 Jun 2021 16:30:47-test_PublicCreate-Assert.py-[line:51]-INFO-[日志信息]: statusCode true, expected_code is 200, statusCode is 200 
Fri, 18 Jun 2021 16:30:47-test_PublicCreate-Assert.py-[line:68]-INFO-[日志信息]: Response body msg == expected_msg, expected_msg is ,body_msg is  
Fri, 18 Jun 2021 16:30:47-run_all_case.py-Image_warehouse.py-[line:64]-INFO-[日志信息]: 开始执行脚本test_PublicList:
Fri, 18 Jun 2021 16:30:47-test_PublicList-Assert.py-[line:51]-INFO-[日志信息]: statusCode true, expected_code is 200, statusCode is 200 
Fri, 18 Jun 2021 16:30:47-test_PublicList-Assert.py-[line:68]-INFO-[日志信息]: Response body msg == expected_msg, expected_msg is ,body_msg is  
Fri, 18 Jun 2021 16:30:47-test_PublicUpdate-Assert.py-[line:51]-INFO-[日志信息]: statusCode true, expected_code is 200, statusCode is 200 
Fri, 18 Jun 2021 16:30:47-test_PublicUpdate-Assert.py-[line:68]-INFO-[日志信息]: Response body msg == expected_msg, expected_msg is ,body_msg is  
Fri, 18 Jun 2021 16:30:47-run_all_case.py-Image_warehouse.py-[line:259]-INFO-[日志信息]: 开始执行脚本test_PublicUpdate_NotImageName:
Fri, 18 Jun 2021 16:30:47-run_all_case.py-Image_warehouse.py-[line:28]-INFO-[日志信息]: 开始执行脚本test_PublicCreate:
Fri, 18 Jun 2021 16:30:47-test_PublicCreate-Assert.py-[line:51]-INFO-[日志信息]: statusCode true, expected_code is 200, statusCode is 200 
Fri, 18 Jun 2021 16:30:47-test_PublicCreate-Assert.py-[line:68]-INFO-[日志信息]: Response body msg == expected_msg, expected_msg is ,body_msg is  
Fri, 18 Jun 2021 16:30:47-run_all_case.py-Image_warehouse.py-[line:64]-INFO-[日志信息]: 开始执行脚本test_PublicList:
Fri, 18 Jun 2021 16:30:47-test_PublicList-Assert.py-[line:51]-INFO-[日志信息]: statusCode true, expected_code is 200, statusCode is 200 
Fri, 18 Jun 2021 16:30:47-test_PublicList-Assert.py-[line:68]-INFO-[日志信息]: Response body msg == expected_msg, expected_msg is ,body_msg is  
Fri, 18 Jun 2021 16:30:47-test_PublicUpdate_NotImageName-Assert.py-[line:51]-INFO-[日志信息]: statusCode true, expected_code is 200, statusCode is 200 
Fri, 18 Jun 2021 16:30:47-test_PublicUpdate_NotImageName-Assert.py-[line:68]-INFO-[日志信息]: Response body msg == expected_msg, expected_msg is ,body_msg is  
Fri, 18 Jun 2021 16:30:47-run_all_case.py-Image_warehouse.py-[line:290]-INFO-[日志信息]: 开始执行脚本test_PublicUpdate_CacheYes:
Fri, 18 Jun 2021 16:30:47-run_all_case.py-Image_warehouse.py-[line:28]-INFO-[日志信息]: 开始执行脚本test_PublicCreate:
Fri, 18 Jun 2021 16:30:48-test_PublicCreate-Assert.py-[line:51]-INFO-[日志信息]: statusCode true, expected_code is 200, statusCode is 200 
Fri, 18 Jun 2021 16:30:48-test_PublicCreate-Assert.py-[line:68]-INFO-[日志信息]: Response body msg == expected_msg, expected_msg is ,body_msg is  
Fri, 18 Jun 2021 16:30:48-run_all_case.py-Image_warehouse.py-[line:64]-INFO-[日志信息]: 开始执行脚本test_PublicList:
Fri, 18 Jun 2021 16:30:48-test_PublicList-Assert.py-[line:51]-INFO-[日志信息]: statusCode true, expected_code is 200, statusCode is 200 
Fri, 18 Jun 2021 16:30:48-test_PublicList-Assert.py-[line:68]-INFO-[日志信息]: Response body msg == expected_msg, expected_msg is ,body_msg is  
Fri, 18 Jun 2021 16:30:48-test_PublicUpdate_CacheYes-Assert.py-[line:51]-INFO-[日志信息]: statusCode true, expected_code is 200, statusCode is 200 
Fri, 18 Jun 2021 16:30:48-test_PublicUpdate_CacheYes-Assert.py-[line:68]-INFO-[日志信息]: Response body msg == expected_msg, expected_msg is ,body_msg is  
Fri, 18 Jun 2021 16:30:48-run_all_case.py-Image_warehouse.py-[line:321]-INFO-[日志信息]: 开始执行脚本test_PublicUpdate_CacheNo:
Fri, 18 Jun 2021 16:30:48-run_all_case.py-Image_warehouse.py-[line:28]-INFO-[日志信息]: 开始执行脚本test_PublicCreate:
Fri, 18 Jun 2021 16:30:48-test_PublicCreate-Assert.py-[line:51]-INFO-[日志信息]: statusCode true, expected_code is 200, statusCode is 200 
Fri, 18 Jun 2021 16:30:48-test_PublicCreate-Assert.py-[line:68]-INFO-[日志信息]: Response body msg == expected_msg, expected_msg is ,body_msg is  
Fri, 18 Jun 2021 16:30:48-run_all_case.py-Image_warehouse.py-[line:64]-INFO-[日志信息]: 开始执行脚本test_PublicList:
Fri, 18 Jun 2021 16:30:48-test_PublicList-Assert.py-[line:51]-INFO-[日志信息]: statusCode true, expected_code is 200, statusCode is 200 
Fri, 18 Jun 2021 16:30:48-test_PublicList-Assert.py-[line:68]-INFO-[日志信息]: Response body msg == expected_msg, expected_msg is ,body_msg is  
Fri, 18 Jun 2021 16:30:48-test_PublicUpdate_CacheNo-Assert.py-[line:51]-INFO-[日志信息]: statusCode true, expected_code is 200, statusCode is 200 
Fri, 18 Jun 2021 16:30:48-test_PublicUpdate_CacheNo-Assert.py-[line:68]-INFO-[日志信息]: Response body msg == expected_msg, expected_msg is ,body_msg is  
Fri, 18 Jun 2021 16:30:48-run_all_case.py-Image_warehouse.py-[line:351]-INFO-[日志信息]: 开始执行脚本test_PublicStartCache:
Fri, 18 Jun 2021 16:30:48-run_all_case.py-Image_warehouse.py-[line:28]-INFO-[日志信息]: 开始执行脚本test_PublicCreate:
Fri, 18 Jun 2021 16:30:48-test_PublicCreate-Assert.py-[line:51]-INFO-[日志信息]: statusCode true, expected_code is 200, statusCode is 200 
Fri, 18 Jun 2021 16:30:48-test_PublicCreate-Assert.py-[line:68]-INFO-[日志信息]: Response body msg == expected_msg, expected_msg is ,body_msg is  
Fri, 18 Jun 2021 16:30:48-run_all_case.py-Image_warehouse.py-[line:64]-INFO-[日志信息]: 开始执行脚本test_PublicList:
Fri, 18 Jun 2021 16:30:48-test_PublicList-Assert.py-[line:51]-INFO-[日志信息]: statusCode true, expected_code is 200, statusCode is 200 
Fri, 18 Jun 2021 16:30:48-test_PublicList-Assert.py-[line:68]-INFO-[日志信息]: Response body msg == expected_msg, expected_msg is ,body_msg is  
Fri, 18 Jun 2021 16:30:48-test_PublicStartCache-Assert.py-[line:51]-INFO-[日志信息]: statusCode true, expected_code is 200, statusCode is 200 
Fri, 18 Jun 2021 16:30:48-test_PublicStartCache-Assert.py-[line:68]-INFO-[日志信息]: Response body msg == expected_msg, expected_msg is ,body_msg is  
Fri, 18 Jun 2021 16:30:48-run_all_case.py-Image_warehouse.py-[line:379]-INFO-[日志信息]: 开始执行脚本test_PublicRemoveCache:
Fri, 18 Jun 2021 16:30:48-run_all_case.py-Image_warehouse.py-[line:64]-INFO-[日志信息]: 开始执行脚本test_PublicList:
Fri, 18 Jun 2021 16:30:48-test_PublicList-Assert.py-[line:51]-INFO-[日志信息]: statusCode true, expected_code is 200, statusCode is 200 
Fri, 18 Jun 2021 16:30:48-test_PublicList-Assert.py-[line:68]-INFO-[日志信息]: Response body msg == expected_msg, expected_msg is ,body_msg is  
Fri, 18 Jun 2021 16:30:49-test_PublicRemoveCache-Assert.py-[line:51]-INFO-[日志信息]: statusCode true, expected_code is 200, statusCode is 200 
Fri, 18 Jun 2021 16:30:49-test_PublicRemoveCache-Assert.py-[line:71]-ERROR-[日志信息]: Response body msg != expected_msg, expected_msg is ,body_msg is 请求参数错误 
Fri, 18 Jun 2021 16:30:49-run_all_case.py-Image_warehouse.py-[line:407]-INFO-[日志信息]: 开始执行脚本test_PrivateList:
Fri, 18 Jun 2021 16:30:49-test_PrivateList-Assert.py-[line:51]-INFO-[日志信息]: statusCode true, expected_code is 200, statusCode is 200 
Fri, 18 Jun 2021 16:30:49-test_PrivateList-Assert.py-[line:68]-INFO-[日志信息]: Response body msg == expected_msg, expected_msg is ,body_msg is  
Fri, 18 Jun 2021 16:30:49-run_all_case.py-Image_warehouse.py-[line:436]-INFO-[日志信息]: 开始执行脚本test_PrivateUpdate:
Fri, 18 Jun 2021 16:30:49-test_PrivateUpdate-Assert.py-[line:51]-INFO-[日志信息]: statusCode true, expected_code is 200, statusCode is 200 
Fri, 18 Jun 2021 16:30:49-test_PrivateUpdate-Assert.py-[line:68]-INFO-[日志信息]: Response body msg == expected_msg, expected_msg is ,body_msg is  
Fri, 18 Jun 2021 16:32:01-_jb_pytest_runner.py-Image_warehouse.py-[line:195]-INFO-[日志信息]: 开始执行脚本test_PublicCheckName_False:
Fri, 18 Jun 2021 16:32:01-test_PublicCheckName_False-Assert.py-[line:51]-INFO-[日志信息]: statusCode true, expected_code is 200, statusCode is 200 
Fri, 18 Jun 2021 16:32:01-test_PublicCheckName_False-Assert.py-[line:68]-INFO-[日志信息]: Response body msg == expected_msg, expected_msg is ,body_msg is  
Fri, 18 Jun 2021 16:32:17-run_all_case.py-run_all_case.py-[line:22]-INFO-[日志信息]: ==================================2021-06-18 16:32:17===================================
Fri, 18 Jun 2021 16:32:18-run_all_case.py-Image_warehouse.py-[line:28]-INFO-[日志信息]: 开始执行脚本test_PublicCreate:
Fri, 18 Jun 2021 16:32:18-test_PublicCreate-Assert.py-[line:51]-INFO-[日志信息]: statusCode true, expected_code is 200, statusCode is 200 
Fri, 18 Jun 2021 16:32:18-test_PublicCreate-Assert.py-[line:68]-INFO-[日志信息]: Response body msg == expected_msg, expected_msg is ,body_msg is  
Fri, 18 Jun 2021 16:32:18-run_all_case.py-Image_warehouse.py-[line:64]-INFO-[日志信息]: 开始执行脚本test_PublicList:
Fri, 18 Jun 2021 16:32:18-test_PublicList-Assert.py-[line:51]-INFO-[日志信息]: statusCode true, expected_code is 200, statusCode is 200 
Fri, 18 Jun 2021 16:32:18-test_PublicList-Assert.py-[line:68]-INFO-[日志信息]: Response body msg == expected_msg, expected_msg is ,body_msg is  
Fri, 18 Jun 2021 16:32:18-run_all_case.py-Image_warehouse.py-[line:114]-INFO-[日志信息]: 开始执行脚本test_PublicRemoveCache:
Fri, 18 Jun 2021 16:32:18-run_all_case.py-Image_warehouse.py-[line:64]-INFO-[日志信息]: 开始执行脚本test_PublicList:
Fri, 18 Jun 2021 16:32:18-test_PublicList-Assert.py-[line:51]-INFO-[日志信息]: statusCode true, expected_code is 200, statusCode is 200 
Fri, 18 Jun 2021 16:32:18-test_PublicList-Assert.py-[line:68]-INFO-[日志信息]: Response body msg == expected_msg, expected_msg is ,body_msg is  
Fri, 18 Jun 2021 16:32:18-test_PublicRemoveCache-Assert.py-[line:51]-INFO-[日志信息]: statusCode true, expected_code is 200, statusCode is 200 
Fri, 18 Jun 2021 16:32:18-test_PublicRemoveCache-Assert.py-[line:68]-INFO-[日志信息]: Response body msg == expected_msg, expected_msg is ,body_msg is  
Fri, 18 Jun 2021 16:32:18-run_all_case.py-Image_warehouse.py-[line:164]-INFO-[日志信息]: 开始执行脚本test_PublicCreate_Cache:
Fri, 18 Jun 2021 16:32:18-test_PublicCreate_Cache-Assert.py-[line:51]-INFO-[日志信息]: statusCode true, expected_code is 200, statusCode is 200 
Fri, 18 Jun 2021 16:32:18-test_PublicCreate_Cache-Assert.py-[line:68]-INFO-[日志信息]: Response body msg == expected_msg, expected_msg is ,body_msg is  
Fri, 18 Jun 2021 16:32:18-run_all_case.py-Image_warehouse.py-[line:195]-INFO-[日志信息]: 开始执行脚本test_PublicCheckName_False:
Fri, 18 Jun 2021 16:32:18-test_PublicCheckName_False-Assert.py-[line:51]-INFO-[日志信息]: statusCode true, expected_code is 200, statusCode is 200 
Fri, 18 Jun 2021 16:32:18-test_PublicCheckName_False-Assert.py-[line:68]-INFO-[日志信息]: Response body msg == expected_msg, expected_msg is ,body_msg is  
Fri, 18 Jun 2021 16:32:18-run_all_case.py-Image_warehouse.py-[line:224]-INFO-[日志信息]: 开始执行脚本test_PublicCheckName_True:
Fri, 18 Jun 2021 16:32:18-test_PublicCheckName_True-Assert.py-[line:51]-INFO-[日志信息]: statusCode true, expected_code is 200, statusCode is 200 
Fri, 18 Jun 2021 16:32:18-test_PublicCheckName_True-Assert.py-[line:68]-INFO-[日志信息]: Response body msg == expected_msg, expected_msg is ,body_msg is  
Fri, 18 Jun 2021 16:32:18-run_all_case.py-Image_warehouse.py-[line:253]-INFO-[日志信息]: 开始执行脚本test_PublicUpdate:
Fri, 18 Jun 2021 16:32:18-run_all_case.py-Image_warehouse.py-[line:28]-INFO-[日志信息]: 开始执行脚本test_PublicCreate:
Fri, 18 Jun 2021 16:32:19-test_PublicCreate-Assert.py-[line:51]-INFO-[日志信息]: statusCode true, expected_code is 200, statusCode is 200 
Fri, 18 Jun 2021 16:32:19-test_PublicCreate-Assert.py-[line:68]-INFO-[日志信息]: Response body msg == expected_msg, expected_msg is ,body_msg is  
Fri, 18 Jun 2021 16:32:19-run_all_case.py-Image_warehouse.py-[line:64]-INFO-[日志信息]: 开始执行脚本test_PublicList:
Fri, 18 Jun 2021 16:32:19-test_PublicList-Assert.py-[line:51]-INFO-[日志信息]: statusCode true, expected_code is 200, statusCode is 200 
Fri, 18 Jun 2021 16:32:19-test_PublicList-Assert.py-[line:68]-INFO-[日志信息]: Response body msg == expected_msg, expected_msg is ,body_msg is  
Fri, 18 Jun 2021 16:32:19-test_PublicUpdate-Assert.py-[line:51]-INFO-[日志信息]: statusCode true, expected_code is 200, statusCode is 200 
Fri, 18 Jun 2021 16:32:19-test_PublicUpdate-Assert.py-[line:68]-INFO-[日志信息]: Response body msg == expected_msg, expected_msg is ,body_msg is  
Fri, 18 Jun 2021 16:32:19-run_all_case.py-Image_warehouse.py-[line:284]-INFO-[日志信息]: 开始执行脚本test_PublicUpdate_NotImageName:
Fri, 18 Jun 2021 16:32:19-run_all_case.py-Image_warehouse.py-[line:28]-INFO-[日志信息]: 开始执行脚本test_PublicCreate:
Fri, 18 Jun 2021 16:32:19-test_PublicCreate-Assert.py-[line:51]-INFO-[日志信息]: statusCode true, expected_code is 200, statusCode is 200 
Fri, 18 Jun 2021 16:32:19-test_PublicCreate-Assert.py-[line:68]-INFO-[日志信息]: Response body msg == expected_msg, expected_msg is ,body_msg is  
Fri, 18 Jun 2021 16:32:19-run_all_case.py-Image_warehouse.py-[line:64]-INFO-[日志信息]: 开始执行脚本test_PublicList:
Fri, 18 Jun 2021 16:32:19-test_PublicList-Assert.py-[line:51]-INFO-[日志信息]: statusCode true, expected_code is 200, statusCode is 200 
Fri, 18 Jun 2021 16:32:19-test_PublicList-Assert.py-[line:68]-INFO-[日志信息]: Response body msg == expected_msg, expected_msg is ,body_msg is  
Fri, 18 Jun 2021 16:32:19-test_PublicUpdate_NotImageName-Assert.py-[line:51]-INFO-[日志信息]: statusCode true, expected_code is 200, statusCode is 200 
Fri, 18 Jun 2021 16:32:19-test_PublicUpdate_NotImageName-Assert.py-[line:68]-INFO-[日志信息]: Response body msg == expected_msg, expected_msg is ,body_msg is  
Fri, 18 Jun 2021 16:32:19-run_all_case.py-Image_warehouse.py-[line:315]-INFO-[日志信息]: 开始执行脚本test_PublicUpdate_CacheYes:
Fri, 18 Jun 2021 16:32:19-run_all_case.py-Image_warehouse.py-[line:28]-INFO-[日志信息]: 开始执行脚本test_PublicCreate:
Fri, 18 Jun 2021 16:32:19-test_PublicCreate-Assert.py-[line:51]-INFO-[日志信息]: statusCode true, expected_code is 200, statusCode is 200 
Fri, 18 Jun 2021 16:32:19-test_PublicCreate-Assert.py-[line:68]-INFO-[日志信息]: Response body msg == expected_msg, expected_msg is ,body_msg is  
Fri, 18 Jun 2021 16:32:19-run_all_case.py-Image_warehouse.py-[line:64]-INFO-[日志信息]: 开始执行脚本test_PublicList:
Fri, 18 Jun 2021 16:32:19-test_PublicList-Assert.py-[line:51]-INFO-[日志信息]: statusCode true, expected_code is 200, statusCode is 200 
Fri, 18 Jun 2021 16:32:19-test_PublicList-Assert.py-[line:68]-INFO-[日志信息]: Response body msg == expected_msg, expected_msg is ,body_msg is  
Fri, 18 Jun 2021 16:32:19-test_PublicUpdate_CacheYes-Assert.py-[line:51]-INFO-[日志信息]: statusCode true, expected_code is 200, statusCode is 200 
Fri, 18 Jun 2021 16:32:19-test_PublicUpdate_CacheYes-Assert.py-[line:68]-INFO-[日志信息]: Response body msg == expected_msg, expected_msg is ,body_msg is  
Fri, 18 Jun 2021 16:32:19-run_all_case.py-Image_warehouse.py-[line:346]-INFO-[日志信息]: 开始执行脚本test_PublicUpdate_CacheNo:
Fri, 18 Jun 2021 16:32:19-run_all_case.py-Image_warehouse.py-[line:28]-INFO-[日志信息]: 开始执行脚本test_PublicCreate:
Fri, 18 Jun 2021 16:32:19-test_PublicCreate-Assert.py-[line:51]-INFO-[日志信息]: statusCode true, expected_code is 200, statusCode is 200 
Fri, 18 Jun 2021 16:32:19-test_PublicCreate-Assert.py-[line:68]-INFO-[日志信息]: Response body msg == expected_msg, expected_msg is ,body_msg is  
Fri, 18 Jun 2021 16:32:19-run_all_case.py-Image_warehouse.py-[line:64]-INFO-[日志信息]: 开始执行脚本test_PublicList:
Fri, 18 Jun 2021 16:32:20-test_PublicList-Assert.py-[line:51]-INFO-[日志信息]: statusCode true, expected_code is 200, statusCode is 200 
Fri, 18 Jun 2021 16:32:20-test_PublicList-Assert.py-[line:68]-INFO-[日志信息]: Response body msg == expected_msg, expected_msg is ,body_msg is  
Fri, 18 Jun 2021 16:32:20-test_PublicUpdate_CacheNo-Assert.py-[line:51]-INFO-[日志信息]: statusCode true, expected_code is 200, statusCode is 200 
Fri, 18 Jun 2021 16:32:20-test_PublicUpdate_CacheNo-Assert.py-[line:68]-INFO-[日志信息]: Response body msg == expected_msg, expected_msg is ,body_msg is  
Fri, 18 Jun 2021 16:32:20-run_all_case.py-Image_warehouse.py-[line:376]-INFO-[日志信息]: 开始执行脚本test_PublicStartCache:
Fri, 18 Jun 2021 16:32:20-run_all_case.py-Image_warehouse.py-[line:28]-INFO-[日志信息]: 开始执行脚本test_PublicCreate:
Fri, 18 Jun 2021 16:32:20-test_PublicCreate-Assert.py-[line:51]-INFO-[日志信息]: statusCode true, expected_code is 200, statusCode is 200 
Fri, 18 Jun 2021 16:32:20-test_PublicCreate-Assert.py-[line:68]-INFO-[日志信息]: Response body msg == expected_msg, expected_msg is ,body_msg is  
Fri, 18 Jun 2021 16:32:20-run_all_case.py-Image_warehouse.py-[line:64]-INFO-[日志信息]: 开始执行脚本test_PublicList:
Fri, 18 Jun 2021 16:32:20-test_PublicList-Assert.py-[line:51]-INFO-[日志信息]: statusCode true, expected_code is 200, statusCode is 200 
Fri, 18 Jun 2021 16:32:20-test_PublicList-Assert.py-[line:68]-INFO-[日志信息]: Response body msg == expected_msg, expected_msg is ,body_msg is  
Fri, 18 Jun 2021 16:32:20-test_PublicStartCache-Assert.py-[line:51]-INFO-[日志信息]: statusCode true, expected_code is 200, statusCode is 200 
Fri, 18 Jun 2021 16:32:20-test_PublicStartCache-Assert.py-[line:68]-INFO-[日志信息]: Response body msg == expected_msg, expected_msg is ,body_msg is  
Fri, 18 Jun 2021 16:32:20-run_all_case.py-Image_warehouse.py-[line:406]-INFO-[日志信息]: 开始执行脚本test_PrivateList:
Fri, 18 Jun 2021 16:32:20-test_PrivateList-Assert.py-[line:51]-INFO-[日志信息]: statusCode true, expected_code is 200, statusCode is 200 
Fri, 18 Jun 2021 16:32:20-test_PrivateList-Assert.py-[line:68]-INFO-[日志信息]: Response body msg == expected_msg, expected_msg is ,body_msg is  
Fri, 18 Jun 2021 16:32:20-run_all_case.py-Image_warehouse.py-[line:435]-INFO-[日志信息]: 开始执行脚本test_PrivateUpdate:
Fri, 18 Jun 2021 16:32:20-test_PrivateUpdate-Assert.py-[line:51]-INFO-[日志信息]: statusCode true, expected_code is 200, statusCode is 200 
Fri, 18 Jun 2021 16:32:20-test_PrivateUpdate-Assert.py-[line:68]-INFO-[日志信息]: Response body msg == expected_msg, expected_msg is ,body_msg is  
Fri, 18 Jun 2021 17:17:42-run_all_case.py-run_all_case.py-[line:22]-INFO-[日志信息]: ==================================2021-06-18 17:17:42===================================
Fri, 18 Jun 2021 17:17:43-run_all_case.py-Image_warehouse.py-[line:28]-INFO-[日志信息]: 开始执行脚本test_PublicCreate:
Fri, 18 Jun 2021 17:17:43-test_PublicCreate-Assert.py-[line:51]-INFO-[日志信息]: statusCode true, expected_code is 200, statusCode is 200 
Fri, 18 Jun 2021 17:17:43-test_PublicCreate-Assert.py-[line:68]-INFO-[日志信息]: Response body msg == expected_msg, expected_msg is ,body_msg is  
Fri, 18 Jun 2021 17:17:43-run_all_case.py-Image_warehouse.py-[line:64]-INFO-[日志信息]: 开始执行脚本test_PublicList:
Fri, 18 Jun 2021 17:17:43-test_PublicList-Assert.py-[line:51]-INFO-[日志信息]: statusCode true, expected_code is 200, statusCode is 200 
Fri, 18 Jun 2021 17:17:43-test_PublicList-Assert.py-[line:68]-INFO-[日志信息]: Response body msg == expected_msg, expected_msg is ,body_msg is  
Fri, 18 Jun 2021 17:17:43-run_all_case.py-Image_warehouse.py-[line:114]-INFO-[日志信息]: 开始执行脚本test_PublicRemoveCache:
Fri, 18 Jun 2021 17:17:43-run_all_case.py-Image_warehouse.py-[line:64]-INFO-[日志信息]: 开始执行脚本test_PublicList:
Fri, 18 Jun 2021 17:17:43-test_PublicList-Assert.py-[line:51]-INFO-[日志信息]: statusCode true, expected_code is 200, statusCode is 200 
Fri, 18 Jun 2021 17:17:43-test_PublicList-Assert.py-[line:68]-INFO-[日志信息]: Response body msg == expected_msg, expected_msg is ,body_msg is  
Fri, 18 Jun 2021 17:17:43-test_PublicRemoveCache-Assert.py-[line:51]-INFO-[日志信息]: statusCode true, expected_code is 200, statusCode is 200 
Fri, 18 Jun 2021 17:17:43-test_PublicRemoveCache-Assert.py-[line:68]-INFO-[日志信息]: Response body msg == expected_msg, expected_msg is ,body_msg is  
Fri, 18 Jun 2021 17:17:43-run_all_case.py-Image_warehouse.py-[line:164]-INFO-[日志信息]: 开始执行脚本test_PublicCreate_Cache:
Fri, 18 Jun 2021 17:17:43-test_PublicCreate_Cache-Assert.py-[line:51]-INFO-[日志信息]: statusCode true, expected_code is 200, statusCode is 200 
Fri, 18 Jun 2021 17:17:43-test_PublicCreate_Cache-Assert.py-[line:68]-INFO-[日志信息]: Response body msg == expected_msg, expected_msg is ,body_msg is  
Fri, 18 Jun 2021 17:17:43-run_all_case.py-Image_warehouse.py-[line:195]-INFO-[日志信息]: 开始执行脚本test_PublicCheckName_False:
Fri, 18 Jun 2021 17:17:43-test_PublicCheckName_False-Assert.py-[line:51]-INFO-[日志信息]: statusCode true, expected_code is 200, statusCode is 200 
Fri, 18 Jun 2021 17:17:43-test_PublicCheckName_False-Assert.py-[line:68]-INFO-[日志信息]: Response body msg == expected_msg, expected_msg is ,body_msg is  
Fri, 18 Jun 2021 17:17:43-run_all_case.py-Image_warehouse.py-[line:224]-INFO-[日志信息]: 开始执行脚本test_PublicCheckName_True:
Fri, 18 Jun 2021 17:17:43-test_PublicCheckName_True-Assert.py-[line:51]-INFO-[日志信息]: statusCode true, expected_code is 200, statusCode is 200 
Fri, 18 Jun 2021 17:17:43-test_PublicCheckName_True-Assert.py-[line:68]-INFO-[日志信息]: Response body msg == expected_msg, expected_msg is ,body_msg is  
Fri, 18 Jun 2021 17:17:43-run_all_case.py-Image_warehouse.py-[line:253]-INFO-[日志信息]: 开始执行脚本test_PublicUpdate:
Fri, 18 Jun 2021 17:17:43-run_all_case.py-Image_warehouse.py-[line:28]-INFO-[日志信息]: 开始执行脚本test_PublicCreate:
Fri, 18 Jun 2021 17:17:44-test_PublicCreate-Assert.py-[line:51]-INFO-[日志信息]: statusCode true, expected_code is 200, statusCode is 200 
Fri, 18 Jun 2021 17:17:44-test_PublicCreate-Assert.py-[line:68]-INFO-[日志信息]: Response body msg == expected_msg, expected_msg is ,body_msg is  
Fri, 18 Jun 2021 17:17:44-run_all_case.py-Image_warehouse.py-[line:64]-INFO-[日志信息]: 开始执行脚本test_PublicList:
Fri, 18 Jun 2021 17:17:44-test_PublicList-Assert.py-[line:51]-INFO-[日志信息]: statusCode true, expected_code is 200, statusCode is 200 
Fri, 18 Jun 2021 17:17:44-test_PublicList-Assert.py-[line:68]-INFO-[日志信息]: Response body msg == expected_msg, expected_msg is ,body_msg is  
Fri, 18 Jun 2021 17:17:44-test_PublicUpdate-Assert.py-[line:51]-INFO-[日志信息]: statusCode true, expected_code is 200, statusCode is 200 
Fri, 18 Jun 2021 17:17:44-test_PublicUpdate-Assert.py-[line:68]-INFO-[日志信息]: Response body msg == expected_msg, expected_msg is ,body_msg is  
Fri, 18 Jun 2021 17:17:44-run_all_case.py-Image_warehouse.py-[line:284]-INFO-[日志信息]: 开始执行脚本test_PublicUpdate_NotImageName:
Fri, 18 Jun 2021 17:17:44-run_all_case.py-Image_warehouse.py-[line:28]-INFO-[日志信息]: 开始执行脚本test_PublicCreate:
Fri, 18 Jun 2021 17:17:44-test_PublicCreate-Assert.py-[line:51]-INFO-[日志信息]: statusCode true, expected_code is 200, statusCode is 200 
Fri, 18 Jun 2021 17:17:44-test_PublicCreate-Assert.py-[line:68]-INFO-[日志信息]: Response body msg == expected_msg, expected_msg is ,body_msg is  
Fri, 18 Jun 2021 17:17:44-run_all_case.py-Image_warehouse.py-[line:64]-INFO-[日志信息]: 开始执行脚本test_PublicList:
Fri, 18 Jun 2021 17:17:44-test_PublicList-Assert.py-[line:51]-INFO-[日志信息]: statusCode true, expected_code is 200, statusCode is 200 
Fri, 18 Jun 2021 17:17:44-test_PublicList-Assert.py-[line:68]-INFO-[日志信息]: Response body msg == expected_msg, expected_msg is ,body_msg is  
Fri, 18 Jun 2021 17:17:44-test_PublicUpdate_NotImageName-Assert.py-[line:51]-INFO-[日志信息]: statusCode true, expected_code is 200, statusCode is 200 
Fri, 18 Jun 2021 17:17:44-test_PublicUpdate_NotImageName-Assert.py-[line:68]-INFO-[日志信息]: Response body msg == expected_msg, expected_msg is ,body_msg is  
Fri, 18 Jun 2021 17:17:44-run_all_case.py-Image_warehouse.py-[line:315]-INFO-[日志信息]: 开始执行脚本test_PublicUpdate_CacheYes:
Fri, 18 Jun 2021 17:17:44-run_all_case.py-Image_warehouse.py-[line:28]-INFO-[日志信息]: 开始执行脚本test_PublicCreate:
Fri, 18 Jun 2021 17:17:44-test_PublicCreate-Assert.py-[line:51]-INFO-[日志信息]: statusCode true, expected_code is 200, statusCode is 200 
Fri, 18 Jun 2021 17:17:44-test_PublicCreate-Assert.py-[line:68]-INFO-[日志信息]: Response body msg == expected_msg, expected_msg is ,body_msg is  
Fri, 18 Jun 2021 17:17:44-run_all_case.py-Image_warehouse.py-[line:64]-INFO-[日志信息]: 开始执行脚本test_PublicList:
Fri, 18 Jun 2021 17:17:44-test_PublicList-Assert.py-[line:51]-INFO-[日志信息]: statusCode true, expected_code is 200, statusCode is 200 
Fri, 18 Jun 2021 17:17:44-test_PublicList-Assert.py-[line:68]-INFO-[日志信息]: Response body msg == expected_msg, expected_msg is ,body_msg is  
Fri, 18 Jun 2021 17:17:44-test_PublicUpdate_CacheYes-Assert.py-[line:51]-INFO-[日志信息]: statusCode true, expected_code is 200, statusCode is 200 
Fri, 18 Jun 2021 17:17:44-test_PublicUpdate_CacheYes-Assert.py-[line:68]-INFO-[日志信息]: Response body msg == expected_msg, expected_msg is ,body_msg is  
Fri, 18 Jun 2021 17:17:44-run_all_case.py-Image_warehouse.py-[line:346]-INFO-[日志信息]: 开始执行脚本test_PublicUpdate_CacheNo:
Fri, 18 Jun 2021 17:17:44-run_all_case.py-Image_warehouse.py-[line:28]-INFO-[日志信息]: 开始执行脚本test_PublicCreate:
Fri, 18 Jun 2021 17:17:45-test_PublicCreate-Assert.py-[line:51]-INFO-[日志信息]: statusCode true, expected_code is 200, statusCode is 200 
Fri, 18 Jun 2021 17:17:45-test_PublicCreate-Assert.py-[line:68]-INFO-[日志信息]: Response body msg == expected_msg, expected_msg is ,body_msg is  
Fri, 18 Jun 2021 17:17:45-run_all_case.py-Image_warehouse.py-[line:64]-INFO-[日志信息]: 开始执行脚本test_PublicList:
Fri, 18 Jun 2021 17:17:45-test_PublicList-Assert.py-[line:51]-INFO-[日志信息]: statusCode true, expected_code is 200, statusCode is 200 
Fri, 18 Jun 2021 17:17:45-test_PublicList-Assert.py-[line:68]-INFO-[日志信息]: Response body msg == expected_msg, expected_msg is ,body_msg is  
Fri, 18 Jun 2021 17:17:45-test_PublicUpdate_CacheNo-Assert.py-[line:51]-INFO-[日志信息]: statusCode true, expected_code is 200, statusCode is 200 
Fri, 18 Jun 2021 17:17:45-test_PublicUpdate_CacheNo-Assert.py-[line:68]-INFO-[日志信息]: Response body msg == expected_msg, expected_msg is ,body_msg is  
Fri, 18 Jun 2021 17:17:45-run_all_case.py-Image_warehouse.py-[line:376]-INFO-[日志信息]: 开始执行脚本test_PublicStartCache:
Fri, 18 Jun 2021 17:17:45-run_all_case.py-Image_warehouse.py-[line:28]-INFO-[日志信息]: 开始执行脚本test_PublicCreate:
Fri, 18 Jun 2021 17:17:45-test_PublicCreate-Assert.py-[line:51]-INFO-[日志信息]: statusCode true, expected_code is 200, statusCode is 200 
Fri, 18 Jun 2021 17:17:45-test_PublicCreate-Assert.py-[line:68]-INFO-[日志信息]: Response body msg == expected_msg, expected_msg is ,body_msg is  
Fri, 18 Jun 2021 17:17:45-run_all_case.py-Image_warehouse.py-[line:64]-INFO-[日志信息]: 开始执行脚本test_PublicList:
Fri, 18 Jun 2021 17:17:45-test_PublicList-Assert.py-[line:51]-INFO-[日志信息]: statusCode true, expected_code is 200, statusCode is 200 
Fri, 18 Jun 2021 17:17:45-test_PublicList-Assert.py-[line:68]-INFO-[日志信息]: Response body msg == expected_msg, expected_msg is ,body_msg is  
Fri, 18 Jun 2021 17:17:45-test_PublicStartCache-Assert.py-[line:51]-INFO-[日志信息]: statusCode true, expected_code is 200, statusCode is 200 
Fri, 18 Jun 2021 17:17:45-test_PublicStartCache-Assert.py-[line:68]-INFO-[日志信息]: Response body msg == expected_msg, expected_msg is ,body_msg is  
Fri, 18 Jun 2021 17:17:45-run_all_case.py-Image_warehouse.py-[line:406]-INFO-[日志信息]: 开始执行脚本test_PrivateList:
Fri, 18 Jun 2021 17:17:45-test_PrivateList-Assert.py-[line:51]-INFO-[日志信息]: statusCode true, expected_code is 200, statusCode is 200 
Fri, 18 Jun 2021 17:17:45-test_PrivateList-Assert.py-[line:68]-INFO-[日志信息]: Response body msg == expected_msg, expected_msg is ,body_msg is  
Fri, 18 Jun 2021 17:17:45-run_all_case.py-Image_warehouse.py-[line:435]-INFO-[日志信息]: 开始执行脚本test_PrivateUpdate:
Fri, 18 Jun 2021 17:17:45-test_PrivateUpdate-Assert.py-[line:51]-INFO-[日志信息]: statusCode true, expected_code is 200, statusCode is 200 
Fri, 18 Jun 2021 17:17:45-test_PrivateUpdate-Assert.py-[line:68]-INFO-[日志信息]: Response body msg == expected_msg, expected_msg is ,body_msg is  
Fri, 18 Jun 2021 17:18:37-run_all_case.py-run_all_case.py-[line:23]-INFO-[日志信息]: ==================================2021-06-18 17:18:37===================================
Fri, 18 Jun 2021 17:18:37-run_all_case.py-Image_warehouse.py-[line:28]-INFO-[日志信息]: 开始执行脚本test_PublicCreate:
Fri, 18 Jun 2021 17:18:37-test_PublicCreate-Assert.py-[line:51]-INFO-[日志信息]: statusCode true, expected_code is 200, statusCode is 200 
Fri, 18 Jun 2021 17:18:37-test_PublicCreate-Assert.py-[line:68]-INFO-[日志信息]: Response body msg == expected_msg, expected_msg is ,body_msg is  
Fri, 18 Jun 2021 17:18:37-run_all_case.py-Image_warehouse.py-[line:64]-INFO-[日志信息]: 开始执行脚本test_PublicList:
Fri, 18 Jun 2021 17:18:37-test_PublicList-Assert.py-[line:51]-INFO-[日志信息]: statusCode true, expected_code is 200, statusCode is 200 
Fri, 18 Jun 2021 17:18:37-test_PublicList-Assert.py-[line:68]-INFO-[日志信息]: Response body msg == expected_msg, expected_msg is ,body_msg is  
Fri, 18 Jun 2021 17:18:37-run_all_case.py-Image_warehouse.py-[line:114]-INFO-[日志信息]: 开始执行脚本test_PublicRemoveCache:
Fri, 18 Jun 2021 17:18:37-run_all_case.py-Image_warehouse.py-[line:64]-INFO-[日志信息]: 开始执行脚本test_PublicList:
Fri, 18 Jun 2021 17:18:37-test_PublicList-Assert.py-[line:51]-INFO-[日志信息]: statusCode true, expected_code is 200, statusCode is 200 
Fri, 18 Jun 2021 17:18:37-test_PublicList-Assert.py-[line:68]-INFO-[日志信息]: Response body msg == expected_msg, expected_msg is ,body_msg is  
Fri, 18 Jun 2021 17:18:37-test_PublicRemoveCache-Assert.py-[line:51]-INFO-[日志信息]: statusCode true, expected_code is 200, statusCode is 200 
Fri, 18 Jun 2021 17:18:37-test_PublicRemoveCache-Assert.py-[line:68]-INFO-[日志信息]: Response body msg == expected_msg, expected_msg is ,body_msg is  
Fri, 18 Jun 2021 17:18:37-run_all_case.py-Image_warehouse.py-[line:164]-INFO-[日志信息]: 开始执行脚本test_PublicCreate_Cache:
Fri, 18 Jun 2021 17:18:37-test_PublicCreate_Cache-Assert.py-[line:51]-INFO-[日志信息]: statusCode true, expected_code is 200, statusCode is 200 
Fri, 18 Jun 2021 17:18:37-test_PublicCreate_Cache-Assert.py-[line:68]-INFO-[日志信息]: Response body msg == expected_msg, expected_msg is ,body_msg is  
Fri, 18 Jun 2021 17:18:38-run_all_case.py-Image_warehouse.py-[line:195]-INFO-[日志信息]: 开始执行脚本test_PublicCheckName_False:
Fri, 18 Jun 2021 17:18:59-run_all_case.py-Image_warehouse.py-[line:224]-INFO-[日志信息]: 开始执行脚本test_PublicCheckName_True:
Fri, 18 Jun 2021 17:18:59-test_PublicCheckName_True-Assert.py-[line:51]-INFO-[日志信息]: statusCode true, expected_code is 200, statusCode is 200 
Fri, 18 Jun 2021 17:18:59-test_PublicCheckName_True-Assert.py-[line:68]-INFO-[日志信息]: Response body msg == expected_msg, expected_msg is ,body_msg is  
Fri, 18 Jun 2021 17:18:59-run_all_case.py-Image_warehouse.py-[line:253]-INFO-[日志信息]: 开始执行脚本test_PublicUpdate:
Fri, 18 Jun 2021 17:18:59-run_all_case.py-Image_warehouse.py-[line:28]-INFO-[日志信息]: 开始执行脚本test_PublicCreate:
Fri, 18 Jun 2021 17:18:59-test_PublicCreate-Assert.py-[line:51]-INFO-[日志信息]: statusCode true, expected_code is 200, statusCode is 200 
Fri, 18 Jun 2021 17:18:59-test_PublicCreate-Assert.py-[line:68]-INFO-[日志信息]: Response body msg == expected_msg, expected_msg is ,body_msg is  
Fri, 18 Jun 2021 17:18:59-run_all_case.py-Image_warehouse.py-[line:64]-INFO-[日志信息]: 开始执行脚本test_PublicList:
Fri, 18 Jun 2021 17:18:59-test_PublicList-Assert.py-[line:51]-INFO-[日志信息]: statusCode true, expected_code is 200, statusCode is 200 
Fri, 18 Jun 2021 17:18:59-test_PublicList-Assert.py-[line:68]-INFO-[日志信息]: Response body msg == expected_msg, expected_msg is ,body_msg is  
Fri, 18 Jun 2021 17:18:59-test_PublicUpdate-Assert.py-[line:51]-INFO-[日志信息]: statusCode true, expected_code is 200, statusCode is 200 
Fri, 18 Jun 2021 17:18:59-test_PublicUpdate-Assert.py-[line:68]-INFO-[日志信息]: Response body msg == expected_msg, expected_msg is ,body_msg is  
Fri, 18 Jun 2021 17:18:59-run_all_case.py-Image_warehouse.py-[line:284]-INFO-[日志信息]: 开始执行脚本test_PublicUpdate_NotImageName:
Fri, 18 Jun 2021 17:18:59-run_all_case.py-Image_warehouse.py-[line:28]-INFO-[日志信息]: 开始执行脚本test_PublicCreate:
Fri, 18 Jun 2021 17:19:21-run_all_case.py-Image_warehouse.py-[line:315]-INFO-[日志信息]: 开始执行脚本test_PublicUpdate_CacheYes:
Fri, 18 Jun 2021 17:19:21-run_all_case.py-Image_warehouse.py-[line:28]-INFO-[日志信息]: 开始执行脚本test_PublicCreate:
Fri, 18 Jun 2021 17:19:36-test_PublicCreate-Assert.py-[line:51]-INFO-[日志信息]: statusCode true, expected_code is 200, statusCode is 200 
Fri, 18 Jun 2021 17:19:36-test_PublicCreate-Assert.py-[line:68]-INFO-[日志信息]: Response body msg == expected_msg, expected_msg is ,body_msg is  
Fri, 18 Jun 2021 17:19:36-run_all_case.py-Image_warehouse.py-[line:64]-INFO-[日志信息]: 开始执行脚本test_PublicList:
Fri, 18 Jun 2021 17:19:36-test_PublicList-Assert.py-[line:51]-INFO-[日志信息]: statusCode true, expected_code is 200, statusCode is 200 
Fri, 18 Jun 2021 17:19:36-test_PublicList-Assert.py-[line:68]-INFO-[日志信息]: Response body msg == expected_msg, expected_msg is ,body_msg is  
Fri, 18 Jun 2021 17:19:36-test_PublicUpdate_CacheYes-Assert.py-[line:51]-INFO-[日志信息]: statusCode true, expected_code is 200, statusCode is 200 
Fri, 18 Jun 2021 17:19:36-test_PublicUpdate_CacheYes-Assert.py-[line:68]-INFO-[日志信息]: Response body msg == expected_msg, expected_msg is ,body_msg is  
Fri, 18 Jun 2021 17:19:36-run_all_case.py-Image_warehouse.py-[line:346]-INFO-[日志信息]: 开始执行脚本test_PublicUpdate_CacheNo:
Fri, 18 Jun 2021 17:19:36-run_all_case.py-Image_warehouse.py-[line:28]-INFO-[日志信息]: 开始执行脚本test_PublicCreate:
Fri, 18 Jun 2021 17:19:36-test_PublicCreate-Assert.py-[line:51]-INFO-[日志信息]: statusCode true, expected_code is 200, statusCode is 200 
Fri, 18 Jun 2021 17:19:36-test_PublicCreate-Assert.py-[line:68]-INFO-[日志信息]: Response body msg == expected_msg, expected_msg is ,body_msg is  
Fri, 18 Jun 2021 17:19:36-run_all_case.py-Image_warehouse.py-[line:64]-INFO-[日志信息]: 开始执行脚本test_PublicList:
Fri, 18 Jun 2021 17:19:36-test_PublicList-Assert.py-[line:51]-INFO-[日志信息]: statusCode true, expected_code is 200, statusCode is 200 
Fri, 18 Jun 2021 17:19:36-test_PublicList-Assert.py-[line:68]-INFO-[日志信息]: Response body msg == expected_msg, expected_msg is ,body_msg is  
Fri, 18 Jun 2021 17:19:36-test_PublicUpdate_CacheNo-Assert.py-[line:51]-INFO-[日志信息]: statusCode true, expected_code is 200, statusCode is 200 
Fri, 18 Jun 2021 17:19:36-test_PublicUpdate_CacheNo-Assert.py-[line:68]-INFO-[日志信息]: Response body msg == expected_msg, expected_msg is ,body_msg is  
Fri, 18 Jun 2021 17:19:36-run_all_case.py-Image_warehouse.py-[line:376]-INFO-[日志信息]: 开始执行脚本test_PublicStartCache:
Fri, 18 Jun 2021 17:19:36-run_all_case.py-Image_warehouse.py-[line:28]-INFO-[日志信息]: 开始执行脚本test_PublicCreate:
Fri, 18 Jun 2021 17:19:36-test_PublicCreate-Assert.py-[line:51]-INFO-[日志信息]: statusCode true, expected_code is 200, statusCode is 200 
Fri, 18 Jun 2021 17:19:36-test_PublicCreate-Assert.py-[line:68]-INFO-[日志信息]: Response body msg == expected_msg, expected_msg is ,body_msg is  
Fri, 18 Jun 2021 17:19:36-run_all_case.py-Image_warehouse.py-[line:64]-INFO-[日志信息]: 开始执行脚本test_PublicList:
Fri, 18 Jun 2021 17:19:36-test_PublicList-Assert.py-[line:51]-INFO-[日志信息]: statusCode true, expected_code is 200, statusCode is 200 
Fri, 18 Jun 2021 17:19:36-test_PublicList-Assert.py-[line:68]-INFO-[日志信息]: Response body msg == expected_msg, expected_msg is ,body_msg is  
Fri, 18 Jun 2021 17:19:37-test_PublicStartCache-Assert.py-[line:51]-INFO-[日志信息]: statusCode true, expected_code is 200, statusCode is 200 
Fri, 18 Jun 2021 17:19:37-test_PublicStartCache-Assert.py-[line:68]-INFO-[日志信息]: Response body msg == expected_msg, expected_msg is ,body_msg is  
Fri, 18 Jun 2021 17:19:37-run_all_case.py-Image_warehouse.py-[line:406]-INFO-[日志信息]: 开始执行脚本test_PrivateList:
Fri, 18 Jun 2021 17:19:37-test_PrivateList-Assert.py-[line:51]-INFO-[日志信息]: statusCode true, expected_code is 200, statusCode is 200 
Fri, 18 Jun 2021 17:19:37-test_PrivateList-Assert.py-[line:68]-INFO-[日志信息]: Response body msg == expected_msg, expected_msg is ,body_msg is  
Fri, 18 Jun 2021 17:19:37-run_all_case.py-Image_warehouse.py-[line:435]-INFO-[日志信息]: 开始执行脚本test_PrivateUpdate:
Fri, 18 Jun 2021 17:19:37-test_PrivateUpdate-Assert.py-[line:51]-INFO-[日志信息]: statusCode true, expected_code is 200, statusCode is 200 
Fri, 18 Jun 2021 17:19:37-test_PrivateUpdate-Assert.py-[line:68]-INFO-[日志信息]: Response body msg == expected_msg, expected_msg is ,body_msg is  
