Tue, 10 Aug 2021 10:54:05-_jb_pytest_runner.py-Register_case.py-[line:47]-INFO-[日志信息]: 开始执行脚本test_Register:
Tue, 10 Aug 2021 10:55:25-_jb_pytest_runner.py-Register_case.py-[line:23]-INFO-[日志信息]: 开始执行脚本test_Register:
Tue, 10 Aug 2021 10:55:25-_jb_pytest_runner.py-Register_case.py-[line:47]-INFO-[日志信息]: 开始执行脚本test_CodeError:
Tue, 10 Aug 2021 15:14:18-_jb_pytest_runner.py-Register_case.py-[line:23]-INFO-[日志信息]: 开始执行脚本test_Register:
Tue, 10 Aug 2021 15:14:18-_jb_pytest_runner.py-Register_case.py-[line:42]-INFO-[日志信息]: 开始执行脚本test_No_Num:
Tue, 10 Aug 2021 15:14:18-_jb_pytest_runner.py-Register_case.py-[line:60]-INFO-[日志信息]: 开始执行脚本test_Wrong_Num:
Tue, 10 Aug 2021 15:14:18-_jb_pytest_runner.py-Register_case.py-[line:79]-INFO-[日志信息]: 开始执行脚本test_Illegal_Character:
Tue, 10 Aug 2021 15:14:19-_jb_pytest_runner.py-Register_case.py-[line:98]-INFO-[日志信息]: 开始执行脚本test_Registered_Num:
Tue, 10 Aug 2021 15:14:19-_jb_pytest_runner.py-Register_case.py-[line:117]-INFO-[日志信息]: 开始执行脚本test_Pwd_Error:
Tue, 10 Aug 2021 15:14:19-_jb_pytest_runner.py-Register_case.py-[line:136]-INFO-[日志信息]: 开始执行脚本test_No_Capitalization:
Tue, 10 Aug 2021 15:14:19-_jb_pytest_runner.py-Register_case.py-[line:155]-INFO-[日志信息]: 开始执行脚本test_No_Pwd:
Tue, 10 Aug 2021 15:14:19-_jb_pytest_runner.py-Register_case.py-[line:173]-INFO-[日志信息]: 开始执行脚本test_CodeError:
Tue, 10 Aug 2021 15:14:19-_jb_pytest_runner.py-Register_case.py-[line:194]-INFO-[日志信息]: 开始执行脚本test_No_Code:
Tue, 10 Aug 2021 15:22:16-_jb_pytest_runner.py-Register_case.py-[line:23]-INFO-[日志信息]: 开始执行脚本test_Register:
Tue, 10 Aug 2021 15:22:23-_jb_pytest_runner.py-Register_case.py-[line:23]-INFO-[日志信息]: 开始执行脚本test_Register:
Tue, 10 Aug 2021 15:22:24-_jb_pytest_runner.py-Register_case.py-[line:42]-INFO-[日志信息]: 开始执行脚本test_No_Num:
Tue, 10 Aug 2021 15:22:24-_jb_pytest_runner.py-Register_case.py-[line:60]-INFO-[日志信息]: 开始执行脚本test_Wrong_Num:
Tue, 10 Aug 2021 15:22:24-_jb_pytest_runner.py-Register_case.py-[line:79]-INFO-[日志信息]: 开始执行脚本test_Illegal_Character:
Tue, 10 Aug 2021 15:22:24-_jb_pytest_runner.py-Register_case.py-[line:98]-INFO-[日志信息]: 开始执行脚本test_Registered_Num:
Tue, 10 Aug 2021 15:22:24-_jb_pytest_runner.py-Register_case.py-[line:117]-INFO-[日志信息]: 开始执行脚本test_Pwd_Error:
Tue, 10 Aug 2021 15:22:24-_jb_pytest_runner.py-Register_case.py-[line:136]-INFO-[日志信息]: 开始执行脚本test_No_Capitalization:
Tue, 10 Aug 2021 15:22:24-_jb_pytest_runner.py-Register_case.py-[line:155]-INFO-[日志信息]: 开始执行脚本test_No_Pwd:
Tue, 10 Aug 2021 15:22:24-_jb_pytest_runner.py-Register_case.py-[line:173]-INFO-[日志信息]: 开始执行脚本test_CodeError:
Tue, 10 Aug 2021 15:22:24-_jb_pytest_runner.py-Register_case.py-[line:194]-INFO-[日志信息]: 开始执行脚本test_No_Code:
Tue, 10 Aug 2021 15:41:06-_jb_pytest_runner.py-Register_case.py-[line:136]-INFO-[日志信息]: 开始执行脚本test_No_Capitalization:
Tue, 10 Aug 2021 15:41:19-_jb_pytest_runner.py-Register_case.py-[line:23]-INFO-[日志信息]: 开始执行脚本test_Register:
Tue, 10 Aug 2021 15:41:19-_jb_pytest_runner.py-Register_case.py-[line:42]-INFO-[日志信息]: 开始执行脚本test_No_Num:
Tue, 10 Aug 2021 15:41:19-_jb_pytest_runner.py-Register_case.py-[line:60]-INFO-[日志信息]: 开始执行脚本test_Wrong_Num:
Tue, 10 Aug 2021 15:41:19-_jb_pytest_runner.py-Register_case.py-[line:79]-INFO-[日志信息]: 开始执行脚本test_Illegal_Character:
Tue, 10 Aug 2021 15:41:19-_jb_pytest_runner.py-Register_case.py-[line:98]-INFO-[日志信息]: 开始执行脚本test_Registered_Num:
Tue, 10 Aug 2021 15:41:19-_jb_pytest_runner.py-Register_case.py-[line:117]-INFO-[日志信息]: 开始执行脚本test_Pwd_Error:
Tue, 10 Aug 2021 15:41:19-_jb_pytest_runner.py-Register_case.py-[line:136]-INFO-[日志信息]: 开始执行脚本test_No_Capitalization:
Tue, 10 Aug 2021 15:41:19-_jb_pytest_runner.py-Register_case.py-[line:155]-INFO-[日志信息]: 开始执行脚本test_No_Pwd:
Tue, 10 Aug 2021 15:41:19-_jb_pytest_runner.py-Register_case.py-[line:173]-INFO-[日志信息]: 开始执行脚本test_CodeError:
Tue, 10 Aug 2021 15:41:19-_jb_pytest_runner.py-Register_case.py-[line:194]-INFO-[日志信息]: 开始执行脚本test_No_Code:
Tue, 10 Aug 2021 15:47:15-_jb_pytest_runner.py-study.py-[line:22]-INFO-[日志信息]: 开始执行脚本test_PublicList:
Tue, 10 Aug 2021 15:47:15-_jb_pytest_runner.py-study.py-[line:71]-INFO-[日志信息]: 开始执行脚本test_PublicRemoveCache:
Tue, 10 Aug 2021 15:47:15-_jb_pytest_runner.py-study.py-[line:22]-INFO-[日志信息]: 开始执行脚本test_PublicList:
Tue, 10 Aug 2021 15:54:23-_jb_pytest_runner.py-Register_case.py-[line:24]-INFO-[日志信息]: 开始执行脚本test_Register:
Tue, 10 Aug 2021 15:55:09-_jb_pytest_runner.py-Register_case.py-[line:24]-INFO-[日志信息]: 开始执行脚本test_Register:
Tue, 10 Aug 2021 15:55:45-_jb_pytest_runner.py-Register_case.py-[line:24]-INFO-[日志信息]: 开始执行脚本test_Register:
Tue, 10 Aug 2021 15:56:45-_jb_pytest_runner.py-Register_case.py-[line:24]-INFO-[日志信息]: 开始执行脚本test_Register:
Tue, 10 Aug 2021 15:57:07-_jb_pytest_runner.py-Register_case.py-[line:24]-INFO-[日志信息]: 开始执行脚本test_Register:
Tue, 10 Aug 2021 15:58:09-_jb_pytest_runner.py-Register_case.py-[line:24]-INFO-[日志信息]: 开始执行脚本test_Register:
Tue, 10 Aug 2021 15:58:53-_jb_pytest_runner.py-Register_case.py-[line:24]-INFO-[日志信息]: 开始执行脚本test_Register:
Tue, 10 Aug 2021 15:59:37-_jb_pytest_runner.py-Register_case.py-[line:24]-INFO-[日志信息]: 开始执行脚本test_Register:
Tue, 10 Aug 2021 16:00:28-_jb_pytest_runner.py-Register_case.py-[line:24]-INFO-[日志信息]: 开始执行脚本test_Register:
Tue, 10 Aug 2021 16:09:57-_jb_pytest_runner.py-Register_case.py-[line:24]-INFO-[日志信息]: 开始执行脚本test_Register:
Tue, 10 Aug 2021 16:20:19-_jb_pytest_runner.py-Register_case.py-[line:24]-INFO-[日志信息]: 开始执行脚本test_Register:
Tue, 10 Aug 2021 16:20:19-_jb_pytest_runner.py-Register_case.py-[line:44]-INFO-[日志信息]: 开始执行脚本test_No_Num:
Tue, 10 Aug 2021 16:20:20-_jb_pytest_runner.py-Register_case.py-[line:63]-INFO-[日志信息]: 开始执行脚本test_Wrong_Num:
Tue, 10 Aug 2021 16:20:20-_jb_pytest_runner.py-Register_case.py-[line:82]-INFO-[日志信息]: 开始执行脚本test_Illegal_Character:
Tue, 10 Aug 2021 16:20:20-_jb_pytest_runner.py-Register_case.py-[line:101]-INFO-[日志信息]: 开始执行脚本test_Registered_Num:
Tue, 10 Aug 2021 16:20:20-_jb_pytest_runner.py-Register_case.py-[line:120]-INFO-[日志信息]: 开始执行脚本test_Pwd_Error:
Tue, 10 Aug 2021 16:20:20-_jb_pytest_runner.py-Register_case.py-[line:140]-INFO-[日志信息]: 开始执行脚本test_No_Capitalization:
Tue, 10 Aug 2021 16:20:20-_jb_pytest_runner.py-Register_case.py-[line:160]-INFO-[日志信息]: 开始执行脚本test_No_Pwd:
Tue, 10 Aug 2021 16:20:20-_jb_pytest_runner.py-Register_case.py-[line:179]-INFO-[日志信息]: 开始执行脚本test_CodeError:
Tue, 10 Aug 2021 16:20:20-_jb_pytest_runner.py-Register_case.py-[line:201]-INFO-[日志信息]: 开始执行脚本test_No_Code:
Tue, 10 Aug 2021 16:39:24-_jb_pytest_runner.py-Register_case.py-[line:24]-INFO-[日志信息]: 开始执行脚本test_Register:
Tue, 10 Aug 2021 16:39:24-test_Register-Assert.py-[line:51]-INFO-[日志信息]: statusCode true, expected_code is 200, statusCode is 200 
Tue, 10 Aug 2021 16:39:24-test_Register-Assert.py-[line:68]-INFO-[日志信息]: Response body msg == expected_msg, expected_msg is ,body_msg is  
Tue, 10 Aug 2021 16:39:24-_jb_pytest_runner.py-Register_case.py-[line:49]-INFO-[日志信息]: 开始执行脚本test_No_Num:
Tue, 10 Aug 2021 16:39:25-_jb_pytest_runner.py-Register_case.py-[line:68]-INFO-[日志信息]: 开始执行脚本test_Wrong_Num:
Tue, 10 Aug 2021 16:39:25-_jb_pytest_runner.py-Register_case.py-[line:87]-INFO-[日志信息]: 开始执行脚本test_Illegal_Character:
Tue, 10 Aug 2021 16:39:25-_jb_pytest_runner.py-Register_case.py-[line:106]-INFO-[日志信息]: 开始执行脚本test_Registered_Num:
Tue, 10 Aug 2021 16:39:25-_jb_pytest_runner.py-Register_case.py-[line:125]-INFO-[日志信息]: 开始执行脚本test_Pwd_Error:
Tue, 10 Aug 2021 16:39:25-_jb_pytest_runner.py-Register_case.py-[line:145]-INFO-[日志信息]: 开始执行脚本test_Pwd_No_Capitalization:
Tue, 10 Aug 2021 16:39:25-_jb_pytest_runner.py-Register_case.py-[line:165]-INFO-[日志信息]: 开始执行脚本test_No_Pwd:
Tue, 10 Aug 2021 16:39:25-_jb_pytest_runner.py-Register_case.py-[line:184]-INFO-[日志信息]: 开始执行脚本test_CodeError:
Tue, 10 Aug 2021 16:39:25-_jb_pytest_runner.py-Register_case.py-[line:206]-INFO-[日志信息]: 开始执行脚本test_No_Code:
Tue, 10 Aug 2021 16:50:42-_jb_pytest_runner.py-Register_case.py-[line:24]-INFO-[日志信息]: 开始执行脚本test_Register：

Tue, 10 Aug 2021 16:50:42-test_Register-Assert.py-[line:51]-INFO-[日志信息]: statusCode true, expected_code is 200, statusCode is 200 
Tue, 10 Aug 2021 16:50:42-test_Register-Assert.py-[line:68]-INFO-[日志信息]: Response body msg == expected_msg, expected_msg is ,body_msg is  
Tue, 10 Aug 2021 16:50:42-_jb_pytest_runner.py-Register_case.py-[line:49]-INFO-[日志信息]: 开始执行脚本test_No_Num：

Tue, 10 Aug 2021 16:50:42-_jb_pytest_runner.py-Register_case.py-[line:68]-INFO-[日志信息]: 开始执行脚本test_Wrong_Num：

Tue, 10 Aug 2021 16:50:42-_jb_pytest_runner.py-Register_case.py-[line:87]-INFO-[日志信息]: 开始执行脚本test_Illegal_Character：

Tue, 10 Aug 2021 16:50:42-_jb_pytest_runner.py-Register_case.py-[line:106]-INFO-[日志信息]: 开始执行脚本test_Registered_Num：

Tue, 10 Aug 2021 16:50:42-_jb_pytest_runner.py-Register_case.py-[line:125]-INFO-[日志信息]: 开始执行脚本test_Pwd_Error：

Tue, 10 Aug 2021 16:50:42-_jb_pytest_runner.py-Register_case.py-[line:145]-INFO-[日志信息]: 开始执行脚本test_Pwd_No_Capitalization：

Tue, 10 Aug 2021 16:50:42-_jb_pytest_runner.py-Register_case.py-[line:165]-INFO-[日志信息]: 开始执行脚本test_No_Pwd：

Tue, 10 Aug 2021 16:50:42-_jb_pytest_runner.py-Register_case.py-[line:184]-INFO-[日志信息]: 开始执行脚本test_CodeError：

Tue, 10 Aug 2021 16:50:42-_jb_pytest_runner.py-Register_case.py-[line:206]-INFO-[日志信息]: 开始执行脚本test_No_Code：

Tue, 10 Aug 2021 16:52:13-_jb_pytest_runner.py-Register_case.py-[line:24]-INFO-[日志信息]: 开始执行脚本test_Register：

Tue, 10 Aug 2021 16:52:13-test_Register-Assert.py-[line:51]-INFO-[日志信息]: statusCode true, expected_code is 200, statusCode is 200 
Tue, 10 Aug 2021 16:52:13-test_Register-Assert.py-[line:71]-ERROR-[日志信息]: Response body msg != expected_msg, expected_msg is 
,body_msg is  
Tue, 10 Aug 2021 16:52:13-_jb_pytest_runner.py-Register_case.py-[line:49]-INFO-[日志信息]: 开始执行脚本test_No_Num：

Tue, 10 Aug 2021 16:52:13-_jb_pytest_runner.py-Register_case.py-[line:68]-INFO-[日志信息]: 开始执行脚本test_Wrong_Num：

Tue, 10 Aug 2021 16:52:13-_jb_pytest_runner.py-Register_case.py-[line:87]-INFO-[日志信息]: 开始执行脚本test_Illegal_Character：

Tue, 10 Aug 2021 16:52:14-_jb_pytest_runner.py-Register_case.py-[line:106]-INFO-[日志信息]: 开始执行脚本test_Registered_Num：

Tue, 10 Aug 2021 16:52:14-_jb_pytest_runner.py-Register_case.py-[line:125]-INFO-[日志信息]: 开始执行脚本test_Pwd_Error：

Tue, 10 Aug 2021 16:52:14-_jb_pytest_runner.py-Register_case.py-[line:145]-INFO-[日志信息]: 开始执行脚本test_Pwd_No_Capitalization：

Tue, 10 Aug 2021 16:52:14-_jb_pytest_runner.py-Register_case.py-[line:165]-INFO-[日志信息]: 开始执行脚本test_No_Pwd：

Tue, 10 Aug 2021 16:52:14-_jb_pytest_runner.py-Register_case.py-[line:184]-INFO-[日志信息]: 开始执行脚本test_CodeError：

Tue, 10 Aug 2021 16:52:14-_jb_pytest_runner.py-Register_case.py-[line:206]-INFO-[日志信息]: 开始执行脚本test_No_Code：

Tue, 10 Aug 2021 16:58:43-_jb_pytest_runner.py-Register_case.py-[line:24]-INFO-[日志信息]: 开始执行脚本test_Register：

Tue, 10 Aug 2021 16:58:43-test_Register-Assert.py-[line:51]-INFO-[日志信息]: statusCode true, expected_code is 200, statusCode is 200 
Tue, 10 Aug 2021 16:58:43-test_Register-Assert.py-[line:68]-INFO-[日志信息]: Response body msg == expected_msg, expected_msg is ,body_msg is  
Tue, 10 Aug 2021 16:58:43-_jb_pytest_runner.py-Register_case.py-[line:50]-INFO-[日志信息]: 开始执行脚本test_No_Num：

Tue, 10 Aug 2021 16:58:44-_jb_pytest_runner.py-Register_case.py-[line:69]-INFO-[日志信息]: 开始执行脚本test_Wrong_Num：

Tue, 10 Aug 2021 16:58:44-_jb_pytest_runner.py-Register_case.py-[line:88]-INFO-[日志信息]: 开始执行脚本test_Illegal_Character：

Tue, 10 Aug 2021 16:58:44-_jb_pytest_runner.py-Register_case.py-[line:107]-INFO-[日志信息]: 开始执行脚本test_Registered_Num：

Tue, 10 Aug 2021 16:58:44-_jb_pytest_runner.py-Register_case.py-[line:126]-INFO-[日志信息]: 开始执行脚本test_Pwd_Error：

Tue, 10 Aug 2021 16:58:44-_jb_pytest_runner.py-Register_case.py-[line:146]-INFO-[日志信息]: 开始执行脚本test_Pwd_No_Capitalization：

Tue, 10 Aug 2021 16:58:44-_jb_pytest_runner.py-Register_case.py-[line:166]-INFO-[日志信息]: 开始执行脚本test_No_Pwd：

Tue, 10 Aug 2021 16:58:44-_jb_pytest_runner.py-Register_case.py-[line:185]-INFO-[日志信息]: 开始执行脚本test_CodeError：

Tue, 10 Aug 2021 16:58:44-_jb_pytest_runner.py-Register_case.py-[line:207]-INFO-[日志信息]: 开始执行脚本test_No_Code：

Tue, 10 Aug 2021 17:22:55-run_all_case.py-run_all_case.py-[line:21]-INFO-[日志信息]: ==================================2021-08-10 17:22:55===================================
Tue, 10 Aug 2021 17:23:09-run_all_case.py-run_all_case.py-[line:21]-INFO-[日志信息]: ==================================2021-08-10 17:23:09===================================
Tue, 10 Aug 2021 17:23:10-run_all_case.py-Register_case.py-[line:25]-INFO-[日志信息]: 开始执行脚本test_Register：

Tue, 10 Aug 2021 17:23:10-test_Register-Assert.py-[line:51]-INFO-[日志信息]: statusCode true, expected_code is 200, statusCode is 200 
Tue, 10 Aug 2021 17:23:10-test_Register-Assert.py-[line:68]-INFO-[日志信息]: Response body msg == expected_msg, expected_msg is ,body_msg is  
Tue, 10 Aug 2021 17:23:10-run_all_case.py-Register_case.py-[line:54]-INFO-[日志信息]: 开始执行脚本test_No_Num：

Tue, 10 Aug 2021 17:23:10-test_No_Num-Assert.py-[line:51]-INFO-[日志信息]: statusCode true, expected_code is 200, statusCode is 200 
Tue, 10 Aug 2021 17:23:10-test_No_Num-Assert.py-[line:71]-ERROR-[日志信息]: Response body msg != expected_msg, expected_msg is 请填写手机号,body_msg is 请求参数错误 
Tue, 10 Aug 2021 17:23:10-run_all_case.py-Register_case.py-[line:78]-INFO-[日志信息]: 开始执行脚本test_Wrong_Num：

Tue, 10 Aug 2021 17:23:10-test_Wrong_Num-Assert.py-[line:51]-INFO-[日志信息]: statusCode true, expected_code is 200, statusCode is 200 
Tue, 10 Aug 2021 17:23:10-test_Wrong_Num-Assert.py-[line:68]-INFO-[日志信息]: Response body msg == expected_msg, expected_msg is 手机号格式错误,body_msg is 手机号格式错误 
Tue, 10 Aug 2021 17:23:10-run_all_case.py-Register_case.py-[line:102]-INFO-[日志信息]: 开始执行脚本test_Illegal_Character：

Tue, 10 Aug 2021 17:23:10-test_Illegal_Character-Assert.py-[line:51]-INFO-[日志信息]: statusCode true, expected_code is 200, statusCode is 200 
Tue, 10 Aug 2021 17:23:10-test_Illegal_Character-Assert.py-[line:68]-INFO-[日志信息]: Response body msg == expected_msg, expected_msg is 手机号格式错误,body_msg is 手机号格式错误 
Tue, 10 Aug 2021 17:23:10-run_all_case.py-Register_case.py-[line:126]-INFO-[日志信息]: 开始执行脚本test_Registered_Num：

Tue, 10 Aug 2021 17:23:10-test_Registered_Num-Assert.py-[line:51]-INFO-[日志信息]: statusCode true, expected_code is 200, statusCode is 200 
Tue, 10 Aug 2021 17:23:10-test_Registered_Num-Assert.py-[line:68]-INFO-[日志信息]: Response body msg == expected_msg, expected_msg is 手机号已注册，请登录,body_msg is 手机号已注册，请登录 
Tue, 10 Aug 2021 17:23:10-run_all_case.py-Register_case.py-[line:150]-INFO-[日志信息]: 开始执行脚本test_Pwd_Error：

Tue, 10 Aug 2021 17:23:11-test_Pwd_Error-Assert.py-[line:51]-INFO-[日志信息]: statusCode true, expected_code is 200, statusCode is 200 
Tue, 10 Aug 2021 17:23:11-test_Pwd_Error-Assert.py-[line:71]-ERROR-[日志信息]: Response body msg != expected_msg, expected_msg is 手机号格式错误,body_msg is  
Tue, 10 Aug 2021 17:23:11-run_all_case.py-Register_case.py-[line:175]-INFO-[日志信息]: 开始执行脚本test_Pwd_No_Capitalization：

Tue, 10 Aug 2021 17:23:11-test_Pwd_No_Capitalization-Assert.py-[line:51]-INFO-[日志信息]: statusCode true, expected_code is 200, statusCode is 200 
Tue, 10 Aug 2021 17:23:11-test_Pwd_No_Capitalization-Assert.py-[line:71]-ERROR-[日志信息]: Response body msg != expected_msg, expected_msg is 手机号格式错误,body_msg is  
Tue, 10 Aug 2021 17:23:11-run_all_case.py-Register_case.py-[line:200]-INFO-[日志信息]: 开始执行脚本test_No_Pwd：

Tue, 10 Aug 2021 17:23:11-test_No_Pwd-Assert.py-[line:51]-INFO-[日志信息]: statusCode true, expected_code is 200, statusCode is 200 
Tue, 10 Aug 2021 17:23:11-test_No_Pwd-Assert.py-[line:71]-ERROR-[日志信息]: Response body msg != expected_msg, expected_msg is 手机号格式错误,body_msg is 请求参数错误 
Tue, 10 Aug 2021 17:23:11-run_all_case.py-Register_case.py-[line:224]-INFO-[日志信息]: 开始执行脚本test_CodeError：

Tue, 10 Aug 2021 17:23:11-test_CodeError-Assert.py-[line:51]-INFO-[日志信息]: statusCode true, expected_code is 200, statusCode is 200 
Tue, 10 Aug 2021 17:23:11-test_CodeError-Assert.py-[line:71]-ERROR-[日志信息]: Response body msg != expected_msg, expected_msg is 手机号格式错误,body_msg is 请重新获取短信验证码 
Tue, 10 Aug 2021 17:23:11-run_all_case.py-Register_case.py-[line:251]-INFO-[日志信息]: 开始执行脚本test_No_Code：

Tue, 10 Aug 2021 17:23:11-test_No_Code-Assert.py-[line:51]-INFO-[日志信息]: statusCode true, expected_code is 200, statusCode is 200 
Tue, 10 Aug 2021 17:23:11-test_No_Code-Assert.py-[line:71]-ERROR-[日志信息]: Response body msg != expected_msg, expected_msg is 手机号格式错误,body_msg is 请求参数错误 
Tue, 10 Aug 2021 17:28:30-run_all_case.py-run_all_case.py-[line:21]-INFO-[日志信息]: ==================================2021-08-10 17:28:30===================================
Tue, 10 Aug 2021 17:28:30-run_all_case.py-Register_case.py-[line:25]-INFO-[日志信息]: 开始执行脚本test_Register：

Tue, 10 Aug 2021 17:28:30-test_Register-Assert.py-[line:51]-INFO-[日志信息]: statusCode true, expected_code is 200, statusCode is 200 
Tue, 10 Aug 2021 17:28:30-test_Register-Assert.py-[line:71]-ERROR-[日志信息]: Response body msg != expected_msg, expected_msg is ,body_msg is 请重新获取短信验证码 
Tue, 10 Aug 2021 17:28:31-run_all_case.py-Register_case.py-[line:54]-INFO-[日志信息]: 开始执行脚本test_No_Num：

Tue, 10 Aug 2021 17:28:31-test_No_Num-Assert.py-[line:51]-INFO-[日志信息]: statusCode true, expected_code is 200, statusCode is 200 
Tue, 10 Aug 2021 17:28:31-test_No_Num-Assert.py-[line:71]-ERROR-[日志信息]: Response body msg != expected_msg, expected_msg is 请填写手机号,body_msg is 请求参数错误 
Tue, 10 Aug 2021 17:28:31-run_all_case.py-Register_case.py-[line:78]-INFO-[日志信息]: 开始执行脚本test_Wrong_Num：

Tue, 10 Aug 2021 17:28:31-test_Wrong_Num-Assert.py-[line:51]-INFO-[日志信息]: statusCode true, expected_code is 200, statusCode is 200 
Tue, 10 Aug 2021 17:28:31-test_Wrong_Num-Assert.py-[line:68]-INFO-[日志信息]: Response body msg == expected_msg, expected_msg is 手机号格式错误,body_msg is 手机号格式错误 
Tue, 10 Aug 2021 17:28:31-run_all_case.py-Register_case.py-[line:102]-INFO-[日志信息]: 开始执行脚本test_Illegal_Character：

Tue, 10 Aug 2021 17:28:31-test_Illegal_Character-Assert.py-[line:51]-INFO-[日志信息]: statusCode true, expected_code is 200, statusCode is 200 
Tue, 10 Aug 2021 17:28:31-test_Illegal_Character-Assert.py-[line:68]-INFO-[日志信息]: Response body msg == expected_msg, expected_msg is 手机号格式错误,body_msg is 手机号格式错误 
Tue, 10 Aug 2021 17:28:31-run_all_case.py-Register_case.py-[line:126]-INFO-[日志信息]: 开始执行脚本test_Registered_Num：

Tue, 10 Aug 2021 17:28:31-test_Registered_Num-Assert.py-[line:51]-INFO-[日志信息]: statusCode true, expected_code is 200, statusCode is 200 
Tue, 10 Aug 2021 17:28:31-test_Registered_Num-Assert.py-[line:71]-ERROR-[日志信息]: Response body msg != expected_msg, expected_msg is 手机号已注册，请登录,body_msg is 请重新获取短信验证码 
Tue, 10 Aug 2021 17:28:31-run_all_case.py-Register_case.py-[line:150]-INFO-[日志信息]: 开始执行脚本test_Pwd_Error：

Tue, 10 Aug 2021 17:28:31-test_Pwd_Error-Assert.py-[line:51]-INFO-[日志信息]: statusCode true, expected_code is 200, statusCode is 200 
Tue, 10 Aug 2021 17:28:31-test_Pwd_Error-Assert.py-[line:71]-ERROR-[日志信息]: Response body msg != expected_msg, expected_msg is 手机号格式错误,body_msg is 请重新获取短信验证码 
Tue, 10 Aug 2021 17:28:31-run_all_case.py-Register_case.py-[line:175]-INFO-[日志信息]: 开始执行脚本test_Pwd_No_Capitalization：

Tue, 10 Aug 2021 17:28:31-test_Pwd_No_Capitalization-Assert.py-[line:51]-INFO-[日志信息]: statusCode true, expected_code is 200, statusCode is 200 
Tue, 10 Aug 2021 17:28:31-test_Pwd_No_Capitalization-Assert.py-[line:71]-ERROR-[日志信息]: Response body msg != expected_msg, expected_msg is 手机号格式错误,body_msg is 请重新获取短信验证码 
Tue, 10 Aug 2021 17:28:31-run_all_case.py-Register_case.py-[line:200]-INFO-[日志信息]: 开始执行脚本test_No_Pwd：

Tue, 10 Aug 2021 17:28:31-test_No_Pwd-Assert.py-[line:51]-INFO-[日志信息]: statusCode true, expected_code is 200, statusCode is 200 
Tue, 10 Aug 2021 17:28:31-test_No_Pwd-Assert.py-[line:71]-ERROR-[日志信息]: Response body msg != expected_msg, expected_msg is 手机号格式错误,body_msg is 请求参数错误 
Tue, 10 Aug 2021 17:28:31-run_all_case.py-Register_case.py-[line:224]-INFO-[日志信息]: 开始执行脚本test_CodeError：

Tue, 10 Aug 2021 17:28:31-test_CodeError-Assert.py-[line:51]-INFO-[日志信息]: statusCode true, expected_code is 200, statusCode is 200 
Tue, 10 Aug 2021 17:28:31-test_CodeError-Assert.py-[line:71]-ERROR-[日志信息]: Response body msg != expected_msg, expected_msg is 手机号格式错误,body_msg is 请重新获取短信验证码 
Tue, 10 Aug 2021 17:28:31-run_all_case.py-Register_case.py-[line:251]-INFO-[日志信息]: 开始执行脚本test_No_Code：

Tue, 10 Aug 2021 17:28:32-test_No_Code-Assert.py-[line:51]-INFO-[日志信息]: statusCode true, expected_code is 200, statusCode is 200 
Tue, 10 Aug 2021 17:28:32-test_No_Code-Assert.py-[line:71]-ERROR-[日志信息]: Response body msg != expected_msg, expected_msg is 手机号格式错误,body_msg is 请求参数错误 
Tue, 10 Aug 2021 17:50:39-_jb_pytest_runner.py-Register_case.py-[line:25]-INFO-[日志信息]: 开始执行脚本test_Register：

Tue, 10 Aug 2021 17:50:39-test_Register-Assert.py-[line:51]-INFO-[日志信息]: statusCode true, expected_code is 200, statusCode is 200 
Tue, 10 Aug 2021 17:50:39-test_Register-Assert.py-[line:68]-INFO-[日志信息]: Response body msg == expected_msg, expected_msg is ,body_msg is  
Tue, 10 Aug 2021 17:50:39-_jb_pytest_runner.py-Register_case.py-[line:54]-INFO-[日志信息]: 开始执行脚本test_No_Num：

Tue, 10 Aug 2021 17:50:39-test_No_Num-Assert.py-[line:51]-INFO-[日志信息]: statusCode true, expected_code is 200, statusCode is 200 
Tue, 10 Aug 2021 17:50:39-test_No_Num-Assert.py-[line:71]-ERROR-[日志信息]: Response body msg != expected_msg, expected_msg is 请填写手机号,body_msg is 请求参数错误 
Tue, 10 Aug 2021 17:50:39-_jb_pytest_runner.py-Register_case.py-[line:78]-INFO-[日志信息]: 开始执行脚本test_Wrong_Num：

Tue, 10 Aug 2021 17:50:39-test_Wrong_Num-Assert.py-[line:51]-INFO-[日志信息]: statusCode true, expected_code is 200, statusCode is 200 
Tue, 10 Aug 2021 17:50:39-test_Wrong_Num-Assert.py-[line:68]-INFO-[日志信息]: Response body msg == expected_msg, expected_msg is 手机号格式错误,body_msg is 手机号格式错误 
Tue, 10 Aug 2021 17:50:39-_jb_pytest_runner.py-Register_case.py-[line:102]-INFO-[日志信息]: 开始执行脚本test_Illegal_Character：

Tue, 10 Aug 2021 17:50:39-test_Illegal_Character-Assert.py-[line:51]-INFO-[日志信息]: statusCode true, expected_code is 200, statusCode is 200 
Tue, 10 Aug 2021 17:50:39-test_Illegal_Character-Assert.py-[line:68]-INFO-[日志信息]: Response body msg == expected_msg, expected_msg is 手机号格式错误,body_msg is 手机号格式错误 
Tue, 10 Aug 2021 17:50:39-_jb_pytest_runner.py-Register_case.py-[line:126]-INFO-[日志信息]: 开始执行脚本test_Registered_Num：

Tue, 10 Aug 2021 17:50:39-test_Registered_Num-Assert.py-[line:51]-INFO-[日志信息]: statusCode true, expected_code is 200, statusCode is 200 
Tue, 10 Aug 2021 17:50:39-test_Registered_Num-Assert.py-[line:68]-INFO-[日志信息]: Response body msg == expected_msg, expected_msg is 手机号已注册，请登录,body_msg is 手机号已注册，请登录 
Tue, 10 Aug 2021 17:50:39-_jb_pytest_runner.py-Register_case.py-[line:150]-INFO-[日志信息]: 开始执行脚本test_Pwd_Error：

Tue, 10 Aug 2021 17:50:39-test_Pwd_Error-Assert.py-[line:51]-INFO-[日志信息]: statusCode true, expected_code is 200, statusCode is 200 
Tue, 10 Aug 2021 17:50:39-test_Pwd_Error-Assert.py-[line:68]-INFO-[日志信息]: Response body msg == expected_msg, expected_msg is ,body_msg is  
Tue, 10 Aug 2021 17:50:39-_jb_pytest_runner.py-Register_case.py-[line:175]-INFO-[日志信息]: 开始执行脚本test_Pwd_No_Capitalization：

Tue, 10 Aug 2021 17:50:39-test_Pwd_No_Capitalization-Assert.py-[line:51]-INFO-[日志信息]: statusCode true, expected_code is 200, statusCode is 200 
Tue, 10 Aug 2021 17:50:39-test_Pwd_No_Capitalization-Assert.py-[line:68]-INFO-[日志信息]: Response body msg == expected_msg, expected_msg is ,body_msg is  
Tue, 10 Aug 2021 17:50:39-_jb_pytest_runner.py-Register_case.py-[line:200]-INFO-[日志信息]: 开始执行脚本test_No_Pwd：

Tue, 10 Aug 2021 17:50:40-test_No_Pwd-Assert.py-[line:51]-INFO-[日志信息]: statusCode true, expected_code is 200, statusCode is 200 
Tue, 10 Aug 2021 17:50:40-test_No_Pwd-Assert.py-[line:71]-ERROR-[日志信息]: Response body msg != expected_msg, expected_msg is 请输入密码,body_msg is 请求参数错误 
Tue, 10 Aug 2021 17:50:40-_jb_pytest_runner.py-Register_case.py-[line:224]-INFO-[日志信息]: 开始执行脚本test_CodeError：

Tue, 10 Aug 2021 17:50:40-test_CodeError-Assert.py-[line:51]-INFO-[日志信息]: statusCode true, expected_code is 200, statusCode is 200 
Tue, 10 Aug 2021 17:50:40-test_CodeError-Assert.py-[line:71]-ERROR-[日志信息]: Response body msg != expected_msg, expected_msg is 手机号格式错误,body_msg is 请重新获取短信验证码 
Tue, 10 Aug 2021 17:50:40-_jb_pytest_runner.py-Register_case.py-[line:251]-INFO-[日志信息]: 开始执行脚本test_No_Code：

Tue, 10 Aug 2021 17:50:40-test_No_Code-Assert.py-[line:51]-INFO-[日志信息]: statusCode true, expected_code is 200, statusCode is 200 
Tue, 10 Aug 2021 17:50:40-test_No_Code-Assert.py-[line:71]-ERROR-[日志信息]: Response body msg != expected_msg, expected_msg is 手机号格式错误,body_msg is 请求参数错误 
Tue, 10 Aug 2021 17:56:58-_jb_pytest_runner.py-Login_case.py-[line:24]-INFO-[日志信息]: 开始执行脚本test_Login：

Tue, 10 Aug 2021 17:56:58-test_Login-Assert.py-[line:51]-INFO-[日志信息]: statusCode true, expected_code is 200, statusCode is 200 
Tue, 10 Aug 2021 17:56:58-test_Login-Assert.py-[line:71]-ERROR-[日志信息]: Response body msg != expected_msg, expected_msg is ,body_msg is 请求参数错误 
Tue, 10 Aug 2021 18:04:10-_jb_pytest_runner.py-Login_case.py-[line:24]-INFO-[日志信息]: 开始执行脚本test_login：

Tue, 10 Aug 2021 18:04:38-_jb_pytest_runner.py-Login_case.py-[line:24]-INFO-[日志信息]: 开始执行脚本test_login：

Tue, 10 Aug 2021 18:06:05-_jb_pytest_runner.py-Login_case.py-[line:26]-INFO-[日志信息]: 开始执行脚本test_login：

Tue, 10 Aug 2021 18:08:50-Login_case.py-Login_case.py-[line:54]-INFO-[日志信息]: 开始执行脚本login：

Tue, 10 Aug 2021 18:08:50-login-Assert.py-[line:51]-INFO-[日志信息]: statusCode true, expected_code is 200, statusCode is 200 
Tue, 10 Aug 2021 18:08:50-login-Assert.py-[line:68]-INFO-[日志信息]: Response body msg == expected_msg, expected_msg is ,body_msg is  
Tue, 10 Aug 2021 18:09:32-Login_case.py-Login_case.py-[line:54]-INFO-[日志信息]: 开始执行脚本login：

Tue, 10 Aug 2021 18:09:32-login-Assert.py-[line:50]-INFO-[日志信息]: statusCode true, expected_code is 200, statusCode is 200 
Tue, 10 Aug 2021 18:09:32-login-Assert.py-[line:67]-INFO-[日志信息]: Response body msg == expected_msg, expected_msg is ,body_msg is  
Tue, 10 Aug 2021 18:11:56-Login_case.py-Login_case.py-[line:54]-INFO-[日志信息]: 开始执行脚本login：

Tue, 10 Aug 2021 18:11:56-login-Assert.py-[line:30]-INFO-[日志信息]: statusCode true, expected_code is 200, statusCode is 200 
Tue, 10 Aug 2021 18:11:56-login-Assert.py-[line:47]-INFO-[日志信息]: Response body msg == expected_msg, expected_msg is ,body_msg is  
Tue, 10 Aug 2021 18:12:41-_jb_pytest_runner.py-Login_case.py-[line:24]-INFO-[日志信息]: 开始执行脚本test_login：

Tue, 10 Aug 2021 18:12:41-test_login-Assert.py-[line:30]-INFO-[日志信息]: statusCode true, expected_code is 200, statusCode is 200 
Tue, 10 Aug 2021 18:12:41-test_login-Assert.py-[line:47]-INFO-[日志信息]: Response body msg == expected_msg, expected_msg is ,body_msg is  
Tue, 10 Aug 2021 18:14:28-_jb_pytest_runner.py-Login_case.py-[line:23]-INFO-[日志信息]: 开始执行脚本test_login：

Tue, 10 Aug 2021 18:14:28-test_login-Assert.py-[line:30]-INFO-[日志信息]: statusCode true, expected_code is 200, statusCode is 200 
Tue, 10 Aug 2021 18:14:28-test_login-Assert.py-[line:47]-INFO-[日志信息]: Response body msg == expected_msg, expected_msg is ,body_msg is  
