Thu, 01 Jul 2021 11:32:55-run_all_case.py-run_all_case.py-[line:23]-INFO-[日志信息]: ==================================2021-07-01 11:32:55===================================
Thu, 01 Jul 2021 11:32:56-run_all_case.py-Image_warehouse.py-[line:28]-INFO-[日志信息]: 开始执行脚本test_PublicCreate:
Thu, 01 Jul 2021 11:32:56-test_PublicCreate-Assert.py-[line:51]-INFO-[日志信息]: statusCode true, expected_code is 200, statusCode is 200 
Thu, 01 Jul 2021 11:32:56-test_PublicCreate-Assert.py-[line:68]-INFO-[日志信息]: Response body msg == expected_msg, expected_msg is ,body_msg is  
Thu, 01 Jul 2021 11:32:56-run_all_case.py-Image_warehouse.py-[line:64]-INFO-[日志信息]: 开始执行脚本test_PublicList:
Thu, 01 Jul 2021 11:32:56-test_PublicList-Assert.py-[line:51]-INFO-[日志信息]: statusCode true, expected_code is 200, statusCode is 200 
Thu, 01 Jul 2021 11:32:56-test_PublicList-Assert.py-[line:68]-INFO-[日志信息]: Response body msg == expected_msg, expected_msg is ,body_msg is  
Thu, 01 Jul 2021 11:32:56-run_all_case.py-Image_warehouse.py-[line:114]-INFO-[日志信息]: 开始执行脚本test_PublicRemoveCache:
Thu, 01 Jul 2021 11:32:56-run_all_case.py-Image_warehouse.py-[line:64]-INFO-[日志信息]: 开始执行脚本test_PublicList:
Thu, 01 Jul 2021 11:32:56-test_PublicList-Assert.py-[line:51]-INFO-[日志信息]: statusCode true, expected_code is 200, statusCode is 200 
Thu, 01 Jul 2021 11:32:56-test_PublicList-Assert.py-[line:68]-INFO-[日志信息]: Response body msg == expected_msg, expected_msg is ,body_msg is  
Thu, 01 Jul 2021 11:32:56-test_PublicRemoveCache-Assert.py-[line:51]-INFO-[日志信息]: statusCode true, expected_code is 200, statusCode is 200 
Thu, 01 Jul 2021 11:32:56-test_PublicRemoveCache-Assert.py-[line:68]-INFO-[日志信息]: Response body msg == expected_msg, expected_msg is ,body_msg is  
Thu, 01 Jul 2021 11:32:56-run_all_case.py-Image_warehouse.py-[line:164]-INFO-[日志信息]: 开始执行脚本test_PublicCreate_Cache:
Thu, 01 Jul 2021 11:32:56-test_PublicCreate_Cache-Assert.py-[line:51]-INFO-[日志信息]: statusCode true, expected_code is 200, statusCode is 200 
Thu, 01 Jul 2021 11:32:56-test_PublicCreate_Cache-Assert.py-[line:68]-INFO-[日志信息]: Response body msg == expected_msg, expected_msg is ,body_msg is  
Thu, 01 Jul 2021 11:32:56-run_all_case.py-Image_warehouse.py-[line:195]-INFO-[日志信息]: 开始执行脚本test_PublicCheckName_False:
Thu, 01 Jul 2021 11:32:56-test_PublicCheckName_False-Assert.py-[line:51]-INFO-[日志信息]: statusCode true, expected_code is 200, statusCode is 200 
Thu, 01 Jul 2021 11:32:56-test_PublicCheckName_False-Assert.py-[line:68]-INFO-[日志信息]: Response body msg == expected_msg, expected_msg is ,body_msg is  
Thu, 01 Jul 2021 11:32:56-run_all_case.py-Image_warehouse.py-[line:224]-INFO-[日志信息]: 开始执行脚本test_PublicCheckName_True:
Thu, 01 Jul 2021 11:32:57-test_PublicCheckName_True-Assert.py-[line:51]-INFO-[日志信息]: statusCode true, expected_code is 200, statusCode is 200 
Thu, 01 Jul 2021 11:32:57-test_PublicCheckName_True-Assert.py-[line:68]-INFO-[日志信息]: Response body msg == expected_msg, expected_msg is ,body_msg is  
Thu, 01 Jul 2021 11:32:57-run_all_case.py-Image_warehouse.py-[line:253]-INFO-[日志信息]: 开始执行脚本test_PublicUpdate:
Thu, 01 Jul 2021 11:32:57-run_all_case.py-Image_warehouse.py-[line:28]-INFO-[日志信息]: 开始执行脚本test_PublicCreate:
Thu, 01 Jul 2021 11:32:57-test_PublicCreate-Assert.py-[line:51]-INFO-[日志信息]: statusCode true, expected_code is 200, statusCode is 200 
Thu, 01 Jul 2021 11:32:57-test_PublicCreate-Assert.py-[line:68]-INFO-[日志信息]: Response body msg == expected_msg, expected_msg is ,body_msg is  
Thu, 01 Jul 2021 11:32:57-run_all_case.py-Image_warehouse.py-[line:64]-INFO-[日志信息]: 开始执行脚本test_PublicList:
Thu, 01 Jul 2021 11:32:57-test_PublicList-Assert.py-[line:51]-INFO-[日志信息]: statusCode true, expected_code is 200, statusCode is 200 
Thu, 01 Jul 2021 11:32:57-test_PublicList-Assert.py-[line:68]-INFO-[日志信息]: Response body msg == expected_msg, expected_msg is ,body_msg is  
Thu, 01 Jul 2021 11:32:57-test_PublicUpdate-Assert.py-[line:51]-INFO-[日志信息]: statusCode true, expected_code is 200, statusCode is 200 
Thu, 01 Jul 2021 11:32:57-test_PublicUpdate-Assert.py-[line:68]-INFO-[日志信息]: Response body msg == expected_msg, expected_msg is ,body_msg is  
Thu, 01 Jul 2021 11:32:57-run_all_case.py-Image_warehouse.py-[line:284]-INFO-[日志信息]: 开始执行脚本test_PublicUpdate_NotImageName:
Thu, 01 Jul 2021 11:32:57-run_all_case.py-Image_warehouse.py-[line:28]-INFO-[日志信息]: 开始执行脚本test_PublicCreate:
Thu, 01 Jul 2021 11:32:57-test_PublicCreate-Assert.py-[line:51]-INFO-[日志信息]: statusCode true, expected_code is 200, statusCode is 200 
Thu, 01 Jul 2021 11:32:57-test_PublicCreate-Assert.py-[line:68]-INFO-[日志信息]: Response body msg == expected_msg, expected_msg is ,body_msg is  
Thu, 01 Jul 2021 11:32:57-run_all_case.py-Image_warehouse.py-[line:64]-INFO-[日志信息]: 开始执行脚本test_PublicList:
Thu, 01 Jul 2021 11:32:57-test_PublicList-Assert.py-[line:51]-INFO-[日志信息]: statusCode true, expected_code is 200, statusCode is 200 
Thu, 01 Jul 2021 11:32:57-test_PublicList-Assert.py-[line:68]-INFO-[日志信息]: Response body msg == expected_msg, expected_msg is ,body_msg is  
Thu, 01 Jul 2021 11:32:57-test_PublicUpdate_NotImageName-Assert.py-[line:51]-INFO-[日志信息]: statusCode true, expected_code is 200, statusCode is 200 
Thu, 01 Jul 2021 11:32:57-test_PublicUpdate_NotImageName-Assert.py-[line:68]-INFO-[日志信息]: Response body msg == expected_msg, expected_msg is ,body_msg is  
Thu, 01 Jul 2021 11:32:57-run_all_case.py-Image_warehouse.py-[line:315]-INFO-[日志信息]: 开始执行脚本test_PublicUpdate_CacheYes:
Thu, 01 Jul 2021 11:32:57-run_all_case.py-Image_warehouse.py-[line:28]-INFO-[日志信息]: 开始执行脚本test_PublicCreate:
Thu, 01 Jul 2021 11:32:57-test_PublicCreate-Assert.py-[line:51]-INFO-[日志信息]: statusCode true, expected_code is 200, statusCode is 200 
Thu, 01 Jul 2021 11:32:57-test_PublicCreate-Assert.py-[line:68]-INFO-[日志信息]: Response body msg == expected_msg, expected_msg is ,body_msg is  
Thu, 01 Jul 2021 11:32:57-run_all_case.py-Image_warehouse.py-[line:64]-INFO-[日志信息]: 开始执行脚本test_PublicList:
Thu, 01 Jul 2021 11:32:57-test_PublicList-Assert.py-[line:51]-INFO-[日志信息]: statusCode true, expected_code is 200, statusCode is 200 
Thu, 01 Jul 2021 11:32:57-test_PublicList-Assert.py-[line:68]-INFO-[日志信息]: Response body msg == expected_msg, expected_msg is ,body_msg is  
Thu, 01 Jul 2021 11:32:57-test_PublicUpdate_CacheYes-Assert.py-[line:51]-INFO-[日志信息]: statusCode true, expected_code is 200, statusCode is 200 
Thu, 01 Jul 2021 11:32:57-test_PublicUpdate_CacheYes-Assert.py-[line:68]-INFO-[日志信息]: Response body msg == expected_msg, expected_msg is ,body_msg is  
Thu, 01 Jul 2021 11:32:57-run_all_case.py-Image_warehouse.py-[line:346]-INFO-[日志信息]: 开始执行脚本test_PublicUpdate_CacheNo:
Thu, 01 Jul 2021 11:32:57-run_all_case.py-Image_warehouse.py-[line:28]-INFO-[日志信息]: 开始执行脚本test_PublicCreate:
Thu, 01 Jul 2021 11:32:58-test_PublicCreate-Assert.py-[line:51]-INFO-[日志信息]: statusCode true, expected_code is 200, statusCode is 200 
Thu, 01 Jul 2021 11:32:58-test_PublicCreate-Assert.py-[line:68]-INFO-[日志信息]: Response body msg == expected_msg, expected_msg is ,body_msg is  
Thu, 01 Jul 2021 11:32:58-run_all_case.py-Image_warehouse.py-[line:64]-INFO-[日志信息]: 开始执行脚本test_PublicList:
Thu, 01 Jul 2021 11:32:58-test_PublicList-Assert.py-[line:51]-INFO-[日志信息]: statusCode true, expected_code is 200, statusCode is 200 
Thu, 01 Jul 2021 11:32:58-test_PublicList-Assert.py-[line:68]-INFO-[日志信息]: Response body msg == expected_msg, expected_msg is ,body_msg is  
Thu, 01 Jul 2021 11:32:58-test_PublicUpdate_CacheNo-Assert.py-[line:51]-INFO-[日志信息]: statusCode true, expected_code is 200, statusCode is 200 
Thu, 01 Jul 2021 11:32:58-test_PublicUpdate_CacheNo-Assert.py-[line:68]-INFO-[日志信息]: Response body msg == expected_msg, expected_msg is ,body_msg is  
Thu, 01 Jul 2021 11:32:58-run_all_case.py-Image_warehouse.py-[line:376]-INFO-[日志信息]: 开始执行脚本test_PublicStartCache:
Thu, 01 Jul 2021 11:32:58-run_all_case.py-Image_warehouse.py-[line:28]-INFO-[日志信息]: 开始执行脚本test_PublicCreate:
Thu, 01 Jul 2021 11:32:58-test_PublicCreate-Assert.py-[line:51]-INFO-[日志信息]: statusCode true, expected_code is 200, statusCode is 200 
Thu, 01 Jul 2021 11:32:58-test_PublicCreate-Assert.py-[line:68]-INFO-[日志信息]: Response body msg == expected_msg, expected_msg is ,body_msg is  
Thu, 01 Jul 2021 11:32:58-run_all_case.py-Image_warehouse.py-[line:64]-INFO-[日志信息]: 开始执行脚本test_PublicList:
Thu, 01 Jul 2021 11:32:58-test_PublicList-Assert.py-[line:51]-INFO-[日志信息]: statusCode true, expected_code is 200, statusCode is 200 
Thu, 01 Jul 2021 11:32:58-test_PublicList-Assert.py-[line:68]-INFO-[日志信息]: Response body msg == expected_msg, expected_msg is ,body_msg is  
Thu, 01 Jul 2021 11:32:58-test_PublicStartCache-Assert.py-[line:51]-INFO-[日志信息]: statusCode true, expected_code is 200, statusCode is 200 
Thu, 01 Jul 2021 11:32:58-test_PublicStartCache-Assert.py-[line:68]-INFO-[日志信息]: Response body msg == expected_msg, expected_msg is ,body_msg is  
Thu, 01 Jul 2021 11:32:58-run_all_case.py-Image_warehouse.py-[line:406]-INFO-[日志信息]: 开始执行脚本test_PrivateList:
Thu, 01 Jul 2021 11:32:58-test_PrivateList-Assert.py-[line:51]-INFO-[日志信息]: statusCode true, expected_code is 200, statusCode is 200 
Thu, 01 Jul 2021 11:32:58-test_PrivateList-Assert.py-[line:68]-INFO-[日志信息]: Response body msg == expected_msg, expected_msg is ,body_msg is  
Thu, 01 Jul 2021 11:32:58-run_all_case.py-Image_warehouse.py-[line:435]-INFO-[日志信息]: 开始执行脚本test_PrivateUpdate:
Thu, 01 Jul 2021 11:32:58-test_PrivateUpdate-Assert.py-[line:51]-INFO-[日志信息]: statusCode true, expected_code is 200, statusCode is 200 
Thu, 01 Jul 2021 11:32:58-test_PrivateUpdate-Assert.py-[line:68]-INFO-[日志信息]: Response body msg == expected_msg, expected_msg is ,body_msg is  
